#
# There is insufficient memory for the Java Runtime Environment to continue.
# Native memory allocation (mmap) failed to map 88080384 bytes for Failed to commit area from 0x0000000090b00000 to 0x0000000095f00000 of length 88080384.
# Possible reasons:
#   The system is out of physical RAM or swap space
#   The process is running with CompressedOops enabled, and the Java Heap may be blocking the growth of the native heap
# Possible solutions:
#   Reduce memory load on the system
#   Increase physical memory or swap space
#   Check if swap backing store is full
#   Decrease Java heap size (-Xmx/-Xms)
#   Decrease number of Java threads
#   Decrease Java thread stack sizes (-Xss)
#   Set larger code cache with -XX:ReservedCodeCacheSize=
#   JVM is running with Unscaled Compressed Oops mode in which the Java heap is
#     placed in the first 4GB address space. The Java Heap base address is the
#     maximum limit for the native heap growth. Please use -XX:HeapBaseMinAddress
#     to set the Java Heap base and to place the Java Heap above 4GB virtual address.
# This output file may be truncated or incomplete.
#
#  Out of Memory Error (./src/hotspot/os/windows/os_windows.cpp:3301), pid=8120, tid=13936
#
# JRE version: OpenJDK Runtime Environment (11.0.11+9) (build 11.0.11+9-b60-7590822)
# Java VM: OpenJDK 64-Bit Server VM (11.0.11+9-b60-7590822, mixed mode, tiered, compressed oops, g1 gc, windows-amd64)
# No core dump will be written. Minidumps are not enabled by default on client versions of Windows
#

---------------  S U M M A R Y ------------

Command Line: --add-opens=java.base/java.util=ALL-UNNAMED --add-opens=java.base/java.lang=ALL-UNNAMED --add-opens=java.base/java.lang.invoke=ALL-UNNAMED --add-opens=java.base/java.util=ALL-UNNAMED --add-opens=java.prefs/java.util.prefs=ALL-UNNAMED --add-opens=java.prefs/java.util.prefs=ALL-UNNAMED --add-opens=java.base/java.nio.charset=ALL-UNNAMED --add-opens=java.base/java.net=ALL-UNNAMED --add-opens=java.base/java.util.concurrent.atomic=ALL-UNNAMED -Xmx2048m -Dfile.encoding=UTF-8 -Duser.country=US -Duser.language=en -Duser.variant org.gradle.launcher.daemon.bootstrap.GradleDaemon 7.2

Host: Intel(R) Core(TM) i5-8250U CPU @ 1.60GHz, 8 cores, 7G,  Windows 10 , 64 bit Build 22000 (10.0.22000.708)
Time: Tue Sep 27 18:13:49 2022 Bangladesh Standard Time elapsed time: 21.107542 seconds (0d 0h 0m 21s)

---------------  T H R E A D  ---------------

Current thread (0x0000011dac3c2800):  VMThread "VM Thread" [stack: 0x0000000ef2800000,0x0000000ef2900000] [id=13936]

Stack: [0x0000000ef2800000,0x0000000ef2900000]
[error occurred during error reporting (printing stack bounds), id 0xc0000005, EXCEPTION_ACCESS_VIOLATION (0xc0000005) at pc=0x0000011d95a40f2d]

Native frames: (J=compiled Java code, j=interpreted, Vv=VM code, C=native code)
V  [jvm.dll+0x5f214a]
V  [jvm.dll+0x726fb5]
V  [jvm.dll+0x7285cd]
V  [jvm.dll+0x728be5]
V  [jvm.dll+0x728b9b]
V  [jvm.dll+0x5f14e8]
V  [jvm.dll+0x5f1c78]
C  [ntdll.dll+0xa8b1f]
C  [ntdll.dll+0x35b9a]
C  [ntdll.dll+0xa7b2e]
C  0x0000011d95a40f2d

VM_Operation (0x0000000ef6ff8830): G1CollectForAllocation, mode: safepoint, requested by thread 0x0000011db226b000


---------------  P R O C E S S  ---------------

Threads class SMR info:
_java_thread_list=0x0000011dadd8ada0, length=133, elements={
0x0000011d91f40800, 0x0000011dac3c6800, 0x0000011dac3c8800, 0x0000011dacd44800,
0x0000011dacd45800, 0x0000011dacd47800, 0x0000011dacd4c000, 0x0000011dacd51800,
0x0000011dac3eb000, 0x0000011dace92800, 0x0000011dad8fe800, 0x0000011dad0cd800,
0x0000011dad46e000, 0x0000011dad1de800, 0x0000011dafa97800, 0x0000011dad9b6000,
0x0000011dae8c9800, 0x0000011daefab000, 0x0000011dae012800, 0x0000011dae00d800,
0x0000011dae00c800, 0x0000011dae010000, 0x0000011dae010800, 0x0000011dae011800,
0x0000011dae00e800, 0x0000011dae013000, 0x0000011db004b000, 0x0000011db0049000,
0x0000011db004b800, 0x0000011db004a000, 0x0000011db004e000, 0x0000011db004f800,
0x0000011db0050800, 0x0000011db004c800, 0x0000011db0054800, 0x0000011db0056000,
0x0000011db0055800, 0x0000011db0053000, 0x0000011db0058000, 0x0000011db0057000,
0x0000011db0054000, 0x0000011db2a34000, 0x0000011db2a34800, 0x0000011db2a35800,
0x0000011db2a38000, 0x0000011db2a36800, 0x0000011db2a37000, 0x0000011db2a32000,
0x0000011db2a39000, 0x0000011db2a33000, 0x0000011db2a39800, 0x0000011db2a3a800,
0x0000011db2a40000, 0x0000011db2a3f800, 0x0000011db2a41000, 0x0000011db2a3d800,
0x0000011db2a3b000, 0x0000011db2a3c000, 0x0000011db2a3d000, 0x0000011db2a3e800,
0x0000011db226d800, 0x0000011db226c800, 0x0000011db226b000, 0x0000011db2270000,
0x0000011db226e800, 0x0000011db226c000, 0x0000011db226f000, 0x0000011db226a000,
0x0000011db2276800, 0x0000011db2274000, 0x0000011db2271800, 0x0000011db2275000,
0x0000011db2270800, 0x0000011db2272800, 0x0000011db2273000, 0x0000011db2275800,
0x0000011db2277800, 0x0000011db2278000, 0x0000011db2279000, 0x0000011db4318800,
0x0000011db4319800, 0x0000011db431c000, 0x0000011db431c800, 0x0000011db431a000,
0x0000011db4317800, 0x0000011db431f000, 0x0000011db431d800, 0x0000011db4320000,
0x0000011db4320800, 0x0000011db431e800, 0x0000011db431b000, 0x0000011db4321800,
0x0000011db4323000, 0x0000011db4325000, 0x0000011db4325800, 0x0000011db4324000,
0x0000011db4326800, 0x0000011db4322800, 0x0000011db22ca800, 0x0000011db22cf000,
0x0000011db22cc000, 0x0000011db22ce800, 0x0000011db22cb000, 0x0000011db22d2800,
0x0000011db22d0000, 0x0000011db22d1800, 0x0000011db22cc800, 0x0000011db22d3800,
0x0000011db22d1000, 0x0000011db22cd800, 0x0000011db22d5800, 0x0000011db22d4000,
0x0000011db22d8000, 0x0000011db22d6800, 0x0000011db22d5000, 0x0000011db22d9000,
0x0000011db22d7800, 0x0000011db2bbe000, 0x0000011db2bc4000, 0x0000011db2bc4800,
0x0000011db2bc0800, 0x0000011db2bc1800, 0x0000011db2bbf000, 0x0000011db2bc2800,
0x0000011db2bc0000, 0x0000011db2bc7000, 0x0000011db2bc3000, 0x0000011db2bc9000,
0x0000011db2bc6800, 0x0000011db2bc8000, 0x0000011db2bc9800, 0x0000011db2bcb000,
0x0000011db2bca800
}

Java Threads: ( => current thread )
  0x0000011d91f40800 JavaThread "main" [_thread_blocked, id=9060, stack(0x0000000ef2200000,0x0000000ef2300000)]
  0x0000011dac3c6800 JavaThread "Reference Handler" daemon [_thread_blocked, id=17064, stack(0x0000000ef2900000,0x0000000ef2a00000)]
  0x0000011dac3c8800 JavaThread "Finalizer" daemon [_thread_blocked, id=14120, stack(0x0000000ef2a00000,0x0000000ef2b00000)]
  0x0000011dacd44800 JavaThread "Signal Dispatcher" daemon [_thread_blocked, id=888, stack(0x0000000ef2b00000,0x0000000ef2c00000)]
  0x0000011dacd45800 JavaThread "Attach Listener" daemon [_thread_blocked, id=9004, stack(0x0000000ef2c00000,0x0000000ef2d00000)]
  0x0000011dacd47800 JavaThread "Service Thread" daemon [_thread_blocked, id=13472, stack(0x0000000ef2d00000,0x0000000ef2e00000)]
  0x0000011dacd4c000 JavaThread "C2 CompilerThread0" daemon [_thread_in_native, id=14984, stack(0x0000000ef2e00000,0x0000000ef2f00000)]
  0x0000011dacd51800 JavaThread "C1 CompilerThread0" daemon [_thread_blocked, id=17096, stack(0x0000000ef2f00000,0x0000000ef3000000)]
  0x0000011dac3eb000 JavaThread "Sweeper thread" daemon [_thread_blocked, id=12216, stack(0x0000000ef3000000,0x0000000ef3100000)]
  0x0000011dace92800 JavaThread "Common-Cleaner" daemon [_thread_blocked, id=9176, stack(0x0000000ef3100000,0x0000000ef3200000)]
  0x0000011dad8fe800 JavaThread "Daemon health stats" [_thread_blocked, id=9392, stack(0x0000000ef3700000,0x0000000ef3800000)]
  0x0000011dad0cd800 JavaThread "Incoming local TCP Connector on port 59978" [_thread_in_native, id=13068, stack(0x0000000ef3300000,0x0000000ef3400000)]
  0x0000011dad46e000 JavaThread "Daemon periodic checks" [_thread_blocked, id=1112, stack(0x0000000ef3400000,0x0000000ef3500000)]
  0x0000011dad1de800 JavaThread "Daemon" [_thread_blocked, id=6132, stack(0x0000000ef3800000,0x0000000ef3900000)]
  0x0000011dafa97800 JavaThread "Handler for socket connection from /127.0.0.1:59978 to /127.0.0.1:59979" [_thread_in_native, id=5872, stack(0x0000000ef3900000,0x0000000ef3a00000)]
  0x0000011dad9b6000 JavaThread "Cancel handler" [_thread_blocked, id=17912, stack(0x0000000ef3a00000,0x0000000ef3b00000)]
  0x0000011dae8c9800 JavaThread "Daemon worker" [_thread_blocked, id=9804, stack(0x0000000ef3b00000,0x0000000ef3c00000)]
  0x0000011daefab000 JavaThread "Asynchronous log dispatcher for DefaultDaemonConnection: socket connection from /127.0.0.1:59978 to /127.0.0.1:59979" [_thread_blocked, id=7148, stack(0x0000000ef3c00000,0x0000000ef3d00000)]
  0x0000011dae012800 JavaThread "Stdin handler" [_thread_blocked, id=15128, stack(0x0000000ef3d00000,0x0000000ef3e00000)]
  0x0000011dae00d800 JavaThread "Daemon client event forwarder" [_thread_blocked, id=8780, stack(0x0000000ef3e00000,0x0000000ef3f00000)]
  0x0000011dae00c800 JavaThread "Cache worker for journal cache (C:\Users\ASUS\.gradle\caches\journal-1)" [_thread_blocked, id=14512, stack(0x0000000ef4400000,0x0000000ef4500000)]
  0x0000011dae010000 JavaThread "File lock request listener" [_thread_in_native, id=6092, stack(0x0000000ef4500000,0x0000000ef4600000)]
  0x0000011dae010800 JavaThread "Cache worker for file hash cache (C:\Users\ASUS\.gradle\caches\7.2\fileHashes)" [_thread_blocked, id=13416, stack(0x0000000ef4600000,0x0000000ef4700000)]
  0x0000011dae011800 JavaThread "C2 CompilerThread1" daemon [_thread_in_native, id=10464, stack(0x0000000ef4800000,0x0000000ef4900000)]
  0x0000011dae00e800 JavaThread "Cache worker for file hash cache (C:\Users\ASUS\Applications\KotlinPracticeOne\.gradle\7.2\fileHashes)" [_thread_blocked, id=11156, stack(0x0000000ef4900000,0x0000000ef4a00000)]
  0x0000011dae013000 JavaThread "File watcher server" daemon [_thread_blocked, id=15828, stack(0x0000000ef4a00000,0x0000000ef4b00000)]
  0x0000011db004b000 JavaThread "File watcher consumer" daemon [_thread_blocked, id=9048, stack(0x0000000ef4b00000,0x0000000ef4c00000)]
  0x0000011db0049000 JavaThread "Cache worker for checksums cache (C:\Users\ASUS\Applications\KotlinPracticeOne\.gradle\checksums)" [_thread_blocked, id=17396, stack(0x0000000ef4c00000,0x0000000ef4d00000)]
  0x0000011db004b800 JavaThread "Cache worker for cache directory md-supplier (C:\Users\ASUS\.gradle\caches\7.2\md-supplier)" [_thread_blocked, id=15532, stack(0x0000000ef4d00000,0x0000000ef4e00000)]
  0x0000011db004a000 JavaThread "Cache worker for cache directory md-rule (C:\Users\ASUS\.gradle\caches\7.2\md-rule)" [_thread_blocked, id=15020, stack(0x0000000ef4e00000,0x0000000ef4f00000)]
  0x0000011db004e000 JavaThread "Cache worker for execution history cache (C:\Users\ASUS\.gradle\caches\7.2\executionHistory)" [_thread_blocked, id=2704, stack(0x0000000ef4f00000,0x0000000ef5000000)]
  0x0000011db004f800 JavaThread "jar transforms" [_thread_blocked, id=4984, stack(0x0000000ef5000000,0x0000000ef5100000)]
  0x0000011db0050800 JavaThread "Cache worker for file content cache (C:\Users\ASUS\.gradle\caches\7.2\fileContent)" [_thread_blocked, id=6216, stack(0x0000000ef5100000,0x0000000ef5200000)]
  0x0000011db004c800 JavaThread "jar transforms Thread 2" [_thread_blocked, id=11960, stack(0x0000000ef5200000,0x0000000ef5300000)]
  0x0000011db0054800 JavaThread "Cache worker for dependencies-accessors (C:\Users\ASUS\Applications\KotlinPracticeOne\.gradle\7.2\dependencies-accessors)" [_thread_blocked, id=8416, stack(0x0000000ef5300000,0x0000000ef5400000)]
  0x0000011db0056000 JavaThread "jar transforms Thread 3" [_thread_blocked, id=1540, stack(0x0000000ef5400000,0x0000000ef5500000)]
  0x0000011db0055800 JavaThread "Cache worker for Build Output Cleanup Cache (C:\Users\ASUS\Applications\KotlinPracticeOne\.gradle\buildOutputCleanup)" [_thread_blocked, id=16816, stack(0x0000000ef5500000,0x0000000ef5600000)]
  0x0000011db0053000 JavaThread "Unconstrained build operations" [_thread_blocked, id=3296, stack(0x0000000ef5600000,0x0000000ef5700000)]
  0x0000011db0058000 JavaThread "Unconstrained build operations Thread 2" [_thread_blocked, id=444, stack(0x0000000ef5700000,0x0000000ef5800000)]
  0x0000011db0057000 JavaThread "Unconstrained build operations Thread 3" [_thread_blocked, id=13344, stack(0x0000000ef5800000,0x0000000ef5900000)]
  0x0000011db0054000 JavaThread "Unconstrained build operations Thread 4" [_thread_blocked, id=15472, stack(0x0000000ef5900000,0x0000000ef5a00000)]
  0x0000011db2a34000 JavaThread "Unconstrained build operations Thread 5" [_thread_blocked, id=15516, stack(0x0000000ef5a00000,0x0000000ef5b00000)]
  0x0000011db2a34800 JavaThread "Unconstrained build operations Thread 6" [_thread_blocked, id=8208, stack(0x0000000ef5b00000,0x0000000ef5c00000)]
  0x0000011db2a35800 JavaThread "Unconstrained build operations Thread 7" [_thread_blocked, id=8348, stack(0x0000000ef5c00000,0x0000000ef5d00000)]
  0x0000011db2a38000 JavaThread "Unconstrained build operations Thread 8" [_thread_blocked, id=8460, stack(0x0000000ef5d00000,0x0000000ef5e00000)]
  0x0000011db2a36800 JavaThread "Unconstrained build operations Thread 9" [_thread_blocked, id=8836, stack(0x0000000ef5e00000,0x0000000ef5f00000)]
  0x0000011db2a37000 JavaThread "Unconstrained build operations Thread 10" [_thread_blocked, id=9832, stack(0x0000000ef5f00000,0x0000000ef6000000)]
  0x0000011db2a32000 JavaThread "Unconstrained build operations Thread 11" [_thread_blocked, id=7092, stack(0x0000000ef6000000,0x0000000ef6100000)]
  0x0000011db2a39000 JavaThread "Unconstrained build operations Thread 12" [_thread_blocked, id=12364, stack(0x0000000ef6100000,0x0000000ef6200000)]
  0x0000011db2a33000 JavaThread "Unconstrained build operations Thread 13" [_thread_blocked, id=2712, stack(0x0000000ef6200000,0x0000000ef6300000)]
  0x0000011db2a39800 JavaThread "Unconstrained build operations Thread 14" [_thread_blocked, id=9856, stack(0x0000000ef6300000,0x0000000ef6400000)]
  0x0000011db2a3a800 JavaThread "Unconstrained build operations Thread 15" [_thread_blocked, id=10708, stack(0x0000000ef6400000,0x0000000ef6500000)]
  0x0000011db2a40000 JavaThread "Unconstrained build operations Thread 16" [_thread_blocked, id=10380, stack(0x0000000ef6500000,0x0000000ef6600000)]
  0x0000011db2a3f800 JavaThread "Unconstrained build operations Thread 17" [_thread_blocked, id=12952, stack(0x0000000ef6600000,0x0000000ef6700000)]
  0x0000011db2a41000 JavaThread "Unconstrained build operations Thread 18" [_thread_blocked, id=2656, stack(0x0000000ef6700000,0x0000000ef6800000)]
  0x0000011db2a3d800 JavaThread "Unconstrained build operations Thread 19" [_thread_blocked, id=18328, stack(0x0000000ef6800000,0x0000000ef6900000)]
  0x0000011db2a3b000 JavaThread "Unconstrained build operations Thread 20" [_thread_blocked, id=10828, stack(0x0000000ef6900000,0x0000000ef6a00000)]
  0x0000011db2a3c000 JavaThread "Unconstrained build operations Thread 21" [_thread_blocked, id=4892, stack(0x0000000ef6a00000,0x0000000ef6b00000)]
  0x0000011db2a3d000 JavaThread "Unconstrained build operations Thread 22" [_thread_blocked, id=440, stack(0x0000000ef6b00000,0x0000000ef6c00000)]
  0x0000011db2a3e800 JavaThread "Unconstrained build operations Thread 23" [_thread_blocked, id=8268, stack(0x0000000ef6c00000,0x0000000ef6d00000)]
  0x0000011db226d800 JavaThread "Unconstrained build operations Thread 24" [_thread_blocked, id=7784, stack(0x0000000ef6d00000,0x0000000ef6e00000)]
  0x0000011db226c800 JavaThread "Unconstrained build operations Thread 25" [_thread_blocked, id=17324, stack(0x0000000ef6e00000,0x0000000ef6f00000)]
  0x0000011db226b000 JavaThread "Unconstrained build operations Thread 26" [_thread_blocked, id=6492, stack(0x0000000ef6f00000,0x0000000ef7000000)]
  0x0000011db2270000 JavaThread "Unconstrained build operations Thread 27" [_thread_blocked, id=2012, stack(0x0000000ef7000000,0x0000000ef7100000)]
  0x0000011db226e800 JavaThread "Unconstrained build operations Thread 28" [_thread_blocked, id=18180, stack(0x0000000ef7100000,0x0000000ef7200000)]
  0x0000011db226c000 JavaThread "Unconstrained build operations Thread 29" [_thread_blocked, id=8656, stack(0x0000000ef7200000,0x0000000ef7300000)]
  0x0000011db226f000 JavaThread "Unconstrained build operations Thread 30" [_thread_blocked, id=12024, stack(0x0000000ef7300000,0x0000000ef7400000)]
  0x0000011db226a000 JavaThread "Unconstrained build operations Thread 31" [_thread_blocked, id=1888, stack(0x0000000ef7400000,0x0000000ef7500000)]
  0x0000011db2276800 JavaThread "Unconstrained build operations Thread 32" [_thread_blocked, id=11744, stack(0x0000000ef7500000,0x0000000ef7600000)]
  0x0000011db2274000 JavaThread "Unconstrained build operations Thread 33" [_thread_blocked, id=1808, stack(0x0000000ef7600000,0x0000000ef7700000)]
  0x0000011db2271800 JavaThread "Unconstrained build operations Thread 34" [_thread_blocked, id=18312, stack(0x0000000ef7700000,0x0000000ef7800000)]
  0x0000011db2275000 JavaThread "Unconstrained build operations Thread 35" [_thread_blocked, id=7356, stack(0x0000000ef7800000,0x0000000ef7900000)]
  0x0000011db2270800 JavaThread "Unconstrained build operations Thread 36" [_thread_blocked, id=9136, stack(0x0000000ef7900000,0x0000000ef7a00000)]
  0x0000011db2272800 JavaThread "Unconstrained build operations Thread 37" [_thread_blocked, id=16640, stack(0x0000000ef7a00000,0x0000000ef7b00000)]
  0x0000011db2273000 JavaThread "Unconstrained build operations Thread 38" [_thread_blocked, id=6088, stack(0x0000000ef7b00000,0x0000000ef7c00000)]
  0x0000011db2275800 JavaThread "Unconstrained build operations Thread 39" [_thread_blocked, id=11336, stack(0x0000000ef7c00000,0x0000000ef7d00000)]
  0x0000011db2277800 JavaThread "Unconstrained build operations Thread 40" [_thread_blocked, id=16552, stack(0x0000000ef7d00000,0x0000000ef7e00000)]
  0x0000011db2278000 JavaThread "Unconstrained build operations Thread 41" [_thread_blocked, id=12516, stack(0x0000000ef7e00000,0x0000000ef7f00000)]
  0x0000011db2279000 JavaThread "Unconstrained build operations Thread 42" [_thread_blocked, id=16468, stack(0x0000000ef7f00000,0x0000000ef8000000)]
  0x0000011db4318800 JavaThread "Unconstrained build operations Thread 43" [_thread_blocked, id=14588, stack(0x0000000ef8000000,0x0000000ef8100000)]
  0x0000011db4319800 JavaThread "Unconstrained build operations Thread 44" [_thread_blocked, id=4672, stack(0x0000000ef8100000,0x0000000ef8200000)]
  0x0000011db431c000 JavaThread "Unconstrained build operations Thread 45" [_thread_blocked, id=8264, stack(0x0000000ef8200000,0x0000000ef8300000)]
  0x0000011db431c800 JavaThread "Unconstrained build operations Thread 46" [_thread_blocked, id=15800, stack(0x0000000ef8300000,0x0000000ef8400000)]
  0x0000011db431a000 JavaThread "Unconstrained build operations Thread 47" [_thread_blocked, id=1500, stack(0x0000000ef8400000,0x0000000ef8500000)]
  0x0000011db4317800 JavaThread "Unconstrained build operations Thread 48" [_thread_blocked, id=16024, stack(0x0000000ef8500000,0x0000000ef8600000)]
  0x0000011db431f000 JavaThread "Unconstrained build operations Thread 49" [_thread_blocked, id=3868, stack(0x0000000ef8600000,0x0000000ef8700000)]
  0x0000011db431d800 JavaThread "Unconstrained build operations Thread 50" [_thread_blocked, id=16780, stack(0x0000000ef8700000,0x0000000ef8800000)]
  0x0000011db4320000 JavaThread "Unconstrained build operations Thread 51" [_thread_blocked, id=3264, stack(0x0000000ef8800000,0x0000000ef8900000)]
  0x0000011db4320800 JavaThread "Unconstrained build operations Thread 52" [_thread_blocked, id=17508, stack(0x0000000ef8900000,0x0000000ef8a00000)]
  0x0000011db431e800 JavaThread "Unconstrained build operations Thread 53" [_thread_blocked, id=11192, stack(0x0000000ef8a00000,0x0000000ef8b00000)]
  0x0000011db431b000 JavaThread "Unconstrained build operations Thread 54" [_thread_blocked, id=15324, stack(0x0000000ef8b00000,0x0000000ef8c00000)]
  0x0000011db4321800 JavaThread "Unconstrained build operations Thread 55" [_thread_blocked, id=4772, stack(0x0000000ef8c00000,0x0000000ef8d00000)]
  0x0000011db4323000 JavaThread "Unconstrained build operations Thread 56" [_thread_blocked, id=13264, stack(0x0000000ef8d00000,0x0000000ef8e00000)]
  0x0000011db4325000 JavaThread "Unconstrained build operations Thread 57" [_thread_blocked, id=12184, stack(0x0000000ef8e00000,0x0000000ef8f00000)]
  0x0000011db4325800 JavaThread "Unconstrained build operations Thread 58" [_thread_blocked, id=15132, stack(0x0000000ef8f00000,0x0000000ef9000000)]
  0x0000011db4324000 JavaThread "Unconstrained build operations Thread 59" [_thread_blocked, id=12164, stack(0x0000000ef9000000,0x0000000ef9100000)]
  0x0000011db4326800 JavaThread "Unconstrained build operations Thread 60" [_thread_blocked, id=18148, stack(0x0000000ef9100000,0x0000000ef9200000)]
  0x0000011db4322800 JavaThread "Unconstrained build operations Thread 61" [_thread_blocked, id=16976, stack(0x0000000ef9200000,0x0000000ef9300000)]
  0x0000011db22ca800 JavaThread "Unconstrained build operations Thread 62" [_thread_blocked, id=9192, stack(0x0000000ef9300000,0x0000000ef9400000)]
  0x0000011db22cf000 JavaThread "Unconstrained build operations Thread 63" [_thread_blocked, id=11164, stack(0x0000000ef9400000,0x0000000ef9500000)]
  0x0000011db22cc000 JavaThread "Unconstrained build operations Thread 64" [_thread_blocked, id=13216, stack(0x0000000ef9500000,0x0000000ef9600000)]
  0x0000011db22ce800 JavaThread "Unconstrained build operations Thread 65" [_thread_blocked, id=15956, stack(0x0000000ef9600000,0x0000000ef9700000)]
  0x0000011db22cb000 JavaThread "Unconstrained build operations Thread 66" [_thread_blocked, id=14392, stack(0x0000000ef9700000,0x0000000ef9800000)]
  0x0000011db22d2800 JavaThread "Unconstrained build operations Thread 67" [_thread_blocked, id=10004, stack(0x0000000ef9800000,0x0000000ef9900000)]
  0x0000011db22d0000 JavaThread "Unconstrained build operations Thread 68" [_thread_blocked, id=10804, stack(0x0000000ef9900000,0x0000000ef9a00000)]
  0x0000011db22d1800 JavaThread "Unconstrained build operations Thread 69" [_thread_blocked, id=17004, stack(0x0000000ef9a00000,0x0000000ef9b00000)]
  0x0000011db22cc800 JavaThread "Unconstrained build operations Thread 70" [_thread_blocked, id=17088, stack(0x0000000ef9b00000,0x0000000ef9c00000)]
  0x0000011db22d3800 JavaThread "Unconstrained build operations Thread 71" [_thread_blocked, id=11112, stack(0x0000000ef9c00000,0x0000000ef9d00000)]
  0x0000011db22d1000 JavaThread "Unconstrained build operations Thread 72" [_thread_blocked, id=536, stack(0x0000000ef9d00000,0x0000000ef9e00000)]
  0x0000011db22cd800 JavaThread "Unconstrained build operations Thread 73" [_thread_blocked, id=6744, stack(0x0000000ef9e00000,0x0000000ef9f00000)]
  0x0000011db22d5800 JavaThread "Unconstrained build operations Thread 74" [_thread_blocked, id=12096, stack(0x0000000ef9f00000,0x0000000efa000000)]
  0x0000011db22d4000 JavaThread "Unconstrained build operations Thread 75" [_thread_blocked, id=5888, stack(0x0000000efa000000,0x0000000efa100000)]
  0x0000011db22d8000 JavaThread "Unconstrained build operations Thread 76" [_thread_blocked, id=8220, stack(0x0000000efa100000,0x0000000efa200000)]
  0x0000011db22d6800 JavaThread "Unconstrained build operations Thread 77" [_thread_blocked, id=4236, stack(0x0000000efa200000,0x0000000efa300000)]
  0x0000011db22d5000 JavaThread "Unconstrained build operations Thread 78" [_thread_blocked, id=5932, stack(0x0000000efa300000,0x0000000efa400000)]
  0x0000011db22d9000 JavaThread "Unconstrained build operations Thread 79" [_thread_blocked, id=11920, stack(0x0000000efa400000,0x0000000efa500000)]
  0x0000011db22d7800 JavaThread "Unconstrained build operations Thread 80" [_thread_blocked, id=12664, stack(0x0000000efa500000,0x0000000efa600000)]
  0x0000011db2bbe000 JavaThread "jar transforms Thread 4" [_thread_blocked, id=9464, stack(0x0000000efa600000,0x0000000efa700000)]
  0x0000011db2bc4000 JavaThread "jar transforms Thread 5" [_thread_blocked, id=12896, stack(0x0000000efa700000,0x0000000efa800000)]
  0x0000011db2bc4800 JavaThread "jar transforms Thread 6" [_thread_blocked, id=2824, stack(0x0000000efa800000,0x0000000efa900000)]
  0x0000011db2bc0800 JavaThread "jar transforms Thread 7" [_thread_blocked, id=1016, stack(0x0000000efa900000,0x0000000efaa00000)]
  0x0000011db2bc1800 JavaThread "jar transforms Thread 8" [_thread_blocked, id=3232, stack(0x0000000efaa00000,0x0000000efab00000)]
  0x0000011db2bbf000 JavaThread "Memory manager" [_thread_blocked, id=6580, stack(0x0000000efab00000,0x0000000efac00000)]
  0x0000011db2bc2800 JavaThread "build event listener" [_thread_blocked, id=14012, stack(0x0000000efac00000,0x0000000efad00000)]
  0x0000011db2bc0000 JavaThread "Execution worker for ':'" [_thread_blocked, id=15420, stack(0x0000000efad00000,0x0000000efae00000)]
  0x0000011db2bc7000 JavaThread "Execution worker for ':' Thread 2" [_thread_blocked, id=12520, stack(0x0000000efae00000,0x0000000efaf00000)]
  0x0000011db2bc3000 JavaThread "Execution worker for ':' Thread 3" [_thread_blocked, id=6380, stack(0x0000000efaf00000,0x0000000efb000000)]
  0x0000011db2bc9000 JavaThread "Execution worker for ':' Thread 4" [_thread_blocked, id=18420, stack(0x0000000efb000000,0x0000000efb100000)]
  0x0000011db2bc6800 JavaThread "Execution worker for ':' Thread 5" [_thread_blocked, id=1652, stack(0x0000000efb100000,0x0000000efb200000)]
  0x0000011db2bc8000 JavaThread "Execution worker for ':' Thread 6" [_thread_blocked, id=4952, stack(0x0000000efb200000,0x0000000efb300000)]
  0x0000011db2bc9800 JavaThread "Execution worker for ':' Thread 7" [_thread_blocked, id=11528, stack(0x0000000efb300000,0x0000000efb400000)]
  0x0000011db2bcb000 JavaThread "Cache worker for execution history cache (C:\Users\ASUS\Applications\KotlinPracticeOne\.gradle\7.2\executionHistory)" [_thread_blocked, id=6324, stack(0x0000000efb400000,0x0000000efb500000)]
  0x0000011db2bca800 JavaThread "WorkerExecutor Queue" [_thread_blocked, id=5344, stack(0x0000000efb500000,0x0000000efb600000)]

Other Threads:
=>0x0000011dac3c2800 VMThread "VM Thread" [stack: 0x0000000ef2800000,0x0000000ef2900000] [id=13936]
  0x0000011daced2000 WatcherThread [stack: 0x0000000ef3200000,0x0000000ef3300000] [id=14524]
  0x0000011d91f59800 GCTaskThread "GC Thread#0" [stack: 0x0000000ef2300000,0x0000000ef2400000] [id=1956]
  0x0000011dae01c000 GCTaskThread "GC Thread#1" [stack: 0x0000000ef3500000,0x0000000ef3600000] [id=11512]
  0x0000011dada2e800 GCTaskThread "GC Thread#2" [stack: 0x0000000ef3600000,0x0000000ef3700000] [id=544]
  0x0000011daf6e3000 GCTaskThread "GC Thread#3" [stack: 0x0000000ef3f00000,0x0000000ef4000000] [id=9960]
  0x0000011daf313000 GCTaskThread "GC Thread#4" [stack: 0x0000000ef4000000,0x0000000ef4100000] [id=10136]
  0x0000011daddc0800 GCTaskThread "GC Thread#5" [stack: 0x0000000ef4100000,0x0000000ef4200000] [id=15136]
  0x0000011daef55800 GCTaskThread "GC Thread#6" [stack: 0x0000000ef4200000,0x0000000ef4300000] [id=7324]
  0x0000011daf2da800 GCTaskThread "GC Thread#7" [stack: 0x0000000ef4300000,0x0000000ef4400000] [id=11928]
  0x0000011d91f8b000 ConcurrentGCThread "G1 Main Marker" [stack: 0x0000000ef2400000,0x0000000ef2500000] [id=6712]
  0x0000011d91f8d000 ConcurrentGCThread "G1 Conc#0" [stack: 0x0000000ef2500000,0x0000000ef2600000] [id=14400]
  0x0000011dafcd0800 ConcurrentGCThread "G1 Conc#1" [stack: 0x0000000ef4700000,0x0000000ef4800000] [id=8912]
  0x0000011dac210800 ConcurrentGCThread "G1 Refine#0" [stack: 0x0000000ef2600000,0x0000000ef2700000] [id=4192]
  0x0000011dac212800 ConcurrentGCThread "G1 Young RemSet Sampling" [stack: 0x0000000ef2700000,0x0000000ef2800000] [id=15572]

Threads with active compile tasks:
C2 CompilerThread0  21155 10967       4       com.android.tools.r8.internal.mH0::a (4225 bytes)
C1 CompilerThread0  21155 12208       2       com.android.tools.r8.internal.ZD0::a (107 bytes)
C2 CompilerThread1  21155 10579 %     4       com.android.tools.r8.internal.mH0::a @ 1589 (6068 bytes)

VM state:at safepoint (normal execution)

VM Mutex/Monitor currently owned by a thread:  ([mutex/lock_event])
[0x0000011d91f341b0] Threads_lock - owner thread: 0x0000011dac3c2800
[0x0000011d91f3d5c0] Heap_lock - owner thread: 0x0000011db226b000

Heap address: 0x0000000080000000, size: 2048 MB, Compressed Oops mode: 32-bit
Narrow klass base: 0x0000000000000000, Narrow klass shift: 3
Compressed class space size: 1073741824 Address: 0x0000000100000000

Heap:
 garbage-first heap   total 359424K, used 175253K [0x0000000080000000, 0x0000000100000000)
  region size 1024K, 8 young (8192K), 8 survivors (8192K)
 Metaspace       used 100553K, capacity 103079K, committed 103500K, reserved 1138688K
  class space    used 13219K, capacity 14187K, committed 14412K, reserved 1048576K
Heap Regions: E=young(eden), S=young(survivor), O=old, HS=humongous(starts), HC=humongous(continues), CS=collection set, F=free, A=archive, TAMS=top-at-mark-start (previous, next)
|   0|0x0000000080000000, 0x0000000080100000, 0x0000000080100000|100%| O|  |TAMS 0x0000000080100000, 0x0000000080000000| Updating 
|   1|0x0000000080100000, 0x0000000080200000, 0x0000000080200000|100%| O|  |TAMS 0x0000000080200000, 0x0000000080100000| Updating 
|   2|0x0000000080200000, 0x0000000080300000, 0x0000000080300000|100%| O|  |TAMS 0x0000000080300000, 0x0000000080200000| Updating 
|   3|0x0000000080300000, 0x0000000080400000, 0x0000000080400000|100%|HS|  |TAMS 0x0000000080400000, 0x0000000080300000| Complete 
|   4|0x0000000080400000, 0x0000000080500000, 0x0000000080500000|100%|HC|  |TAMS 0x0000000080500000, 0x0000000080400000| Complete 
|   5|0x0000000080500000, 0x0000000080600000, 0x0000000080600000|100%|HC|  |TAMS 0x0000000080600000, 0x0000000080500000| Complete 
|   6|0x0000000080600000, 0x0000000080700000, 0x0000000080700000|100%| O|  |TAMS 0x0000000080700000, 0x0000000080600000| Updating 
|   7|0x0000000080700000, 0x0000000080800000, 0x0000000080800000|100%| O|  |TAMS 0x0000000080800000, 0x0000000080700000| Updating 
|   8|0x0000000080800000, 0x0000000080900000, 0x0000000080900000|100%| O|  |TAMS 0x0000000080900000, 0x0000000080800000| Updating 
|   9|0x0000000080900000, 0x0000000080a00000, 0x0000000080a00000|100%| O|  |TAMS 0x0000000080a00000, 0x0000000080900000| Updating 
|  10|0x0000000080a00000, 0x0000000080b00000, 0x0000000080b00000|100%| O|  |TAMS 0x0000000080b00000, 0x0000000080a00000| Updating 
|  11|0x0000000080b00000, 0x0000000080c00000, 0x0000000080c00000|100%| O|  |TAMS 0x0000000080c00000, 0x0000000080b00000| Updating 
|  12|0x0000000080c00000, 0x0000000080d00000, 0x0000000080d00000|100%| O|  |TAMS 0x0000000080d00000, 0x0000000080c00000| Updating 
|  13|0x0000000080d00000, 0x0000000080e00000, 0x0000000080e00000|100%| O|  |TAMS 0x0000000080e00000, 0x0000000080d00000| Updating 
|  14|0x0000000080e00000, 0x0000000080f00000, 0x0000000080f00000|100%| O|  |TAMS 0x0000000080f00000, 0x0000000080e00000| Updating 
|  15|0x0000000080f00000, 0x0000000081000000, 0x0000000081000000|100%| O|  |TAMS 0x0000000081000000, 0x0000000080f00000| Updating 
|  16|0x0000000081000000, 0x0000000081100000, 0x0000000081100000|100%| O|  |TAMS 0x0000000081100000, 0x0000000081000000| Updating 
|  17|0x0000000081100000, 0x0000000081200000, 0x0000000081200000|100%|HS|  |TAMS 0x0000000081200000, 0x0000000081100000| Complete 
|  18|0x0000000081200000, 0x0000000081300000, 0x0000000081300000|100%| O|  |TAMS 0x0000000081300000, 0x0000000081200000| Updating 
|  19|0x0000000081300000, 0x0000000081400000, 0x0000000081400000|100%| O|  |TAMS 0x0000000081400000, 0x0000000081300000| Updating 
|  20|0x0000000081400000, 0x0000000081500000, 0x0000000081500000|100%| O|  |TAMS 0x0000000081500000, 0x0000000081400000| Updating 
|  21|0x0000000081500000, 0x0000000081600000, 0x0000000081600000|100%| O|  |TAMS 0x0000000081600000, 0x0000000081500000| Updating 
|  22|0x0000000081600000, 0x0000000081700000, 0x0000000081700000|100%| O|  |TAMS 0x0000000081700000, 0x0000000081600000| Updating 
|  23|0x0000000081700000, 0x0000000081800000, 0x0000000081800000|100%| O|  |TAMS 0x0000000081800000, 0x0000000081700000| Updating 
|  24|0x0000000081800000, 0x0000000081900000, 0x0000000081900000|100%|HS|  |TAMS 0x0000000081900000, 0x0000000081800000| Complete 
|  25|0x0000000081900000, 0x0000000081a00000, 0x0000000081a00000|100%|HS|  |TAMS 0x0000000081a00000, 0x0000000081900000| Complete 
|  26|0x0000000081a00000, 0x0000000081b00000, 0x0000000081b00000|100%|HS|  |TAMS 0x0000000081b00000, 0x0000000081a00000| Complete 
|  27|0x0000000081b00000, 0x0000000081c00000, 0x0000000081c00000|100%|HS|  |TAMS 0x0000000081c00000, 0x0000000081b00000| Complete 
|  28|0x0000000081c00000, 0x0000000081d00000, 0x0000000081d00000|100%|HC|  |TAMS 0x0000000081d00000, 0x0000000081c00000| Complete 
|  29|0x0000000081d00000, 0x0000000081e00000, 0x0000000081e00000|100%|HC|  |TAMS 0x0000000081e00000, 0x0000000081d00000| Complete 
|  30|0x0000000081e00000, 0x0000000081f00000, 0x0000000081f00000|100%|HS|  |TAMS 0x0000000081f00000, 0x0000000081e00000| Complete 
|  31|0x0000000081f00000, 0x0000000082000000, 0x0000000082000000|100%|HC|  |TAMS 0x0000000082000000, 0x0000000081f00000| Complete 
|  32|0x0000000082000000, 0x0000000082100000, 0x0000000082100000|100%| O|  |TAMS 0x0000000082100000, 0x0000000082000000| Updating 
|  33|0x0000000082100000, 0x0000000082200000, 0x0000000082200000|100%| O|  |TAMS 0x0000000082200000, 0x0000000082100000| Updating 
|  34|0x0000000082200000, 0x0000000082300000, 0x0000000082300000|100%| O|  |TAMS 0x0000000082300000, 0x0000000082200000| Updating 
|  35|0x0000000082300000, 0x0000000082400000, 0x0000000082400000|100%| O|  |TAMS 0x0000000082400000, 0x0000000082300000| Updating 
|  36|0x0000000082400000, 0x0000000082500000, 0x0000000082500000|100%| O|  |TAMS 0x0000000082500000, 0x0000000082400000| Updating 
|  37|0x0000000082500000, 0x0000000082600000, 0x0000000082600000|100%| O|  |TAMS 0x0000000082600000, 0x0000000082500000| Updating 
|  38|0x0000000082600000, 0x0000000082700000, 0x0000000082700000|100%| O|  |TAMS 0x0000000082700000, 0x0000000082600000| Updating 
|  39|0x0000000082700000, 0x0000000082800000, 0x0000000082800000|100%| O|  |TAMS 0x0000000082800000, 0x0000000082700000| Updating 
|  40|0x0000000082800000, 0x0000000082900000, 0x0000000082900000|100%| O|  |TAMS 0x0000000082900000, 0x0000000082800000| Updating 
|  41|0x0000000082900000, 0x0000000082a00000, 0x0000000082a00000|100%| O|  |TAMS 0x0000000082a00000, 0x0000000082900000| Updating 
|  42|0x0000000082a00000, 0x0000000082b00000, 0x0000000082b00000|100%| O|  |TAMS 0x0000000082b00000, 0x0000000082a00000| Updating 
|  43|0x0000000082b00000, 0x0000000082c00000, 0x0000000082c00000|100%| O|  |TAMS 0x0000000082c00000, 0x0000000082b00000| Updating 
|  44|0x0000000082c00000, 0x0000000082d00000, 0x0000000082d00000|100%| O|  |TAMS 0x0000000082d00000, 0x0000000082c00000| Updating 
|  45|0x0000000082d00000, 0x0000000082e00000, 0x0000000082e00000|100%| O|  |TAMS 0x0000000082e00000, 0x0000000082d00000| Updating 
|  46|0x0000000082e00000, 0x0000000082f00000, 0x0000000082f00000|100%| O|  |TAMS 0x0000000082f00000, 0x0000000082e00000| Updating 
|  47|0x0000000082f00000, 0x0000000083000000, 0x0000000083000000|100%| O|  |TAMS 0x0000000083000000, 0x0000000082f00000| Updating 
|  48|0x0000000083000000, 0x0000000083100000, 0x0000000083100000|100%| O|  |TAMS 0x0000000083100000, 0x0000000083000000| Updating 
|  49|0x0000000083100000, 0x0000000083200000, 0x0000000083200000|100%| O|  |TAMS 0x0000000083200000, 0x0000000083100000| Updating 
|  50|0x0000000083200000, 0x0000000083300000, 0x0000000083300000|100%| O|  |TAMS 0x0000000083300000, 0x0000000083200000| Updating 
|  51|0x0000000083300000, 0x0000000083400000, 0x0000000083400000|100%| O|  |TAMS 0x0000000083400000, 0x0000000083300000| Updating 
|  52|0x0000000083400000, 0x0000000083500000, 0x0000000083500000|100%| O|  |TAMS 0x0000000083500000, 0x0000000083400000| Updating 
|  53|0x0000000083500000, 0x0000000083600000, 0x0000000083600000|100%| O|  |TAMS 0x0000000083600000, 0x0000000083500000| Updating 
|  54|0x0000000083600000, 0x0000000083700000, 0x0000000083700000|100%| O|  |TAMS 0x0000000083700000, 0x0000000083600000| Updating 
|  55|0x0000000083700000, 0x0000000083800000, 0x0000000083800000|100%| O|  |TAMS 0x0000000083800000, 0x0000000083700000| Updating 
|  56|0x0000000083800000, 0x0000000083900000, 0x0000000083900000|100%| O|  |TAMS 0x0000000083900000, 0x0000000083800000| Updating 
|  57|0x0000000083900000, 0x0000000083a00000, 0x0000000083a00000|100%| O|  |TAMS 0x0000000083a00000, 0x0000000083900000| Updating 
|  58|0x0000000083a00000, 0x0000000083b00000, 0x0000000083b00000|100%| O|  |TAMS 0x0000000083b00000, 0x0000000083a00000| Updating 
|  59|0x0000000083b00000, 0x0000000083c00000, 0x0000000083c00000|100%| O|  |TAMS 0x0000000083c00000, 0x0000000083b00000| Updating 
|  60|0x0000000083c00000, 0x0000000083d00000, 0x0000000083d00000|100%| O|  |TAMS 0x0000000083d00000, 0x0000000083c00000| Updating 
|  61|0x0000000083d00000, 0x0000000083e00000, 0x0000000083e00000|100%| O|  |TAMS 0x0000000083e00000, 0x0000000083d00000| Updating 
|  62|0x0000000083e00000, 0x0000000083f00000, 0x0000000083f00000|100%| O|  |TAMS 0x0000000083f00000, 0x0000000083e00000| Updating 
|  63|0x0000000083f00000, 0x0000000084000000, 0x0000000084000000|100%| O|  |TAMS 0x0000000084000000, 0x0000000083f00000| Updating 
|  64|0x0000000084000000, 0x0000000084100000, 0x0000000084100000|100%| O|  |TAMS 0x0000000084100000, 0x0000000084000000| Updating 
|  65|0x0000000084100000, 0x0000000084200000, 0x0000000084200000|100%| O|  |TAMS 0x0000000084200000, 0x0000000084100000| Updating 
|  66|0x0000000084200000, 0x0000000084300000, 0x0000000084300000|100%| O|  |TAMS 0x0000000084300000, 0x0000000084200000| Updating 
|  67|0x0000000084300000, 0x0000000084400000, 0x0000000084400000|100%| O|  |TAMS 0x0000000084400000, 0x0000000084300000| Updating 
|  68|0x0000000084400000, 0x0000000084500000, 0x0000000084500000|100%| O|  |TAMS 0x0000000084500000, 0x0000000084400000| Updating 
|  69|0x0000000084500000, 0x0000000084600000, 0x0000000084600000|100%| O|  |TAMS 0x0000000084600000, 0x0000000084500000| Updating 
|  70|0x0000000084600000, 0x0000000084700000, 0x0000000084700000|100%| O|  |TAMS 0x0000000084700000, 0x0000000084600000| Updating 
|  71|0x0000000084700000, 0x0000000084800000, 0x0000000084800000|100%| O|  |TAMS 0x0000000084800000, 0x0000000084700000| Updating 
|  72|0x0000000084800000, 0x0000000084900000, 0x0000000084900000|100%|HS|  |TAMS 0x0000000084900000, 0x0000000084800000| Complete 
|  73|0x0000000084900000, 0x0000000084a00000, 0x0000000084a00000|100%| O|  |TAMS 0x0000000084a00000, 0x0000000084900000| Updating 
|  74|0x0000000084a00000, 0x0000000084b00000, 0x0000000084b00000|100%| O|  |TAMS 0x0000000084b00000, 0x0000000084a00000| Updating 
|  75|0x0000000084b00000, 0x0000000084c00000, 0x0000000084c00000|100%| O|  |TAMS 0x0000000084c00000, 0x0000000084b00000| Updating 
|  76|0x0000000084c00000, 0x0000000084d00000, 0x0000000084d00000|100%| O|  |TAMS 0x0000000084d00000, 0x0000000084c00000| Updating 
|  77|0x0000000084d00000, 0x0000000084e00000, 0x0000000084e00000|100%| O|  |TAMS 0x0000000084e00000, 0x0000000084d00000| Updating 
|  78|0x0000000084e00000, 0x0000000084f00000, 0x0000000084f00000|100%| O|  |TAMS 0x0000000084f00000, 0x0000000084e00000| Updating 
|  79|0x0000000084f00000, 0x0000000085000000, 0x0000000085000000|100%| O|  |TAMS 0x0000000085000000, 0x0000000084f00000| Updating 
|  80|0x0000000085000000, 0x0000000085100000, 0x0000000085100000|100%| O|  |TAMS 0x0000000085100000, 0x0000000085000000| Updating 
|  81|0x0000000085100000, 0x0000000085200000, 0x0000000085200000|100%| O|  |TAMS 0x0000000085200000, 0x0000000085100000| Updating 
|  82|0x0000000085200000, 0x0000000085300000, 0x0000000085300000|100%| O|  |TAMS 0x0000000085300000, 0x0000000085200000| Updating 
|  83|0x0000000085300000, 0x0000000085400000, 0x0000000085400000|100%| O|  |TAMS 0x0000000085400000, 0x0000000085300000| Updating 
|  84|0x0000000085400000, 0x0000000085500000, 0x0000000085500000|100%| O|  |TAMS 0x0000000085500000, 0x0000000085400000| Updating 
|  85|0x0000000085500000, 0x0000000085600000, 0x0000000085600000|100%| O|  |TAMS 0x0000000085600000, 0x0000000085500000| Updating 
|  86|0x0000000085600000, 0x0000000085700000, 0x0000000085700000|100%| O|  |TAMS 0x0000000085700000, 0x0000000085600000| Updating 
|  87|0x0000000085700000, 0x0000000085800000, 0x0000000085800000|100%| O|  |TAMS 0x0000000085800000, 0x0000000085700000| Updating 
|  88|0x0000000085800000, 0x0000000085900000, 0x0000000085900000|100%| O|  |TAMS 0x0000000085900000, 0x0000000085800000| Updating 
|  89|0x0000000085900000, 0x0000000085a00000, 0x0000000085a00000|100%| O|  |TAMS 0x0000000085a00000, 0x0000000085900000| Updating 
|  90|0x0000000085a00000, 0x0000000085b00000, 0x0000000085b00000|100%| O|  |TAMS 0x0000000085b00000, 0x0000000085a00000| Updating 
|  91|0x0000000085b00000, 0x0000000085c00000, 0x0000000085c00000|100%| O|  |TAMS 0x0000000085c00000, 0x0000000085b00000| Updating 
|  92|0x0000000085c00000, 0x0000000085d00000, 0x0000000085d00000|100%| O|  |TAMS 0x0000000085d00000, 0x0000000085c00000| Updating 
|  93|0x0000000085d00000, 0x0000000085e00000, 0x0000000085e00000|100%| O|  |TAMS 0x0000000085e00000, 0x0000000085d00000| Updating 
|  94|0x0000000085e00000, 0x0000000085f00000, 0x0000000085f00000|100%| O|  |TAMS 0x0000000085f00000, 0x0000000085e00000| Updating 
|  95|0x0000000085f00000, 0x0000000086000000, 0x0000000086000000|100%| O|  |TAMS 0x0000000086000000, 0x0000000085f00000| Updating 
|  96|0x0000000086000000, 0x0000000086100000, 0x0000000086100000|100%| O|  |TAMS 0x0000000086100000, 0x0000000086000000| Updating 
|  97|0x0000000086100000, 0x0000000086200000, 0x0000000086200000|100%| O|  |TAMS 0x0000000086200000, 0x0000000086100000| Updating 
|  98|0x0000000086200000, 0x0000000086300000, 0x0000000086300000|100%| O|  |TAMS 0x0000000086300000, 0x0000000086200000| Updating 
|  99|0x0000000086300000, 0x0000000086400000, 0x0000000086400000|100%| O|  |TAMS 0x0000000086400000, 0x0000000086300000| Updating 
| 100|0x0000000086400000, 0x0000000086500000, 0x0000000086500000|100%| O|  |TAMS 0x0000000086500000, 0x0000000086400000| Updating 
| 101|0x0000000086500000, 0x0000000086600000, 0x0000000086600000|100%| O|  |TAMS 0x0000000086600000, 0x0000000086500000| Updating 
| 102|0x0000000086600000, 0x0000000086700000, 0x0000000086700000|100%| O|  |TAMS 0x0000000086700000, 0x0000000086600000| Updating 
| 103|0x0000000086700000, 0x0000000086800000, 0x0000000086800000|100%| O|  |TAMS 0x0000000086800000, 0x0000000086700000| Updating 
| 104|0x0000000086800000, 0x0000000086900000, 0x0000000086900000|100%| O|  |TAMS 0x0000000086900000, 0x0000000086800000| Updating 
| 105|0x0000000086900000, 0x0000000086a00000, 0x0000000086a00000|100%| O|  |TAMS 0x0000000086a00000, 0x0000000086900000| Updating 
| 106|0x0000000086a00000, 0x0000000086b00000, 0x0000000086b00000|100%| O|  |TAMS 0x0000000086b00000, 0x0000000086a00000| Updating 
| 107|0x0000000086b00000, 0x0000000086c00000, 0x0000000086c00000|100%| O|  |TAMS 0x0000000086c00000, 0x0000000086b00000| Updating 
| 108|0x0000000086c00000, 0x0000000086d00000, 0x0000000086d00000|100%| O|  |TAMS 0x0000000086d00000, 0x0000000086c00000| Updating 
| 109|0x0000000086d00000, 0x0000000086e00000, 0x0000000086e00000|100%| O|  |TAMS 0x0000000086e00000, 0x0000000086d00000| Updating 
| 110|0x0000000086e00000, 0x0000000086f00000, 0x0000000086f00000|100%| O|  |TAMS 0x0000000086f00000, 0x0000000086e00000| Updating 
| 111|0x0000000086f00000, 0x0000000087000000, 0x0000000087000000|100%| O|  |TAMS 0x0000000087000000, 0x0000000086f00000| Updating 
| 112|0x0000000087000000, 0x0000000087100000, 0x0000000087100000|100%| O|  |TAMS 0x0000000087100000, 0x0000000087000000| Updating 
| 113|0x0000000087100000, 0x0000000087200000, 0x0000000087200000|100%| O|  |TAMS 0x0000000087200000, 0x0000000087100000| Updating 
| 114|0x0000000087200000, 0x0000000087300000, 0x0000000087300000|100%| O|  |TAMS 0x0000000087300000, 0x0000000087200000| Updating 
| 115|0x0000000087300000, 0x0000000087400000, 0x0000000087400000|100%| O|  |TAMS 0x0000000087400000, 0x0000000087300000| Updating 
| 116|0x0000000087400000, 0x0000000087500000, 0x0000000087500000|100%| O|  |TAMS 0x0000000087500000, 0x0000000087400000| Updating 
| 117|0x0000000087500000, 0x0000000087600000, 0x0000000087600000|100%| O|  |TAMS 0x0000000087600000, 0x0000000087500000| Updating 
| 118|0x0000000087600000, 0x0000000087700000, 0x0000000087700000|100%| O|  |TAMS 0x0000000087700000, 0x0000000087600000| Updating 
| 119|0x0000000087700000, 0x0000000087800000, 0x0000000087800000|100%| O|  |TAMS 0x0000000087800000, 0x0000000087700000| Updating 
| 120|0x0000000087800000, 0x0000000087900000, 0x0000000087900000|100%| O|  |TAMS 0x0000000087900000, 0x0000000087800000| Updating 
| 121|0x0000000087900000, 0x0000000087a00000, 0x0000000087a00000|100%| O|  |TAMS 0x0000000087a00000, 0x0000000087900000| Updating 
| 122|0x0000000087a00000, 0x0000000087b00000, 0x0000000087b00000|100%| O|  |TAMS 0x0000000087b00000, 0x0000000087a00000| Updating 
| 123|0x0000000087b00000, 0x0000000087c00000, 0x0000000087c00000|100%| O|  |TAMS 0x0000000087c00000, 0x0000000087b00000| Updating 
| 124|0x0000000087c00000, 0x0000000087d00000, 0x0000000087d00000|100%| O|  |TAMS 0x0000000087d00000, 0x0000000087c00000| Updating 
| 125|0x0000000087d00000, 0x0000000087e00000, 0x0000000087e00000|100%| O|  |TAMS 0x0000000087e00000, 0x0000000087d00000| Updating 
| 126|0x0000000087e00000, 0x0000000087f00000, 0x0000000087f00000|100%| O|  |TAMS 0x0000000087f00000, 0x0000000087e00000| Updating 
| 127|0x0000000087f00000, 0x0000000088000000, 0x0000000088000000|100%| O|  |TAMS 0x0000000088000000, 0x0000000087f00000| Updating 
| 128|0x0000000088000000, 0x0000000088100000, 0x0000000088100000|100%| O|  |TAMS 0x0000000088100000, 0x0000000088000000| Updating 
| 129|0x0000000088100000, 0x0000000088200000, 0x0000000088200000|100%| O|  |TAMS 0x0000000088200000, 0x0000000088100000| Updating 
| 130|0x0000000088200000, 0x0000000088300000, 0x0000000088300000|100%| O|  |TAMS 0x0000000088300000, 0x0000000088200000| Updating 
| 131|0x0000000088300000, 0x0000000088400000, 0x0000000088400000|100%| O|  |TAMS 0x0000000088400000, 0x0000000088300000| Updating 
| 132|0x0000000088400000, 0x0000000088500000, 0x0000000088500000|100%| O|  |TAMS 0x0000000088500000, 0x0000000088400000| Updating 
| 133|0x0000000088500000, 0x0000000088600000, 0x0000000088600000|100%| O|  |TAMS 0x0000000088600000, 0x0000000088500000| Updating 
| 134|0x0000000088600000, 0x0000000088700000, 0x0000000088700000|100%| O|  |TAMS 0x0000000088700000, 0x0000000088600000| Updating 
| 135|0x0000000088700000, 0x0000000088800000, 0x0000000088800000|100%| O|  |TAMS 0x0000000088800000, 0x0000000088700000| Updating 
| 136|0x0000000088800000, 0x0000000088900000, 0x0000000088900000|100%| O|  |TAMS 0x0000000088900000, 0x0000000088800000| Updating 
| 137|0x0000000088900000, 0x0000000088a00000, 0x0000000088a00000|100%| O|  |TAMS 0x0000000088a00000, 0x0000000088900000| Updating 
| 138|0x0000000088a00000, 0x0000000088b00000, 0x0000000088b00000|100%| O|  |TAMS 0x0000000088b00000, 0x0000000088a00000| Updating 
| 139|0x0000000088b00000, 0x0000000088c00000, 0x0000000088c00000|100%| O|  |TAMS 0x0000000088c00000, 0x0000000088b00000| Updating 
| 140|0x0000000088c00000, 0x0000000088d00000, 0x0000000088d00000|100%| O|  |TAMS 0x0000000088d00000, 0x0000000088c00000| Updating 
| 141|0x0000000088d00000, 0x0000000088e00000, 0x0000000088e00000|100%| O|  |TAMS 0x0000000088e00000, 0x0000000088d00000| Updating 
| 142|0x0000000088e00000, 0x0000000088f00000, 0x0000000088f00000|100%| O|  |TAMS 0x0000000088f00000, 0x0000000088e00000| Updating 
| 143|0x0000000088f00000, 0x0000000089000000, 0x0000000089000000|100%| O|  |TAMS 0x0000000089000000, 0x0000000088f00000| Updating 
| 144|0x0000000089000000, 0x0000000089100000, 0x0000000089100000|100%| O|  |TAMS 0x0000000089100000, 0x0000000089000000| Updating 
| 145|0x0000000089100000, 0x0000000089200000, 0x0000000089200000|100%| O|  |TAMS 0x0000000089200000, 0x0000000089100000| Updating 
| 146|0x0000000089200000, 0x0000000089300000, 0x0000000089300000|100%| O|  |TAMS 0x0000000089300000, 0x0000000089200000| Updating 
| 147|0x0000000089300000, 0x0000000089400000, 0x0000000089400000|100%| O|  |TAMS 0x0000000089400000, 0x0000000089300000| Updating 
| 148|0x0000000089400000, 0x0000000089500000, 0x0000000089500000|100%| O|  |TAMS 0x0000000089500000, 0x0000000089400000| Updating 
| 149|0x0000000089500000, 0x0000000089600000, 0x0000000089600000|100%| O|  |TAMS 0x0000000089600000, 0x0000000089500000| Updating 
| 150|0x0000000089600000, 0x0000000089700000, 0x0000000089700000|100%| O|  |TAMS 0x0000000089700000, 0x0000000089600000| Updating 
| 151|0x0000000089700000, 0x0000000089800000, 0x0000000089800000|100%| O|  |TAMS 0x0000000089800000, 0x0000000089700000| Updating 
| 152|0x0000000089800000, 0x0000000089900000, 0x0000000089900000|100%| O|  |TAMS 0x0000000089900000, 0x0000000089800000| Updating 
| 153|0x0000000089900000, 0x0000000089a00000, 0x0000000089a00000|100%| O|  |TAMS 0x0000000089a00000, 0x0000000089900000| Updating 
| 154|0x0000000089a00000, 0x0000000089b00000, 0x0000000089b00000|100%| O|  |TAMS 0x0000000089b00000, 0x0000000089a00000| Updating 
| 155|0x0000000089b00000, 0x0000000089c00000, 0x0000000089c00000|100%| O|  |TAMS 0x0000000089c00000, 0x0000000089b00000| Updating 
| 156|0x0000000089c00000, 0x0000000089d00000, 0x0000000089d00000|100%| O|  |TAMS 0x0000000089c40c00, 0x0000000089c00000| Updating 
| 157|0x0000000089d00000, 0x0000000089e00000, 0x0000000089e00000|100%| O|  |TAMS 0x0000000089d00000, 0x0000000089d00000| Untracked 
| 158|0x0000000089e00000, 0x0000000089f00000, 0x0000000089f00000|100%| O|  |TAMS 0x0000000089e00000, 0x0000000089e00000| Untracked 
| 159|0x0000000089f00000, 0x000000008a000000, 0x000000008a000000|100%| O|  |TAMS 0x0000000089f00000, 0x0000000089f00000| Untracked 
| 160|0x000000008a000000, 0x000000008a100000, 0x000000008a100000|100%| O|  |TAMS 0x000000008a000000, 0x000000008a000000| Untracked 
| 161|0x000000008a100000, 0x000000008a200000, 0x000000008a200000|100%| O|  |TAMS 0x000000008a100000, 0x000000008a100000| Untracked 
| 162|0x000000008a200000, 0x000000008a300000, 0x000000008a300000|100%| O|  |TAMS 0x000000008a200000, 0x000000008a200000| Untracked 
| 163|0x000000008a300000, 0x000000008a36f400, 0x000000008a400000| 43%| O|  |TAMS 0x000000008a300000, 0x000000008a300000| Untracked 
| 164|0x000000008a400000, 0x000000008a400000, 0x000000008a500000|  0%| F|  |TAMS 0x000000008a400000, 0x000000008a400000| Untracked 
| 165|0x000000008a500000, 0x000000008a500000, 0x000000008a600000|  0%| F|  |TAMS 0x000000008a500000, 0x000000008a500000| Untracked 
| 166|0x000000008a600000, 0x000000008a600000, 0x000000008a700000|  0%| F|  |TAMS 0x000000008a600000, 0x000000008a600000| Untracked 
| 167|0x000000008a700000, 0x000000008a700000, 0x000000008a800000|  0%| F|  |TAMS 0x000000008a700000, 0x000000008a700000| Untracked 
| 168|0x000000008a800000, 0x000000008a800000, 0x000000008a900000|  0%| F|  |TAMS 0x000000008a800000, 0x000000008a800000| Untracked 
| 169|0x000000008a900000, 0x000000008a900000, 0x000000008aa00000|  0%| F|  |TAMS 0x000000008a900000, 0x000000008a900000| Untracked 
| 170|0x000000008aa00000, 0x000000008aa00000, 0x000000008ab00000|  0%| F|  |TAMS 0x000000008aa00000, 0x000000008aa00000| Untracked 
| 171|0x000000008ab00000, 0x000000008ab00000, 0x000000008ac00000|  0%| F|  |TAMS 0x000000008ab00000, 0x000000008ab00000| Untracked 
| 172|0x000000008ac00000, 0x000000008ac00000, 0x000000008ad00000|  0%| F|  |TAMS 0x000000008ac00000, 0x000000008ac00000| Untracked 
| 173|0x000000008ad00000, 0x000000008ad00000, 0x000000008ae00000|  0%| F|  |TAMS 0x000000008ad00000, 0x000000008ad00000| Untracked 
| 174|0x000000008ae00000, 0x000000008ae00000, 0x000000008af00000|  0%| F|  |TAMS 0x000000008ae00000, 0x000000008ae00000| Untracked 
| 175|0x000000008af00000, 0x000000008af00000, 0x000000008b000000|  0%| F|  |TAMS 0x000000008af00000, 0x000000008af00000| Untracked 
| 176|0x000000008b000000, 0x000000008b000000, 0x000000008b100000|  0%| F|  |TAMS 0x000000008b000000, 0x000000008b000000| Untracked 
| 177|0x000000008b100000, 0x000000008b100000, 0x000000008b200000|  0%| F|  |TAMS 0x000000008b100000, 0x000000008b100000| Untracked 
| 178|0x000000008b200000, 0x000000008b200000, 0x000000008b300000|  0%| F|  |TAMS 0x000000008b200000, 0x000000008b200000| Untracked 
| 179|0x000000008b300000, 0x000000008b300000, 0x000000008b400000|  0%| F|  |TAMS 0x000000008b300000, 0x000000008b300000| Untracked 
| 180|0x000000008b400000, 0x000000008b400000, 0x000000008b500000|  0%| F|  |TAMS 0x000000008b400000, 0x000000008b400000| Untracked 
| 181|0x000000008b500000, 0x000000008b500000, 0x000000008b600000|  0%| F|  |TAMS 0x000000008b500000, 0x000000008b500000| Untracked 
| 182|0x000000008b600000, 0x000000008b600000, 0x000000008b700000|  0%| F|  |TAMS 0x000000008b600000, 0x000000008b600000| Untracked 
| 183|0x000000008b700000, 0x000000008b700000, 0x000000008b800000|  0%| F|  |TAMS 0x000000008b700000, 0x000000008b700000| Untracked 
| 184|0x000000008b800000, 0x000000008b800000, 0x000000008b900000|  0%| F|  |TAMS 0x000000008b800000, 0x000000008b800000| Untracked 
| 185|0x000000008b900000, 0x000000008b900000, 0x000000008ba00000|  0%| F|  |TAMS 0x000000008b900000, 0x000000008b900000| Untracked 
| 186|0x000000008ba00000, 0x000000008ba00000, 0x000000008bb00000|  0%| F|  |TAMS 0x000000008ba00000, 0x000000008ba00000| Untracked 
| 187|0x000000008bb00000, 0x000000008bb00000, 0x000000008bc00000|  0%| F|  |TAMS 0x000000008bb00000, 0x000000008bb00000| Untracked 
| 188|0x000000008bc00000, 0x000000008bc00000, 0x000000008bd00000|  0%| F|  |TAMS 0x000000008bc00000, 0x000000008bc00000| Untracked 
| 189|0x000000008bd00000, 0x000000008bd00000, 0x000000008be00000|  0%| F|  |TAMS 0x000000008bd00000, 0x000000008bd00000| Untracked 
| 190|0x000000008be00000, 0x000000008be00000, 0x000000008bf00000|  0%| F|  |TAMS 0x000000008be00000, 0x000000008be00000| Untracked 
| 191|0x000000008bf00000, 0x000000008bf00000, 0x000000008c000000|  0%| F|  |TAMS 0x000000008bf00000, 0x000000008bf00000| Untracked 
| 192|0x000000008c000000, 0x000000008c000000, 0x000000008c100000|  0%| F|  |TAMS 0x000000008c000000, 0x000000008c000000| Untracked 
| 193|0x000000008c100000, 0x000000008c100000, 0x000000008c200000|  0%| F|  |TAMS 0x000000008c100000, 0x000000008c100000| Untracked 
| 194|0x000000008c200000, 0x000000008c200000, 0x000000008c300000|  0%| F|  |TAMS 0x000000008c200000, 0x000000008c200000| Untracked 
| 195|0x000000008c300000, 0x000000008c300000, 0x000000008c400000|  0%| F|  |TAMS 0x000000008c300000, 0x000000008c300000| Untracked 
| 196|0x000000008c400000, 0x000000008c400000, 0x000000008c500000|  0%| F|  |TAMS 0x000000008c400000, 0x000000008c400000| Untracked 
| 197|0x000000008c500000, 0x000000008c500000, 0x000000008c600000|  0%| F|  |TAMS 0x000000008c500000, 0x000000008c500000| Untracked 
| 198|0x000000008c600000, 0x000000008c600000, 0x000000008c700000|  0%| F|  |TAMS 0x000000008c600000, 0x000000008c600000| Untracked 
| 199|0x000000008c700000, 0x000000008c700000, 0x000000008c800000|  0%| F|  |TAMS 0x000000008c700000, 0x000000008c700000| Untracked 
| 200|0x000000008c800000, 0x000000008c800000, 0x000000008c900000|  0%| F|  |TAMS 0x000000008c800000, 0x000000008c800000| Untracked 
| 201|0x000000008c900000, 0x000000008c9b6120, 0x000000008ca00000| 71%| S|CS|TAMS 0x000000008c900000, 0x000000008c900000| Complete 
| 202|0x000000008ca00000, 0x000000008cb00000, 0x000000008cb00000|100%| S|CS|TAMS 0x000000008ca00000, 0x000000008ca00000| Complete 
| 203|0x000000008cb00000, 0x000000008cc00000, 0x000000008cc00000|100%| S|CS|TAMS 0x000000008cb00000, 0x000000008cb00000| Complete 
| 204|0x000000008cc00000, 0x000000008cd00000, 0x000000008cd00000|100%| S|CS|TAMS 0x000000008cc00000, 0x000000008cc00000| Complete 
| 205|0x000000008cd00000, 0x000000008ce00000, 0x000000008ce00000|100%| S|CS|TAMS 0x000000008cd00000, 0x000000008cd00000| Complete 
| 206|0x000000008ce00000, 0x000000008ce00000, 0x000000008cf00000|  0%| F|  |TAMS 0x000000008ce00000, 0x000000008ce00000| Untracked 
| 207|0x000000008cf00000, 0x000000008cf00000, 0x000000008d000000|  0%| F|  |TAMS 0x000000008cf00000, 0x000000008cf00000| Untracked 
| 208|0x000000008d000000, 0x000000008d000000, 0x000000008d100000|  0%| F|  |TAMS 0x000000008d000000, 0x000000008d000000| Untracked 
| 209|0x000000008d100000, 0x000000008d200000, 0x000000008d200000|100%| S|CS|TAMS 0x000000008d100000, 0x000000008d100000| Complete 
| 210|0x000000008d200000, 0x000000008d300000, 0x000000008d300000|100%| S|CS|TAMS 0x000000008d200000, 0x000000008d200000| Complete 
| 211|0x000000008d300000, 0x000000008d400000, 0x000000008d400000|100%| S|CS|TAMS 0x000000008d300000, 0x000000008d300000| Complete 
| 212|0x000000008d400000, 0x000000008d400000, 0x000000008d500000|  0%| F|  |TAMS 0x000000008d400000, 0x000000008d400000| Untracked 
| 213|0x000000008d500000, 0x000000008d500000, 0x000000008d600000|  0%| F|  |TAMS 0x000000008d500000, 0x000000008d500000| Untracked 
| 214|0x000000008d600000, 0x000000008d600000, 0x000000008d700000|  0%| F|  |TAMS 0x000000008d600000, 0x000000008d600000| Untracked 
| 215|0x000000008d700000, 0x000000008d700000, 0x000000008d800000|  0%| F|  |TAMS 0x000000008d700000, 0x000000008d700000| Untracked 
| 216|0x000000008d800000, 0x000000008d800000, 0x000000008d900000|  0%| F|  |TAMS 0x000000008d800000, 0x000000008d800000| Untracked 
| 217|0x000000008d900000, 0x000000008d900000, 0x000000008da00000|  0%| F|  |TAMS 0x000000008d900000, 0x000000008d900000| Untracked 
| 218|0x000000008da00000, 0x000000008da00000, 0x000000008db00000|  0%| F|  |TAMS 0x000000008da00000, 0x000000008da00000| Untracked 
| 219|0x000000008db00000, 0x000000008db00000, 0x000000008dc00000|  0%| F|  |TAMS 0x000000008db00000, 0x000000008db00000| Untracked 
| 220|0x000000008dc00000, 0x000000008dc00000, 0x000000008dd00000|  0%| F|  |TAMS 0x000000008dc00000, 0x000000008dc00000| Untracked 
| 221|0x000000008dd00000, 0x000000008dd00000, 0x000000008de00000|  0%| F|  |TAMS 0x000000008dd00000, 0x000000008dd00000| Untracked 
| 222|0x000000008de00000, 0x000000008de00000, 0x000000008df00000|  0%| F|  |TAMS 0x000000008de00000, 0x000000008de00000| Untracked 
| 223|0x000000008df00000, 0x000000008df00000, 0x000000008e000000|  0%| F|  |TAMS 0x000000008df00000, 0x000000008df00000| Untracked 
| 224|0x000000008e000000, 0x000000008e000000, 0x000000008e100000|  0%| F|  |TAMS 0x000000008e000000, 0x000000008e000000| Untracked 
| 225|0x000000008e100000, 0x000000008e100000, 0x000000008e200000|  0%| F|  |TAMS 0x000000008e100000, 0x000000008e100000| Untracked 
| 226|0x000000008e200000, 0x000000008e200000, 0x000000008e300000|  0%| F|  |TAMS 0x000000008e200000, 0x000000008e200000| Untracked 
| 227|0x000000008e300000, 0x000000008e300000, 0x000000008e400000|  0%| F|  |TAMS 0x000000008e300000, 0x000000008e300000| Untracked 
| 228|0x000000008e400000, 0x000000008e400000, 0x000000008e500000|  0%| F|  |TAMS 0x000000008e400000, 0x000000008e400000| Untracked 
| 229|0x000000008e500000, 0x000000008e500000, 0x000000008e600000|  0%| F|  |TAMS 0x000000008e500000, 0x000000008e500000| Untracked 
| 230|0x000000008e600000, 0x000000008e600000, 0x000000008e700000|  0%| F|  |TAMS 0x000000008e600000, 0x000000008e600000| Untracked 
| 231|0x000000008e700000, 0x000000008e700000, 0x000000008e800000|  0%| F|  |TAMS 0x000000008e700000, 0x000000008e700000| Untracked 
| 232|0x000000008e800000, 0x000000008e800000, 0x000000008e900000|  0%| F|  |TAMS 0x000000008e800000, 0x000000008e800000| Untracked 
| 233|0x000000008e900000, 0x000000008e900000, 0x000000008ea00000|  0%| F|  |TAMS 0x000000008e900000, 0x000000008e900000| Untracked 
| 234|0x000000008ea00000, 0x000000008ea00000, 0x000000008eb00000|  0%| F|  |TAMS 0x000000008ea00000, 0x000000008ea00000| Untracked 
| 235|0x000000008eb00000, 0x000000008eb00000, 0x000000008ec00000|  0%| F|  |TAMS 0x000000008eb00000, 0x000000008eb00000| Untracked 
| 236|0x000000008ec00000, 0x000000008ec00000, 0x000000008ed00000|  0%| F|  |TAMS 0x000000008ec00000, 0x000000008ec00000| Untracked 
| 237|0x000000008ed00000, 0x000000008ed00000, 0x000000008ee00000|  0%| F|  |TAMS 0x000000008ed00000, 0x000000008ed00000| Untracked 
| 238|0x000000008ee00000, 0x000000008ee00000, 0x000000008ef00000|  0%| F|  |TAMS 0x000000008ee00000, 0x000000008ee00000| Untracked 
| 239|0x000000008ef00000, 0x000000008ef00000, 0x000000008f000000|  0%| F|  |TAMS 0x000000008ef00000, 0x000000008ef00000| Untracked 
| 240|0x000000008f000000, 0x000000008f000000, 0x000000008f100000|  0%| F|  |TAMS 0x000000008f000000, 0x000000008f000000| Untracked 
| 241|0x000000008f100000, 0x000000008f100000, 0x000000008f200000|  0%| F|  |TAMS 0x000000008f100000, 0x000000008f100000| Untracked 
| 242|0x000000008f200000, 0x000000008f200000, 0x000000008f300000|  0%| F|  |TAMS 0x000000008f200000, 0x000000008f200000| Untracked 
| 243|0x000000008f300000, 0x000000008f300000, 0x000000008f400000|  0%| F|  |TAMS 0x000000008f300000, 0x000000008f300000| Untracked 
| 244|0x000000008f400000, 0x000000008f400000, 0x000000008f500000|  0%| F|  |TAMS 0x000000008f400000, 0x000000008f400000| Untracked 
| 245|0x000000008f500000, 0x000000008f500000, 0x000000008f600000|  0%| F|  |TAMS 0x000000008f500000, 0x000000008f500000| Untracked 
| 246|0x000000008f600000, 0x000000008f600000, 0x000000008f700000|  0%| F|  |TAMS 0x000000008f600000, 0x000000008f600000| Untracked 
| 247|0x000000008f700000, 0x000000008f700000, 0x000000008f800000|  0%| F|  |TAMS 0x000000008f700000, 0x000000008f700000| Untracked 
| 248|0x000000008f800000, 0x000000008f800000, 0x000000008f900000|  0%| F|  |TAMS 0x000000008f800000, 0x000000008f800000| Untracked 
| 249|0x000000008f900000, 0x000000008f900000, 0x000000008fa00000|  0%| F|  |TAMS 0x000000008f900000, 0x000000008f900000| Untracked 
| 250|0x000000008fa00000, 0x000000008fa00000, 0x000000008fb00000|  0%| F|  |TAMS 0x000000008fa00000, 0x000000008fa00000| Untracked 
| 251|0x000000008fb00000, 0x000000008fb00000, 0x000000008fc00000|  0%| F|  |TAMS 0x000000008fb00000, 0x000000008fb00000| Untracked 
| 252|0x000000008fc00000, 0x000000008fc00000, 0x000000008fd00000|  0%| F|  |TAMS 0x000000008fc00000, 0x000000008fc00000| Untracked 
| 253|0x000000008fd00000, 0x000000008fd00000, 0x000000008fe00000|  0%| F|  |TAMS 0x000000008fd00000, 0x000000008fd00000| Untracked 
| 254|0x000000008fe00000, 0x000000008fe00000, 0x000000008ff00000|  0%| F|  |TAMS 0x000000008fe00000, 0x000000008fe00000| Untracked 
| 255|0x000000008ff00000, 0x000000008ff00000, 0x0000000090000000|  0%| F|  |TAMS 0x000000008ff00000, 0x000000008ff00000| Untracked 
| 256|0x0000000090000000, 0x0000000090000000, 0x0000000090100000|  0%| F|  |TAMS 0x0000000090000000, 0x0000000090000000| Untracked 
| 257|0x0000000090100000, 0x0000000090100000, 0x0000000090200000|  0%| F|  |TAMS 0x0000000090100000, 0x0000000090100000| Untracked 
| 258|0x0000000090200000, 0x0000000090200000, 0x0000000090300000|  0%| F|  |TAMS 0x0000000090200000, 0x0000000090200000| Untracked 
| 259|0x0000000090300000, 0x0000000090300000, 0x0000000090400000|  0%| F|  |TAMS 0x0000000090300000, 0x0000000090300000| Untracked 
| 260|0x0000000090400000, 0x0000000090400000, 0x0000000090500000|  0%| F|  |TAMS 0x0000000090400000, 0x0000000090400000| Untracked 
| 261|0x0000000090500000, 0x0000000090500000, 0x0000000090600000|  0%| F|  |TAMS 0x0000000090500000, 0x0000000090500000| Untracked 
| 262|0x0000000090600000, 0x0000000090600000, 0x0000000090700000|  0%| F|  |TAMS 0x0000000090600000, 0x0000000090600000| Untracked 
| 263|0x0000000090700000, 0x0000000090700000, 0x0000000090800000|  0%| F|  |TAMS 0x0000000090700000, 0x0000000090700000| Untracked 
| 264|0x0000000090800000, 0x0000000090800000, 0x0000000090900000|  0%| F|  |TAMS 0x0000000090800000, 0x0000000090800000| Untracked 
| 265|0x0000000090900000, 0x0000000090900000, 0x0000000090a00000|  0%| F|  |TAMS 0x0000000090900000, 0x0000000090900000| Untracked 
| 266|0x0000000090a00000, 0x0000000090a00000, 0x0000000090b00000|  0%| F|  |TAMS 0x0000000090a00000, 0x0000000090a00000| Untracked 

Card table byte_map: [0x0000011da5170000,0x0000011da5570000] _byte_map_base: 0x0000011da4d70000

Marking Bits (Prev, Next): (CMBitMap*) 0x0000011d91f81ef8, (CMBitMap*) 0x0000011d91f81f30
 Prev Bits: [0x0000011da5970000, 0x0000011da7970000)
 Next Bits: [0x0000011da7970000, 0x0000011da9970000)

Polling page: 0x0000011d8fe90000

Metaspace:

Usage:
  Non-class:     86.81 MB capacity,    85.29 MB ( 98%) used,     1.22 MB (  1%) free+waste,   308.94 KB ( <1%) overhead. 
      Class:     13.85 MB capacity,    12.91 MB ( 93%) used,   827.05 KB (  6%) free+waste,   140.88 KB ( <1%) overhead. 
       Both:    100.66 MB capacity,    98.20 MB ( 98%) used,     2.03 MB (  2%) free+waste,   449.81 KB ( <1%) overhead. 

Virtual space:
  Non-class space:       88.00 MB reserved,      87.00 MB ( 99%) committed 
      Class space:        1.00 GB reserved,      14.07 MB (  1%) committed 
             Both:        1.09 GB reserved,     101.07 MB (  9%) committed 

Chunk freelists:
   Non-Class:  196.00 KB
       Class:  149.00 KB
        Both:  345.00 KB

MaxMetaspaceSize: 17179869184.00 GB
CompressedClassSpaceSize: 1.00 GB

CodeHeap 'non-profiled nmethods': size=120000Kb used=5980Kb max_used=5980Kb free=114020Kb
 bounds [0x0000011d9d510000, 0x0000011d9daf0000, 0x0000011da4a40000]
CodeHeap 'profiled nmethods': size=120000Kb used=24907Kb max_used=24907Kb free=95092Kb
 bounds [0x0000011d95fe0000, 0x0000011d97840000, 0x0000011d9d510000]
CodeHeap 'non-nmethods': size=5760Kb used=2304Kb max_used=2340Kb free=3455Kb
 bounds [0x0000011d95a40000, 0x0000011d95cb0000, 0x0000011d95fe0000]
 total_blobs=12823 nmethods=11912 adapters=822
 compilation: enabled
              stopped_count=0, restarted_count=0
 full_count=0

Compilation events (20 events):
Event: 21.026 Thread 0x0000011dacd51800 nmethod 12218 0x0000011d9782a590 code [0x0000011d9782a740, 0x0000011d9782a8c8]
Event: 21.026 Thread 0x0000011dacd51800 12219       2       com.android.tools.r8.internal.TX0::<init> (7 bytes)
Event: 21.027 Thread 0x0000011dacd51800 nmethod 12219 0x0000011d9782a990 code [0x0000011d9782ab40, 0x0000011d9782ac48]
Event: 21.027 Thread 0x0000011dacd51800 12227       2       com.android.tools.r8.internal.TX0::a (220 bytes)
Event: 21.029 Thread 0x0000011dacd51800 nmethod 12227 0x0000011d9782ad10 code [0x0000011d9782b000, 0x0000011d9782be68]
Event: 21.029 Thread 0x0000011dacd51800 12240       2       com.android.tools.r8.internal.fB0::a (767 bytes)
Event: 21.064 Thread 0x0000011dacd51800 nmethod 12240 0x0000011d9782c510 code [0x0000011d9782cb80, 0x0000011d9782f898]
Event: 21.064 Thread 0x0000011dacd51800 12221       2       com.android.tools.r8.internal.Ps1::a (14 bytes)
Event: 21.065 Thread 0x0000011dacd51800 nmethod 12221 0x0000011d97831090 code [0x0000011d97831240, 0x0000011d97831368]
Event: 21.065 Thread 0x0000011dacd51800 12228       2       com.android.tools.r8.internal.VE0::<init> (24 bytes)
Event: 21.065 Thread 0x0000011dacd51800 nmethod 12228 0x0000011d97831490 code [0x0000011d97831640, 0x0000011d97831958]
Event: 21.065 Thread 0x0000011dacd51800 12235       2       com.android.tools.r8.internal.tz0::a (4 bytes)
Event: 21.065 Thread 0x0000011dacd51800 nmethod 12235 0x0000011d97831a10 code [0x0000011d97831bc0, 0x0000011d97831cb8]
Event: 21.065 Thread 0x0000011dacd51800 12220       2       com.android.tools.r8.internal.WE0::c (14 bytes)
Event: 21.066 Thread 0x0000011dacd51800 nmethod 12220 0x0000011d97831d90 code [0x0000011d97831f40, 0x0000011d97832068]
Event: 21.066 Thread 0x0000011dacd51800 12230       2       com.android.tools.r8.internal.TR0::a (150 bytes)
Event: 21.067 Thread 0x0000011dacd51800 nmethod 12230 0x0000011d97832110 code [0x0000011d97832380, 0x0000011d97832838]
Event: 21.067 Thread 0x0000011dacd51800 12215       2       com.android.tools.r8.code.C0::<init> (5 bytes)
Event: 21.067 Thread 0x0000011dacd51800 nmethod 12215 0x0000011d97832b90 code [0x0000011d97832d40, 0x0000011d97832e38]
Event: 21.067 Thread 0x0000011dacd51800 12208       2       com.android.tools.r8.internal.ZD0::a (107 bytes)

GC Heap History (20 events):
Event: 15.001 GC heap after
{Heap after GC invocations=18 (full 0):
 garbage-first heap   total 189440K, used 71975K [0x0000000080000000, 0x0000000100000000)
  region size 1024K, 10 young (10240K), 10 survivors (10240K)
 Metaspace       used 83109K, capacity 85061K, committed 85196K, reserved 1122304K
  class space    used 10897K, capacity 11651K, committed 11724K, reserved 1048576K
}
Event: 16.167 GC heap before
{Heap before GC invocations=18 (full 0):
 garbage-first heap   total 189440K, used 143655K [0x0000000080000000, 0x0000000100000000)
  region size 1024K, 81 young (82944K), 10 survivors (10240K)
 Metaspace       used 85415K, capacity 87558K, committed 87884K, reserved 1124352K
  class space    used 11142K, capacity 11995K, committed 12108K, reserved 1048576K
}
Event: 16.190 GC heap after
{Heap after GC invocations=19 (full 0):
 garbage-first heap   total 189440K, used 77203K [0x0000000080000000, 0x0000000100000000)
  region size 1024K, 11 young (11264K), 11 survivors (11264K)
 Metaspace       used 85415K, capacity 87558K, committed 87884K, reserved 1124352K
  class space    used 11142K, capacity 11995K, committed 12108K, reserved 1048576K
}
Event: 17.282 GC heap before
{Heap before GC invocations=19 (full 0):
 garbage-first heap   total 189440K, used 147859K [0x0000000080000000, 0x0000000100000000)
  region size 1024K, 81 young (82944K), 11 survivors (11264K)
 Metaspace       used 89169K, capacity 91342K, committed 91596K, reserved 1128448K
  class space    used 11601K, capacity 12416K, committed 12492K, reserved 1048576K
}
Event: 17.307 GC heap after
{Heap after GC invocations=20 (full 0):
 garbage-first heap   total 227328K, used 81112K [0x0000000080000000, 0x0000000100000000)
  region size 1024K, 9 young (9216K), 9 survivors (9216K)
 Metaspace       used 89169K, capacity 91342K, committed 91596K, reserved 1128448K
  class space    used 11601K, capacity 12416K, committed 12492K, reserved 1048576K
}
Event: 18.082 GC heap before
{Heap before GC invocations=20 (full 0):
 garbage-first heap   total 227328K, used 171224K [0x0000000080000000, 0x0000000100000000)
  region size 1024K, 96 young (98304K), 9 survivors (9216K)
 Metaspace       used 91015K, capacity 93302K, committed 93388K, reserved 1130496K
  class space    used 11853K, capacity 12702K, committed 12748K, reserved 1048576K
}
Event: 18.103 GC heap after
{Heap after GC invocations=21 (full 0):
 garbage-first heap   total 227328K, used 100821K [0x0000000080000000, 0x0000000100000000)
  region size 1024K, 12 young (12288K), 12 survivors (12288K)
 Metaspace       used 91015K, capacity 93302K, committed 93388K, reserved 1130496K
  class space    used 11853K, capacity 12702K, committed 12748K, reserved 1048576K
}
Event: 18.827 GC heap before
{Heap before GC invocations=21 (full 0):
 garbage-first heap   total 227328K, used 172501K [0x0000000080000000, 0x0000000100000000)
  region size 1024K, 83 young (84992K), 12 survivors (12288K)
 Metaspace       used 94909K, capacity 97378K, committed 97612K, reserved 1134592K
  class space    used 12438K, capacity 13355K, committed 13388K, reserved 1048576K
}
Event: 18.855 GC heap after
{Heap after GC invocations=22 (full 0):
 garbage-first heap   total 227328K, used 112192K [0x0000000080000000, 0x0000000100000000)
  region size 1024K, 11 young (11264K), 11 survivors (11264K)
 Metaspace       used 94909K, capacity 97378K, committed 97612K, reserved 1134592K
  class space    used 12438K, capacity 13355K, committed 13388K, reserved 1048576K
}
Event: 19.147 GC heap before
{Heap before GC invocations=22 (full 0):
 garbage-first heap   total 227328K, used 174656K [0x0000000080000000, 0x0000000100000000)
  region size 1024K, 73 young (74752K), 11 survivors (11264K)
 Metaspace       used 96196K, capacity 98726K, committed 98892K, reserved 1134592K
  class space    used 12633K, capacity 13592K, committed 13644K, reserved 1048576K
}
Event: 19.190 GC heap after
{Heap after GC invocations=23 (full 0):
 garbage-first heap   total 227328K, used 124186K [0x0000000080000000, 0x0000000100000000)
  region size 1024K, 10 young (10240K), 10 survivors (10240K)
 Metaspace       used 96196K, capacity 98726K, committed 98892K, reserved 1134592K
  class space    used 12633K, capacity 13592K, committed 13644K, reserved 1048576K
}
Event: 19.390 GC heap before
{Heap before GC invocations=23 (full 0):
 garbage-first heap   total 227328K, used 179482K [0x0000000080000000, 0x0000000100000000)
  region size 1024K, 66 young (67584K), 10 survivors (10240K)
 Metaspace       used 97065K, capacity 99672K, committed 99788K, reserved 1134592K
  class space    used 12768K, capacity 13751K, committed 13772K, reserved 1048576K
}
Event: 19.436 GC heap after
{Heap after GC invocations=24 (full 0):
 garbage-first heap   total 273408K, used 136040K [0x0000000080000000, 0x0000000100000000)
  region size 1024K, 8 young (8192K), 8 survivors (8192K)
 Metaspace       used 97065K, capacity 99672K, committed 99788K, reserved 1134592K
  class space    used 12768K, capacity 13751K, committed 13772K, reserved 1048576K
}
Event: 19.762 GC heap before
{Heap before GC invocations=24 (full 0):
 garbage-first heap   total 273408K, used 203624K [0x0000000080000000, 0x0000000100000000)
  region size 1024K, 74 young (75776K), 8 survivors (8192K)
 Metaspace       used 98035K, capacity 100667K, committed 100812K, reserved 1136640K
  class space    used 12945K, capacity 13933K, committed 14028K, reserved 1048576K
}
Event: 19.794 GC heap after
{Heap after GC invocations=25 (full 0):
 garbage-first heap   total 273408K, used 149418K [0x0000000080000000, 0x0000000100000000)
  region size 1024K, 10 young (10240K), 10 survivors (10240K)
 Metaspace       used 98035K, capacity 100667K, committed 100812K, reserved 1136640K
  class space    used 12945K, capacity 13933K, committed 14028K, reserved 1048576K
}
Event: 20.205 GC heap before
{Heap before GC invocations=26 (full 0):
 garbage-first heap   total 273408K, used 211882K [0x0000000080000000, 0x0000000100000000)
  region size 1024K, 71 young (72704K), 10 survivors (10240K)
 Metaspace       used 98849K, capacity 101249K, committed 102092K, reserved 1136640K
  class space    used 13032K, capacity 13932K, committed 14284K, reserved 1048576K
}
Event: 20.243 GC heap after
{Heap after GC invocations=27 (full 0):
 garbage-first heap   total 273408K, used 159744K [0x0000000080000000, 0x0000000100000000)
  region size 1024K, 9 young (9216K), 9 survivors (9216K)
 Metaspace       used 98849K, capacity 101249K, committed 102092K, reserved 1136640K
  class space    used 13032K, capacity 13932K, committed 14284K, reserved 1048576K
}
Event: 20.526 GC heap before
{Heap before GC invocations=27 (full 0):
 garbage-first heap   total 273408K, used 219136K [0x0000000080000000, 0x0000000100000000)
  region size 1024K, 67 young (68608K), 9 survivors (9216K)
 Metaspace       used 99591K, capacity 102098K, committed 102860K, reserved 1138688K
  class space    used 13133K, capacity 14063K, committed 14284K, reserved 1048576K
}
Event: 20.557 GC heap after
{Heap after GC invocations=28 (full 0):
 garbage-first heap   total 273408K, used 167171K [0x0000000080000000, 0x0000000100000000)
  region size 1024K, 7 young (7168K), 7 survivors (7168K)
 Metaspace       used 99591K, capacity 102098K, committed 102860K, reserved 1138688K
  class space    used 13133K, capacity 14063K, committed 14284K, reserved 1048576K
}
Event: 21.070 GC heap before
{Heap before GC invocations=28 (full 0):
 garbage-first heap   total 273408K, used 223491K [0x0000000080000000, 0x0000000100000000)
  region size 1024K, 62 young (63488K), 7 survivors (7168K)
 Metaspace       used 100553K, capacity 103079K, committed 103500K, reserved 1138688K
  class space    used 13219K, capacity 14187K, committed 14412K, reserved 1048576K
}

Deoptimization events (20 events):
Event: 20.856 Thread 0x0000011db431c800 DEOPT PACKING pc=0x0000011d9774271b sp=0x0000000ef83f97a0
Event: 20.856 Thread 0x0000011db431c800 DEOPT UNPACKING pc=0x0000011d95a66dde sp=0x0000000ef83f8c10 mode 0
Event: 20.872 Thread 0x0000011db2a33000 DEOPT PACKING pc=0x0000011d9773a2da sp=0x0000000ef62f9320
Event: 20.872 Thread 0x0000011db2a33000 DEOPT UNPACKING pc=0x0000011d95a66dde sp=0x0000000ef62f8878 mode 0
Event: 20.904 Thread 0x0000011db4319800 DEOPT PACKING pc=0x0000011d9774271b sp=0x0000000ef81f9590
Event: 20.904 Thread 0x0000011db4319800 DEOPT UNPACKING pc=0x0000011d95a66dde sp=0x0000000ef81f8a00 mode 0
Event: 20.905 Thread 0x0000011db4319800 DEOPT PACKING pc=0x0000011d977cf40e sp=0x0000000ef81f9600
Event: 20.905 Thread 0x0000011db4319800 DEOPT UNPACKING pc=0x0000011d95a66dde sp=0x0000000ef81f8a78 mode 0
Event: 21.009 Thread 0x0000011db431c800 DEOPT PACKING pc=0x0000011d9774271b sp=0x0000000ef83fa0c0
Event: 21.010 Thread 0x0000011db431c800 DEOPT UNPACKING pc=0x0000011d95a66dde sp=0x0000000ef83f9530 mode 0
Event: 21.010 Thread 0x0000011db226b000 DEOPT PACKING pc=0x0000011d977cf40e sp=0x0000000ef6ff8b50
Event: 21.010 Thread 0x0000011db226b000 DEOPT UNPACKING pc=0x0000011d95a66dde sp=0x0000000ef6ff7fc8 mode 0
Event: 21.015 Thread 0x0000011db2278000 Uncommon trap: trap_request=0xffffff4d fr.pc=0x0000011d9d84e988 relative=0x0000000000000688
Event: 21.015 Thread 0x0000011db2278000 Uncommon trap: reason=unstable_if action=reinterpret pc=0x0000011d9d84e988 method=java.util.HashMap$HashIterator.<init>(Ljava/util/HashMap;)V @ 45 c2
Event: 21.015 Thread 0x0000011db2278000 DEOPT PACKING pc=0x0000011d9d84e988 sp=0x0000000ef7ef9bb0
Event: 21.015 Thread 0x0000011db2278000 DEOPT UNPACKING pc=0x0000011d95a6662f sp=0x0000000ef7ef9a38 mode 2
Event: 21.015 Thread 0x0000011db2278000 Uncommon trap: trap_request=0xffffff4d fr.pc=0x0000011d9d968960 relative=0x0000000000000340
Event: 21.015 Thread 0x0000011db2278000 Uncommon trap: reason=unstable_if action=reinterpret pc=0x0000011d9d968960 method=java.util.HashMap$HashIterator.<init>(Ljava/util/HashMap;)V @ 45 c2
Event: 21.015 Thread 0x0000011db2278000 DEOPT PACKING pc=0x0000011d9d968960 sp=0x0000000ef7ef9ae0
Event: 21.015 Thread 0x0000011db2278000 DEOPT UNPACKING pc=0x0000011d95a6662f sp=0x0000000ef7ef9a98 mode 2

Classes redefined (0 events):
No events

Internal exceptions (20 events):
Event: 18.702 Thread 0x0000011db226b000 Exception <a 'java/lang/NoSuchMethodError'{0x000000008aca04d8}: 'int java.lang.invoke.DirectMethodHandle$Holder.invokeVirtual(java.lang.Object, java.lang.Object, java.lang.Object)'> (0x000000008aca04d8) thrown at [./src/hotspot/share/interpreter/linkResolver.cpp, line 773]
Event: 18.709 Thread 0x0000011db2a33000 Exception <a 'java/lang/NoSuchMethodError'{0x000000008ae3d1a8}: 'int java.lang.invoke.DirectMethodHandle$Holder.invokeVirtual(java.lang.Object, java.lang.Object, java.lang.Object)'> (0x000000008ae3d1a8) thrown at [./src/hotspot/share/interpreter/linkResolver.cpp, line 773]
Event: 18.961 Thread 0x0000011db2278000 Exception <a 'java/lang/NoSuchMethodError'{0x000000008cba2408}: 'java.lang.Object java.lang.invoke.DirectMethodHandle$Holder.invokeStatic(java.lang.Object, int, java.lang.Object, java.lang.Object)'> (0x000000008cba2408) thrown at [./src/hotspot/share/interpreter/linkResolver.cpp, line 773]
Event: 18.961 Thread 0x0000011db2276800 Exception <a 'java/lang/NoSuchMethodError'{0x000000008cb91768}: 'java.lang.Object java.lang.invoke.DirectMethodHandle$Holder.invokeStatic(java.lang.Object, int, java.lang.Object, java.lang.Object)'> (0x000000008cb91768) thrown at [./src/hotspot/share/interpreter/linkResolver.cpp, line 773]
Event: 18.961 Thread 0x0000011db431c800 Exception <a 'java/lang/NoSuchMethodError'{0x000000008cb5ac00}: 'java.lang.Object java.lang.invoke.DirectMethodHandle$Holder.invokeStatic(java.lang.Object, int, java.lang.Object, java.lang.Object)'> (0x000000008cb5ac00) thrown at [./src/hotspot/share/interpreter/linkResolver.cpp, line 773]
Event: 18.961 Thread 0x0000011db226b000 Exception <a 'java/lang/NoSuchMethodError'{0x000000008cb4d8d8}: 'java.lang.Object java.lang.invoke.DirectMethodHandle$Holder.invokeStatic(java.lang.Object, int, java.lang.Object, java.lang.Object)'> (0x000000008cb4d8d8) thrown at [./src/hotspot/share/interpreter/linkResolver.cpp, line 773]
Event: 19.241 Thread 0x0000011db2276800 Exception <a 'java/lang/NoSuchMethodError'{0x000000008cf23270}: 'int java.lang.invoke.DirectMethodHandle$Holder.invokeSpecial(java.lang.Object, java.lang.Object, java.lang.Object, java.lang.Object, java.lang.Object)'> (0x000000008cf23270) thrown at [./src/hotspot/share/interpreter/linkResolver.cpp, line 773]
Event: 19.241 Thread 0x0000011db431c800 Exception <a 'java/lang/NoSuchMethodError'{0x000000008d99e1b0}: 'int java.lang.invoke.DirectMethodHandle$Holder.invokeSpecial(java.lang.Object, java.lang.Object, java.lang.Object, java.lang.Object, java.lang.Object)'> (0x000000008d99e1b0) thrown at [./src/hotspot/share/interpreter/linkResolver.cpp, line 773]
Event: 19.348 Thread 0x0000011db2278000 Exception <a 'java/lang/NoSuchMethodError'{0x000000008b3faa70}: 'java.lang.Object java.lang.invoke.DirectMethodHandle$Holder.invokeVirtual(java.lang.Object, java.lang.Object, int, java.lang.Object)'> (0x000000008b3faa70) thrown at [./src/hotspot/share/interpreter/linkResolver.cpp, line 773]
Event: 19.349 Thread 0x0000011db226b000 Exception <a 'java/lang/NoSuchMethodError'{0x000000008b3ff248}: 'java.lang.Object java.lang.invoke.DirectMethodHandle$Holder.invokeVirtual(java.lang.Object, java.lang.Object, int, java.lang.Object)'> (0x000000008b3ff248) thrown at [./src/hotspot/share/interpreter/linkResolver.cpp, line 773]
Event: 19.380 Thread 0x0000011db431c800 Exception <a 'java/lang/IncompatibleClassChangeError'{0x000000008aafab80}: Found class java.lang.Object, but interface was expected> (0x000000008aafab80) thrown at [./src/hotspot/share/interpreter/linkResolver.cpp, line 839]
Event: 19.505 Thread 0x0000011db431c800 Exception <a 'java/lang/IncompatibleClassChangeError'{0x000000008feb5f20}: Found class java.lang.Object, but interface was expected> (0x000000008feb5f20) thrown at [./src/hotspot/share/interpreter/linkResolver.cpp, line 839]
Event: 19.526 Thread 0x0000011db2276800 Exception <a 'java/lang/NoSuchMethodError'{0x000000008f671070}: 'void java.lang.invoke.DirectMethodHandle$Holder.invokeVirtual(java.lang.Object, java.lang.Object, int, java.lang.Object)'> (0x000000008f671070) thrown at [./src/hotspot/share/interpreter/linkResolver.cpp, line 773]
Event: 19.882 Thread 0x0000011db2a33000 Exception <a 'java/lang/NoSuchMethodError'{0x00000000909fc2a8}: 'java.lang.Object java.lang.invoke.DirectMethodHandle$Holder.newInvokeSpecial(java.lang.Object, int)'> (0x00000000909fc2a8) thrown at [./src/hotspot/share/interpreter/linkResolver.cpp, line 773]
Event: 20.351 Thread 0x0000011db2276800 Exception <a 'java/lang/NoSuchMethodError'{0x000000008ee52518}: 'java.lang.Object java.lang.invoke.DirectMethodHandle$Holder.invokeSpecial(java.lang.Object, java.lang.Object, java.lang.Object, java.lang.Object, java.lang.Object, java.lang.Object, java.lang.Object, java.lang.Object, java.lang.Object, java.lang.Object, java.lang.Object)'> (0x000000008ee52518) thrown at [./src/hotspot/share/interpreter/linkResolver.cpp, line 773]
Event: 20.352 Thread 0x0000011db2276800 Exception <a 'java/lang/NoSuchMethodError'{0x000000008ee7c260}: 'java.lang.Object java.lang.invoke.Invokers$Holder.linkToTargetMethod(java.lang.Object, java.lang.Object, java.lang.Object, java.lang.Object, java.lang.Object, java.lang.Object, java.lang.Object, java.lang.Object, java.lang.Object, java.lang.Object)'> (0x000000008ee7c260) thrown at [./src/hotspot/share/interpreter/linkResolver.cpp, line 773]
Event: 20.364 Thread 0x0000011db2276800 Exception <a 'java/lang/IncompatibleClassChangeError'{0x000000008ede4880}: Found class java.lang.Object, but interface was expected> (0x000000008ede4880) thrown at [./src/hotspot/share/interpreter/linkResolver.cpp, line 839]
Event: 20.739 Thread 0x0000011db2276800 Exception <a 'java/lang/NoSuchMethodError'{0x00000000900d0cf0}: 'java.lang.Object java.lang.invoke.Invokers$Holder.linkToTargetMethod(java.lang.Object, int, java.lang.Object, java.lang.Object, java.lang.Object, java.lang.Object)'> (0x00000000900d0cf0) thrown at [./src/hotspot/share/interpreter/linkResolver.cpp, line 773]
Event: 20.742 Thread 0x0000011db2276800 Exception <a 'java/lang/NoSuchMethodError'{0x000000008ff2dfa0}: 'java.lang.Object java.lang.invoke.Invokers$Holder.linkToTargetMethod(java.lang.Object, java.lang.Object, java.lang.Object, int, java.lang.Object, java.lang.Object, java.lang.Object)'> (0x000000008ff2dfa0) thrown at [./src/hotspot/share/interpreter/linkResolver.cpp, line 773]
Event: 20.830 Thread 0x0000011db2276800 Exception <a 'java/lang/NoSuchMethodError'{0x000000008f506df0}: 'void java.lang.invoke.DirectMethodHandle$Holder.invokeStatic(java.lang.Object, java.lang.Object, java.lang.Object, java.lang.Object, java.lang.Object, java.lang.Object, java.lang.Object, java.lang.Object)'> (0x000000008f506df0) thrown at [./src/hotspot/share/interpreter/linkResolver.cpp, line 773]

Events (20 events):
Event: 20.860 loading class com/android/tools/r8/shaking/W0 done
Event: 20.860 loading class com/android/tools/r8/shaking/W0
Event: 20.860 loading class com/android/tools/r8/shaking/W0 done
Event: 20.860 loading class com/android/tools/r8/shaking/W0
Event: 20.860 loading class com/android/tools/r8/shaking/W0 done
Event: 20.861 loading class com/android/tools/r8/shaking/W0
Event: 20.861 loading class com/android/tools/r8/shaking/W0 done
Event: 20.861 loading class com/android/tools/r8/dex/e
Event: 20.861 loading class com/android/tools/r8/dex/e done
Event: 20.905 loading class com/android/tools/r8/internal/Fs1
Event: 20.905 loading class com/android/tools/r8/internal/Fs1 done
Event: 20.905 loading class com/android/tools/r8/internal/xk1
Event: 20.905 loading class com/android/tools/r8/internal/xk1 done
Event: 20.907 loading class com/android/tools/r8/internal/Wf1
Event: 20.907 loading class com/android/tools/r8/internal/Wf1 done
Event: 20.908 loading class com/android/tools/r8/dex/J
Event: 20.908 loading class com/android/tools/r8/dex/J done
Event: 21.031 Executing VM operation: CGC_Operation
Event: 21.055 Executing VM operation: CGC_Operation done
Event: 21.068 Executing VM operation: G1CollectForAllocation


Dynamic libraries:
0x00007ff6581b0000 - 0x00007ff6581ba000 	C:\Program Files\Android\Android Studio\jre\bin\java.exe
0x00007ffc98120000 - 0x00007ffc98329000 	C:\WINDOWS\SYSTEM32\ntdll.dll
0x00007ffc97830000 - 0x00007ffc978ed000 	C:\WINDOWS\System32\KERNEL32.DLL
0x00007ffc95a20000 - 0x00007ffc95d9c000 	C:\WINDOWS\System32\KERNELBASE.dll
0x00007ffc95720000 - 0x00007ffc95831000 	C:\WINDOWS\System32\ucrtbase.dll
0x00007ffc901c0000 - 0x00007ffc901d9000 	C:\Program Files\Android\Android Studio\jre\bin\jli.dll
0x00007ffc85640000 - 0x00007ffc85657000 	C:\Program Files\Android\Android Studio\jre\bin\VCRUNTIME140.dll
0x00007ffc97190000 - 0x00007ffc9733d000 	C:\WINDOWS\System32\USER32.dll
0x00007ffc7f5f0000 - 0x00007ffc7f895000 	C:\WINDOWS\WinSxS\amd64_microsoft.windows.common-controls_6595b64144ccf1df_6.0.22000.120_none_9d947278b86cc467\COMCTL32.dll
0x00007ffc956f0000 - 0x00007ffc95716000 	C:\WINDOWS\System32\win32u.dll
0x00007ffc97d40000 - 0x00007ffc97de3000 	C:\WINDOWS\System32\msvcrt.dll
0x00007ffc96c20000 - 0x00007ffc96c49000 	C:\WINDOWS\System32\GDI32.dll
0x00007ffc95900000 - 0x00007ffc95a19000 	C:\WINDOWS\System32\gdi32full.dll
0x00007ffc95650000 - 0x00007ffc956ed000 	C:\WINDOWS\System32\msvcp_win.dll
0x00007ffc97630000 - 0x00007ffc97661000 	C:\WINDOWS\System32\IMM32.DLL
0x00007ffc79a80000 - 0x00007ffc79b1d000 	C:\Program Files\Android\Android Studio\jre\bin\msvcp140.dll
0x00007ffc54210000 - 0x00007ffc54ce5000 	C:\Program Files\Android\Android Studio\jre\bin\server\jvm.dll
0x00007ffc979f0000 - 0x00007ffc97a9e000 	C:\WINDOWS\System32\ADVAPI32.dll
0x00007ffc97df0000 - 0x00007ffc97e8e000 	C:\WINDOWS\System32\sechost.dll
0x00007ffc97e90000 - 0x00007ffc97fb0000 	C:\WINDOWS\System32\RPCRT4.dll
0x00007ffc980a0000 - 0x00007ffc980a8000 	C:\WINDOWS\System32\PSAPI.DLL
0x00007ffc8deb0000 - 0x00007ffc8deba000 	C:\WINDOWS\SYSTEM32\VERSION.dll
0x00007ffc901e0000 - 0x00007ffc90213000 	C:\WINDOWS\SYSTEM32\WINMM.dll
0x00007ffc82e50000 - 0x00007ffc82e59000 	C:\WINDOWS\SYSTEM32\WSOCK32.dll
0x00007ffc978f0000 - 0x00007ffc9795f000 	C:\WINDOWS\System32\WS2_32.dll
0x00007ffc946c0000 - 0x00007ffc946d8000 	C:\WINDOWS\SYSTEM32\kernel.appcore.dll
0x00007ffc90bd0000 - 0x00007ffc90be1000 	C:\Program Files\Android\Android Studio\jre\bin\verify.dll
0x00007ffc92e80000 - 0x00007ffc930a1000 	C:\WINDOWS\SYSTEM32\DBGHELP.DLL
0x00007ffc7fde0000 - 0x00007ffc7fe11000 	C:\WINDOWS\SYSTEM32\dbgcore.DLL
0x00007ffc955d0000 - 0x00007ffc9564f000 	C:\WINDOWS\System32\bcryptPrimitives.dll
0x00007ffc905d0000 - 0x00007ffc905f9000 	C:\Program Files\Android\Android Studio\jre\bin\java.dll
0x00007ffc90c80000 - 0x00007ffc90c8b000 	C:\Program Files\Android\Android Studio\jre\bin\jimage.dll
0x00007ffc90ae0000 - 0x00007ffc90af8000 	C:\Program Files\Android\Android Studio\jre\bin\zip.dll
0x00007ffc95ff0000 - 0x00007ffc967a8000 	C:\WINDOWS\System32\SHELL32.dll
0x00007ffc93730000 - 0x00007ffc93f98000 	C:\WINDOWS\SYSTEM32\windows.storage.dll
0x00007ffc96d20000 - 0x00007ffc97099000 	C:\WINDOWS\System32\combase.dll
0x00007ffc935c0000 - 0x00007ffc93726000 	C:\WINDOWS\SYSTEM32\wintypes.dll
0x00007ffc97fb0000 - 0x00007ffc9809a000 	C:\WINDOWS\System32\SHCORE.dll
0x00007ffc95f90000 - 0x00007ffc95fed000 	C:\WINDOWS\System32\shlwapi.dll
0x00007ffc95500000 - 0x00007ffc95521000 	C:\WINDOWS\SYSTEM32\profapi.dll
0x00007ffc906a0000 - 0x00007ffc906ba000 	C:\Program Files\Android\Android Studio\jre\bin\net.dll
0x00007ffc8f260000 - 0x00007ffc8f36c000 	C:\WINDOWS\SYSTEM32\WINHTTP.dll
0x00007ffc94b60000 - 0x00007ffc94bc7000 	C:\WINDOWS\system32\mswsock.dll
0x00007ffc90470000 - 0x00007ffc90484000 	C:\Program Files\Android\Android Studio\jre\bin\nio.dll
0x00007ffc856f0000 - 0x00007ffc85717000 	C:\Users\ASUS\.gradle\native\e1d6ef7f7dcc3fd88c89a11ec53ec762bb8ba0a96d01ffa2cd45eb1d1d8dd5c5\windows-amd64\native-platform.dll
0x00007ffc6e830000 - 0x00007ffc6e974000 	C:\Users\ASUS\.gradle\native\5664cfc778a61ccfe75a443a1ab52a65af34e5dc3c78e0209fed803814484fcb\windows-amd64\native-platform-file-events.dll
0x00007ffc90b90000 - 0x00007ffc90b9a000 	C:\Program Files\Android\Android Studio\jre\bin\management.dll
0x00007ffc90460000 - 0x00007ffc9046d000 	C:\Program Files\Android\Android Studio\jre\bin\management_ext.dll
0x00007ffc94da0000 - 0x00007ffc94db8000 	C:\WINDOWS\SYSTEM32\CRYPTSP.dll
0x00007ffc94620000 - 0x00007ffc94655000 	C:\WINDOWS\system32\rsaenh.dll
0x00007ffc94c50000 - 0x00007ffc94c79000 	C:\WINDOWS\SYSTEM32\USERENV.dll
0x00007ffc94fb0000 - 0x00007ffc94fd7000 	C:\WINDOWS\SYSTEM32\bcrypt.dll
0x00007ffc94dc0000 - 0x00007ffc94dcc000 	C:\WINDOWS\SYSTEM32\CRYPTBASE.dll
0x00007ffc941f0000 - 0x00007ffc9421d000 	C:\WINDOWS\SYSTEM32\IPHLPAPI.DLL
0x00007ffc97180000 - 0x00007ffc97189000 	C:\WINDOWS\System32\NSI.dll
0x00007ffc8ef30000 - 0x00007ffc8ef49000 	C:\WINDOWS\SYSTEM32\dhcpcsvc6.DLL
0x00007ffc8f1f0000 - 0x00007ffc8f20e000 	C:\WINDOWS\SYSTEM32\dhcpcsvc.DLL
0x00007ffc94260000 - 0x00007ffc94348000 	C:\WINDOWS\SYSTEM32\DNSAPI.dll

dbghelp: loaded successfully - version: 4.0.5 - missing functions: none
symbol engine: initialized successfully - sym options: 0x614 - pdb path: .;C:\Program Files\Android\Android Studio\jre\bin;C:\WINDOWS\SYSTEM32;C:\WINDOWS\WinSxS\amd64_microsoft.windows.common-controls_6595b64144ccf1df_6.0.22000.120_none_9d947278b86cc467;C:\Program Files\Android\Android Studio\jre\bin\server;C:\Users\ASUS\.gradle\native\e1d6ef7f7dcc3fd88c89a11ec53ec762bb8ba0a96d01ffa2cd45eb1d1d8dd5c5\windows-amd64;C:\Users\ASUS\.gradle\native\5664cfc778a61ccfe75a443a1ab52a65af34e5dc3c78e0209fed803814484fcb\windows-amd64

VM Arguments:
jvm_args: --add-opens=java.base/java.util=ALL-UNNAMED --add-opens=java.base/java.lang=ALL-UNNAMED --add-opens=java.base/java.lang.invoke=ALL-UNNAMED --add-opens=java.base/java.util=ALL-UNNAMED --add-opens=java.prefs/java.util.prefs=ALL-UNNAMED --add-opens=java.prefs/java.util.prefs=ALL-UNNAMED --add-opens=java.base/java.nio.charset=ALL-UNNAMED --add-opens=java.base/java.net=ALL-UNNAMED --add-opens=java.base/java.util.concurrent.atomic=ALL-UNNAMED -Xmx2048m -Dfile.encoding=UTF-8 -Duser.country=US -Duser.language=en -Duser.variant 
java_command: org.gradle.launcher.daemon.bootstrap.GradleDaemon 7.2
java_class_path (initial): C:\Users\ASUS\.gradle\wrapper\dists\gradle-7.2-bin\2dnblmf4td7x66yl1d74lt32g\gradle-7.2\lib\gradle-launcher-7.2.jar
Launcher Type: SUN_STANDARD

[Global flags]
     intx CICompilerCount                          = 4                                         {product} {ergonomic}
     uint ConcGCThreads                            = 2                                         {product} {ergonomic}
     uint G1ConcRefinementThreads                  = 8                                         {product} {ergonomic}
   size_t G1HeapRegionSize                         = 1048576                                   {product} {ergonomic}
    uintx GCDrainStackTargetSize                   = 64                                        {product} {ergonomic}
   size_t InitialHeapSize                          = 134217728                                 {product} {ergonomic}
   size_t MarkStackSize                            = 4194304                                   {product} {ergonomic}
   size_t MaxHeapSize                              = 2147483648                                {product} {command line}
   size_t MaxNewSize                               = 1287651328                                {product} {ergonomic}
   size_t MinHeapDeltaBytes                        = 1048576                                   {product} {ergonomic}
    uintx NonNMethodCodeHeapSize                   = 5836300                                {pd product} {ergonomic}
    uintx NonProfiledCodeHeapSize                  = 122910970                              {pd product} {ergonomic}
    uintx ProfiledCodeHeapSize                     = 122910970                              {pd product} {ergonomic}
    uintx ReservedCodeCacheSize                    = 251658240                              {pd product} {ergonomic}
     bool SegmentedCodeCache                       = true                                      {product} {ergonomic}
     bool UseCompressedClassPointers               = true                                 {lp64_product} {ergonomic}
     bool UseCompressedOops                        = true                                 {lp64_product} {ergonomic}
     bool UseG1GC                                  = true                                      {product} {ergonomic}
     bool UseLargePagesIndividualAllocation        = false                                  {pd product} {ergonomic}

Logging:
Log output configuration:
 #0: stdout all=warning uptime,level,tags
 #1: stderr all=off uptime,level,tags

Environment Variables:
PATH=C:\Program Files\Common Files\Oracle\Java\javapath;C:\ProgramData\Oracle\Java\javapath;C:\Program Files (x86)\Intel\iCLS Client\;C:\Program Files\Intel\iCLS Client\;C:\Windows\system32;C:\Windows;C:\Windows\System32\Wbem;C:\Windows\System32\WindowsPowerShell\v1.0\;C:\Windows\System32\OpenSSH\;C:\Program Files (x86)\Intel\Intel(R) Management Engine Components\DAL;C:\Program Files\Intel\Intel(R) Management Engine Components\DAL;C:\Program Files (x86)\Intel\Intel(R) Management Engine Components\IPT;C:\Program Files\Intel\Intel(R) Management Engine Components\IPT;C:\Program Files (x86)\NVIDIA Corporation\PhysX\Common;C:\Program Files\Intel\WiFi\bin\;C:\Program Files\Common Files\Intel\WirelessCommon\;C:\Program Files\Java\jdk-12.0.1\bin;C:\Program Files\dotnet\;C:\WINDOWS\system32;C:\WINDOWS;C:\WINDOWS\System32\Wbem;C:\WINDOWS\System32\WindowsPowerShell\v1.0\;C:\WINDOWS\System32\OpenSSH\;C:\Program Files (x86)\GtkSharp\2.12\bin;C:\Program Files\nodejs\;C:\Program Files\Dart\dart-sdk\bin;C:\Program Files\Java\jdk-17\bin;C:\MinGW\bin;C:\Program Files\Git\cmd;C:\xampp\php;C:\ProgramData\ComposerSetup\bin;C:\Program Files (x86)\dotnet\;C:\Program Files\PowerShell\7\;C:\Program Files\Common Files\Oracle\Java\javapath;C:\ProgramData\Oracle\Java\javapath;C:\Program Files (x86)\Intel\iCLS Client\;C:\Program Files\Intel\iCLS Client\;C:\Windows\system32;C:\Windows;C:\Windows\System32\Wbem;C:\Windows\System32\WindowsPowerShell\v1.0\;C:\Windows\System32\OpenSSH\;C:\Program Files (x86)\Intel\Intel(R) Management Engine Components\DAL;C:\Program Files\Intel\Intel(R) Management Engine Components\DAL;C:\Program Files (x86)\Intel\Intel(R) Management Engine Components\IPT;C:\Program Files\Intel\Intel(R) Management Engine Components\IPT;C:\Program Files (x86)\NVIDIA Corporation\PhysX\Common;C:\Program Files\Intel\WiFi\bin\;C:\Program Files\Common Files\Intel\WirelessCommon\;C:\Program Files\Java\jdk-12.0.1\bin;C:\Program Files\dotnet\;C:\WINDOWS\system32;C:\WINDOWS;C:\WINDOWS\System32\Wb
USERNAME=ASUS
OS=Windows_NT
PROCESSOR_IDENTIFIER=Intel64 Family 6 Model 142 Stepping 10, GenuineIntel



---------------  S Y S T E M  ---------------

OS: Windows 10 , 64 bit Build 22000 (10.0.22000.708)
OS uptime: 0 days 7:34 hours

CPU:total 8 (initial active 8) (4 cores per cpu, 2 threads per core) family 6 model 142 stepping 10 microcode 0xe0, cmov, cx8, fxsr, mmx, sse, sse2, sse3, ssse3, sse4.1, sse4.2, popcnt, avx, avx2, aes, clmul, erms, 3dnowpref, lzcnt, ht, tsc, tscinvbit, bmi1, bmi2, adx, fma

Memory: 4k page, system-wide physical 8074M (312M free)
TotalPageFile size 12170M (AvailPageFile size 13M)
current process WorkingSet (physical memory assigned to process): 613M, peak: 613M
current process commit charge ("private bytes"): 696M, peak: 779M

vm_info: OpenJDK 64-Bit Server VM (11.0.11+9-b60-7590822) for windows-amd64 JRE (11.0.11+9-b60-7590822), built on Jul 29 2021 21:43:44 by "builder" with MS VC++ 14.0 (VS2015)

END.
