#
# There is insufficient memory for the Java Runtime Environment to continue.
# Native memory allocation (malloc) failed to allocate 1306416 bytes for Chunk::new
# Possible reasons:
#   The system is out of physical RAM or swap space
#   The process is running with CompressedOops enabled, and the Java Heap may be blocking the growth of the native heap
# Possible solutions:
#   Reduce memory load on the system
#   Increase physical memory or swap space
#   Check if swap backing store is full
#   Decrease Java heap size (-Xmx/-Xms)
#   Decrease number of Java threads
#   Decrease Java thread stack sizes (-Xss)
#   Set larger code cache with -XX:ReservedCodeCacheSize=
#   JVM is running with Unscaled Compressed Oops mode in which the Java heap is
#     placed in the first 4GB address space. The Java Heap base address is the
#     maximum limit for the native heap growth. Please use -XX:HeapBaseMinAddress
#     to set the Java Heap base and to place the Java Heap above 4GB virtual address.
# This output file may be truncated or incomplete.
#
#  Out of Memory Error (./src/hotspot/share/memory/arena.cpp:197), pid=10896, tid=6744
#
# JRE version: OpenJDK Runtime Environment (11.0.11+9) (build 11.0.11+9-b60-7590822)
# Java VM: OpenJDK 64-Bit Server VM (11.0.11+9-b60-7590822, mixed mode, tiered, compressed oops, g1 gc, windows-amd64)
# No core dump will be written. Minidumps are not enabled by default on client versions of Windows
#

---------------  S U M M A R Y ------------

Command Line: --add-opens=java.base/java.util=ALL-UNNAMED --add-opens=java.base/java.lang=ALL-UNNAMED --add-opens=java.base/java.lang.invoke=ALL-UNNAMED --add-opens=java.base/java.util=ALL-UNNAMED --add-opens=java.prefs/java.util.prefs=ALL-UNNAMED --add-opens=java.prefs/java.util.prefs=ALL-UNNAMED --add-opens=java.base/java.nio.charset=ALL-UNNAMED --add-opens=java.base/java.net=ALL-UNNAMED --add-opens=java.base/java.util.concurrent.atomic=ALL-UNNAMED -Xmx2048m -Dfile.encoding=UTF-8 -Duser.country=US -Duser.language=en -Duser.variant org.gradle.launcher.daemon.bootstrap.GradleDaemon 7.2

Host: Intel(R) Core(TM) i5-8250U CPU @ 1.60GHz, 8 cores, 7G,  Windows 10 , 64 bit Build 22000 (10.0.22000.708)
Time: Tue Sep 27 18:08:50 2022 Bangladesh Standard Time elapsed time: 2.407378 seconds (0d 0h 0m 2s)

---------------  T H R E A D  ---------------

Current thread (0x0000024ae8121000):  JavaThread "C2 CompilerThread1" daemon [_thread_in_native, id=6744, stack(0x00000085b8100000,0x00000085b8200000)]


Current CompileTask:
C2:   2407 1894   !   4       java.lang.ClassLoader::loadClass (122 bytes)

Stack: [0x00000085b8100000,0x00000085b8200000]
Native frames: (J=compiled Java code, j=interpreted, Vv=VM code, C=native code)
V  [jvm.dll+0x5f214a]
V  [jvm.dll+0x726fb5]
V  [jvm.dll+0x7285cd]
V  [jvm.dll+0x728c83]
V  [jvm.dll+0x243278]
V  [jvm.dll+0xbc53c]
V  [jvm.dll+0xbca3c]
V  [jvm.dll+0x353e3b]
V  [jvm.dll+0x321893]
V  [jvm.dll+0x320d8a]
V  [jvm.dll+0x1fc1e2]
V  [jvm.dll+0x1fb3d4]
V  [jvm.dll+0x183d6c]
V  [jvm.dll+0x209a57]
V  [jvm.dll+0x2082a1]
V  [jvm.dll+0x6ef58f]
V  [jvm.dll+0x6e80b5]
V  [jvm.dll+0x5f1036]
C  [ucrtbase.dll+0x26c0c]
C  [KERNEL32.DLL+0x154e0]
C  [ntdll.dll+0x485b]


---------------  P R O C E S S  ---------------

Threads class SMR info:
_java_thread_list=0x0000024ae8246b10, length=24, elements={
0x0000024acb2a1800, 0x0000024ae572a800, 0x0000024ae5733800, 0x0000024ae60a4800,
0x0000024ae60a6000, 0x0000024ae60a7000, 0x0000024ae60aa000, 0x0000024ae60ab000,
0x0000024ae60b2800, 0x0000024ae61fe800, 0x0000024ae7c0c800, 0x0000024ae62d3800,
0x0000024ae8577000, 0x0000024ae8124000, 0x0000024ae84b5000, 0x0000024ae6f36800,
0x0000024ae87f1800, 0x0000024ae804a000, 0x0000024ae8046800, 0x0000024ae804b000,
0x0000024ae8121000, 0x0000024ae8047800, 0x0000024ae804b800, 0x0000024ae8048800
}

Java Threads: ( => current thread )
  0x0000024acb2a1800 JavaThread "main" [_thread_blocked, id=15144, stack(0x00000085b6400000,0x00000085b6500000)]
  0x0000024ae572a800 JavaThread "Reference Handler" daemon [_thread_blocked, id=7616, stack(0x00000085b6b00000,0x00000085b6c00000)]
  0x0000024ae5733800 JavaThread "Finalizer" daemon [_thread_blocked, id=16572, stack(0x00000085b6c00000,0x00000085b6d00000)]
  0x0000024ae60a4800 JavaThread "Signal Dispatcher" daemon [_thread_blocked, id=11904, stack(0x00000085b6d00000,0x00000085b6e00000)]
  0x0000024ae60a6000 JavaThread "Attach Listener" daemon [_thread_blocked, id=608, stack(0x00000085b6e00000,0x00000085b6f00000)]
  0x0000024ae60a7000 JavaThread "Service Thread" daemon [_thread_blocked, id=14864, stack(0x00000085b6f00000,0x00000085b7000000)]
  0x0000024ae60aa000 JavaThread "C2 CompilerThread0" daemon [_thread_blocked, id=18368, stack(0x00000085b7000000,0x00000085b7100000)]
  0x0000024ae60ab000 JavaThread "C1 CompilerThread0" daemon [_thread_blocked, id=14484, stack(0x00000085b7100000,0x00000085b7200000)]
  0x0000024ae60b2800 JavaThread "Sweeper thread" daemon [_thread_blocked, id=10476, stack(0x00000085b7200000,0x00000085b7300000)]
  0x0000024ae61fe800 JavaThread "Common-Cleaner" daemon [_thread_blocked, id=3816, stack(0x00000085b7300000,0x00000085b7400000)]
  0x0000024ae7c0c800 JavaThread "Daemon health stats" [_thread_blocked, id=9192, stack(0x00000085b7800000,0x00000085b7900000)]
  0x0000024ae62d3800 JavaThread "Incoming local TCP Connector on port 59607" [_thread_in_native, id=9336, stack(0x00000085b7500000,0x00000085b7600000)]
  0x0000024ae8577000 JavaThread "Daemon periodic checks" [_thread_blocked, id=9400, stack(0x00000085b7900000,0x00000085b7a00000)]
  0x0000024ae8124000 JavaThread "Daemon" [_thread_blocked, id=12528, stack(0x00000085b7a00000,0x00000085b7b00000)]
  0x0000024ae84b5000 JavaThread "Handler for socket connection from /127.0.0.1:59607 to /127.0.0.1:59608" [_thread_in_native, id=7404, stack(0x00000085b7b00000,0x00000085b7c00000)]
  0x0000024ae6f36800 JavaThread "Cancel handler" [_thread_blocked, id=6664, stack(0x00000085b7c00000,0x00000085b7d00000)]
  0x0000024ae87f1800 JavaThread "Daemon worker" [_thread_in_vm, id=12088, stack(0x00000085b7d00000,0x00000085b7e00000)]
  0x0000024ae804a000 JavaThread "Asynchronous log dispatcher for DefaultDaemonConnection: socket connection from /127.0.0.1:59607 to /127.0.0.1:59608" [_thread_blocked, id=10264, stack(0x00000085b7e00000,0x00000085b7f00000)]
  0x0000024ae8046800 JavaThread "Stdin handler" [_thread_blocked, id=14396, stack(0x00000085b7f00000,0x00000085b8000000)]
  0x0000024ae804b000 JavaThread "Daemon client event forwarder" [_thread_blocked, id=6116, stack(0x00000085b8000000,0x00000085b8100000)]
=>0x0000024ae8121000 JavaThread "C2 CompilerThread1" daemon [_thread_in_native, id=6744, stack(0x00000085b8100000,0x00000085b8200000)]
  0x0000024ae8047800 JavaThread "Cache worker for journal cache (C:\Users\ASUS\.gradle\caches\journal-1)" [_thread_blocked, id=8216, stack(0x00000085b8700000,0x00000085b8800000)]
  0x0000024ae804b800 JavaThread "File lock request listener" [_thread_in_native, id=17752, stack(0x00000085b8800000,0x00000085b8900000)]
  0x0000024ae8048800 JavaThread "Cache worker for file hash cache (C:\Users\ASUS\.gradle\caches\7.2\fileHashes)" [_thread_blocked, id=18192, stack(0x00000085b8900000,0x00000085b8a00000)]

Other Threads:
  0x0000024ae5728800 VMThread "VM Thread" [stack: 0x00000085b6a00000,0x00000085b6b00000] [id=14244]
  0x0000024ae621f000 WatcherThread [stack: 0x00000085b7400000,0x00000085b7500000] [id=9484]
  0x0000024acb2bb000 GCTaskThread "GC Thread#0" [stack: 0x00000085b6500000,0x00000085b6600000] [id=15132]
  0x0000024ae68a4800 GCTaskThread "GC Thread#1" [stack: 0x00000085b7600000,0x00000085b7700000] [id=15176]
  0x0000024ae6ed4800 GCTaskThread "GC Thread#2" [stack: 0x00000085b7700000,0x00000085b7800000] [id=4220]
  0x0000024ae8547000 GCTaskThread "GC Thread#3" [stack: 0x00000085b8200000,0x00000085b8300000] [id=17616]
  0x0000024ae8722000 GCTaskThread "GC Thread#4" [stack: 0x00000085b8300000,0x00000085b8400000] [id=15956]
  0x0000024ae871d000 GCTaskThread "GC Thread#5" [stack: 0x00000085b8400000,0x00000085b8500000] [id=17648]
  0x0000024ae8801000 GCTaskThread "GC Thread#6" [stack: 0x00000085b8500000,0x00000085b8600000] [id=17792]
  0x0000024ae729e800 GCTaskThread "GC Thread#7" [stack: 0x00000085b8600000,0x00000085b8700000] [id=8072]
  0x0000024acb2ec000 ConcurrentGCThread "G1 Main Marker" [stack: 0x00000085b6600000,0x00000085b6700000] [id=8836]
  0x0000024acb2ef000 ConcurrentGCThread "G1 Conc#0" [stack: 0x00000085b6700000,0x00000085b6800000] [id=8792]
  0x0000024ae87ea000 ConcurrentGCThread "G1 Conc#1" [stack: 0x00000085b8a00000,0x00000085b8b00000] [id=2912]
  0x0000024acb37e800 ConcurrentGCThread "G1 Refine#0" [stack: 0x00000085b6800000,0x00000085b6900000] [id=9656]
  0x0000024ae5575800 ConcurrentGCThread "G1 Young RemSet Sampling" [stack: 0x00000085b6900000,0x00000085b6a00000] [id=14420]

Threads with active compile tasks:
C2 CompilerThread1   2429 1894   !   4       java.lang.ClassLoader::loadClass (122 bytes)

VM state:not at safepoint (normal execution)

VM Mutex/Monitor currently owned by a thread: None

Heap address: 0x0000000080000000, size: 2048 MB, Compressed Oops mode: 32-bit
Narrow klass base: 0x0000000000000000, Narrow klass shift: 3
Compressed class space size: 1073741824 Address: 0x0000000100000000

Heap:
 garbage-first heap   total 131072K, used 25214K [0x0000000080000000, 0x0000000100000000)
  region size 1024K, 11 young (11264K), 2 survivors (2048K)
 Metaspace       used 21815K, capacity 22320K, committed 22400K, reserved 1069056K
  class space    used 2742K, capacity 2943K, committed 2944K, reserved 1048576K
Heap Regions: E=young(eden), S=young(survivor), O=old, HS=humongous(starts), HC=humongous(continues), CS=collection set, F=free, A=archive, TAMS=top-at-mark-start (previous, next)
|   0|0x0000000080000000, 0x0000000080100000, 0x0000000080100000|100%| O|  |TAMS 0x0000000080100000, 0x0000000080000000| Untracked 
|   1|0x0000000080100000, 0x0000000080200000, 0x0000000080200000|100%| O|  |TAMS 0x0000000080200000, 0x0000000080100000| Untracked 
|   2|0x0000000080200000, 0x0000000080300000, 0x0000000080300000|100%| O|  |TAMS 0x0000000080300000, 0x0000000080200000| Untracked 
|   3|0x0000000080300000, 0x0000000080400000, 0x0000000080400000|100%|HS|  |TAMS 0x0000000080400000, 0x0000000080300000| Complete 
|   4|0x0000000080400000, 0x0000000080500000, 0x0000000080500000|100%|HC|  |TAMS 0x0000000080500000, 0x0000000080400000| Complete 
|   5|0x0000000080500000, 0x0000000080600000, 0x0000000080600000|100%|HC|  |TAMS 0x0000000080600000, 0x0000000080500000| Complete 
|   6|0x0000000080600000, 0x0000000080700000, 0x0000000080700000|100%| O|  |TAMS 0x0000000080700000, 0x0000000080600000| Untracked 
|   7|0x0000000080700000, 0x0000000080800000, 0x0000000080800000|100%| O|  |TAMS 0x0000000080800000, 0x0000000080700000| Untracked 
|   8|0x0000000080800000, 0x0000000080900000, 0x0000000080900000|100%| O|  |TAMS 0x0000000080900000, 0x0000000080800000| Untracked 
|   9|0x0000000080900000, 0x0000000080a00000, 0x0000000080a00000|100%| O|  |TAMS 0x0000000080a00000, 0x0000000080900000| Untracked 
|  10|0x0000000080a00000, 0x0000000080b00000, 0x0000000080b00000|100%| O|  |TAMS 0x0000000080b00000, 0x0000000080a00000| Untracked 
|  11|0x0000000080b00000, 0x0000000080c00000, 0x0000000080c00000|100%| O|  |TAMS 0x0000000080c00000, 0x0000000080b00000| Untracked 
|  12|0x0000000080c00000, 0x0000000080d00000, 0x0000000080d00000|100%| O|  |TAMS 0x0000000080d00000, 0x0000000080c00000| Untracked 
|  13|0x0000000080d00000, 0x0000000080e00000, 0x0000000080e00000|100%| O|  |TAMS 0x0000000080e00000, 0x0000000080d00000| Untracked 
|  14|0x0000000080e00000, 0x0000000080f00000, 0x0000000080f00000|100%| O|  |TAMS 0x0000000080f00000, 0x0000000080e00000| Untracked 
|  15|0x0000000080f00000, 0x0000000080f8ae00, 0x0000000081000000| 54%| O|  |TAMS 0x0000000080f8ae00, 0x0000000080f00000| Untracked 
|  16|0x0000000081000000, 0x0000000081000000, 0x0000000081100000|  0%| F|  |TAMS 0x0000000081000000, 0x0000000081000000| Untracked 
|  17|0x0000000081100000, 0x0000000081100000, 0x0000000081200000|  0%| F|  |TAMS 0x0000000081100000, 0x0000000081100000| Untracked 
|  18|0x0000000081200000, 0x0000000081200000, 0x0000000081300000|  0%| F|  |TAMS 0x0000000081200000, 0x0000000081200000| Untracked 
|  19|0x0000000081300000, 0x0000000081300000, 0x0000000081400000|  0%| F|  |TAMS 0x0000000081300000, 0x0000000081300000| Untracked 
|  20|0x0000000081400000, 0x0000000081400000, 0x0000000081500000|  0%| F|  |TAMS 0x0000000081400000, 0x0000000081400000| Untracked 
|  21|0x0000000081500000, 0x0000000081500000, 0x0000000081600000|  0%| F|  |TAMS 0x0000000081500000, 0x0000000081500000| Untracked 
|  22|0x0000000081600000, 0x0000000081600000, 0x0000000081700000|  0%| F|  |TAMS 0x0000000081600000, 0x0000000081600000| Untracked 
|  23|0x0000000081700000, 0x0000000081700000, 0x0000000081800000|  0%| F|  |TAMS 0x0000000081700000, 0x0000000081700000| Untracked 
|  24|0x0000000081800000, 0x0000000081800000, 0x0000000081900000|  0%| F|  |TAMS 0x0000000081800000, 0x0000000081800000| Untracked 
|  25|0x0000000081900000, 0x0000000081900000, 0x0000000081a00000|  0%| F|  |TAMS 0x0000000081900000, 0x0000000081900000| Untracked 
|  26|0x0000000081a00000, 0x0000000081a00000, 0x0000000081b00000|  0%| F|  |TAMS 0x0000000081a00000, 0x0000000081a00000| Untracked 
|  27|0x0000000081b00000, 0x0000000081b00000, 0x0000000081c00000|  0%| F|  |TAMS 0x0000000081b00000, 0x0000000081b00000| Untracked 
|  28|0x0000000081c00000, 0x0000000081c00000, 0x0000000081d00000|  0%| F|  |TAMS 0x0000000081c00000, 0x0000000081c00000| Untracked 
|  29|0x0000000081d00000, 0x0000000081d00000, 0x0000000081e00000|  0%| F|  |TAMS 0x0000000081d00000, 0x0000000081d00000| Untracked 
|  30|0x0000000081e00000, 0x0000000081e00000, 0x0000000081f00000|  0%| F|  |TAMS 0x0000000081e00000, 0x0000000081e00000| Untracked 
|  31|0x0000000081f00000, 0x0000000081f00000, 0x0000000082000000|  0%| F|  |TAMS 0x0000000081f00000, 0x0000000081f00000| Untracked 
|  32|0x0000000082000000, 0x0000000082000000, 0x0000000082100000|  0%| F|  |TAMS 0x0000000082000000, 0x0000000082000000| Untracked 
|  33|0x0000000082100000, 0x0000000082100000, 0x0000000082200000|  0%| F|  |TAMS 0x0000000082100000, 0x0000000082100000| Untracked 
|  34|0x0000000082200000, 0x0000000082200000, 0x0000000082300000|  0%| F|  |TAMS 0x0000000082200000, 0x0000000082200000| Untracked 
|  35|0x0000000082300000, 0x0000000082300000, 0x0000000082400000|  0%| F|  |TAMS 0x0000000082300000, 0x0000000082300000| Untracked 
|  36|0x0000000082400000, 0x0000000082400000, 0x0000000082500000|  0%| F|  |TAMS 0x0000000082400000, 0x0000000082400000| Untracked 
|  37|0x0000000082500000, 0x0000000082500000, 0x0000000082600000|  0%| F|  |TAMS 0x0000000082500000, 0x0000000082500000| Untracked 
|  38|0x0000000082600000, 0x0000000082600000, 0x0000000082700000|  0%| F|  |TAMS 0x0000000082600000, 0x0000000082600000| Untracked 
|  39|0x0000000082700000, 0x0000000082700000, 0x0000000082800000|  0%| F|  |TAMS 0x0000000082700000, 0x0000000082700000| Untracked 
|  40|0x0000000082800000, 0x0000000082800000, 0x0000000082900000|  0%| F|  |TAMS 0x0000000082800000, 0x0000000082800000| Untracked 
|  41|0x0000000082900000, 0x0000000082900000, 0x0000000082a00000|  0%| F|  |TAMS 0x0000000082900000, 0x0000000082900000| Untracked 
|  42|0x0000000082a00000, 0x0000000082a00000, 0x0000000082b00000|  0%| F|  |TAMS 0x0000000082a00000, 0x0000000082a00000| Untracked 
|  43|0x0000000082b00000, 0x0000000082b00000, 0x0000000082c00000|  0%| F|  |TAMS 0x0000000082b00000, 0x0000000082b00000| Untracked 
|  44|0x0000000082c00000, 0x0000000082c00000, 0x0000000082d00000|  0%| F|  |TAMS 0x0000000082c00000, 0x0000000082c00000| Untracked 
|  45|0x0000000082d00000, 0x0000000082d00000, 0x0000000082e00000|  0%| F|  |TAMS 0x0000000082d00000, 0x0000000082d00000| Untracked 
|  46|0x0000000082e00000, 0x0000000082e00000, 0x0000000082f00000|  0%| F|  |TAMS 0x0000000082e00000, 0x0000000082e00000| Untracked 
|  47|0x0000000082f00000, 0x0000000082f00000, 0x0000000083000000|  0%| F|  |TAMS 0x0000000082f00000, 0x0000000082f00000| Untracked 
|  48|0x0000000083000000, 0x0000000083000000, 0x0000000083100000|  0%| F|  |TAMS 0x0000000083000000, 0x0000000083000000| Untracked 
|  49|0x0000000083100000, 0x0000000083100000, 0x0000000083200000|  0%| F|  |TAMS 0x0000000083100000, 0x0000000083100000| Untracked 
|  50|0x0000000083200000, 0x0000000083200000, 0x0000000083300000|  0%| F|  |TAMS 0x0000000083200000, 0x0000000083200000| Untracked 
|  51|0x0000000083300000, 0x0000000083300000, 0x0000000083400000|  0%| F|  |TAMS 0x0000000083300000, 0x0000000083300000| Untracked 
|  52|0x0000000083400000, 0x0000000083400000, 0x0000000083500000|  0%| F|  |TAMS 0x0000000083400000, 0x0000000083400000| Untracked 
|  53|0x0000000083500000, 0x0000000083500000, 0x0000000083600000|  0%| F|  |TAMS 0x0000000083500000, 0x0000000083500000| Untracked 
|  54|0x0000000083600000, 0x0000000083600000, 0x0000000083700000|  0%| F|  |TAMS 0x0000000083600000, 0x0000000083600000| Untracked 
|  55|0x0000000083700000, 0x0000000083700000, 0x0000000083800000|  0%| F|  |TAMS 0x0000000083700000, 0x0000000083700000| Untracked 
|  56|0x0000000083800000, 0x0000000083800000, 0x0000000083900000|  0%| F|  |TAMS 0x0000000083800000, 0x0000000083800000| Untracked 
|  57|0x0000000083900000, 0x0000000083900000, 0x0000000083a00000|  0%| F|  |TAMS 0x0000000083900000, 0x0000000083900000| Untracked 
|  58|0x0000000083a00000, 0x0000000083a00000, 0x0000000083b00000|  0%| F|  |TAMS 0x0000000083a00000, 0x0000000083a00000| Untracked 
|  59|0x0000000083b00000, 0x0000000083b00000, 0x0000000083c00000|  0%| F|  |TAMS 0x0000000083b00000, 0x0000000083b00000| Untracked 
|  60|0x0000000083c00000, 0x0000000083c00000, 0x0000000083d00000|  0%| F|  |TAMS 0x0000000083c00000, 0x0000000083c00000| Untracked 
|  61|0x0000000083d00000, 0x0000000083d00000, 0x0000000083e00000|  0%| F|  |TAMS 0x0000000083d00000, 0x0000000083d00000| Untracked 
|  62|0x0000000083e00000, 0x0000000083e00000, 0x0000000083f00000|  0%| F|  |TAMS 0x0000000083e00000, 0x0000000083e00000| Untracked 
|  63|0x0000000083f00000, 0x0000000083f00000, 0x0000000084000000|  0%| F|  |TAMS 0x0000000083f00000, 0x0000000083f00000| Untracked 
|  64|0x0000000084000000, 0x0000000084000000, 0x0000000084100000|  0%| F|  |TAMS 0x0000000084000000, 0x0000000084000000| Untracked 
|  65|0x0000000084100000, 0x0000000084100000, 0x0000000084200000|  0%| F|  |TAMS 0x0000000084100000, 0x0000000084100000| Untracked 
|  66|0x0000000084200000, 0x0000000084200000, 0x0000000084300000|  0%| F|  |TAMS 0x0000000084200000, 0x0000000084200000| Untracked 
|  67|0x0000000084300000, 0x0000000084300000, 0x0000000084400000|  0%| F|  |TAMS 0x0000000084300000, 0x0000000084300000| Untracked 
|  68|0x0000000084400000, 0x0000000084400000, 0x0000000084500000|  0%| F|  |TAMS 0x0000000084400000, 0x0000000084400000| Untracked 
|  69|0x0000000084500000, 0x0000000084500000, 0x0000000084600000|  0%| F|  |TAMS 0x0000000084500000, 0x0000000084500000| Untracked 
|  70|0x0000000084600000, 0x0000000084600000, 0x0000000084700000|  0%| F|  |TAMS 0x0000000084600000, 0x0000000084600000| Untracked 
|  71|0x0000000084700000, 0x0000000084700000, 0x0000000084800000|  0%| F|  |TAMS 0x0000000084700000, 0x0000000084700000| Untracked 
|  72|0x0000000084800000, 0x0000000084800000, 0x0000000084900000|  0%| F|  |TAMS 0x0000000084800000, 0x0000000084800000| Untracked 
|  73|0x0000000084900000, 0x0000000084900000, 0x0000000084a00000|  0%| F|  |TAMS 0x0000000084900000, 0x0000000084900000| Untracked 
|  74|0x0000000084a00000, 0x0000000084a00000, 0x0000000084b00000|  0%| F|  |TAMS 0x0000000084a00000, 0x0000000084a00000| Untracked 
|  75|0x0000000084b00000, 0x0000000084b00000, 0x0000000084c00000|  0%| F|  |TAMS 0x0000000084b00000, 0x0000000084b00000| Untracked 
|  76|0x0000000084c00000, 0x0000000084c00000, 0x0000000084d00000|  0%| F|  |TAMS 0x0000000084c00000, 0x0000000084c00000| Untracked 
|  77|0x0000000084d00000, 0x0000000084d00000, 0x0000000084e00000|  0%| F|  |TAMS 0x0000000084d00000, 0x0000000084d00000| Untracked 
|  78|0x0000000084e00000, 0x0000000084e00000, 0x0000000084f00000|  0%| F|  |TAMS 0x0000000084e00000, 0x0000000084e00000| Untracked 
|  79|0x0000000084f00000, 0x0000000084f00000, 0x0000000085000000|  0%| F|  |TAMS 0x0000000084f00000, 0x0000000084f00000| Untracked 
|  80|0x0000000085000000, 0x0000000085000000, 0x0000000085100000|  0%| F|  |TAMS 0x0000000085000000, 0x0000000085000000| Untracked 
|  81|0x0000000085100000, 0x0000000085100000, 0x0000000085200000|  0%| F|  |TAMS 0x0000000085100000, 0x0000000085100000| Untracked 
|  82|0x0000000085200000, 0x0000000085200000, 0x0000000085300000|  0%| F|  |TAMS 0x0000000085200000, 0x0000000085200000| Untracked 
|  83|0x0000000085300000, 0x0000000085300000, 0x0000000085400000|  0%| F|  |TAMS 0x0000000085300000, 0x0000000085300000| Untracked 
|  84|0x0000000085400000, 0x0000000085400000, 0x0000000085500000|  0%| F|  |TAMS 0x0000000085400000, 0x0000000085400000| Untracked 
|  85|0x0000000085500000, 0x0000000085500000, 0x0000000085600000|  0%| F|  |TAMS 0x0000000085500000, 0x0000000085500000| Untracked 
|  86|0x0000000085600000, 0x0000000085600000, 0x0000000085700000|  0%| F|  |TAMS 0x0000000085600000, 0x0000000085600000| Untracked 
|  87|0x0000000085700000, 0x0000000085700000, 0x0000000085800000|  0%| F|  |TAMS 0x0000000085700000, 0x0000000085700000| Untracked 
|  88|0x0000000085800000, 0x0000000085800000, 0x0000000085900000|  0%| F|  |TAMS 0x0000000085800000, 0x0000000085800000| Untracked 
|  89|0x0000000085900000, 0x0000000085900000, 0x0000000085a00000|  0%| F|  |TAMS 0x0000000085900000, 0x0000000085900000| Untracked 
|  90|0x0000000085a00000, 0x0000000085a00000, 0x0000000085b00000|  0%| F|  |TAMS 0x0000000085a00000, 0x0000000085a00000| Untracked 
|  91|0x0000000085b00000, 0x0000000085b00000, 0x0000000085c00000|  0%| F|  |TAMS 0x0000000085b00000, 0x0000000085b00000| Untracked 
|  92|0x0000000085c00000, 0x0000000085c00000, 0x0000000085d00000|  0%| F|  |TAMS 0x0000000085c00000, 0x0000000085c00000| Untracked 
|  93|0x0000000085d00000, 0x0000000085d00000, 0x0000000085e00000|  0%| F|  |TAMS 0x0000000085d00000, 0x0000000085d00000| Untracked 
|  94|0x0000000085e00000, 0x0000000085e00000, 0x0000000085f00000|  0%| F|  |TAMS 0x0000000085e00000, 0x0000000085e00000| Untracked 
|  95|0x0000000085f00000, 0x0000000085f00000, 0x0000000086000000|  0%| F|  |TAMS 0x0000000085f00000, 0x0000000085f00000| Untracked 
|  96|0x0000000086000000, 0x0000000086000000, 0x0000000086100000|  0%| F|  |TAMS 0x0000000086000000, 0x0000000086000000| Untracked 
|  97|0x0000000086100000, 0x0000000086100000, 0x0000000086200000|  0%| F|  |TAMS 0x0000000086100000, 0x0000000086100000| Untracked 
|  98|0x0000000086200000, 0x0000000086200000, 0x0000000086300000|  0%| F|  |TAMS 0x0000000086200000, 0x0000000086200000| Untracked 
|  99|0x0000000086300000, 0x0000000086300000, 0x0000000086400000|  0%| F|  |TAMS 0x0000000086300000, 0x0000000086300000| Untracked 
| 100|0x0000000086400000, 0x0000000086414c48, 0x0000000086500000|  8%| S|CS|TAMS 0x0000000086400000, 0x0000000086400000| Complete 
| 101|0x0000000086500000, 0x0000000086600000, 0x0000000086600000|100%| S|CS|TAMS 0x0000000086500000, 0x0000000086500000| Complete 
| 102|0x0000000086600000, 0x0000000086600000, 0x0000000086700000|  0%| F|  |TAMS 0x0000000086600000, 0x0000000086600000| Untracked 
| 103|0x0000000086700000, 0x0000000086700000, 0x0000000086800000|  0%| F|  |TAMS 0x0000000086700000, 0x0000000086700000| Untracked 
| 104|0x0000000086800000, 0x0000000086800000, 0x0000000086900000|  0%| F|  |TAMS 0x0000000086800000, 0x0000000086800000| Untracked 
| 105|0x0000000086900000, 0x0000000086900000, 0x0000000086a00000|  0%| F|  |TAMS 0x0000000086900000, 0x0000000086900000| Untracked 
| 106|0x0000000086a00000, 0x0000000086a00000, 0x0000000086b00000|  0%| F|  |TAMS 0x0000000086a00000, 0x0000000086a00000| Untracked 
| 107|0x0000000086b00000, 0x0000000086b00000, 0x0000000086c00000|  0%| F|  |TAMS 0x0000000086b00000, 0x0000000086b00000| Untracked 
| 108|0x0000000086c00000, 0x0000000086c00000, 0x0000000086d00000|  0%| F|  |TAMS 0x0000000086c00000, 0x0000000086c00000| Untracked 
| 109|0x0000000086d00000, 0x0000000086d00000, 0x0000000086e00000|  0%| F|  |TAMS 0x0000000086d00000, 0x0000000086d00000| Untracked 
| 110|0x0000000086e00000, 0x0000000086e00000, 0x0000000086f00000|  0%| F|  |TAMS 0x0000000086e00000, 0x0000000086e00000| Untracked 
| 111|0x0000000086f00000, 0x0000000086f00000, 0x0000000087000000|  0%| F|  |TAMS 0x0000000086f00000, 0x0000000086f00000| Untracked 
| 112|0x0000000087000000, 0x0000000087000000, 0x0000000087100000|  0%| F|  |TAMS 0x0000000087000000, 0x0000000087000000| Untracked 
| 113|0x0000000087100000, 0x0000000087100000, 0x0000000087200000|  0%| F|  |TAMS 0x0000000087100000, 0x0000000087100000| Untracked 
| 114|0x0000000087200000, 0x0000000087200000, 0x0000000087300000|  0%| F|  |TAMS 0x0000000087200000, 0x0000000087200000| Untracked 
| 115|0x0000000087300000, 0x0000000087300000, 0x0000000087400000|  0%| F|  |TAMS 0x0000000087300000, 0x0000000087300000| Untracked 
| 116|0x0000000087400000, 0x0000000087400000, 0x0000000087500000|  0%| F|  |TAMS 0x0000000087400000, 0x0000000087400000| Untracked 
| 117|0x0000000087500000, 0x0000000087500000, 0x0000000087600000|  0%| F|  |TAMS 0x0000000087500000, 0x0000000087500000| Untracked 
| 118|0x0000000087600000, 0x0000000087600000, 0x0000000087700000|  0%| F|  |TAMS 0x0000000087600000, 0x0000000087600000| Untracked 
| 119|0x0000000087700000, 0x0000000087800000, 0x0000000087800000|100%| E|  |TAMS 0x0000000087700000, 0x0000000087700000| Complete 
| 120|0x0000000087800000, 0x0000000087900000, 0x0000000087900000|100%| E|CS|TAMS 0x0000000087800000, 0x0000000087800000| Complete 
| 121|0x0000000087900000, 0x0000000087a00000, 0x0000000087a00000|100%| E|CS|TAMS 0x0000000087900000, 0x0000000087900000| Complete 
| 122|0x0000000087a00000, 0x0000000087b00000, 0x0000000087b00000|100%| E|CS|TAMS 0x0000000087a00000, 0x0000000087a00000| Complete 
| 123|0x0000000087b00000, 0x0000000087c00000, 0x0000000087c00000|100%| E|CS|TAMS 0x0000000087b00000, 0x0000000087b00000| Complete 
| 124|0x0000000087c00000, 0x0000000087d00000, 0x0000000087d00000|100%| E|CS|TAMS 0x0000000087c00000, 0x0000000087c00000| Complete 
| 125|0x0000000087d00000, 0x0000000087e00000, 0x0000000087e00000|100%| E|CS|TAMS 0x0000000087d00000, 0x0000000087d00000| Complete 
| 126|0x0000000087e00000, 0x0000000087f00000, 0x0000000087f00000|100%| E|CS|TAMS 0x0000000087e00000, 0x0000000087e00000| Complete 
| 127|0x0000000087f00000, 0x0000000088000000, 0x0000000088000000|100%| E|CS|TAMS 0x0000000087f00000, 0x0000000087f00000| Complete 

Card table byte_map: [0x0000024ade4d0000,0x0000024ade8d0000] _byte_map_base: 0x0000024ade0d0000

Marking Bits (Prev, Next): (CMBitMap*) 0x0000024acb2e2fe0, (CMBitMap*) 0x0000024acb2e2fa8
 Prev Bits: [0x0000024ae0cd0000, 0x0000024ae2cd0000)
 Next Bits: [0x0000024adecd0000, 0x0000024ae0cd0000)

Polling page: 0x0000024ac9290000

Metaspace:

Usage:
  Non-class:     18.99 MB capacity,    18.66 MB ( 98%) used,   294.77 KB (  2%) free+waste,    38.31 KB ( <1%) overhead. 
      Class:      2.87 MB capacity,     2.68 MB ( 93%) used,   175.69 KB (  6%) free+waste,    19.19 KB ( <1%) overhead. 
       Both:     21.86 MB capacity,    21.34 MB ( 98%) used,   470.46 KB (  2%) free+waste,    57.50 KB ( <1%) overhead. 

Virtual space:
  Non-class space:       20.00 MB reserved,      19.00 MB ( 95%) committed 
      Class space:        1.00 GB reserved,       2.88 MB ( <1%) committed 
             Both:        1.02 GB reserved,      21.88 MB (  2%) committed 

Chunk freelists:
   Non-Class:  15.00 KB
       Class:  1.00 KB
        Both:  16.00 KB

MaxMetaspaceSize: 17179869184.00 GB
CompressedClassSpaceSize: 1.00 GB

CodeHeap 'non-profiled nmethods': size=120000Kb used=903Kb max_used=903Kb free=119096Kb
 bounds [0x0000024ad6870000, 0x0000024ad6ae0000, 0x0000024addda0000]
CodeHeap 'profiled nmethods': size=120000Kb used=4010Kb max_used=4010Kb free=115989Kb
 bounds [0x0000024acf340000, 0x0000024acf730000, 0x0000024ad6870000]
CodeHeap 'non-nmethods': size=5760Kb used=1145Kb max_used=1165Kb free=4614Kb
 bounds [0x0000024aceda0000, 0x0000024acf010000, 0x0000024acf340000]
 total_blobs=2403 nmethods=1923 adapters=391
 compilation: enabled
              stopped_count=0, restarted_count=0
 full_count=0

Compilation events (20 events):
Event: 2.378 Thread 0x0000024ae60ab000 1915       3       jdk.internal.misc.Unsafe::toUnsignedInt (6 bytes)
Event: 2.378 Thread 0x0000024ae60ab000 nmethod 1915 0x0000024acf722a10 code [0x0000024acf722bc0, 0x0000024acf722c98]
Event: 2.378 Thread 0x0000024ae60ab000 1909       1       java.lang.invoke.MethodHandleNatives::isPullModeBSM (2 bytes)
Event: 2.378 Thread 0x0000024ae60ab000 nmethod 1909 0x0000024ad6951290 code [0x0000024ad6951440, 0x0000024ad69514d8]
Event: 2.381 Thread 0x0000024ae60ab000 1916       3       java.lang.StringBuilder::append (8 bytes)
Event: 2.381 Thread 0x0000024ae60ab000 nmethod 1916 0x0000024acf722d10 code [0x0000024acf722ec0, 0x0000024acf723008]
Event: 2.381 Thread 0x0000024ae60ab000 1917       3       java.lang.AbstractStringBuilder::append (54 bytes)
Event: 2.382 Thread 0x0000024ae60ab000 nmethod 1917 0x0000024acf723090 code [0x0000024acf7232c0, 0x0000024acf723b88]
Event: 2.391 Thread 0x0000024ae60aa000 1918       4       jdk.internal.util.Preconditions::checkIndex (18 bytes)
Event: 2.391 Thread 0x0000024ae60aa000 nmethod 1918 0x0000024ad6951a90 code [0x0000024ad6951c20, 0x0000024ad6951c98]
Event: 2.403 Thread 0x0000024ae60ab000 1921       3       java.lang.reflect.ProxyGenerator$ConstantPool::getFieldRef (33 bytes)
Event: 2.403 Thread 0x0000024ae60ab000 nmethod 1921 0x0000024acf723d10 code [0x0000024acf723fe0, 0x0000024acf724c48]
Event: 2.403 Thread 0x0000024ae60ab000 1922       3       java.lang.invoke.VarHandleObjects$FieldInstanceReadWrite::compareAndSet (38 bytes)
Event: 2.404 Thread 0x0000024ae60ab000 nmethod 1922 0x0000024acf725190 code [0x0000024acf725400, 0x0000024acf725d68]
Event: 2.404 Thread 0x0000024ae60ab000 1925       3       org.gradle.internal.service.DefaultServiceRegistry$OwnServices::getProviders (26 bytes)
Event: 2.404 Thread 0x0000024ae60ab000 nmethod 1925 0x0000024acf726110 code [0x0000024acf7262e0, 0x0000024acf726648]
Event: 2.404 Thread 0x0000024ae60ab000 1923       3       java.lang.invoke.VarHandleGuards::guard_LL_V (103 bytes)
Event: 2.405 Thread 0x0000024ae60ab000 nmethod 1923 0x0000024acf726790 code [0x0000024acf726b00, 0x0000024acf7285a8]
Event: 2.405 Thread 0x0000024ae60ab000 1924       3       java.lang.invoke.VarHandleObjects$FieldInstanceReadWrite::set (30 bytes)
Event: 2.405 Thread 0x0000024ae60ab000 nmethod 1924 0x0000024acf728e90 code [0x0000024acf7290c0, 0x0000024acf7297c8]

GC Heap History (6 events):
Event: 0.613 GC heap before
{Heap before GC invocations=0 (full 0):
 garbage-first heap   total 131072K, used 29696K [0x0000000080000000, 0x0000000100000000)
  region size 1024K, 24 young (24576K), 0 survivors (0K)
 Metaspace       used 9870K, capacity 10114K, committed 10368K, reserved 1058816K
  class space    used 1029K, capacity 1102K, committed 1152K, reserved 1048576K
}
Event: 0.618 GC heap after
{Heap after GC invocations=1 (full 0):
 garbage-first heap   total 131072K, used 9404K [0x0000000080000000, 0x0000000100000000)
  region size 1024K, 3 young (3072K), 3 survivors (3072K)
 Metaspace       used 9870K, capacity 10114K, committed 10368K, reserved 1058816K
  class space    used 1029K, capacity 1102K, committed 1152K, reserved 1048576K
}
Event: 2.036 GC heap before
{Heap before GC invocations=1 (full 0):
 garbage-first heap   total 131072K, used 84156K [0x0000000080000000, 0x0000000100000000)
  region size 1024K, 76 young (77824K), 3 survivors (3072K)
 Metaspace       used 17604K, capacity 17986K, committed 18176K, reserved 1064960K
  class space    used 2081K, capacity 2217K, committed 2304K, reserved 1048576K
}
Event: 2.042 GC heap after
{Heap after GC invocations=2 (full 0):
 garbage-first heap   total 131072K, used 15896K [0x0000000080000000, 0x0000000100000000)
  region size 1024K, 10 young (10240K), 10 survivors (10240K)
 Metaspace       used 17604K, capacity 17986K, committed 18176K, reserved 1064960K
  class space    used 2081K, capacity 2217K, committed 2304K, reserved 1048576K
}
Event: 2.306 GC heap before
{Heap before GC invocations=2 (full 0):
 garbage-first heap   total 131072K, used 41496K [0x0000000080000000, 0x0000000100000000)
  region size 1024K, 36 young (36864K), 10 survivors (10240K)
 Metaspace       used 20668K, capacity 21075K, committed 21248K, reserved 1067008K
  class space    used 2541K, capacity 2693K, committed 2816K, reserved 1048576K
}
Event: 2.317 GC heap after
{Heap after GC invocations=3 (full 0):
 garbage-first heap   total 131072K, used 17022K [0x0000000080000000, 0x0000000100000000)
  region size 1024K, 2 young (2048K), 2 survivors (2048K)
 Metaspace       used 20668K, capacity 21075K, committed 21248K, reserved 1067008K
  class space    used 2541K, capacity 2693K, committed 2816K, reserved 1048576K
}

Deoptimization events (20 events):
Event: 2.286 Thread 0x0000024ae87f1800 Uncommon trap: trap_request=0xffffffc6 fr.pc=0x0000024ad68de624 relative=0x0000000000000084
Event: 2.286 Thread 0x0000024ae87f1800 Uncommon trap: reason=bimorphic_or_optimized_type_check action=maybe_recompile pc=0x0000024ad68de624 method=java.util.AbstractList$Itr.hasNext()Z @ 8 c2
Event: 2.286 Thread 0x0000024ae87f1800 DEOPT PACKING pc=0x0000024ad68de624 sp=0x00000085b7dfa8e0
Event: 2.286 Thread 0x0000024ae87f1800 DEOPT UNPACKING pc=0x0000024acedc662f sp=0x00000085b7dfa878 mode 2
Event: 2.286 Thread 0x0000024ae87f1800 Uncommon trap: trap_request=0xffffffc6 fr.pc=0x0000024ad68de9c0 relative=0x0000000000000100
Event: 2.286 Thread 0x0000024ae87f1800 Uncommon trap: reason=bimorphic_or_optimized_type_check action=maybe_recompile pc=0x0000024ad68de9c0 method=java.util.AbstractList$Itr.next()Ljava/lang/Object; @ 14 c2
Event: 2.286 Thread 0x0000024ae87f1800 DEOPT PACKING pc=0x0000024ad68de9c0 sp=0x00000085b7dfa8d0
Event: 2.286 Thread 0x0000024ae87f1800 DEOPT UNPACKING pc=0x0000024acedc662f sp=0x00000085b7dfa868 mode 2
Event: 2.287 Thread 0x0000024ae87f1800 Uncommon trap: trap_request=0xffffff4d fr.pc=0x0000024ad68daf78 relative=0x00000000000005b8
Event: 2.287 Thread 0x0000024ae87f1800 Uncommon trap: reason=unstable_if action=reinterpret pc=0x0000024ad68daf78 method=java.io.File.getName()Ljava/lang/String; @ 16 c2
Event: 2.287 Thread 0x0000024ae87f1800 DEOPT PACKING pc=0x0000024ad68daf78 sp=0x00000085b7dfb2a0
Event: 2.287 Thread 0x0000024ae87f1800 DEOPT UNPACKING pc=0x0000024acedc662f sp=0x00000085b7dfb270 mode 2
Event: 2.287 Thread 0x0000024ae87f1800 Uncommon trap: trap_request=0xffffff4d fr.pc=0x0000024ad68d8d90 relative=0x0000000000000450
Event: 2.287 Thread 0x0000024ae87f1800 Uncommon trap: reason=unstable_if action=reinterpret pc=0x0000024ad68d8d90 method=java.lang.String.substring(I)Ljava/lang/String; @ 34 c2
Event: 2.287 Thread 0x0000024ae87f1800 DEOPT PACKING pc=0x0000024ad68d8d90 sp=0x00000085b7dfb220
Event: 2.287 Thread 0x0000024ae87f1800 DEOPT UNPACKING pc=0x0000024acedc662f sp=0x00000085b7dfb1f8 mode 2
Event: 2.397 Thread 0x0000024ae87f1800 Uncommon trap: trap_request=0xffffff4d fr.pc=0x0000024ad694f198 relative=0x0000000000000398
Event: 2.397 Thread 0x0000024ae87f1800 Uncommon trap: reason=unstable_if action=reinterpret pc=0x0000024ad694f198 method=jdk.internal.org.objectweb.asm.Type.getArgumentsAndReturnSizes(Ljava/lang/String;)I @ 88 c2
Event: 2.397 Thread 0x0000024ae87f1800 DEOPT PACKING pc=0x0000024ad694f198 sp=0x00000085b7df97b0
Event: 2.397 Thread 0x0000024ae87f1800 DEOPT UNPACKING pc=0x0000024acedc662f sp=0x00000085b7df9738 mode 2

Classes redefined (0 events):
No events

Internal exceptions (20 events):
Event: 0.459 Thread 0x0000024acb2a1800 Exception <a 'java/lang/NoSuchMethodError'{0x0000000086e98f40}: 'java.lang.Object java.lang.invoke.Invokers$Holder.invoker(java.lang.Object, java.lang.Object, java.lang.Object)'> (0x0000000086e98f40) thrown at [./src/hotspot/share/interpreter/linkResolver.cpp, line 773]
Event: 0.462 Thread 0x0000024acb2a1800 Exception <a 'java/lang/NoSuchMethodError'{0x0000000086ea9fb8}: 'void java.lang.invoke.DelegatingMethodHandle$Holder.delegate(java.lang.Object, java.lang.Object, int, java.lang.Object)'> (0x0000000086ea9fb8) thrown at [./src/hotspot/share/interpreter/linkResolver.cpp, line 773]
Event: 0.968 Thread 0x0000024acb2a1800 Exception <a 'java/security/PrivilegedActionException'{0x0000000085be6bd8}> (0x0000000085be6bd8) thrown at [./src/hotspot/share/prims/jvm.cpp, line 1306]
Event: 0.968 Thread 0x0000024acb2a1800 Exception <a 'java/security/PrivilegedActionException'{0x0000000085be7150}> (0x0000000085be7150) thrown at [./src/hotspot/share/prims/jvm.cpp, line 1306]
Event: 1.153 Thread 0x0000024acb2a1800 Exception <a 'java/lang/NoSuchMethodError'{0x0000000084af8150}: 'java.lang.Object java.lang.invoke.DirectMethodHandle$Holder.invokeStaticInit(java.lang.Object, java.lang.Object, java.lang.Object)'> (0x0000000084af8150) thrown at [./src/hotspot/share/interpreter/linkResolver.cpp, line 773]
Event: 1.286 Thread 0x0000024acb2a1800 Exception <a 'java/lang/NoSuchMethodError'{0x0000000084359ba8}: 'java.lang.Object java.lang.invoke.DirectMethodHandle$Holder.invokeStaticInit(java.lang.Object, int, int, int, int)'> (0x0000000084359ba8) thrown at [./src/hotspot/share/interpreter/linkResolver.cpp, line 773]
Event: 1.507 Thread 0x0000024acb2a1800 Exception <a 'java/lang/NoSuchMethodError'{0x0000000084231800}: 'java.lang.Object java.lang.invoke.DirectMethodHandle$Holder.invokeStaticInit(java.lang.Object, java.lang.Object, int, int, int, int)'> (0x0000000084231800) thrown at [./src/hotspot/share/interpreter/linkResolver.cpp, line 773]
Event: 1.861 Thread 0x0000024acb2a1800 Exception <a 'java/io/IOException'{0x0000000084002908}> (0x0000000084002908) thrown at [./src/hotspot/share/prims/jni.cpp, line 615]
Event: 1.970 Thread 0x0000024ae87f1800 Exception <a 'java/lang/NoSuchMethodError'{0x0000000083aa2278}: 'void java.lang.invoke.DirectMethodHandle$Holder.invokeVirtual(java.lang.Object, java.lang.Object, java.lang.Object, java.lang.Object)'> (0x0000000083aa2278) thrown at [./src/hotspot/share/interpreter/linkResolver.cpp, line 773]
Event: 1.971 Thread 0x0000024ae87f1800 Exception <a 'java/lang/NoSuchMethodError'{0x0000000083ab1380}: 'void java.lang.invoke.DelegatingMethodHandle$Holder.reinvoke_L(java.lang.Object, java.lang.Object, java.lang.Object, java.lang.Object)'> (0x0000000083ab1380) thrown at [./src/hotspot/share/interpreter/linkResolver.cpp, line 773]
Event: 1.975 Thread 0x0000024ae87f1800 Exception <a 'java/lang/NoSuchMethodError'{0x0000000083ae21a8}: 'long java.lang.invoke.DirectMethodHandle$Holder.invokeInterface(java.lang.Object, java.lang.Object)'> (0x0000000083ae21a8) thrown at [./src/hotspot/share/interpreter/linkResolver.cpp, line 773]
Event: 1.978 Thread 0x0000024ae87f1800 Exception <a 'java/lang/NoSuchMethodError'{0x0000000083905b98}: 'void java.lang.invoke.DelegatingMethodHandle$Holder.reinvoke_L(java.lang.Object, java.lang.Object, java.lang.Object, java.lang.Object, java.lang.Object, java.lang.Object, java.lang.Object)'> (0x0000000083905b98) thrown at [./src/hotspot/share/interpreter/linkResolver.cpp, line 773]
Event: 2.216 Thread 0x0000024ae87f1800 Exception <a 'java/lang/NoSuchMethodError'{0x0000000086c5a378}: 'void java.lang.invoke.DirectMethodHandle$Holder.invokeStaticInit(java.lang.Object)'> (0x0000000086c5a378) thrown at [./src/hotspot/share/interpreter/linkResolver.cpp, line 773]
Event: 2.249 Thread 0x0000024ae87f1800 Exception <a 'java/lang/NoSuchMethodError'{0x0000000086a89c38}: 'java.lang.Object java.lang.invoke.DirectMethodHandle$Holder.invokeStatic(java.lang.Object, java.lang.Object, java.lang.Object, int)'> (0x0000000086a89c38) thrown at [./src/hotspot/share/interpreter/linkResolver.cpp, line 773]
Event: 2.249 Thread 0x0000024ae87f1800 Exception <a 'java/lang/NoSuchMethodError'{0x0000000086a8e0a8}: 'java.lang.Object java.lang.invoke.DirectMethodHandle$Holder.invokeSpecial(java.lang.Object, java.lang.Object, java.lang.Object, java.lang.Object, int)'> (0x0000000086a8e0a8) thrown at [./src/hotspot/share/interpreter/linkResolver.cpp, line 773]
Event: 2.250 Thread 0x0000024ae87f1800 Exception <a 'java/lang/NoSuchMethodError'{0x0000000086a91d38}: 'java.lang.Object java.lang.invoke.Invokers$Holder.linkToTargetMethod(java.lang.Object, java.lang.Object, int, java.lang.Object)'> (0x0000000086a91d38) thrown at [./src/hotspot/share/interpreter/linkResolver.cpp, line 773]
Event: 2.336 Thread 0x0000024ae87f1800 Exception <a 'java/lang/NoSuchMethodError'{0x0000000087e0ac78}: 'int java.lang.invoke.DirectMethodHandle$Holder.invokeSpecialIFC(java.lang.Object, java.lang.Object, java.lang.Object, java.lang.Object)'> (0x0000000087e0ac78) thrown at [./src/hotspot/share/interpreter/linkResolver.cpp, line 773]
Event: 2.338 Thread 0x0000024ae87f1800 Exception <a 'java/lang/NoSuchMethodError'{0x0000000087e18c60}: 'java.lang.Object java.lang.invoke.DirectMethodHandle$Holder.invokeInterface(java.lang.Object, java.lang.Object, java.lang.Object)'> (0x0000000087e18c60) thrown at [./src/hotspot/share/interpreter/linkResolver.cpp, line 773]
Event: 2.338 Thread 0x0000024ae87f1800 Exception <a 'java/lang/IncompatibleClassChangeError'{0x0000000087e1c138}: Found class java.lang.Object, but interface was expected> (0x0000000087e1c138) thrown at [./src/hotspot/share/interpreter/linkResolver.cpp, line 839]
Event: 2.368 Thread 0x0000024ae87f1800 Exception <a 'java/lang/NoSuchMethodError'{0x0000000087c1c340}: 'void java.lang.invoke.DirectMethodHandle$Holder.invokeStatic(java.lang.Object, java.lang.Object, java.lang.Object, java.lang.Object, java.lang.Object)'> (0x0000000087c1c340) thrown at [./src/hotspot/share/interpreter/linkResolver.cpp, line 773]

Events (20 events):
Event: 2.401 loading class org/gradle/api/artifacts/DependencySubstitutions
Event: 2.401 loading class org/gradle/api/artifacts/DependencySubstitutions done
Event: 2.401 loading class org/gradle/composite/internal/DefaultIncludedBuildRegistry
Event: 2.401 loading class org/gradle/composite/internal/DefaultIncludedBuildRegistry done
Event: 2.402 loading class org/gradle/internal/build/NestedRootBuild
Event: 2.402 loading class org/gradle/internal/build/NestedRootBuild done
Event: 2.402 loading class org/gradle/api/artifacts/component/BuildIdentifier
Event: 2.402 loading class org/gradle/api/artifacts/component/BuildIdentifier done
Event: 2.403 loading class org/gradle/internal/buildtree/DeprecationsReporter
Event: 2.403 loading class org/gradle/internal/buildtree/DeprecationsReporter done
Event: 2.404 loading class org/gradle/configurationcache/problems/ConfigurationCacheReport$State$Idle
Event: 2.404 loading class org/gradle/configurationcache/problems/ConfigurationCacheReport$State$Idle done
Event: 2.404 loading class org/gradle/configurationcache/problems/ConfigurationCacheReport$State
Event: 2.404 loading class org/gradle/configurationcache/problems/ConfigurationCacheReport$State done
Event: 2.404 loading class kotlin/KotlinNothingValueException
Event: 2.404 loading class kotlin/KotlinNothingValueException done
Event: 2.405 loading class org/gradle/configurationcache/ConfigurationCacheKey$string$2
Event: 2.405 loading class org/gradle/configurationcache/ConfigurationCacheKey$string$2 done
Event: 2.405 loading class org/gradle/configurationcache/problems/ConfigurationCacheProblemsSummary
Event: 2.405 loading class org/gradle/configurationcache/problems/ConfigurationCacheProblemsSummary done


Dynamic libraries:
0x00007ff604fd0000 - 0x00007ff604fda000 	C:\Program Files\Android\Android Studio\jre\bin\java.exe
0x00007ffc98120000 - 0x00007ffc98329000 	C:\WINDOWS\SYSTEM32\ntdll.dll
0x00007ffc97830000 - 0x00007ffc978ed000 	C:\WINDOWS\System32\KERNEL32.DLL
0x00007ffc95a20000 - 0x00007ffc95d9c000 	C:\WINDOWS\System32\KERNELBASE.dll
0x00007ffc95720000 - 0x00007ffc95831000 	C:\WINDOWS\System32\ucrtbase.dll
0x00007ffc85640000 - 0x00007ffc85659000 	C:\Program Files\Android\Android Studio\jre\bin\jli.dll
0x00007ffc901c0000 - 0x00007ffc901d7000 	C:\Program Files\Android\Android Studio\jre\bin\VCRUNTIME140.dll
0x00007ffc97190000 - 0x00007ffc9733d000 	C:\WINDOWS\System32\USER32.dll
0x00007ffc7f5f0000 - 0x00007ffc7f895000 	C:\WINDOWS\WinSxS\amd64_microsoft.windows.common-controls_6595b64144ccf1df_6.0.22000.120_none_9d947278b86cc467\COMCTL32.dll
0x00007ffc956f0000 - 0x00007ffc95716000 	C:\WINDOWS\System32\win32u.dll
0x00007ffc97d40000 - 0x00007ffc97de3000 	C:\WINDOWS\System32\msvcrt.dll
0x00007ffc96c20000 - 0x00007ffc96c49000 	C:\WINDOWS\System32\GDI32.dll
0x00007ffc95900000 - 0x00007ffc95a19000 	C:\WINDOWS\System32\gdi32full.dll
0x00007ffc95650000 - 0x00007ffc956ed000 	C:\WINDOWS\System32\msvcp_win.dll
0x00007ffc97630000 - 0x00007ffc97661000 	C:\WINDOWS\System32\IMM32.DLL
0x00007ffc77300000 - 0x00007ffc7739d000 	C:\Program Files\Android\Android Studio\jre\bin\msvcp140.dll
0x00007ffc54210000 - 0x00007ffc54ce5000 	C:\Program Files\Android\Android Studio\jre\bin\server\jvm.dll
0x00007ffc979f0000 - 0x00007ffc97a9e000 	C:\WINDOWS\System32\ADVAPI32.dll
0x00007ffc97df0000 - 0x00007ffc97e8e000 	C:\WINDOWS\System32\sechost.dll
0x00007ffc97e90000 - 0x00007ffc97fb0000 	C:\WINDOWS\System32\RPCRT4.dll
0x00007ffc980a0000 - 0x00007ffc980a8000 	C:\WINDOWS\System32\PSAPI.DLL
0x00007ffc901e0000 - 0x00007ffc90213000 	C:\WINDOWS\SYSTEM32\WINMM.dll
0x00007ffc82e50000 - 0x00007ffc82e59000 	C:\WINDOWS\SYSTEM32\WSOCK32.dll
0x00007ffc8deb0000 - 0x00007ffc8deba000 	C:\WINDOWS\SYSTEM32\VERSION.dll
0x00007ffc978f0000 - 0x00007ffc9795f000 	C:\WINDOWS\System32\WS2_32.dll
0x00007ffc946c0000 - 0x00007ffc946d8000 	C:\WINDOWS\SYSTEM32\kernel.appcore.dll
0x00007ffc90bd0000 - 0x00007ffc90be1000 	C:\Program Files\Android\Android Studio\jre\bin\verify.dll
0x00007ffc92e80000 - 0x00007ffc930a1000 	C:\WINDOWS\SYSTEM32\DBGHELP.DLL
0x00007ffc7fde0000 - 0x00007ffc7fe11000 	C:\WINDOWS\SYSTEM32\dbgcore.DLL
0x00007ffc955d0000 - 0x00007ffc9564f000 	C:\WINDOWS\System32\bcryptPrimitives.dll
0x00007ffc905d0000 - 0x00007ffc905f9000 	C:\Program Files\Android\Android Studio\jre\bin\java.dll
0x00007ffc90c80000 - 0x00007ffc90c8b000 	C:\Program Files\Android\Android Studio\jre\bin\jimage.dll
0x00007ffc90ae0000 - 0x00007ffc90af8000 	C:\Program Files\Android\Android Studio\jre\bin\zip.dll
0x00007ffc95ff0000 - 0x00007ffc967a8000 	C:\WINDOWS\System32\SHELL32.dll
0x00007ffc93730000 - 0x00007ffc93f98000 	C:\WINDOWS\SYSTEM32\windows.storage.dll
0x00007ffc96d20000 - 0x00007ffc97099000 	C:\WINDOWS\System32\combase.dll
0x00007ffc935c0000 - 0x00007ffc93726000 	C:\WINDOWS\SYSTEM32\wintypes.dll
0x00007ffc97fb0000 - 0x00007ffc9809a000 	C:\WINDOWS\System32\SHCORE.dll
0x00007ffc95f90000 - 0x00007ffc95fed000 	C:\WINDOWS\System32\shlwapi.dll
0x00007ffc95500000 - 0x00007ffc95521000 	C:\WINDOWS\SYSTEM32\profapi.dll
0x00007ffc906a0000 - 0x00007ffc906ba000 	C:\Program Files\Android\Android Studio\jre\bin\net.dll
0x00007ffc8f260000 - 0x00007ffc8f36c000 	C:\WINDOWS\SYSTEM32\WINHTTP.dll
0x00007ffc94b60000 - 0x00007ffc94bc7000 	C:\WINDOWS\system32\mswsock.dll
0x00007ffc90470000 - 0x00007ffc90484000 	C:\Program Files\Android\Android Studio\jre\bin\nio.dll
0x00007ffc904a0000 - 0x00007ffc904c7000 	C:\Users\ASUS\.gradle\native\e1d6ef7f7dcc3fd88c89a11ec53ec762bb8ba0a96d01ffa2cd45eb1d1d8dd5c5\windows-amd64\native-platform.dll
0x00007ffc71340000 - 0x00007ffc71484000 	C:\Users\ASUS\.gradle\native\5664cfc778a61ccfe75a443a1ab52a65af34e5dc3c78e0209fed803814484fcb\windows-amd64\native-platform-file-events.dll
0x00007ffc90b90000 - 0x00007ffc90b9a000 	C:\Program Files\Android\Android Studio\jre\bin\management.dll
0x00007ffc90460000 - 0x00007ffc9046d000 	C:\Program Files\Android\Android Studio\jre\bin\management_ext.dll
0x00007ffc94da0000 - 0x00007ffc94db8000 	C:\WINDOWS\SYSTEM32\CRYPTSP.dll
0x00007ffc94620000 - 0x00007ffc94655000 	C:\WINDOWS\system32\rsaenh.dll
0x00007ffc94c50000 - 0x00007ffc94c79000 	C:\WINDOWS\SYSTEM32\USERENV.dll
0x00007ffc94fb0000 - 0x00007ffc94fd7000 	C:\WINDOWS\SYSTEM32\bcrypt.dll
0x00007ffc94dc0000 - 0x00007ffc94dcc000 	C:\WINDOWS\SYSTEM32\CRYPTBASE.dll
0x00007ffc941f0000 - 0x00007ffc9421d000 	C:\WINDOWS\SYSTEM32\IPHLPAPI.DLL
0x00007ffc97180000 - 0x00007ffc97189000 	C:\WINDOWS\System32\NSI.dll
0x00007ffc8ef30000 - 0x00007ffc8ef49000 	C:\WINDOWS\SYSTEM32\dhcpcsvc6.DLL
0x00007ffc8f1f0000 - 0x00007ffc8f20e000 	C:\WINDOWS\SYSTEM32\dhcpcsvc.DLL
0x00007ffc94260000 - 0x00007ffc94348000 	C:\WINDOWS\SYSTEM32\DNSAPI.dll

dbghelp: loaded successfully - version: 4.0.5 - missing functions: none
symbol engine: initialized successfully - sym options: 0x614 - pdb path: .;C:\Program Files\Android\Android Studio\jre\bin;C:\WINDOWS\SYSTEM32;C:\WINDOWS\WinSxS\amd64_microsoft.windows.common-controls_6595b64144ccf1df_6.0.22000.120_none_9d947278b86cc467;C:\Program Files\Android\Android Studio\jre\bin\server;C:\Users\ASUS\.gradle\native\e1d6ef7f7dcc3fd88c89a11ec53ec762bb8ba0a96d01ffa2cd45eb1d1d8dd5c5\windows-amd64;C:\Users\ASUS\.gradle\native\5664cfc778a61ccfe75a443a1ab52a65af34e5dc3c78e0209fed803814484fcb\windows-amd64

VM Arguments:
jvm_args: --add-opens=java.base/java.util=ALL-UNNAMED --add-opens=java.base/java.lang=ALL-UNNAMED --add-opens=java.base/java.lang.invoke=ALL-UNNAMED --add-opens=java.base/java.util=ALL-UNNAMED --add-opens=java.prefs/java.util.prefs=ALL-UNNAMED --add-opens=java.prefs/java.util.prefs=ALL-UNNAMED --add-opens=java.base/java.nio.charset=ALL-UNNAMED --add-opens=java.base/java.net=ALL-UNNAMED --add-opens=java.base/java.util.concurrent.atomic=ALL-UNNAMED -Xmx2048m -Dfile.encoding=UTF-8 -Duser.country=US -Duser.language=en -Duser.variant 
java_command: org.gradle.launcher.daemon.bootstrap.GradleDaemon 7.2
java_class_path (initial): C:\Users\ASUS\.gradle\wrapper\dists\gradle-7.2-bin\2dnblmf4td7x66yl1d74lt32g\gradle-7.2\lib\gradle-launcher-7.2.jar
Launcher Type: SUN_STANDARD

[Global flags]
     intx CICompilerCount                          = 4                                         {product} {ergonomic}
     uint ConcGCThreads                            = 2                                         {product} {ergonomic}
     uint G1ConcRefinementThreads                  = 8                                         {product} {ergonomic}
   size_t G1HeapRegionSize                         = 1048576                                   {product} {ergonomic}
    uintx GCDrainStackTargetSize                   = 64                                        {product} {ergonomic}
   size_t InitialHeapSize                          = 134217728                                 {product} {ergonomic}
   size_t MarkStackSize                            = 4194304                                   {product} {ergonomic}
   size_t MaxHeapSize                              = 2147483648                                {product} {command line}
   size_t MaxNewSize                               = 1287651328                                {product} {ergonomic}
   size_t MinHeapDeltaBytes                        = 1048576                                   {product} {ergonomic}
    uintx NonNMethodCodeHeapSize                   = 5836300                                {pd product} {ergonomic}
    uintx NonProfiledCodeHeapSize                  = 122910970                              {pd product} {ergonomic}
    uintx ProfiledCodeHeapSize                     = 122910970                              {pd product} {ergonomic}
    uintx ReservedCodeCacheSize                    = 251658240                              {pd product} {ergonomic}
     bool SegmentedCodeCache                       = true                                      {product} {ergonomic}
     bool UseCompressedClassPointers               = true                                 {lp64_product} {ergonomic}
     bool UseCompressedOops                        = true                                 {lp64_product} {ergonomic}
     bool UseG1GC                                  = true                                      {product} {ergonomic}
     bool UseLargePagesIndividualAllocation        = false                                  {pd product} {ergonomic}

Logging:
Log output configuration:
 #0: stdout all=warning uptime,level,tags
 #1: stderr all=off uptime,level,tags

Environment Variables:
PATH=C:\Program Files\Common Files\Oracle\Java\javapath;C:\ProgramData\Oracle\Java\javapath;C:\Program Files (x86)\Intel\iCLS Client\;C:\Program Files\Intel\iCLS Client\;C:\Windows\system32;C:\Windows;C:\Windows\System32\Wbem;C:\Windows\System32\WindowsPowerShell\v1.0\;C:\Windows\System32\OpenSSH\;C:\Program Files (x86)\Intel\Intel(R) Management Engine Components\DAL;C:\Program Files\Intel\Intel(R) Management Engine Components\DAL;C:\Program Files (x86)\Intel\Intel(R) Management Engine Components\IPT;C:\Program Files\Intel\Intel(R) Management Engine Components\IPT;C:\Program Files (x86)\NVIDIA Corporation\PhysX\Common;C:\Program Files\Intel\WiFi\bin\;C:\Program Files\Common Files\Intel\WirelessCommon\;C:\Program Files\Java\jdk-12.0.1\bin;C:\Program Files\dotnet\;C:\WINDOWS\system32;C:\WINDOWS;C:\WINDOWS\System32\Wbem;C:\WINDOWS\System32\WindowsPowerShell\v1.0\;C:\WINDOWS\System32\OpenSSH\;C:\Program Files (x86)\GtkSharp\2.12\bin;C:\Program Files\nodejs\;C:\Program Files\Dart\dart-sdk\bin;C:\Program Files\Java\jdk-17\bin;C:\MinGW\bin;C:\Program Files\Git\cmd;C:\xampp\php;C:\ProgramData\ComposerSetup\bin;C:\Program Files (x86)\dotnet\;C:\Program Files\PowerShell\7\;C:\Program Files\Common Files\Oracle\Java\javapath;C:\ProgramData\Oracle\Java\javapath;C:\Program Files (x86)\Intel\iCLS Client\;C:\Program Files\Intel\iCLS Client\;C:\Windows\system32;C:\Windows;C:\Windows\System32\Wbem;C:\Windows\System32\WindowsPowerShell\v1.0\;C:\Windows\System32\OpenSSH\;C:\Program Files (x86)\Intel\Intel(R) Management Engine Components\DAL;C:\Program Files\Intel\Intel(R) Management Engine Components\DAL;C:\Program Files (x86)\Intel\Intel(R) Management Engine Components\IPT;C:\Program Files\Intel\Intel(R) Management Engine Components\IPT;C:\Program Files (x86)\NVIDIA Corporation\PhysX\Common;C:\Program Files\Intel\WiFi\bin\;C:\Program Files\Common Files\Intel\WirelessCommon\;C:\Program Files\Java\jdk-12.0.1\bin;C:\Program Files\dotnet\;C:\WINDOWS\system32;C:\WINDOWS;C:\WINDOWS\System32\Wb
USERNAME=ASUS
OS=Windows_NT
PROCESSOR_IDENTIFIER=Intel64 Family 6 Model 142 Stepping 10, GenuineIntel



---------------  S Y S T E M  ---------------

OS: Windows 10 , 64 bit Build 22000 (10.0.22000.708)
OS uptime: 0 days 7:29 hours

CPU:total 8 (initial active 8) (4 cores per cpu, 2 threads per core) family 6 model 142 stepping 10 microcode 0xe0, cmov, cx8, fxsr, mmx, sse, sse2, sse3, ssse3, sse4.1, sse4.2, popcnt, avx, avx2, aes, clmul, erms, 3dnowpref, lzcnt, ht, tsc, tscinvbit, bmi1, bmi2, adx, fma

Memory: 4k page, system-wide physical 8074M (417M free)
TotalPageFile size 12170M (AvailPageFile size 5M)
current process WorkingSet (physical memory assigned to process): 205M, peak: 205M
current process commit charge ("private bytes"): 272M, peak: 273M

vm_info: OpenJDK 64-Bit Server VM (11.0.11+9-b60-7590822) for windows-amd64 JRE (11.0.11+9-b60-7590822), built on Jul 29 2021 21:43:44 by "builder" with MS VC++ 14.0 (VS2015)

END.
