#
# There is insufficient memory for the Java Runtime Environment to continue.
# Native memory allocation (malloc) failed to allocate 32744 bytes for ChunkPool::allocate
# Possible reasons:
#   The system is out of physical RAM or swap space
#   The process is running with CompressedOops enabled, and the Java Heap may be blocking the growth of the native heap
# Possible solutions:
#   Reduce memory load on the system
#   Increase physical memory or swap space
#   Check if swap backing store is full
#   Decrease Java heap size (-Xmx/-Xms)
#   Decrease number of Java threads
#   Decrease Java thread stack sizes (-Xss)
#   Set larger code cache with -XX:ReservedCodeCacheSize=
#   JVM is running with Unscaled Compressed Oops mode in which the Java heap is
#     placed in the first 4GB address space. The Java Heap base address is the
#     maximum limit for the native heap growth. Please use -XX:HeapBaseMinAddress
#     to set the Java Heap base and to place the Java Heap above 4GB virtual address.
# This output file may be truncated or incomplete.
#
#  Out of Memory Error (./src/hotspot/share/memory/arena.cpp:81), pid=8124, tid=11688
#
# JRE version: OpenJDK Runtime Environment (11.0.11+9) (build 11.0.11+9-b60-7590822)
# Java VM: OpenJDK 64-Bit Server VM (11.0.11+9-b60-7590822, mixed mode, tiered, compressed oops, g1 gc, windows-amd64)
# No core dump will be written. Minidumps are not enabled by default on client versions of Windows
#

---------------  S U M M A R Y ------------

Command Line: --add-opens=java.base/java.util=ALL-UNNAMED --add-opens=java.base/java.lang=ALL-UNNAMED --add-opens=java.base/java.lang.invoke=ALL-UNNAMED --add-opens=java.base/java.util=ALL-UNNAMED --add-opens=java.prefs/java.util.prefs=ALL-UNNAMED --add-opens=java.prefs/java.util.prefs=ALL-UNNAMED --add-opens=java.base/java.nio.charset=ALL-UNNAMED --add-opens=java.base/java.net=ALL-UNNAMED --add-opens=java.base/java.util.concurrent.atomic=ALL-UNNAMED -Xmx2048m -Dfile.encoding=UTF-8 -Duser.country=US -Duser.language=en -Duser.variant org.gradle.launcher.daemon.bootstrap.GradleDaemon 7.2

Host: Intel(R) Core(TM) i5-8250U CPU @ 1.60GHz, 8 cores, 7G,  Windows 10 , 64 bit Build 22000 (10.0.22000.708)
Time: Sat Oct  1 13:08:50 2022 Bangladesh Standard Time elapsed time: 20.423763 seconds (0d 0h 0m 20s)

---------------  T H R E A D  ---------------

Current thread (0x0000019f7bfe5800):  JavaThread "C2 CompilerThread0" daemon [_thread_in_native, id=11688, stack(0x0000000101200000,0x0000000101300000)]


Current CompileTask:
C2:  20423 5374       4       java.util.zip.ZipFile$Source::initCEN (658 bytes)

Stack: [0x0000000101200000,0x0000000101300000]
Native frames: (J=compiled Java code, j=interpreted, Vv=VM code, C=native code)
V  [jvm.dll+0x5f214a]
V  [jvm.dll+0x726fb5]
V  [jvm.dll+0x7285cd]
V  [jvm.dll+0x728c83]
V  [jvm.dll+0x243278]
V  [jvm.dll+0xbc78b]
V  [jvm.dll+0xbca3c]
V  [jvm.dll+0x188d13]
V  [jvm.dll+0x61fae5]
V  [jvm.dll+0x61e90d]
V  [jvm.dll+0x20500f]
V  [jvm.dll+0x1fd1c2]
V  [jvm.dll+0x1fb35f]
V  [jvm.dll+0x183d6c]
V  [jvm.dll+0x209a57]
V  [jvm.dll+0x2082a1]
V  [jvm.dll+0x6ef58f]
V  [jvm.dll+0x6e80b5]
V  [jvm.dll+0x5f1036]
C  [ucrtbase.dll+0x26c0c]
C  [KERNEL32.DLL+0x154e0]
C  [ntdll.dll+0x485b]


---------------  P R O C E S S  ---------------

Threads class SMR info:
_java_thread_list=0x0000019f7d1ce5e0, length=121, elements={
0x0000019f1f321800, 0x0000019f7bf81800, 0x0000019f7bf8a800, 0x0000019f7bfdf800,
0x0000019f7bfe0800, 0x0000019f7bfe1800, 0x0000019f7bfe5800, 0x0000019f7bfe7000,
0x0000019f7bfeb800, 0x0000019f7c164800, 0x0000019f7e8b1000, 0x0000019f7c700000,
0x0000019f7d3c8000, 0x0000019f7d3af800, 0x0000019f7e499800, 0x0000019f00085000,
0x0000019f7ec6c000, 0x0000019f7c63c000, 0x0000019f7c8fc000, 0x0000019f7ed6e000,
0x0000019f7ed6a000, 0x0000019f7ed6d000, 0x0000019f7ed6e800, 0x0000019f7ed6c000,
0x0000019f7ed6f800, 0x0000019f7ed70800, 0x0000019f7ed6a800, 0x0000019f7ed6b800,
0x0000019f01e76000, 0x0000019f01e77800, 0x0000019f01e77000, 0x0000019f01e79800,
0x0000019f01e7b000, 0x0000019f01e7c000, 0x0000019f01e7d800, 0x0000019f01e7e000,
0x0000019f01e78800, 0x0000019f01e7f000, 0x0000019f01e84000, 0x0000019f01e80800,
0x0000019f01e80000, 0x0000019f01e83000, 0x0000019f01e85000, 0x0000019f01e81800,
0x0000019f01e82800, 0x0000019f033ad800, 0x0000019f033aa800, 0x0000019f033ac000,
0x0000019f033ab800, 0x0000019f033ad000, 0x0000019f033ae800, 0x0000019f033a9000,
0x0000019f033a9800, 0x0000019f033b1000, 0x0000019f033b2800, 0x0000019f033b0000,
0x0000019f033b5000, 0x0000019f033b2000, 0x0000019f033b3800, 0x0000019f033b4800,
0x0000019f033af800, 0x0000019f033b6800, 0x0000019f033b6000, 0x0000019f033b7800,
0x0000019f7e7fc000, 0x0000019f7e7fb000, 0x0000019f7e7fd000, 0x0000019f7e7ff800,
0x0000019f7e7fd800, 0x0000019f7e7fe800, 0x0000019f7e800000, 0x0000019f7e7fa800,
0x0000019f7e806800, 0x0000019f7e801000, 0x0000019f7e806000, 0x0000019f7e803800,
0x0000019f7e804000, 0x0000019f7e802800, 0x0000019f7e807800, 0x0000019f7e801800,
0x0000019f7e805000, 0x0000019f7e808800, 0x0000019f7e809000, 0x0000019f00d8d800,
0x0000019f00d8a000, 0x0000019f00d8b800, 0x0000019f00d8e000, 0x0000019f00d8f000,
0x0000019f00d8c800, 0x0000019f00d89800, 0x0000019f00d90000, 0x0000019f00d90800,
0x0000019f00d8b000, 0x0000019f00d96800, 0x0000019f00d97000, 0x0000019f00d95800,
0x0000019f00d92800, 0x0000019f00d93000, 0x0000019f00d91800, 0x0000019f00d94000,
0x0000019f00d98000, 0x0000019f00d94800, 0x0000019f7d5ef000, 0x0000019f7d5f1800,
0x0000019f7d5f3000, 0x0000019f7d5f2800, 0x0000019f7d5ee800, 0x0000019f7d5f4000,
0x0000019f7d5f0000, 0x0000019f7d5f5000, 0x0000019f7d5f5800, 0x0000019f7d5f6800,
0x0000019f7d5f0800, 0x0000019f7d5fd000, 0x0000019f7d5f7000, 0x0000019f7d5fa800,
0x0000019f7d5fc000, 0x0000019f7d5f8000, 0x0000019f7d5f9000, 0x0000019f7d5f9800,
0x0000019f7d5fb800
}

Java Threads: ( => current thread )
  0x0000019f1f321800 JavaThread "main" [_thread_blocked, id=20252, stack(0x0000000100600000,0x0000000100700000)]
  0x0000019f7bf81800 JavaThread "Reference Handler" daemon [_thread_blocked, id=20344, stack(0x0000000100d00000,0x0000000100e00000)]
  0x0000019f7bf8a800 JavaThread "Finalizer" daemon [_thread_blocked, id=3716, stack(0x0000000100e00000,0x0000000100f00000)]
  0x0000019f7bfdf800 JavaThread "Signal Dispatcher" daemon [_thread_blocked, id=9884, stack(0x0000000100f00000,0x0000000101000000)]
  0x0000019f7bfe0800 JavaThread "Attach Listener" daemon [_thread_blocked, id=6424, stack(0x0000000101000000,0x0000000101100000)]
  0x0000019f7bfe1800 JavaThread "Service Thread" daemon [_thread_blocked, id=15424, stack(0x0000000101100000,0x0000000101200000)]
=>0x0000019f7bfe5800 JavaThread "C2 CompilerThread0" daemon [_thread_in_native, id=11688, stack(0x0000000101200000,0x0000000101300000)]
  0x0000019f7bfe7000 JavaThread "C1 CompilerThread0" daemon [_thread_blocked, id=19820, stack(0x0000000101300000,0x0000000101400000)]
  0x0000019f7bfeb800 JavaThread "Sweeper thread" daemon [_thread_blocked, id=9756, stack(0x0000000101400000,0x0000000101500000)]
  0x0000019f7c164800 JavaThread "Common-Cleaner" daemon [_thread_blocked, id=12528, stack(0x0000000101500000,0x0000000101600000)]
  0x0000019f7e8b1000 JavaThread "Daemon health stats" [_thread_blocked, id=21240, stack(0x0000000101b00000,0x0000000101c00000)]
  0x0000019f7c700000 JavaThread "Incoming local TCP Connector on port 56005" [_thread_in_native, id=17088, stack(0x0000000101700000,0x0000000101800000)]
  0x0000019f7d3c8000 JavaThread "Daemon periodic checks" [_thread_blocked, id=17364, stack(0x0000000101800000,0x0000000101900000)]
  0x0000019f7d3af800 JavaThread "Daemon" [_thread_blocked, id=2232, stack(0x0000000101c00000,0x0000000101d00000)]
  0x0000019f7e499800 JavaThread "Handler for socket connection from /127.0.0.1:56005 to /127.0.0.1:56006" [_thread_in_native, id=10096, stack(0x0000000101d00000,0x0000000101e00000)]
  0x0000019f00085000 JavaThread "Cancel handler" [_thread_blocked, id=20656, stack(0x0000000101e00000,0x0000000101f00000)]
  0x0000019f7ec6c000 JavaThread "Daemon worker" [_thread_in_native, id=5876, stack(0x0000000101f00000,0x0000000102000000)]
  0x0000019f7c63c000 JavaThread "Asynchronous log dispatcher for DefaultDaemonConnection: socket connection from /127.0.0.1:56005 to /127.0.0.1:56006" [_thread_blocked, id=21500, stack(0x0000000102000000,0x0000000102100000)]
  0x0000019f7c8fc000 JavaThread "Stdin handler" [_thread_blocked, id=7040, stack(0x0000000102100000,0x0000000102200000)]
  0x0000019f7ed6e000 JavaThread "Daemon client event forwarder" [_thread_blocked, id=16968, stack(0x0000000102200000,0x0000000102300000)]
  0x0000019f7ed6a000 JavaThread "Cache worker for journal cache (C:\Users\ASUS\.gradle\caches\journal-1)" [_thread_blocked, id=9008, stack(0x0000000102800000,0x0000000102900000)]
  0x0000019f7ed6d000 JavaThread "File lock request listener" [_thread_in_native, id=11540, stack(0x0000000102900000,0x0000000102a00000)]
  0x0000019f7ed6e800 JavaThread "Cache worker for file hash cache (C:\Users\ASUS\.gradle\caches\7.2\fileHashes)" [_thread_blocked, id=5376, stack(0x0000000102a00000,0x0000000102b00000)]
  0x0000019f7ed6c000 JavaThread "Cache worker for file hash cache (C:\Users\ASUS\Applications\KotlinPracticeOne\.gradle\7.2\fileHashes)" [_thread_blocked, id=20924, stack(0x0000000102d00000,0x0000000102e00000)]
  0x0000019f7ed6f800 JavaThread "File watcher server" daemon [_thread_in_native, id=11544, stack(0x0000000102e00000,0x0000000102f00000)]
  0x0000019f7ed70800 JavaThread "File watcher consumer" daemon [_thread_blocked, id=9100, stack(0x0000000102f00000,0x0000000103000000)]
  0x0000019f7ed6a800 JavaThread "Cache worker for checksums cache (C:\Users\ASUS\Applications\KotlinPracticeOne\.gradle\checksums)" [_thread_blocked, id=20944, stack(0x0000000103000000,0x0000000103100000)]
  0x0000019f7ed6b800 JavaThread "Cache worker for cache directory md-supplier (C:\Users\ASUS\.gradle\caches\7.2\md-supplier)" [_thread_blocked, id=3704, stack(0x0000000103100000,0x0000000103200000)]
  0x0000019f01e76000 JavaThread "Cache worker for cache directory md-rule (C:\Users\ASUS\.gradle\caches\7.2\md-rule)" [_thread_blocked, id=14528, stack(0x0000000103200000,0x0000000103300000)]
  0x0000019f01e77800 JavaThread "Cache worker for execution history cache (C:\Users\ASUS\.gradle\caches\7.2\executionHistory)" [_thread_blocked, id=16952, stack(0x0000000103300000,0x0000000103400000)]
  0x0000019f01e77000 JavaThread "jar transforms" [_thread_blocked, id=7860, stack(0x0000000103400000,0x0000000103500000)]
  0x0000019f01e79800 JavaThread "Cache worker for file content cache (C:\Users\ASUS\.gradle\caches\7.2\fileContent)" [_thread_blocked, id=9568, stack(0x0000000103500000,0x0000000103600000)]
  0x0000019f01e7b000 JavaThread "jar transforms Thread 2" [_thread_blocked, id=20808, stack(0x0000000103600000,0x0000000103700000)]
  0x0000019f01e7c000 JavaThread "Cache worker for dependencies-accessors (C:\Users\ASUS\Applications\KotlinPracticeOne\.gradle\7.2\dependencies-accessors)" [_thread_blocked, id=12544, stack(0x0000000103700000,0x0000000103800000)]
  0x0000019f01e7d800 JavaThread "jar transforms Thread 3" [_thread_blocked, id=7616, stack(0x0000000103800000,0x0000000103900000)]
  0x0000019f01e7e000 JavaThread "Cache worker for Build Output Cleanup Cache (C:\Users\ASUS\Applications\KotlinPracticeOne\.gradle\buildOutputCleanup)" [_thread_blocked, id=21484, stack(0x0000000103900000,0x0000000103a00000)]
  0x0000019f01e78800 JavaThread "Unconstrained build operations" [_thread_blocked, id=14340, stack(0x0000000102c00000,0x0000000102d00000)]
  0x0000019f01e7f000 JavaThread "Unconstrained build operations Thread 2" [_thread_blocked, id=12800, stack(0x0000000103a00000,0x0000000103b00000)]
  0x0000019f01e84000 JavaThread "Unconstrained build operations Thread 3" [_thread_blocked, id=16744, stack(0x0000000103b00000,0x0000000103c00000)]
  0x0000019f01e80800 JavaThread "Unconstrained build operations Thread 4" [_thread_blocked, id=10708, stack(0x0000000103c00000,0x0000000103d00000)]
  0x0000019f01e80000 JavaThread "Unconstrained build operations Thread 5" [_thread_blocked, id=15604, stack(0x0000000103d00000,0x0000000103e00000)]
  0x0000019f01e83000 JavaThread "Unconstrained build operations Thread 6" [_thread_blocked, id=3848, stack(0x0000000103e00000,0x0000000103f00000)]
  0x0000019f01e85000 JavaThread "Unconstrained build operations Thread 7" [_thread_blocked, id=3208, stack(0x0000000103f00000,0x0000000104000000)]
  0x0000019f01e81800 JavaThread "Unconstrained build operations Thread 8" [_thread_blocked, id=6520, stack(0x0000000104000000,0x0000000104100000)]
  0x0000019f01e82800 JavaThread "Unconstrained build operations Thread 9" [_thread_blocked, id=15868, stack(0x0000000104100000,0x0000000104200000)]
  0x0000019f033ad800 JavaThread "Unconstrained build operations Thread 10" [_thread_blocked, id=18256, stack(0x0000000104200000,0x0000000104300000)]
  0x0000019f033aa800 JavaThread "Unconstrained build operations Thread 11" [_thread_blocked, id=20076, stack(0x0000000104300000,0x0000000104400000)]
  0x0000019f033ac000 JavaThread "Unconstrained build operations Thread 12" [_thread_blocked, id=6244, stack(0x0000000104400000,0x0000000104500000)]
  0x0000019f033ab800 JavaThread "Unconstrained build operations Thread 13" [_thread_blocked, id=7576, stack(0x0000000104500000,0x0000000104600000)]
  0x0000019f033ad000 JavaThread "Unconstrained build operations Thread 14" [_thread_blocked, id=11628, stack(0x0000000104600000,0x0000000104700000)]
  0x0000019f033ae800 JavaThread "Unconstrained build operations Thread 15" [_thread_blocked, id=8044, stack(0x0000000104700000,0x0000000104800000)]
  0x0000019f033a9000 JavaThread "Unconstrained build operations Thread 16" [_thread_blocked, id=13652, stack(0x0000000104800000,0x0000000104900000)]
  0x0000019f033a9800 JavaThread "Unconstrained build operations Thread 17" [_thread_blocked, id=10692, stack(0x0000000104900000,0x0000000104a00000)]
  0x0000019f033b1000 JavaThread "Unconstrained build operations Thread 18" [_thread_blocked, id=6080, stack(0x0000000104a00000,0x0000000104b00000)]
  0x0000019f033b2800 JavaThread "Unconstrained build operations Thread 19" [_thread_blocked, id=10860, stack(0x0000000104b00000,0x0000000104c00000)]
  0x0000019f033b0000 JavaThread "Unconstrained build operations Thread 20" [_thread_blocked, id=10920, stack(0x0000000104c00000,0x0000000104d00000)]
  0x0000019f033b5000 JavaThread "Unconstrained build operations Thread 21" [_thread_blocked, id=8844, stack(0x0000000104d00000,0x0000000104e00000)]
  0x0000019f033b2000 JavaThread "Unconstrained build operations Thread 22" [_thread_blocked, id=7004, stack(0x0000000104e00000,0x0000000104f00000)]
  0x0000019f033b3800 JavaThread "Unconstrained build operations Thread 23" [_thread_blocked, id=6500, stack(0x0000000104f00000,0x0000000105000000)]
  0x0000019f033b4800 JavaThread "Unconstrained build operations Thread 24" [_thread_blocked, id=14088, stack(0x0000000105000000,0x0000000105100000)]
  0x0000019f033af800 JavaThread "Unconstrained build operations Thread 25" [_thread_blocked, id=18264, stack(0x0000000105100000,0x0000000105200000)]
  0x0000019f033b6800 JavaThread "Unconstrained build operations Thread 26" [_thread_blocked, id=13444, stack(0x0000000105200000,0x0000000105300000)]
  0x0000019f033b6000 JavaThread "Unconstrained build operations Thread 27" [_thread_blocked, id=9912, stack(0x0000000105300000,0x0000000105400000)]
  0x0000019f033b7800 JavaThread "Unconstrained build operations Thread 28" [_thread_blocked, id=15896, stack(0x0000000105400000,0x0000000105500000)]
  0x0000019f7e7fc000 JavaThread "Unconstrained build operations Thread 29" [_thread_blocked, id=5288, stack(0x0000000105500000,0x0000000105600000)]
  0x0000019f7e7fb000 JavaThread "Unconstrained build operations Thread 30" [_thread_blocked, id=13484, stack(0x0000000105600000,0x0000000105700000)]
  0x0000019f7e7fd000 JavaThread "Unconstrained build operations Thread 31" [_thread_blocked, id=12092, stack(0x0000000105700000,0x0000000105800000)]
  0x0000019f7e7ff800 JavaThread "Unconstrained build operations Thread 32" [_thread_blocked, id=11864, stack(0x0000000105800000,0x0000000105900000)]
  0x0000019f7e7fd800 JavaThread "Unconstrained build operations Thread 33" [_thread_blocked, id=16104, stack(0x0000000105900000,0x0000000105a00000)]
  0x0000019f7e7fe800 JavaThread "Unconstrained build operations Thread 34" [_thread_blocked, id=10856, stack(0x0000000105a00000,0x0000000105b00000)]
  0x0000019f7e800000 JavaThread "Unconstrained build operations Thread 35" [_thread_blocked, id=5840, stack(0x0000000105b00000,0x0000000105c00000)]
  0x0000019f7e7fa800 JavaThread "Unconstrained build operations Thread 36" [_thread_blocked, id=14948, stack(0x0000000105c00000,0x0000000105d00000)]
  0x0000019f7e806800 JavaThread "Unconstrained build operations Thread 37" [_thread_blocked, id=12860, stack(0x0000000105d00000,0x0000000105e00000)]
  0x0000019f7e801000 JavaThread "Unconstrained build operations Thread 38" [_thread_blocked, id=13972, stack(0x0000000105e00000,0x0000000105f00000)]
  0x0000019f7e806000 JavaThread "Unconstrained build operations Thread 39" [_thread_blocked, id=13460, stack(0x0000000105f00000,0x0000000106000000)]
  0x0000019f7e803800 JavaThread "Unconstrained build operations Thread 40" [_thread_blocked, id=2936, stack(0x0000000106000000,0x0000000106100000)]
  0x0000019f7e804000 JavaThread "Unconstrained build operations Thread 41" [_thread_blocked, id=2916, stack(0x0000000106100000,0x0000000106200000)]
  0x0000019f7e802800 JavaThread "Unconstrained build operations Thread 42" [_thread_blocked, id=5008, stack(0x0000000106200000,0x0000000106300000)]
  0x0000019f7e807800 JavaThread "Unconstrained build operations Thread 43" [_thread_blocked, id=18176, stack(0x0000000106300000,0x0000000106400000)]
  0x0000019f7e801800 JavaThread "Unconstrained build operations Thread 44" [_thread_blocked, id=2628, stack(0x0000000106400000,0x0000000106500000)]
  0x0000019f7e805000 JavaThread "Unconstrained build operations Thread 45" [_thread_blocked, id=16212, stack(0x0000000106500000,0x0000000106600000)]
  0x0000019f7e808800 JavaThread "Unconstrained build operations Thread 46" [_thread_blocked, id=20084, stack(0x0000000106600000,0x0000000106700000)]
  0x0000019f7e809000 JavaThread "Unconstrained build operations Thread 47" [_thread_blocked, id=19612, stack(0x0000000106700000,0x0000000106800000)]
  0x0000019f00d8d800 JavaThread "Unconstrained build operations Thread 48" [_thread_blocked, id=4576, stack(0x0000000106800000,0x0000000106900000)]
  0x0000019f00d8a000 JavaThread "Unconstrained build operations Thread 49" [_thread_blocked, id=20268, stack(0x0000000106900000,0x0000000106a00000)]
  0x0000019f00d8b800 JavaThread "Unconstrained build operations Thread 50" [_thread_blocked, id=16884, stack(0x0000000106a00000,0x0000000106b00000)]
  0x0000019f00d8e000 JavaThread "Unconstrained build operations Thread 51" [_thread_blocked, id=12372, stack(0x0000000106b00000,0x0000000106c00000)]
  0x0000019f00d8f000 JavaThread "Unconstrained build operations Thread 52" [_thread_blocked, id=4932, stack(0x0000000106c00000,0x0000000106d00000)]
  0x0000019f00d8c800 JavaThread "Unconstrained build operations Thread 53" [_thread_blocked, id=10592, stack(0x0000000106d00000,0x0000000106e00000)]
  0x0000019f00d89800 JavaThread "Unconstrained build operations Thread 54" [_thread_blocked, id=14396, stack(0x0000000106e00000,0x0000000106f00000)]
  0x0000019f00d90000 JavaThread "Unconstrained build operations Thread 55" [_thread_blocked, id=6800, stack(0x0000000106f00000,0x0000000107000000)]
  0x0000019f00d90800 JavaThread "Unconstrained build operations Thread 56" [_thread_blocked, id=17704, stack(0x0000000107000000,0x0000000107100000)]
  0x0000019f00d8b000 JavaThread "Unconstrained build operations Thread 57" [_thread_blocked, id=4308, stack(0x0000000107100000,0x0000000107200000)]
  0x0000019f00d96800 JavaThread "Unconstrained build operations Thread 58" [_thread_blocked, id=2408, stack(0x0000000107200000,0x0000000107300000)]
  0x0000019f00d97000 JavaThread "Unconstrained build operations Thread 59" [_thread_blocked, id=9228, stack(0x0000000107300000,0x0000000107400000)]
  0x0000019f00d95800 JavaThread "Unconstrained build operations Thread 60" [_thread_blocked, id=12916, stack(0x0000000107400000,0x0000000107500000)]
  0x0000019f00d92800 JavaThread "Unconstrained build operations Thread 61" [_thread_blocked, id=13296, stack(0x0000000107500000,0x0000000107600000)]
  0x0000019f00d93000 JavaThread "Unconstrained build operations Thread 62" [_thread_blocked, id=19884, stack(0x0000000107600000,0x0000000107700000)]
  0x0000019f00d91800 JavaThread "Unconstrained build operations Thread 63" [_thread_blocked, id=9368, stack(0x0000000107700000,0x0000000107800000)]
  0x0000019f00d94000 JavaThread "Unconstrained build operations Thread 64" [_thread_blocked, id=12004, stack(0x0000000107800000,0x0000000107900000)]
  0x0000019f00d98000 JavaThread "Unconstrained build operations Thread 65" [_thread_blocked, id=9872, stack(0x0000000107900000,0x0000000107a00000)]
  0x0000019f00d94800 JavaThread "Unconstrained build operations Thread 66" [_thread_blocked, id=19592, stack(0x0000000107a00000,0x0000000107b00000)]
  0x0000019f7d5ef000 JavaThread "Unconstrained build operations Thread 67" [_thread_blocked, id=5528, stack(0x0000000107b00000,0x0000000107c00000)]
  0x0000019f7d5f1800 JavaThread "Unconstrained build operations Thread 68" [_thread_blocked, id=18524, stack(0x0000000107c00000,0x0000000107d00000)]
  0x0000019f7d5f3000 JavaThread "Unconstrained build operations Thread 69" [_thread_blocked, id=19672, stack(0x0000000107d00000,0x0000000107e00000)]
  0x0000019f7d5f2800 JavaThread "Unconstrained build operations Thread 70" [_thread_blocked, id=680, stack(0x0000000107e00000,0x0000000107f00000)]
  0x0000019f7d5ee800 JavaThread "Unconstrained build operations Thread 71" [_thread_blocked, id=20352, stack(0x0000000107f00000,0x0000000108000000)]
  0x0000019f7d5f4000 JavaThread "Unconstrained build operations Thread 72" [_thread_blocked, id=20424, stack(0x0000000108000000,0x0000000108100000)]
  0x0000019f7d5f0000 JavaThread "Unconstrained build operations Thread 73" [_thread_blocked, id=11944, stack(0x0000000108100000,0x0000000108200000)]
  0x0000019f7d5f5000 JavaThread "Unconstrained build operations Thread 74" [_thread_blocked, id=4668, stack(0x0000000108200000,0x0000000108300000)]
  0x0000019f7d5f5800 JavaThread "Unconstrained build operations Thread 75" [_thread_blocked, id=18332, stack(0x0000000108300000,0x0000000108400000)]
  0x0000019f7d5f6800 JavaThread "Unconstrained build operations Thread 76" [_thread_blocked, id=5108, stack(0x0000000108400000,0x0000000108500000)]
  0x0000019f7d5f0800 JavaThread "Unconstrained build operations Thread 77" [_thread_blocked, id=15584, stack(0x0000000108500000,0x0000000108600000)]
  0x0000019f7d5fd000 JavaThread "Unconstrained build operations Thread 78" [_thread_blocked, id=19404, stack(0x0000000108600000,0x0000000108700000)]
  0x0000019f7d5f7000 JavaThread "Unconstrained build operations Thread 79" [_thread_blocked, id=10520, stack(0x0000000108700000,0x0000000108800000)]
  0x0000019f7d5fa800 JavaThread "Unconstrained build operations Thread 80" [_thread_blocked, id=3240, stack(0x0000000108800000,0x0000000108900000)]
  0x0000019f7d5fc000 JavaThread "jar transforms Thread 4" [_thread_blocked, id=4936, stack(0x0000000108900000,0x0000000108a00000)]
  0x0000019f7d5f8000 JavaThread "jar transforms Thread 5" [_thread_blocked, id=12816, stack(0x0000000108a00000,0x0000000108b00000)]
  0x0000019f7d5f9000 JavaThread "jar transforms Thread 6" [_thread_blocked, id=7260, stack(0x0000000108b00000,0x0000000108c00000)]
  0x0000019f7d5f9800 JavaThread "jar transforms Thread 7" [_thread_blocked, id=10696, stack(0x0000000108c00000,0x0000000108d00000)]
  0x0000019f7d5fb800 JavaThread "jar transforms Thread 8" [_thread_blocked, id=18080, stack(0x0000000108d00000,0x0000000108e00000)]

Other Threads:
  0x0000019f3b77b000 VMThread "VM Thread" [stack: 0x0000000100c00000,0x0000000100d00000] [id=20776]
  0x0000019f7c21f800 WatcherThread [stack: 0x0000000101600000,0x0000000101700000] [id=3784]
  0x0000019f1f33c000 GCTaskThread "GC Thread#0" [stack: 0x0000000100700000,0x0000000100800000] [id=19632]
  0x0000019f7d01b800 GCTaskThread "GC Thread#1" [stack: 0x0000000101900000,0x0000000101a00000] [id=11812]
  0x0000019f7cedd000 GCTaskThread "GC Thread#2" [stack: 0x0000000101a00000,0x0000000101b00000] [id=13804]
  0x0000019f7eb6d000 GCTaskThread "GC Thread#3" [stack: 0x0000000102300000,0x0000000102400000] [id=20876]
  0x0000019f7e831000 GCTaskThread "GC Thread#4" [stack: 0x0000000102400000,0x0000000102500000] [id=8828]
  0x0000019f7ee5c800 GCTaskThread "GC Thread#5" [stack: 0x0000000102500000,0x0000000102600000] [id=15432]
  0x0000019f7e790000 GCTaskThread "GC Thread#6" [stack: 0x0000000102600000,0x0000000102700000] [id=19908]
  0x0000019f7d34a000 GCTaskThread "GC Thread#7" [stack: 0x0000000102700000,0x0000000102800000] [id=13920]
  0x0000019f1f36d000 ConcurrentGCThread "G1 Main Marker" [stack: 0x0000000100800000,0x0000000100900000] [id=12456]
  0x0000019f1f36f000 ConcurrentGCThread "G1 Conc#0" [stack: 0x0000000100900000,0x0000000100a00000] [id=14252]
  0x0000019f7e56f000 ConcurrentGCThread "G1 Conc#1" [stack: 0x0000000102b00000,0x0000000102c00000] [id=12576]
  0x0000019f3b5c2800 ConcurrentGCThread "G1 Refine#0" [stack: 0x0000000100a00000,0x0000000100b00000] [id=9308]
  0x0000019f3b5c6800 ConcurrentGCThread "G1 Young RemSet Sampling" [stack: 0x0000000100b00000,0x0000000100c00000] [id=6408]

Threads with active compile tasks:
C2 CompilerThread0  20483 5374       4       java.util.zip.ZipFile$Source::initCEN (658 bytes)

VM state:not at safepoint (normal execution)

VM Mutex/Monitor currently owned by a thread: None

Heap address: 0x0000000080000000, size: 2048 MB, Compressed Oops mode: 32-bit
Narrow klass base: 0x0000019f3b780000, Narrow klass shift: 0
Compressed class space size: 1073741824 Address: 0x0000019f3b780000

Heap:
 garbage-first heap   total 157696K, used 95072K [0x0000000080000000, 0x0000000100000000)
  region size 1024K, 66 young (67584K), 7 survivors (7168K)
 Metaspace       used 48013K, capacity 49238K, committed 49356K, reserved 1091584K
  class space    used 6124K, capacity 6596K, committed 6604K, reserved 1048576K
Heap Regions: E=young(eden), S=young(survivor), O=old, HS=humongous(starts), HC=humongous(continues), CS=collection set, F=free, A=archive, TAMS=top-at-mark-start (previous, next)
|   0|0x0000000080000000, 0x0000000080100000, 0x0000000080100000|100%| O|  |TAMS 0x0000000080100000, 0x0000000080000000| Untracked 
|   1|0x0000000080100000, 0x0000000080200000, 0x0000000080200000|100%| O|  |TAMS 0x0000000080200000, 0x0000000080100000| Untracked 
|   2|0x0000000080200000, 0x0000000080300000, 0x0000000080300000|100%| O|  |TAMS 0x0000000080300000, 0x0000000080200000| Untracked 
|   3|0x0000000080300000, 0x0000000080400000, 0x0000000080400000|100%|HS|  |TAMS 0x0000000080400000, 0x0000000080300000| Complete 
|   4|0x0000000080400000, 0x0000000080500000, 0x0000000080500000|100%|HC|  |TAMS 0x0000000080500000, 0x0000000080400000| Complete 
|   5|0x0000000080500000, 0x0000000080600000, 0x0000000080600000|100%|HC|  |TAMS 0x0000000080600000, 0x0000000080500000| Complete 
|   6|0x0000000080600000, 0x0000000080700000, 0x0000000080700000|100%| O|  |TAMS 0x0000000080700000, 0x0000000080600000| Untracked 
|   7|0x0000000080700000, 0x0000000080800000, 0x0000000080800000|100%| O|  |TAMS 0x0000000080800000, 0x0000000080700000| Untracked 
|   8|0x0000000080800000, 0x0000000080900000, 0x0000000080900000|100%| O|  |TAMS 0x0000000080900000, 0x0000000080800000| Untracked 
|   9|0x0000000080900000, 0x0000000080a00000, 0x0000000080a00000|100%| O|  |TAMS 0x0000000080a00000, 0x0000000080900000| Untracked 
|  10|0x0000000080a00000, 0x0000000080b00000, 0x0000000080b00000|100%| O|  |TAMS 0x0000000080b00000, 0x0000000080a00000| Untracked 
|  11|0x0000000080b00000, 0x0000000080c00000, 0x0000000080c00000|100%| O|  |TAMS 0x0000000080c00000, 0x0000000080b00000| Untracked 
|  12|0x0000000080c00000, 0x0000000080d00000, 0x0000000080d00000|100%| O|  |TAMS 0x0000000080d00000, 0x0000000080c00000| Untracked 
|  13|0x0000000080d00000, 0x0000000080e00000, 0x0000000080e00000|100%| O|  |TAMS 0x0000000080e00000, 0x0000000080d00000| Untracked 
|  14|0x0000000080e00000, 0x0000000080f00000, 0x0000000080f00000|100%| O|  |TAMS 0x0000000080f00000, 0x0000000080e00000| Untracked 
|  15|0x0000000080f00000, 0x0000000081000000, 0x0000000081000000|100%| O|  |TAMS 0x0000000080f8ee00, 0x0000000080f00000| Untracked 
|  16|0x0000000081000000, 0x0000000081100000, 0x0000000081100000|100%|HS|  |TAMS 0x0000000081000000, 0x0000000081000000| Complete 
|  17|0x0000000081100000, 0x0000000081200000, 0x0000000081200000|100%| O|  |TAMS 0x0000000081100000, 0x0000000081100000| Untracked 
|  18|0x0000000081200000, 0x0000000081300000, 0x0000000081300000|100%| O|  |TAMS 0x0000000081200000, 0x0000000081200000| Untracked 
|  19|0x0000000081300000, 0x0000000081400000, 0x0000000081400000|100%| O|  |TAMS 0x0000000081300000, 0x0000000081300000| Untracked 
|  20|0x0000000081400000, 0x0000000081500000, 0x0000000081500000|100%| O|  |TAMS 0x0000000081400000, 0x0000000081400000| Untracked 
|  21|0x0000000081500000, 0x0000000081600000, 0x0000000081600000|100%| O|  |TAMS 0x0000000081500000, 0x0000000081500000| Untracked 
|  22|0x0000000081600000, 0x00000000816d8200, 0x0000000081700000| 84%| O|  |TAMS 0x0000000081600000, 0x0000000081600000| Untracked 
|  23|0x0000000081700000, 0x0000000081800000, 0x0000000081800000|100%|HS|  |TAMS 0x0000000081700000, 0x0000000081700000| Complete 
|  24|0x0000000081800000, 0x0000000081900000, 0x0000000081900000|100%|HS|  |TAMS 0x0000000081800000, 0x0000000081800000| Complete 
|  25|0x0000000081900000, 0x0000000081a00000, 0x0000000081a00000|100%|HS|  |TAMS 0x0000000081900000, 0x0000000081900000| Complete 
|  26|0x0000000081a00000, 0x0000000081b00000, 0x0000000081b00000|100%|HS|  |TAMS 0x0000000081a00000, 0x0000000081a00000| Complete 
|  27|0x0000000081b00000, 0x0000000081c00000, 0x0000000081c00000|100%|HC|  |TAMS 0x0000000081b00000, 0x0000000081b00000| Complete 
|  28|0x0000000081c00000, 0x0000000081d00000, 0x0000000081d00000|100%|HC|  |TAMS 0x0000000081c00000, 0x0000000081c00000| Complete 
|  29|0x0000000081d00000, 0x0000000081d00000, 0x0000000081e00000|  0%| F|  |TAMS 0x0000000081d00000, 0x0000000081d00000| Untracked 
|  30|0x0000000081e00000, 0x0000000081e00000, 0x0000000081f00000|  0%| F|  |TAMS 0x0000000081e00000, 0x0000000081e00000| Untracked 
|  31|0x0000000081f00000, 0x0000000081f00000, 0x0000000082000000|  0%| F|  |TAMS 0x0000000081f00000, 0x0000000081f00000| Untracked 
|  32|0x0000000082000000, 0x0000000082000000, 0x0000000082100000|  0%| F|  |TAMS 0x0000000082000000, 0x0000000082000000| Untracked 
|  33|0x0000000082100000, 0x0000000082100000, 0x0000000082200000|  0%| F|  |TAMS 0x0000000082100000, 0x0000000082100000| Untracked 
|  34|0x0000000082200000, 0x0000000082200000, 0x0000000082300000|  0%| F|  |TAMS 0x0000000082200000, 0x0000000082200000| Untracked 
|  35|0x0000000082300000, 0x0000000082300000, 0x0000000082400000|  0%| F|  |TAMS 0x0000000082300000, 0x0000000082300000| Untracked 
|  36|0x0000000082400000, 0x0000000082400000, 0x0000000082500000|  0%| F|  |TAMS 0x0000000082400000, 0x0000000082400000| Untracked 
|  37|0x0000000082500000, 0x0000000082500000, 0x0000000082600000|  0%| F|  |TAMS 0x0000000082500000, 0x0000000082500000| Untracked 
|  38|0x0000000082600000, 0x0000000082600000, 0x0000000082700000|  0%| F|  |TAMS 0x0000000082600000, 0x0000000082600000| Untracked 
|  39|0x0000000082700000, 0x0000000082700000, 0x0000000082800000|  0%| F|  |TAMS 0x0000000082700000, 0x0000000082700000| Untracked 
|  40|0x0000000082800000, 0x0000000082800000, 0x0000000082900000|  0%| F|  |TAMS 0x0000000082800000, 0x0000000082800000| Untracked 
|  41|0x0000000082900000, 0x0000000082900000, 0x0000000082a00000|  0%| F|  |TAMS 0x0000000082900000, 0x0000000082900000| Untracked 
|  42|0x0000000082a00000, 0x0000000082a00000, 0x0000000082b00000|  0%| F|  |TAMS 0x0000000082a00000, 0x0000000082a00000| Untracked 
|  43|0x0000000082b00000, 0x0000000082b00000, 0x0000000082c00000|  0%| F|  |TAMS 0x0000000082b00000, 0x0000000082b00000| Untracked 
|  44|0x0000000082c00000, 0x0000000082c00000, 0x0000000082d00000|  0%| F|  |TAMS 0x0000000082c00000, 0x0000000082c00000| Untracked 
|  45|0x0000000082d00000, 0x0000000082d00000, 0x0000000082e00000|  0%| F|  |TAMS 0x0000000082d00000, 0x0000000082d00000| Untracked 
|  46|0x0000000082e00000, 0x0000000082e00000, 0x0000000082f00000|  0%| F|  |TAMS 0x0000000082e00000, 0x0000000082e00000| Untracked 
|  47|0x0000000082f00000, 0x0000000082f00000, 0x0000000083000000|  0%| F|  |TAMS 0x0000000082f00000, 0x0000000082f00000| Untracked 
|  48|0x0000000083000000, 0x0000000083000000, 0x0000000083100000|  0%| F|  |TAMS 0x0000000083000000, 0x0000000083000000| Untracked 
|  49|0x0000000083100000, 0x0000000083100000, 0x0000000083200000|  0%| F|  |TAMS 0x0000000083100000, 0x0000000083100000| Untracked 
|  50|0x0000000083200000, 0x0000000083200000, 0x0000000083300000|  0%| F|  |TAMS 0x0000000083200000, 0x0000000083200000| Untracked 
|  51|0x0000000083300000, 0x0000000083300000, 0x0000000083400000|  0%| F|  |TAMS 0x0000000083300000, 0x0000000083300000| Untracked 
|  52|0x0000000083400000, 0x0000000083400000, 0x0000000083500000|  0%| F|  |TAMS 0x0000000083400000, 0x0000000083400000| Untracked 
|  53|0x0000000083500000, 0x0000000083500000, 0x0000000083600000|  0%| F|  |TAMS 0x0000000083500000, 0x0000000083500000| Untracked 
|  54|0x0000000083600000, 0x0000000083600000, 0x0000000083700000|  0%| F|  |TAMS 0x0000000083600000, 0x0000000083600000| Untracked 
|  55|0x0000000083700000, 0x0000000083700000, 0x0000000083800000|  0%| F|  |TAMS 0x0000000083700000, 0x0000000083700000| Untracked 
|  56|0x0000000083800000, 0x0000000083800000, 0x0000000083900000|  0%| F|  |TAMS 0x0000000083800000, 0x0000000083800000| Untracked 
|  57|0x0000000083900000, 0x0000000083900000, 0x0000000083a00000|  0%| F|  |TAMS 0x0000000083900000, 0x0000000083900000| Untracked 
|  58|0x0000000083a00000, 0x0000000083a00000, 0x0000000083b00000|  0%| F|  |TAMS 0x0000000083a00000, 0x0000000083a00000| Untracked 
|  59|0x0000000083b00000, 0x0000000083b00000, 0x0000000083c00000|  0%| F|  |TAMS 0x0000000083b00000, 0x0000000083b00000| Untracked 
|  60|0x0000000083c00000, 0x0000000083c00000, 0x0000000083d00000|  0%| F|  |TAMS 0x0000000083c00000, 0x0000000083c00000| Untracked 
|  61|0x0000000083d00000, 0x0000000083d00000, 0x0000000083e00000|  0%| F|  |TAMS 0x0000000083d00000, 0x0000000083d00000| Untracked 
|  62|0x0000000083e00000, 0x0000000083e00000, 0x0000000083f00000|  0%| F|  |TAMS 0x0000000083e00000, 0x0000000083e00000| Untracked 
|  63|0x0000000083f00000, 0x0000000083f00000, 0x0000000084000000|  0%| F|  |TAMS 0x0000000083f00000, 0x0000000083f00000| Untracked 
|  64|0x0000000084000000, 0x0000000084000000, 0x0000000084100000|  0%| F|  |TAMS 0x0000000084000000, 0x0000000084000000| Untracked 
|  65|0x0000000084100000, 0x0000000084100000, 0x0000000084200000|  0%| F|  |TAMS 0x0000000084100000, 0x0000000084100000| Untracked 
|  66|0x0000000084200000, 0x0000000084200000, 0x0000000084300000|  0%| F|  |TAMS 0x0000000084200000, 0x0000000084200000| Untracked 
|  67|0x0000000084300000, 0x0000000084300000, 0x0000000084400000|  0%| F|  |TAMS 0x0000000084300000, 0x0000000084300000| Untracked 
|  68|0x0000000084400000, 0x0000000084400000, 0x0000000084500000|  0%| F|  |TAMS 0x0000000084400000, 0x0000000084400000| Untracked 
|  69|0x0000000084500000, 0x0000000084500000, 0x0000000084600000|  0%| F|  |TAMS 0x0000000084500000, 0x0000000084500000| Untracked 
|  70|0x0000000084600000, 0x0000000084600000, 0x0000000084700000|  0%| F|  |TAMS 0x0000000084600000, 0x0000000084600000| Untracked 
|  71|0x0000000084700000, 0x0000000084700000, 0x0000000084800000|  0%| F|  |TAMS 0x0000000084700000, 0x0000000084700000| Untracked 
|  72|0x0000000084800000, 0x0000000084800000, 0x0000000084900000|  0%| F|  |TAMS 0x0000000084800000, 0x0000000084800000| Untracked 
|  73|0x0000000084900000, 0x0000000084a00000, 0x0000000084a00000|100%| S|CS|TAMS 0x0000000084900000, 0x0000000084900000| Complete 
|  74|0x0000000084a00000, 0x0000000084b00000, 0x0000000084b00000|100%| S|CS|TAMS 0x0000000084a00000, 0x0000000084a00000| Complete 
|  75|0x0000000084b00000, 0x0000000084c00000, 0x0000000084c00000|100%| S|CS|TAMS 0x0000000084b00000, 0x0000000084b00000| Complete 
|  76|0x0000000084c00000, 0x0000000084d00000, 0x0000000084d00000|100%| S|CS|TAMS 0x0000000084c00000, 0x0000000084c00000| Complete 
|  77|0x0000000084d00000, 0x0000000084e00000, 0x0000000084e00000|100%| S|CS|TAMS 0x0000000084d00000, 0x0000000084d00000| Complete 
|  78|0x0000000084e00000, 0x0000000084f00000, 0x0000000084f00000|100%| S|CS|TAMS 0x0000000084e00000, 0x0000000084e00000| Complete 
|  79|0x0000000084f00000, 0x0000000085000000, 0x0000000085000000|100%| S|CS|TAMS 0x0000000084f00000, 0x0000000084f00000| Complete 
|  80|0x0000000085000000, 0x0000000085000000, 0x0000000085100000|  0%| F|  |TAMS 0x0000000085000000, 0x0000000085000000| Untracked 
|  81|0x0000000085100000, 0x0000000085100000, 0x0000000085200000|  0%| F|  |TAMS 0x0000000085100000, 0x0000000085100000| Untracked 
|  82|0x0000000085200000, 0x0000000085200000, 0x0000000085300000|  0%| F|  |TAMS 0x0000000085200000, 0x0000000085200000| Untracked 
|  83|0x0000000085300000, 0x0000000085300000, 0x0000000085400000|  0%| F|  |TAMS 0x0000000085300000, 0x0000000085300000| Untracked 
|  84|0x0000000085400000, 0x0000000085400000, 0x0000000085500000|  0%| F|  |TAMS 0x0000000085400000, 0x0000000085400000| Untracked 
|  85|0x0000000085500000, 0x0000000085500000, 0x0000000085600000|  0%| F|  |TAMS 0x0000000085500000, 0x0000000085500000| Untracked 
|  86|0x0000000085600000, 0x0000000085600000, 0x0000000085700000|  0%| F|  |TAMS 0x0000000085600000, 0x0000000085600000| Untracked 
|  87|0x0000000085700000, 0x0000000085700000, 0x0000000085800000|  0%| F|  |TAMS 0x0000000085700000, 0x0000000085700000| Untracked 
|  88|0x0000000085800000, 0x0000000085800000, 0x0000000085900000|  0%| F|  |TAMS 0x0000000085800000, 0x0000000085800000| Untracked 
|  89|0x0000000085900000, 0x0000000085900000, 0x0000000085a00000|  0%| F|  |TAMS 0x0000000085900000, 0x0000000085900000| Untracked 
|  90|0x0000000085a00000, 0x0000000085a00000, 0x0000000085b00000|  0%| F|  |TAMS 0x0000000085a00000, 0x0000000085a00000| Untracked 
|  91|0x0000000085b00000, 0x0000000085b00000, 0x0000000085c00000|  0%| F|  |TAMS 0x0000000085b00000, 0x0000000085b00000| Untracked 
|  92|0x0000000085c00000, 0x0000000085c00000, 0x0000000085d00000|  0%| F|  |TAMS 0x0000000085c00000, 0x0000000085c00000| Untracked 
|  93|0x0000000085d00000, 0x0000000085d00000, 0x0000000085e00000|  0%| F|  |TAMS 0x0000000085d00000, 0x0000000085d00000| Untracked 
|  94|0x0000000085e00000, 0x0000000085e00000, 0x0000000085f00000|  0%| F|  |TAMS 0x0000000085e00000, 0x0000000085e00000| Untracked 
|  95|0x0000000085f00000, 0x0000000086000000, 0x0000000086000000|100%| E|  |TAMS 0x0000000085f00000, 0x0000000085f00000| Complete 
|  96|0x0000000086000000, 0x0000000086100000, 0x0000000086100000|100%| E|CS|TAMS 0x0000000086000000, 0x0000000086000000| Complete 
|  97|0x0000000086100000, 0x0000000086200000, 0x0000000086200000|100%| E|CS|TAMS 0x0000000086100000, 0x0000000086100000| Complete 
|  98|0x0000000086200000, 0x0000000086300000, 0x0000000086300000|100%| E|  |TAMS 0x0000000086200000, 0x0000000086200000| Complete 
|  99|0x0000000086300000, 0x0000000086400000, 0x0000000086400000|100%| E|CS|TAMS 0x0000000086300000, 0x0000000086300000| Complete 
| 100|0x0000000086400000, 0x0000000086500000, 0x0000000086500000|100%| E|CS|TAMS 0x0000000086400000, 0x0000000086400000| Complete 
| 101|0x0000000086500000, 0x0000000086600000, 0x0000000086600000|100%| E|CS|TAMS 0x0000000086500000, 0x0000000086500000| Complete 
| 102|0x0000000086600000, 0x0000000086700000, 0x0000000086700000|100%| E|CS|TAMS 0x0000000086600000, 0x0000000086600000| Complete 
| 103|0x0000000086700000, 0x0000000086800000, 0x0000000086800000|100%| E|CS|TAMS 0x0000000086700000, 0x0000000086700000| Complete 
| 104|0x0000000086800000, 0x0000000086900000, 0x0000000086900000|100%| E|CS|TAMS 0x0000000086800000, 0x0000000086800000| Complete 
| 105|0x0000000086900000, 0x0000000086a00000, 0x0000000086a00000|100%| E|CS|TAMS 0x0000000086900000, 0x0000000086900000| Complete 
| 106|0x0000000086a00000, 0x0000000086b00000, 0x0000000086b00000|100%| E|CS|TAMS 0x0000000086a00000, 0x0000000086a00000| Complete 
| 107|0x0000000086b00000, 0x0000000086c00000, 0x0000000086c00000|100%| E|CS|TAMS 0x0000000086b00000, 0x0000000086b00000| Complete 
| 108|0x0000000086c00000, 0x0000000086d00000, 0x0000000086d00000|100%| E|CS|TAMS 0x0000000086c00000, 0x0000000086c00000| Complete 
| 109|0x0000000086d00000, 0x0000000086e00000, 0x0000000086e00000|100%| E|CS|TAMS 0x0000000086d00000, 0x0000000086d00000| Complete 
| 110|0x0000000086e00000, 0x0000000086f00000, 0x0000000086f00000|100%| E|CS|TAMS 0x0000000086e00000, 0x0000000086e00000| Complete 
| 111|0x0000000086f00000, 0x0000000087000000, 0x0000000087000000|100%| E|CS|TAMS 0x0000000086f00000, 0x0000000086f00000| Complete 
| 112|0x0000000087000000, 0x0000000087100000, 0x0000000087100000|100%| E|CS|TAMS 0x0000000087000000, 0x0000000087000000| Complete 
| 113|0x0000000087100000, 0x0000000087200000, 0x0000000087200000|100%| E|CS|TAMS 0x0000000087100000, 0x0000000087100000| Complete 
| 114|0x0000000087200000, 0x0000000087300000, 0x0000000087300000|100%| E|CS|TAMS 0x0000000087200000, 0x0000000087200000| Complete 
| 115|0x0000000087300000, 0x0000000087400000, 0x0000000087400000|100%| E|CS|TAMS 0x0000000087300000, 0x0000000087300000| Complete 
| 116|0x0000000087400000, 0x0000000087500000, 0x0000000087500000|100%| E|CS|TAMS 0x0000000087400000, 0x0000000087400000| Complete 
| 117|0x0000000087500000, 0x0000000087600000, 0x0000000087600000|100%| E|CS|TAMS 0x0000000087500000, 0x0000000087500000| Complete 
| 118|0x0000000087600000, 0x0000000087700000, 0x0000000087700000|100%| E|CS|TAMS 0x0000000087600000, 0x0000000087600000| Complete 
| 119|0x0000000087700000, 0x0000000087800000, 0x0000000087800000|100%| E|CS|TAMS 0x0000000087700000, 0x0000000087700000| Complete 
| 120|0x0000000087800000, 0x0000000087900000, 0x0000000087900000|100%| E|CS|TAMS 0x0000000087800000, 0x0000000087800000| Complete 
| 121|0x0000000087900000, 0x0000000087a00000, 0x0000000087a00000|100%| E|CS|TAMS 0x0000000087900000, 0x0000000087900000| Complete 
| 122|0x0000000087a00000, 0x0000000087b00000, 0x0000000087b00000|100%| E|CS|TAMS 0x0000000087a00000, 0x0000000087a00000| Complete 
| 123|0x0000000087b00000, 0x0000000087c00000, 0x0000000087c00000|100%| E|CS|TAMS 0x0000000087b00000, 0x0000000087b00000| Complete 
| 124|0x0000000087c00000, 0x0000000087d00000, 0x0000000087d00000|100%| E|CS|TAMS 0x0000000087c00000, 0x0000000087c00000| Complete 
| 125|0x0000000087d00000, 0x0000000087e00000, 0x0000000087e00000|100%| E|CS|TAMS 0x0000000087d00000, 0x0000000087d00000| Complete 
| 126|0x0000000087e00000, 0x0000000087f00000, 0x0000000087f00000|100%| E|CS|TAMS 0x0000000087e00000, 0x0000000087e00000| Complete 
| 127|0x0000000087f00000, 0x0000000088000000, 0x0000000088000000|100%| E|CS|TAMS 0x0000000087f00000, 0x0000000087f00000| Complete 
| 128|0x0000000088000000, 0x0000000088100000, 0x0000000088100000|100%| E|CS|TAMS 0x0000000088000000, 0x0000000088000000| Complete 
| 129|0x0000000088100000, 0x0000000088200000, 0x0000000088200000|100%| E|CS|TAMS 0x0000000088100000, 0x0000000088100000| Complete 
| 130|0x0000000088200000, 0x0000000088300000, 0x0000000088300000|100%| E|CS|TAMS 0x0000000088200000, 0x0000000088200000| Complete 
| 131|0x0000000088300000, 0x0000000088400000, 0x0000000088400000|100%| E|CS|TAMS 0x0000000088300000, 0x0000000088300000| Complete 
| 132|0x0000000088400000, 0x0000000088500000, 0x0000000088500000|100%| E|CS|TAMS 0x0000000088400000, 0x0000000088400000| Complete 
| 133|0x0000000088500000, 0x0000000088600000, 0x0000000088600000|100%| E|CS|TAMS 0x0000000088500000, 0x0000000088500000| Complete 
| 134|0x0000000088600000, 0x0000000088700000, 0x0000000088700000|100%| E|CS|TAMS 0x0000000088600000, 0x0000000088600000| Complete 
| 135|0x0000000088700000, 0x0000000088800000, 0x0000000088800000|100%| E|CS|TAMS 0x0000000088700000, 0x0000000088700000| Complete 
| 136|0x0000000088800000, 0x0000000088900000, 0x0000000088900000|100%| E|CS|TAMS 0x0000000088800000, 0x0000000088800000| Complete 
| 137|0x0000000088900000, 0x0000000088a00000, 0x0000000088a00000|100%| E|CS|TAMS 0x0000000088900000, 0x0000000088900000| Complete 
| 138|0x0000000088a00000, 0x0000000088b00000, 0x0000000088b00000|100%| E|CS|TAMS 0x0000000088a00000, 0x0000000088a00000| Complete 
| 139|0x0000000088b00000, 0x0000000088c00000, 0x0000000088c00000|100%| E|CS|TAMS 0x0000000088b00000, 0x0000000088b00000| Complete 
| 140|0x0000000088c00000, 0x0000000088d00000, 0x0000000088d00000|100%| E|CS|TAMS 0x0000000088c00000, 0x0000000088c00000| Complete 
| 141|0x0000000088d00000, 0x0000000088e00000, 0x0000000088e00000|100%| E|CS|TAMS 0x0000000088d00000, 0x0000000088d00000| Complete 
| 142|0x0000000088e00000, 0x0000000088f00000, 0x0000000088f00000|100%| E|CS|TAMS 0x0000000088e00000, 0x0000000088e00000| Complete 
| 143|0x0000000088f00000, 0x0000000089000000, 0x0000000089000000|100%| E|CS|TAMS 0x0000000088f00000, 0x0000000088f00000| Complete 
| 144|0x0000000089000000, 0x0000000089100000, 0x0000000089100000|100%| E|CS|TAMS 0x0000000089000000, 0x0000000089000000| Complete 
| 145|0x0000000089100000, 0x0000000089200000, 0x0000000089200000|100%| E|CS|TAMS 0x0000000089100000, 0x0000000089100000| Complete 
| 146|0x0000000089200000, 0x0000000089300000, 0x0000000089300000|100%| E|CS|TAMS 0x0000000089200000, 0x0000000089200000| Complete 
| 147|0x0000000089300000, 0x0000000089400000, 0x0000000089400000|100%| E|CS|TAMS 0x0000000089300000, 0x0000000089300000| Complete 
| 148|0x0000000089400000, 0x0000000089500000, 0x0000000089500000|100%| E|CS|TAMS 0x0000000089400000, 0x0000000089400000| Complete 
| 149|0x0000000089500000, 0x0000000089600000, 0x0000000089600000|100%| E|CS|TAMS 0x0000000089500000, 0x0000000089500000| Complete 
| 150|0x0000000089600000, 0x0000000089700000, 0x0000000089700000|100%| E|CS|TAMS 0x0000000089600000, 0x0000000089600000| Complete 
| 151|0x0000000089700000, 0x0000000089800000, 0x0000000089800000|100%| E|CS|TAMS 0x0000000089700000, 0x0000000089700000| Complete 
| 152|0x0000000089800000, 0x0000000089900000, 0x0000000089900000|100%| E|CS|TAMS 0x0000000089800000, 0x0000000089800000| Complete 
| 153|0x0000000089900000, 0x0000000089a00000, 0x0000000089a00000|100%| E|CS|TAMS 0x0000000089900000, 0x0000000089900000| Complete 

Card table byte_map: [0x0000019f34470000,0x0000019f34870000] _byte_map_base: 0x0000019f34070000

Marking Bits (Prev, Next): (CMBitMap*) 0x0000019f1f363fc8, (CMBitMap*) 0x0000019f1f364000
 Prev Bits: [0x0000019f34c70000, 0x0000019f36c70000)
 Next Bits: [0x0000019f36c70000, 0x0000019f38c70000)

Polling page: 0x0000019f1f400000

Metaspace:

Usage:
  Non-class:     41.64 MB capacity,    40.91 MB ( 98%) used,   625.70 KB (  1%) free+waste,   127.31 KB ( <1%) overhead. 
      Class:      6.44 MB capacity,     5.98 MB ( 93%) used,   410.81 KB (  6%) free+waste,    60.44 KB ( <1%) overhead. 
       Both:     48.08 MB capacity,    46.89 MB ( 98%) used,     1.01 MB (  2%) free+waste,   187.75 KB ( <1%) overhead. 

Virtual space:
  Non-class space:       42.00 MB reserved,      41.75 MB (>99%) committed 
      Class space:        1.00 GB reserved,       6.45 MB ( <1%) committed 
             Both:        1.04 GB reserved,      48.20 MB (  5%) committed 

Chunk freelists:
   Non-Class:  46.00 KB
       Class:  0 bytes
        Both:  46.00 KB

MaxMetaspaceSize: 17179869184.00 GB
CompressedClassSpaceSize: 1.00 GB

CodeHeap 'non-profiled nmethods': size=120000Kb used=2805Kb max_used=2805Kb free=117195Kb
 bounds [0x0000019f2c0e0000, 0x0000019f2c3a0000, 0x0000019f33610000]
CodeHeap 'profiled nmethods': size=120000Kb used=10857Kb max_used=10857Kb free=109142Kb
 bounds [0x0000019f24bb0000, 0x0000019f25650000, 0x0000019f2c0e0000]
CodeHeap 'non-nmethods': size=5760Kb used=2228Kb max_used=2272Kb free=3531Kb
 bounds [0x0000019f24610000, 0x0000019f24880000, 0x0000019f24bb0000]
 total_blobs=6125 nmethods=5338 adapters=698
 compilation: enabled
              stopped_count=0, restarted_count=0
 full_count=0

Compilation events (20 events):
Event: 20.078 Thread 0x0000019f7bfe5800 nmethod 5364 0x0000019f2c39bf90 code [0x0000019f2c39c140, 0x0000019f2c39c4b8]
Event: 20.160 Thread 0x0000019f7bfe7000 5365       3       java.util.jar.JarFile::getManEntry (91 bytes)
Event: 20.162 Thread 0x0000019f7bfe7000 nmethod 5365 0x0000019f25641910 code [0x0000019f25641be0, 0x0000019f25642b98]
Event: 20.179 Thread 0x0000019f7bfe7000 5366   !   3       java.util.jar.JarFile::checkForSpecialAttributes (163 bytes)
Event: 20.181 Thread 0x0000019f7bfe7000 nmethod 5366 0x0000019f25643090 code [0x0000019f256433c0, 0x0000019f256446f8]
Event: 20.212 Thread 0x0000019f7bfe5800 5367       4       java.util.ArrayDeque::add (7 bytes)
Event: 20.215 Thread 0x0000019f7bfe5800 nmethod 5367 0x0000019f2c39c690 code [0x0000019f2c39c840, 0x0000019f2c39ca48]
Event: 20.276 Thread 0x0000019f7bfe7000 5368       3       jdk.internal.loader.URLClassPath$3::run (5 bytes)
Event: 20.276 Thread 0x0000019f7bfe7000 nmethod 5368 0x0000019f25644e90 code [0x0000019f25645040, 0x0000019f25645188]
Event: 20.276 Thread 0x0000019f7bfe7000 5369       3       jdk.internal.loader.URLClassPath$3::run (172 bytes)
Event: 20.278 Thread 0x0000019f7bfe7000 nmethod 5369 0x0000019f25645210 code [0x0000019f25645540, 0x0000019f256466c8]
Event: 20.278 Thread 0x0000019f7bfe7000 5370       3       jdk.internal.loader.URLClassPath$JarLoader::<init> (67 bytes)
Event: 20.279 Thread 0x0000019f7bfe7000 nmethod 5370 0x0000019f25646d90 code [0x0000019f25647060, 0x0000019f25647e58]
Event: 20.279 Thread 0x0000019f7bfe7000 5371       3       jdk.internal.loader.URLClassPath$Loader::<init> (10 bytes)
Event: 20.279 Thread 0x0000019f7bfe7000 nmethod 5371 0x0000019f25648310 code [0x0000019f256484c0, 0x0000019f25648678]
Event: 20.279 Thread 0x0000019f7bfe7000 5372       3       jdk.internal.loader.URLClassPath$JarLoader$1::run (5 bytes)
Event: 20.279 Thread 0x0000019f7bfe7000 nmethod 5372 0x0000019f25648710 code [0x0000019f256488c0, 0x0000019f25648a08]
Event: 20.379 Thread 0x0000019f7bfe5800 5373 %     4       java.util.jar.JarFile::match @ 14 (132 bytes)
Event: 20.386 Thread 0x0000019f7bfe5800 nmethod 5373% 0x0000019f2c39cb90 code [0x0000019f2c39cd40, 0x0000019f2c39d118]
Event: 20.412 Thread 0x0000019f7bfe5800 5374       4       java.util.zip.ZipFile$Source::initCEN (658 bytes)

GC Heap History (16 events):
Event: 0.939 GC heap before
{Heap before GC invocations=0 (full 0):
 garbage-first heap   total 131072K, used 29696K [0x0000000080000000, 0x0000000100000000)
  region size 1024K, 24 young (24576K), 0 survivors (0K)
 Metaspace       used 9858K, capacity 10050K, committed 10112K, reserved 1058816K
  class space    used 1028K, capacity 1102K, committed 1152K, reserved 1048576K
}
Event: 0.948 GC heap after
{Heap after GC invocations=1 (full 0):
 garbage-first heap   total 131072K, used 9105K [0x0000000080000000, 0x0000000100000000)
  region size 1024K, 3 young (3072K), 3 survivors (3072K)
 Metaspace       used 9858K, capacity 10050K, committed 10112K, reserved 1058816K
  class space    used 1028K, capacity 1102K, committed 1152K, reserved 1048576K
}
Event: 1.549 GC heap before
{Heap before GC invocations=1 (full 0):
 garbage-first heap   total 131072K, used 31633K [0x0000000080000000, 0x0000000100000000)
  region size 1024K, 25 young (25600K), 3 survivors (3072K)
 Metaspace       used 10799K, capacity 11005K, committed 11264K, reserved 1058816K
  class space    used 1130K, capacity 1207K, committed 1280K, reserved 1048576K
}
Event: 1.555 GC heap after
{Heap after GC invocations=2 (full 0):
 garbage-first heap   total 131072K, used 9760K [0x0000000080000000, 0x0000000100000000)
  region size 1024K, 1 young (1024K), 1 survivors (1024K)
 Metaspace       used 10799K, capacity 11005K, committed 11264K, reserved 1058816K
  class space    used 1130K, capacity 1207K, committed 1280K, reserved 1048576K
}
Event: 3.541 GC heap before
{Heap before GC invocations=2 (full 0):
 garbage-first heap   total 131072K, used 61984K [0x0000000080000000, 0x0000000100000000)
  region size 1024K, 52 young (53248K), 1 survivors (1024K)
 Metaspace       used 17618K, capacity 17986K, committed 18176K, reserved 1064960K
  class space    used 2083K, capacity 2217K, committed 2304K, reserved 1048576K
}
Event: 3.550 GC heap after
{Heap after GC invocations=3 (full 0):
 garbage-first heap   total 131072K, used 16018K [0x0000000080000000, 0x0000000100000000)
  region size 1024K, 7 young (7168K), 7 survivors (7168K)
 Metaspace       used 17618K, capacity 17986K, committed 18176K, reserved 1064960K
  class space    used 2083K, capacity 2217K, committed 2304K, reserved 1048576K
}
Event: 4.167 GC heap before
{Heap before GC invocations=3 (full 0):
 garbage-first heap   total 131072K, used 40594K [0x0000000080000000, 0x0000000100000000)
  region size 1024K, 32 young (32768K), 7 survivors (7168K)
 Metaspace       used 20677K, capacity 21069K, committed 21248K, reserved 1067008K
  class space    used 2535K, capacity 2691K, committed 2816K, reserved 1048576K
}
Event: 4.181 GC heap after
{Heap after GC invocations=4 (full 0):
 garbage-first heap   total 131072K, used 17101K [0x0000000080000000, 0x0000000100000000)
  region size 1024K, 2 young (2048K), 2 survivors (2048K)
 Metaspace       used 20677K, capacity 21069K, committed 21248K, reserved 1067008K
  class space    used 2535K, capacity 2691K, committed 2816K, reserved 1048576K
}
Event: 5.798 GC heap before
{Heap before GC invocations=5 (full 0):
 garbage-first heap   total 131072K, used 70349K [0x0000000080000000, 0x0000000100000000)
  region size 1024K, 54 young (55296K), 2 survivors (2048K)
 Metaspace       used 26064K, capacity 26630K, committed 26752K, reserved 1073152K
  class space    used 3402K, capacity 3615K, committed 3712K, reserved 1048576K
}
Event: 5.804 GC heap after
{Heap after GC invocations=6 (full 0):
 garbage-first heap   total 131072K, used 18812K [0x0000000080000000, 0x0000000100000000)
  region size 1024K, 3 young (3072K), 3 survivors (3072K)
 Metaspace       used 26064K, capacity 26630K, committed 26752K, reserved 1073152K
  class space    used 3402K, capacity 3615K, committed 3712K, reserved 1048576K
}
Event: 7.782 GC heap before
{Heap before GC invocations=6 (full 0):
 garbage-first heap   total 131072K, used 78204K [0x0000000080000000, 0x0000000100000000)
  region size 1024K, 62 young (63488K), 3 survivors (3072K)
 Metaspace       used 35052K, capacity 35786K, committed 35840K, reserved 1081344K
  class space    used 4551K, capacity 4863K, committed 4864K, reserved 1048576K
}
Event: 7.804 GC heap after
{Heap after GC invocations=7 (full 0):
 garbage-first heap   total 131072K, used 22425K [0x0000000080000000, 0x0000000100000000)
  region size 1024K, 7 young (7168K), 7 survivors (7168K)
 Metaspace       used 35052K, capacity 35786K, committed 35840K, reserved 1081344K
  class space    used 4551K, capacity 4863K, committed 4864K, reserved 1048576K
}
Event: 9.508 GC heap before
{Heap before GC invocations=8 (full 0):
 garbage-first heap   total 131072K, used 86937K [0x0000000080000000, 0x0000000100000000)
  region size 1024K, 68 young (69632K), 7 survivors (7168K)
 Metaspace       used 39468K, capacity 40405K, committed 40524K, reserved 1085440K
  class space    used 5055K, capacity 5395K, committed 5452K, reserved 1048576K
}
Event: 9.525 GC heap after
{Heap after GC invocations=9 (full 0):
 garbage-first heap   total 157696K, used 27427K [0x0000000080000000, 0x0000000100000000)
  region size 1024K, 9 young (9216K), 9 survivors (9216K)
 Metaspace       used 39468K, capacity 40405K, committed 40524K, reserved 1085440K
  class space    used 5055K, capacity 5395K, committed 5452K, reserved 1048576K
}
Event: 11.939 GC heap before
{Heap before GC invocations=9 (full 0):
 garbage-first heap   total 157696K, used 103203K [0x0000000080000000, 0x0000000100000000)
  region size 1024K, 83 young (84992K), 9 survivors (9216K)
 Metaspace       used 46196K, capacity 47271K, committed 47308K, reserved 1089536K
  class space    used 5943K, capacity 6332K, committed 6348K, reserved 1048576K
}
Event: 11.952 GC heap after
{Heap after GC invocations=10 (full 0):
 garbage-first heap   total 157696K, used 29536K [0x0000000080000000, 0x0000000100000000)
  region size 1024K, 7 young (7168K), 7 survivors (7168K)
 Metaspace       used 46196K, capacity 47271K, committed 47308K, reserved 1089536K
  class space    used 5943K, capacity 6332K, committed 6348K, reserved 1048576K
}

Deoptimization events (20 events):
Event: 15.356 Thread 0x0000019f7ec6c000 DEOPT PACKING pc=0x0000019f253b5d79 sp=0x0000000101ff9cb0
Event: 15.356 Thread 0x0000019f7ec6c000 DEOPT UNPACKING pc=0x0000019f24636fde sp=0x0000000101ff91a8 mode 0
Event: 15.775 Thread 0x0000019f7ec6c000 DEOPT PACKING pc=0x0000019f24ecfada sp=0x0000000101ff1f10
Event: 15.775 Thread 0x0000019f7ec6c000 DEOPT UNPACKING pc=0x0000019f24636fde sp=0x0000000101ff1398 mode 0
Event: 15.777 Thread 0x0000019f7ec6c000 DEOPT PACKING pc=0x0000019f25621852 sp=0x0000000101ff1f50
Event: 15.777 Thread 0x0000019f7ec6c000 DEOPT UNPACKING pc=0x0000019f24636fde sp=0x0000000101ff1540 mode 0
Event: 15.979 Thread 0x0000019f7ec6c000 DEOPT PACKING pc=0x0000019f25621852 sp=0x0000000101ff1f50
Event: 15.979 Thread 0x0000019f7ec6c000 DEOPT UNPACKING pc=0x0000019f24636fde sp=0x0000000101ff1540 mode 0
Event: 16.425 Thread 0x0000019f7ec6c000 DEOPT PACKING pc=0x0000019f25621852 sp=0x0000000101ff1f50
Event: 16.425 Thread 0x0000019f7ec6c000 DEOPT UNPACKING pc=0x0000019f24636fde sp=0x0000000101ff1540 mode 0
Event: 16.427 Thread 0x0000019f7ec6c000 Uncommon trap: trap_request=0xffffff4d fr.pc=0x0000019f2c14d9b8 relative=0x0000000000001338
Event: 16.427 Thread 0x0000019f7ec6c000 Uncommon trap: reason=unstable_if action=reinterpret pc=0x0000019f2c14d9b8 method=java.util.jar.JarFile.checkForSpecialAttributes()V @ 53 c2
Event: 16.427 Thread 0x0000019f7ec6c000 DEOPT PACKING pc=0x0000019f2c14d9b8 sp=0x0000000101ff2520
Event: 16.427 Thread 0x0000019f7ec6c000 DEOPT UNPACKING pc=0x0000019f2463682f sp=0x0000000101ff24e0 mode 2
Event: 20.190 Thread 0x0000019f7ec6c000 DEOPT PACKING pc=0x0000019f25621852 sp=0x0000000101ff1ec0
Event: 20.190 Thread 0x0000019f7ec6c000 DEOPT UNPACKING pc=0x0000019f24636fde sp=0x0000000101ff1498 mode 0
Event: 20.327 Thread 0x0000019f7ec6c000 DEOPT PACKING pc=0x0000019f25621852 sp=0x0000000101ff1de0
Event: 20.327 Thread 0x0000019f7ec6c000 DEOPT UNPACKING pc=0x0000019f24636fde sp=0x0000000101ff13b8 mode 0
Event: 20.412 Thread 0x0000019f7ec6c000 DEOPT PACKING pc=0x0000019f25621852 sp=0x0000000101ff1de0
Event: 20.412 Thread 0x0000019f7ec6c000 DEOPT UNPACKING pc=0x0000019f24636fde sp=0x0000000101ff13b8 mode 0

Classes redefined (0 events):
No events

Internal exceptions (20 events):
Event: 16.432 Thread 0x0000019f7ec6c000 Exception <a 'java/security/PrivilegedActionException'{0x0000000086484548}> (0x0000000086484548) thrown at [./src/hotspot/share/prims/jvm.cpp, line 1306]
Event: 16.432 Thread 0x0000019f7ec6c000 Exception <a 'java/security/PrivilegedActionException'{0x0000000086485808}> (0x0000000086485808) thrown at [./src/hotspot/share/prims/jvm.cpp, line 1306]
Event: 16.433 Thread 0x0000019f7ec6c000 Exception <a 'java/security/PrivilegedActionException'{0x0000000086488470}> (0x0000000086488470) thrown at [./src/hotspot/share/prims/jvm.cpp, line 1306]
Event: 16.433 Thread 0x0000019f7ec6c000 Exception <a 'java/security/PrivilegedActionException'{0x0000000086489730}> (0x0000000086489730) thrown at [./src/hotspot/share/prims/jvm.cpp, line 1306]
Event: 16.433 Thread 0x0000019f7ec6c000 Exception <a 'java/security/PrivilegedActionException'{0x000000008648c3a0}> (0x000000008648c3a0) thrown at [./src/hotspot/share/prims/jvm.cpp, line 1306]
Event: 16.433 Thread 0x0000019f7ec6c000 Exception <a 'java/security/PrivilegedActionException'{0x000000008648d660}> (0x000000008648d660) thrown at [./src/hotspot/share/prims/jvm.cpp, line 1306]
Event: 16.433 Thread 0x0000019f7ec6c000 Exception <a 'java/security/PrivilegedActionException'{0x0000000086490270}> (0x0000000086490270) thrown at [./src/hotspot/share/prims/jvm.cpp, line 1306]
Event: 16.434 Thread 0x0000019f7ec6c000 Exception <a 'java/security/PrivilegedActionException'{0x0000000086491530}> (0x0000000086491530) thrown at [./src/hotspot/share/prims/jvm.cpp, line 1306]
Event: 19.771 Thread 0x0000019f7ec6c000 Exception <a 'java/security/PrivilegedActionException'{0x00000000863958a0}> (0x00000000863958a0) thrown at [./src/hotspot/share/prims/jvm.cpp, line 1306]
Event: 19.771 Thread 0x0000019f7ec6c000 Exception <a 'java/security/PrivilegedActionException'{0x00000000863aa080}> (0x00000000863aa080) thrown at [./src/hotspot/share/prims/jvm.cpp, line 1306]
Event: 19.772 Thread 0x0000019f7ec6c000 Exception <a 'java/security/PrivilegedActionException'{0x00000000863acc90}> (0x00000000863acc90) thrown at [./src/hotspot/share/prims/jvm.cpp, line 1306]
Event: 19.772 Thread 0x0000019f7ec6c000 Exception <a 'java/security/PrivilegedActionException'{0x00000000863adf50}> (0x00000000863adf50) thrown at [./src/hotspot/share/prims/jvm.cpp, line 1306]
Event: 19.772 Thread 0x0000019f7ec6c000 Exception <a 'java/security/PrivilegedActionException'{0x00000000863b0c10}> (0x00000000863b0c10) thrown at [./src/hotspot/share/prims/jvm.cpp, line 1306]
Event: 19.772 Thread 0x0000019f7ec6c000 Exception <a 'java/security/PrivilegedActionException'{0x00000000863b1ed0}> (0x00000000863b1ed0) thrown at [./src/hotspot/share/prims/jvm.cpp, line 1306]
Event: 19.772 Thread 0x0000019f7ec6c000 Exception <a 'java/security/PrivilegedActionException'{0x00000000863b4ae8}> (0x00000000863b4ae8) thrown at [./src/hotspot/share/prims/jvm.cpp, line 1306]
Event: 19.772 Thread 0x0000019f7ec6c000 Exception <a 'java/security/PrivilegedActionException'{0x00000000863b5da8}> (0x00000000863b5da8) thrown at [./src/hotspot/share/prims/jvm.cpp, line 1306]
Event: 19.772 Thread 0x0000019f7ec6c000 Exception <a 'java/security/PrivilegedActionException'{0x00000000863b8a10}> (0x00000000863b8a10) thrown at [./src/hotspot/share/prims/jvm.cpp, line 1306]
Event: 19.772 Thread 0x0000019f7ec6c000 Exception <a 'java/security/PrivilegedActionException'{0x00000000863b9cd0}> (0x00000000863b9cd0) thrown at [./src/hotspot/share/prims/jvm.cpp, line 1306]
Event: 19.772 Thread 0x0000019f7ec6c000 Exception <a 'java/security/PrivilegedActionException'{0x00000000863bc990}> (0x00000000863bc990) thrown at [./src/hotspot/share/prims/jvm.cpp, line 1306]
Event: 19.772 Thread 0x0000019f7ec6c000 Exception <a 'java/security/PrivilegedActionException'{0x00000000863bdc50}> (0x00000000863bdc50) thrown at [./src/hotspot/share/prims/jvm.cpp, line 1306]

Events (20 events):
Event: 15.411 loading class build_wmcxv2g22eevezonbso48lr8BeanInfo done
Event: 15.411 loading class build_wmcxv2g22eevezonbso48lr8Customizer
Event: 15.411 loading class build_wmcxv2g22eevezonbso48lr8Customizer done
Event: 15.411 loading class build_wmcxv2g22eevezonbso48lr8Customizer
Event: 15.411 loading class build_wmcxv2g22eevezonbso48lr8Customizer done
Event: 15.414 loading class org/gradle/api/tasks/Delete
Event: 15.414 loading class org/gradle/api/tasks/Delete done
Event: 15.414 loading class org/gradle/api/tasks/Delete
Event: 15.414 loading class org/gradle/api/tasks/Delete done
Event: 15.416 loading class groovy/runtime/metaclass/build_wmcxv2g22eevezonbso48lr8$_run_closure1MetaClass
Event: 15.416 loading class groovy/runtime/metaclass/build_wmcxv2g22eevezonbso48lr8$_run_closure1MetaClass done
Event: 15.418 loading class groovy/runtime/metaclass/org/gradle/api/internal/project/DefaultProject_DecoratedMetaClass
Event: 15.418 loading class groovy/runtime/metaclass/org/gradle/api/internal/project/DefaultProject_DecoratedMetaClass done
Event: 15.429 loading class org/gradle/api/internal/project/DefaultProject_DecoratedBeanInfo
Event: 15.429 loading class org/gradle/api/internal/project/DefaultProject_DecoratedBeanInfo done
Event: 15.430 loading class org/gradle/api/internal/project/DefaultProject_DecoratedBeanInfo
Event: 15.430 loading class org/gradle/api/internal/project/DefaultProject_DecoratedBeanInfo done
Event: 15.430 loading class org/gradle/api/internal/project/DefaultProject_DecoratedBeanInfo
Event: 15.430 loading class org/gradle/api/internal/project/DefaultProject_DecoratedBeanInfo done
Event: 17.579 Loaded shared library C:\Program Files\Android\Android Studio\jre\bin\nio.dll


Dynamic libraries:
0x00007ff705120000 - 0x00007ff70512a000 	C:\Program Files\Android\Android Studio\jre\bin\java.exe
0x00007ffc7c080000 - 0x00007ffc7c289000 	C:\WINDOWS\SYSTEM32\ntdll.dll
0x00007ffc7a800000 - 0x00007ffc7a8bd000 	C:\WINDOWS\System32\KERNEL32.DLL
0x00007ffc79820000 - 0x00007ffc79b9c000 	C:\WINDOWS\System32\KERNELBASE.dll
0x00007ffc795e0000 - 0x00007ffc796f1000 	C:\WINDOWS\System32\ucrtbase.dll
0x00007ffc71890000 - 0x00007ffc718a7000 	C:\Program Files\Android\Android Studio\jre\bin\VCRUNTIME140.dll
0x00007ffc62700000 - 0x00007ffc62719000 	C:\Program Files\Android\Android Studio\jre\bin\jli.dll
0x00007ffc7ab70000 - 0x00007ffc7ad1d000 	C:\WINDOWS\System32\USER32.dll
0x00007ffc78740000 - 0x00007ffc789e5000 	C:\WINDOWS\WinSxS\amd64_microsoft.windows.common-controls_6595b64144ccf1df_6.0.22000.120_none_9d947278b86cc467\COMCTL32.dll
0x00007ffc79530000 - 0x00007ffc79556000 	C:\WINDOWS\System32\win32u.dll
0x00007ffc7aac0000 - 0x00007ffc7ab63000 	C:\WINDOWS\System32\msvcrt.dll
0x00007ffc79ef0000 - 0x00007ffc79f19000 	C:\WINDOWS\System32\GDI32.dll
0x00007ffc79700000 - 0x00007ffc79819000 	C:\WINDOWS\System32\gdi32full.dll
0x00007ffc79ba0000 - 0x00007ffc79c3d000 	C:\WINDOWS\System32\msvcp_win.dll
0x00007ffc7a6c0000 - 0x00007ffc7a6f1000 	C:\WINDOWS\System32\IMM32.DLL
0x00007ffc52240000 - 0x00007ffc522dd000 	C:\Program Files\Android\Android Studio\jre\bin\msvcp140.dll
0x00007ffc14520000 - 0x00007ffc14ff5000 	C:\Program Files\Android\Android Studio\jre\bin\server\jvm.dll
0x00007ffc7ba90000 - 0x00007ffc7bb3e000 	C:\WINDOWS\System32\ADVAPI32.dll
0x00007ffc7a370000 - 0x00007ffc7a40e000 	C:\WINDOWS\System32\sechost.dll
0x00007ffc7b970000 - 0x00007ffc7ba90000 	C:\WINDOWS\System32\RPCRT4.dll
0x00007ffc7b960000 - 0x00007ffc7b968000 	C:\WINDOWS\System32\PSAPI.DLL
0x00007ffc73060000 - 0x00007ffc73093000 	C:\WINDOWS\SYSTEM32\WINMM.dll
0x00007ffc71b70000 - 0x00007ffc71b7a000 	C:\WINDOWS\SYSTEM32\VERSION.dll
0x00007ffc61bd0000 - 0x00007ffc61bd9000 	C:\WINDOWS\SYSTEM32\WSOCK32.dll
0x00007ffc7aa50000 - 0x00007ffc7aabf000 	C:\WINDOWS\System32\WS2_32.dll
0x00007ffc77f50000 - 0x00007ffc77f68000 	C:\WINDOWS\SYSTEM32\kernel.appcore.dll
0x00007ffc73250000 - 0x00007ffc73261000 	C:\Program Files\Android\Android Studio\jre\bin\verify.dll
0x00007ffc78e80000 - 0x00007ffc790a1000 	C:\WINDOWS\SYSTEM32\DBGHELP.DLL
0x00007ffc78b80000 - 0x00007ffc78bb1000 	C:\WINDOWS\SYSTEM32\dbgcore.DLL
0x00007ffc79560000 - 0x00007ffc795df000 	C:\WINDOWS\System32\bcryptPrimitives.dll
0x00007ffc72ba0000 - 0x00007ffc72bc9000 	C:\Program Files\Android\Android Studio\jre\bin\java.dll
0x00007ffc748d0000 - 0x00007ffc748db000 	C:\Program Files\Android\Android Studio\jre\bin\jimage.dll
0x00007ffc6e340000 - 0x00007ffc6e358000 	C:\Program Files\Android\Android Studio\jre\bin\zip.dll
0x00007ffc7b1a0000 - 0x00007ffc7b958000 	C:\WINDOWS\System32\SHELL32.dll
0x00007ffc76fd0000 - 0x00007ffc77838000 	C:\WINDOWS\SYSTEM32\windows.storage.dll
0x00007ffc79ff0000 - 0x00007ffc7a369000 	C:\WINDOWS\System32\combase.dll
0x00007ffc76e60000 - 0x00007ffc76fc6000 	C:\WINDOWS\SYSTEM32\wintypes.dll
0x00007ffc7a960000 - 0x00007ffc7aa4a000 	C:\WINDOWS\System32\SHCORE.dll
0x00007ffc7bfb0000 - 0x00007ffc7c00d000 	C:\WINDOWS\System32\shlwapi.dll
0x00007ffc79460000 - 0x00007ffc79481000 	C:\WINDOWS\SYSTEM32\profapi.dll
0x00007ffc6df50000 - 0x00007ffc6df6a000 	C:\Program Files\Android\Android Studio\jre\bin\net.dll
0x00007ffc74280000 - 0x00007ffc7438c000 	C:\WINDOWS\SYSTEM32\WINHTTP.dll
0x00007ffc78580000 - 0x00007ffc785e7000 	C:\WINDOWS\system32\mswsock.dll
0x00007ffc65170000 - 0x00007ffc65184000 	C:\Program Files\Android\Android Studio\jre\bin\nio.dll
0x00007ffc422f0000 - 0x00007ffc42317000 	C:\Users\ASUS\.gradle\native\e1d6ef7f7dcc3fd88c89a11ec53ec762bb8ba0a96d01ffa2cd45eb1d1d8dd5c5\windows-amd64\native-platform.dll
0x00007ffc3ebf0000 - 0x00007ffc3ed34000 	C:\Users\ASUS\.gradle\native\5664cfc778a61ccfe75a443a1ab52a65af34e5dc3c78e0209fed803814484fcb\windows-amd64\native-platform-file-events.dll
0x00007ffc6e330000 - 0x00007ffc6e33a000 	C:\Program Files\Android\Android Studio\jre\bin\management.dll
0x00007ffc6df40000 - 0x00007ffc6df4d000 	C:\Program Files\Android\Android Studio\jre\bin\management_ext.dll
0x00007ffc791e0000 - 0x00007ffc791f8000 	C:\WINDOWS\SYSTEM32\CRYPTSP.dll
0x00007ffc77eb0000 - 0x00007ffc77ee5000 	C:\WINDOWS\system32\rsaenh.dll
0x00007ffc786a0000 - 0x00007ffc786c9000 	C:\WINDOWS\SYSTEM32\USERENV.dll
0x00007ffc78c80000 - 0x00007ffc78ca7000 	C:\WINDOWS\SYSTEM32\bcrypt.dll
0x00007ffc784f0000 - 0x00007ffc784fc000 	C:\WINDOWS\SYSTEM32\CRYPTBASE.dll
0x00007ffc77a90000 - 0x00007ffc77abd000 	C:\WINDOWS\SYSTEM32\IPHLPAPI.DLL
0x00007ffc7ad20000 - 0x00007ffc7ad29000 	C:\WINDOWS\System32\NSI.dll
0x00007ffc72b10000 - 0x00007ffc72b29000 	C:\WINDOWS\SYSTEM32\dhcpcsvc6.DLL
0x00007ffc730a0000 - 0x00007ffc730be000 	C:\WINDOWS\SYSTEM32\dhcpcsvc.DLL
0x00007ffc77b00000 - 0x00007ffc77be8000 	C:\WINDOWS\SYSTEM32\DNSAPI.dll

dbghelp: loaded successfully - version: 4.0.5 - missing functions: none
symbol engine: initialized successfully - sym options: 0x614 - pdb path: .;C:\Program Files\Android\Android Studio\jre\bin;C:\WINDOWS\SYSTEM32;C:\WINDOWS\WinSxS\amd64_microsoft.windows.common-controls_6595b64144ccf1df_6.0.22000.120_none_9d947278b86cc467;C:\Program Files\Android\Android Studio\jre\bin\server;C:\Users\ASUS\.gradle\native\e1d6ef7f7dcc3fd88c89a11ec53ec762bb8ba0a96d01ffa2cd45eb1d1d8dd5c5\windows-amd64;C:\Users\ASUS\.gradle\native\5664cfc778a61ccfe75a443a1ab52a65af34e5dc3c78e0209fed803814484fcb\windows-amd64

VM Arguments:
jvm_args: --add-opens=java.base/java.util=ALL-UNNAMED --add-opens=java.base/java.lang=ALL-UNNAMED --add-opens=java.base/java.lang.invoke=ALL-UNNAMED --add-opens=java.base/java.util=ALL-UNNAMED --add-opens=java.prefs/java.util.prefs=ALL-UNNAMED --add-opens=java.prefs/java.util.prefs=ALL-UNNAMED --add-opens=java.base/java.nio.charset=ALL-UNNAMED --add-opens=java.base/java.net=ALL-UNNAMED --add-opens=java.base/java.util.concurrent.atomic=ALL-UNNAMED -Xmx2048m -Dfile.encoding=UTF-8 -Duser.country=US -Duser.language=en -Duser.variant 
java_command: org.gradle.launcher.daemon.bootstrap.GradleDaemon 7.2
java_class_path (initial): C:\Users\ASUS\.gradle\wrapper\dists\gradle-7.2-bin\2dnblmf4td7x66yl1d74lt32g\gradle-7.2\lib\gradle-launcher-7.2.jar
Launcher Type: SUN_STANDARD

[Global flags]
     intx CICompilerCount                          = 4                                         {product} {ergonomic}
     uint ConcGCThreads                            = 2                                         {product} {ergonomic}
     uint G1ConcRefinementThreads                  = 8                                         {product} {ergonomic}
   size_t G1HeapRegionSize                         = 1048576                                   {product} {ergonomic}
    uintx GCDrainStackTargetSize                   = 64                                        {product} {ergonomic}
   size_t InitialHeapSize                          = 134217728                                 {product} {ergonomic}
   size_t MarkStackSize                            = 4194304                                   {product} {ergonomic}
   size_t MaxHeapSize                              = 2147483648                                {product} {command line}
   size_t MaxNewSize                               = 1287651328                                {product} {ergonomic}
   size_t MinHeapDeltaBytes                        = 1048576                                   {product} {ergonomic}
    uintx NonNMethodCodeHeapSize                   = 5836300                                {pd product} {ergonomic}
    uintx NonProfiledCodeHeapSize                  = 122910970                              {pd product} {ergonomic}
    uintx ProfiledCodeHeapSize                     = 122910970                              {pd product} {ergonomic}
    uintx ReservedCodeCacheSize                    = 251658240                              {pd product} {ergonomic}
     bool SegmentedCodeCache                       = true                                      {product} {ergonomic}
     bool UseCompressedClassPointers               = true                                 {lp64_product} {ergonomic}
     bool UseCompressedOops                        = true                                 {lp64_product} {ergonomic}
     bool UseG1GC                                  = true                                      {product} {ergonomic}
     bool UseLargePagesIndividualAllocation        = false                                  {pd product} {ergonomic}

Logging:
Log output configuration:
 #0: stdout all=warning uptime,level,tags
 #1: stderr all=off uptime,level,tags

Environment Variables:
PATH=C:\Program Files\Common Files\Oracle\Java\javapath;C:\ProgramData\Oracle\Java\javapath;C:\Program Files (x86)\Intel\iCLS Client\;C:\Program Files\Intel\iCLS Client\;C:\Windows\system32;C:\Windows;C:\Windows\System32\Wbem;C:\Windows\System32\WindowsPowerShell\v1.0\;C:\Windows\System32\OpenSSH\;C:\Program Files (x86)\Intel\Intel(R) Management Engine Components\DAL;C:\Program Files\Intel\Intel(R) Management Engine Components\DAL;C:\Program Files (x86)\Intel\Intel(R) Management Engine Components\IPT;C:\Program Files\Intel\Intel(R) Management Engine Components\IPT;C:\Program Files (x86)\NVIDIA Corporation\PhysX\Common;C:\Program Files\Intel\WiFi\bin\;C:\Program Files\Common Files\Intel\WirelessCommon\;C:\Program Files\Java\jdk-12.0.1\bin;C:\Program Files\dotnet\;C:\WINDOWS\system32;C:\WINDOWS;C:\WINDOWS\System32\Wbem;C:\WINDOWS\System32\WindowsPowerShell\v1.0\;C:\WINDOWS\System32\OpenSSH\;C:\Program Files (x86)\GtkSharp\2.12\bin;C:\Program Files\nodejs\;C:\Program Files\Dart\dart-sdk\bin;C:\Program Files\Java\jdk-17\bin;C:\MinGW\bin;C:\Program Files\Git\cmd;C:\xampp\php;C:\ProgramData\ComposerSetup\bin;C:\Program Files (x86)\dotnet\;C:\Program Files\PowerShell\7\;C:\Program Files\Common Files\Oracle\Java\javapath;C:\ProgramData\Oracle\Java\javapath;C:\Program Files (x86)\Intel\iCLS Client\;C:\Program Files\Intel\iCLS Client\;C:\Windows\system32;C:\Windows;C:\Windows\System32\Wbem;C:\Windows\System32\WindowsPowerShell\v1.0\;C:\Windows\System32\OpenSSH\;C:\Program Files (x86)\Intel\Intel(R) Management Engine Components\DAL;C:\Program Files\Intel\Intel(R) Management Engine Components\DAL;C:\Program Files (x86)\Intel\Intel(R) Management Engine Components\IPT;C:\Program Files\Intel\Intel(R) Management Engine Components\IPT;C:\Program Files (x86)\NVIDIA Corporation\PhysX\Common;C:\Program Files\Intel\WiFi\bin\;C:\Program Files\Common Files\Intel\WirelessCommon\;C:\Program Files\Java\jdk-12.0.1\bin;C:\Program Files\dotnet\;C:\WINDOWS\system32;C:\WINDOWS;C:\WINDOWS\System32\Wb
USERNAME=ASUS
OS=Windows_NT
PROCESSOR_IDENTIFIER=Intel64 Family 6 Model 142 Stepping 10, GenuineIntel



---------------  S Y S T E M  ---------------

OS: Windows 10 , 64 bit Build 22000 (10.0.22000.708)
OS uptime: 1 days 23:33 hours

CPU:total 8 (initial active 8) (4 cores per cpu, 2 threads per core) family 6 model 142 stepping 10 microcode 0xe0, cmov, cx8, fxsr, mmx, sse, sse2, sse3, ssse3, sse4.1, sse4.2, popcnt, avx, avx2, aes, clmul, erms, 3dnowpref, lzcnt, ht, tsc, tscinvbit, bmi1, bmi2, adx, fma

Memory: 4k page, system-wide physical 8074M (265M free)
TotalPageFile size 12170M (AvailPageFile size 2M)
current process WorkingSet (physical memory assigned to process): 277M, peak: 295M
current process commit charge ("private bytes"): 343M, peak: 361M

vm_info: OpenJDK 64-Bit Server VM (11.0.11+9-b60-7590822) for windows-amd64 JRE (11.0.11+9-b60-7590822), built on Jul 29 2021 21:43:44 by "builder" with MS VC++ 14.0 (VS2015)

END.
