#
# There is insufficient memory for the Java Runtime Environment to continue.
# Native memory allocation (malloc) failed to allocate 32744 bytes for ChunkPool::allocate
# Possible reasons:
#   The system is out of physical RAM or swap space
#   The process is running with CompressedOops enabled, and the Java Heap may be blocking the growth of the native heap
# Possible solutions:
#   Reduce memory load on the system
#   Increase physical memory or swap space
#   Check if swap backing store is full
#   Decrease Java heap size (-Xmx/-Xms)
#   Decrease number of Java threads
#   Decrease Java thread stack sizes (-Xss)
#   Set larger code cache with -XX:ReservedCodeCacheSize=
#   JVM is running with Unscaled Compressed Oops mode in which the Java heap is
#     placed in the first 4GB address space. The Java Heap base address is the
#     maximum limit for the native heap growth. Please use -XX:HeapBaseMinAddress
#     to set the Java Heap base and to place the Java Heap above 4GB virtual address.
# This output file may be truncated or incomplete.
#
#  Out of Memory Error (./src/hotspot/share/memory/arena.cpp:81), pid=5320, tid=12408
#
# JRE version: OpenJDK Runtime Environment (11.0.11+9) (build 11.0.11+9-b60-7590822)
# Java VM: OpenJDK 64-Bit Server VM (11.0.11+9-b60-7590822, mixed mode, tiered, compressed oops, g1 gc, windows-amd64)
# No core dump will be written. Minidumps are not enabled by default on client versions of Windows
#

---------------  S U M M A R Y ------------

Command Line: --add-opens=java.base/java.util=ALL-UNNAMED --add-opens=java.base/java.lang=ALL-UNNAMED --add-opens=java.base/java.lang.invoke=ALL-UNNAMED --add-opens=java.base/java.util=ALL-UNNAMED --add-opens=java.prefs/java.util.prefs=ALL-UNNAMED --add-opens=java.prefs/java.util.prefs=ALL-UNNAMED --add-opens=java.base/java.nio.charset=ALL-UNNAMED --add-opens=java.base/java.net=ALL-UNNAMED --add-opens=java.base/java.util.concurrent.atomic=ALL-UNNAMED -Xmx2048m -Dfile.encoding=UTF-8 -Duser.country=US -Duser.language=en -Duser.variant org.gradle.launcher.daemon.bootstrap.GradleDaemon 7.2

Host: Intel(R) Core(TM) i5-8250U CPU @ 1.60GHz, 8 cores, 7G,  Windows 10 , 64 bit Build 22000 (10.0.22000.708)
Time: Tue Sep 27 18:06:49 2022 Bangladesh Standard Time elapsed time: 5.495597 seconds (0d 0h 0m 5s)

---------------  T H R E A D  ---------------

Current thread (0x000001ef941af800):  JavaThread "C1 CompilerThread0" daemon [_thread_in_native, id=12408, stack(0x0000001f8f100000,0x0000001f8f200000)]


Current CompileTask:
C1:   5495 3022       2       jdk.internal.jrtfs.JrtFileAttributeView::get (41 bytes)

Stack: [0x0000001f8f100000,0x0000001f8f200000]
Native frames: (J=compiled Java code, j=interpreted, Vv=VM code, C=native code)
V  [jvm.dll+0x5f214a]
V  [jvm.dll+0x726fb5]
V  [jvm.dll+0x7285cd]
V  [jvm.dll+0x728c83]
V  [jvm.dll+0x243278]
V  [jvm.dll+0xbc78b]
V  [jvm.dll+0xbca3c]
V  [jvm.dll+0x16b66b]
V  [jvm.dll+0x16e4c9]
V  [jvm.dll+0x16eb0e]
V  [jvm.dll+0x1661dc]
V  [jvm.dll+0x1655a7]
V  [jvm.dll+0x16f7bf]
V  [jvm.dll+0x166838]
V  [jvm.dll+0x169fa2]
V  [jvm.dll+0x12401c]
V  [jvm.dll+0x123b29]
V  [jvm.dll+0x123c93]
V  [jvm.dll+0x122fa7]
V  [jvm.dll+0x124b77]
V  [jvm.dll+0x209a57]
V  [jvm.dll+0x2082a1]
V  [jvm.dll+0x6ef58f]
V  [jvm.dll+0x6e80b5]
V  [jvm.dll+0x5f1036]
C  [ucrtbase.dll+0x26c0c]
C  [KERNEL32.DLL+0x154e0]
C  [ntdll.dll+0x485b]


---------------  P R O C E S S  ---------------

Threads class SMR info:
_java_thread_list=0x000001ef97b8d330, length=30, elements={
0x000001eff9342800, 0x000001ef93829800, 0x000001ef93833000, 0x000001ef941a4800,
0x000001ef941a5800, 0x000001ef941a6800, 0x000001ef941ab000, 0x000001ef941af800,
0x000001ef93849800, 0x000001ef94311800, 0x000001ef956ab000, 0x000001ef943e2800,
0x000001ef969dc800, 0x000001ef96c92800, 0x000001ef965ca000, 0x000001ef96a13000,
0x000001ef951bd000, 0x000001ef974f2800, 0x000001ef96d09000, 0x000001ef96d73000,
0x000001ef96d6f800, 0x000001ef96d72000, 0x000001ef96d6f000, 0x000001ef96d74000,
0x000001ef96d75800, 0x000001ef96d70800, 0x000001ef96d74800, 0x000001ef96d71800,
0x000001ef97144800, 0x000001ef97145000
}

Java Threads: ( => current thread )
  0x000001eff9342800 JavaThread "main" [_thread_blocked, id=2152, stack(0x0000001f8e400000,0x0000001f8e500000)]
  0x000001ef93829800 JavaThread "Reference Handler" daemon [_thread_blocked, id=11392, stack(0x0000001f8eb00000,0x0000001f8ec00000)]
  0x000001ef93833000 JavaThread "Finalizer" daemon [_thread_blocked, id=9308, stack(0x0000001f8ec00000,0x0000001f8ed00000)]
  0x000001ef941a4800 JavaThread "Signal Dispatcher" daemon [_thread_blocked, id=8776, stack(0x0000001f8ed00000,0x0000001f8ee00000)]
  0x000001ef941a5800 JavaThread "Attach Listener" daemon [_thread_blocked, id=1032, stack(0x0000001f8ee00000,0x0000001f8ef00000)]
  0x000001ef941a6800 JavaThread "Service Thread" daemon [_thread_blocked, id=18012, stack(0x0000001f8ef00000,0x0000001f8f000000)]
  0x000001ef941ab000 JavaThread "C2 CompilerThread0" daemon [_thread_in_native, id=14680, stack(0x0000001f8f000000,0x0000001f8f100000)]
=>0x000001ef941af800 JavaThread "C1 CompilerThread0" daemon [_thread_in_native, id=12408, stack(0x0000001f8f100000,0x0000001f8f200000)]
  0x000001ef93849800 JavaThread "Sweeper thread" daemon [_thread_blocked, id=5076, stack(0x0000001f8f200000,0x0000001f8f300000)]
  0x000001ef94311800 JavaThread "Common-Cleaner" daemon [_thread_blocked, id=2856, stack(0x0000001f8f300000,0x0000001f8f400000)]
  0x000001ef956ab000 JavaThread "Daemon health stats" [_thread_blocked, id=8352, stack(0x0000001f8f800000,0x0000001f8f900000)]
  0x000001ef943e2800 JavaThread "Incoming local TCP Connector on port 59458" [_thread_in_native, id=2292, stack(0x0000001f8f500000,0x0000001f8f600000)]
  0x000001ef969dc800 JavaThread "Daemon periodic checks" [_thread_blocked, id=7228, stack(0x0000001f8f900000,0x0000001f8fa00000)]
  0x000001ef96c92800 JavaThread "Daemon" [_thread_blocked, id=14684, stack(0x0000001f8fa00000,0x0000001f8fb00000)]
  0x000001ef965ca000 JavaThread "Handler for socket connection from /127.0.0.1:59458 to /127.0.0.1:59459" [_thread_in_native, id=16928, stack(0x0000001f8fb00000,0x0000001f8fc00000)]
  0x000001ef96a13000 JavaThread "Cancel handler" [_thread_blocked, id=6316, stack(0x0000001f8fc00000,0x0000001f8fd00000)]
  0x000001ef951bd000 JavaThread "Daemon worker" [_thread_in_Java, id=6204, stack(0x0000001f8fd00000,0x0000001f8fe00000)]
  0x000001ef974f2800 JavaThread "Asynchronous log dispatcher for DefaultDaemonConnection: socket connection from /127.0.0.1:59458 to /127.0.0.1:59459" [_thread_blocked, id=17204, stack(0x0000001f8fe00000,0x0000001f8ff00000)]
  0x000001ef96d09000 JavaThread "Stdin handler" [_thread_blocked, id=2128, stack(0x0000001f8ff00000,0x0000001f90000000)]
  0x000001ef96d73000 JavaThread "Daemon client event forwarder" [_thread_blocked, id=10804, stack(0x0000001f90000000,0x0000001f90100000)]
  0x000001ef96d6f800 JavaThread "Cache worker for journal cache (C:\Users\ASUS\.gradle\caches\journal-1)" [_thread_blocked, id=11920, stack(0x0000001f90600000,0x0000001f90700000)]
  0x000001ef96d72000 JavaThread "File lock request listener" [_thread_in_native, id=13008, stack(0x0000001f90700000,0x0000001f90800000)]
  0x000001ef96d6f000 JavaThread "Cache worker for file hash cache (C:\Users\ASUS\.gradle\caches\7.2\fileHashes)" [_thread_blocked, id=17080, stack(0x0000001f90800000,0x0000001f90900000)]
  0x000001ef96d74000 JavaThread "Cache worker for file hash cache (C:\Users\ASUS\Applications\KotlinPracticeOne\.gradle\7.2\fileHashes)" [_thread_blocked, id=10968, stack(0x0000001f90a00000,0x0000001f90b00000)]
  0x000001ef96d75800 JavaThread "File watcher server" daemon [_thread_in_native, id=16616, stack(0x0000001f90b00000,0x0000001f90c00000)]
  0x000001ef96d70800 JavaThread "File watcher consumer" daemon [_thread_blocked, id=2012, stack(0x0000001f90c00000,0x0000001f90d00000)]
  0x000001ef96d74800 JavaThread "Cache worker for checksums cache (C:\Users\ASUS\Applications\KotlinPracticeOne\.gradle\checksums)" [_thread_blocked, id=13004, stack(0x0000001f90d00000,0x0000001f90e00000)]
  0x000001ef96d71800 JavaThread "Cache worker for cache directory md-supplier (C:\Users\ASUS\.gradle\caches\7.2\md-supplier)" [_thread_blocked, id=7564, stack(0x0000001f90e00000,0x0000001f90f00000)]
  0x000001ef97144800 JavaThread "Cache worker for cache directory md-rule (C:\Users\ASUS\.gradle\caches\7.2\md-rule)" [_thread_blocked, id=8416, stack(0x0000001f90f00000,0x0000001f91000000)]
  0x000001ef97145000 JavaThread "Cache worker for execution history cache (C:\Users\ASUS\.gradle\caches\7.2\executionHistory)" [_thread_blocked, id=12220, stack(0x0000001f91000000,0x0000001f91100000)]

Other Threads:
  0x000001ef93826000 VMThread "VM Thread" [stack: 0x0000001f8ea00000,0x0000001f8eb00000] [id=10776]
  0x000001ef94320800 WatcherThread [stack: 0x0000001f8f400000,0x0000001f8f500000] [id=6132]
  0x000001eff935b000 GCTaskThread "GC Thread#0" [stack: 0x0000001f8e500000,0x0000001f8e600000] [id=16340]
  0x000001ef94a6d000 GCTaskThread "GC Thread#1" [stack: 0x0000001f8f600000,0x0000001f8f700000] [id=9064]
  0x000001ef94fa3000 GCTaskThread "GC Thread#2" [stack: 0x0000001f8f700000,0x0000001f8f800000] [id=10876]
  0x000001ef967fa800 GCTaskThread "GC Thread#3" [stack: 0x0000001f90100000,0x0000001f90200000] [id=6716]
  0x000001ef96d27000 GCTaskThread "GC Thread#4" [stack: 0x0000001f90200000,0x0000001f90300000] [id=13180]
  0x000001ef97627000 GCTaskThread "GC Thread#5" [stack: 0x0000001f90300000,0x0000001f90400000] [id=16060]
  0x000001ef97628000 GCTaskThread "GC Thread#6" [stack: 0x0000001f90400000,0x0000001f90500000] [id=4752]
  0x000001ef956e1000 GCTaskThread "GC Thread#7" [stack: 0x0000001f90500000,0x0000001f90600000] [id=1444]
  0x000001eff938c800 ConcurrentGCThread "G1 Main Marker" [stack: 0x0000001f8e600000,0x0000001f8e700000] [id=8244]
  0x000001eff938e800 ConcurrentGCThread "G1 Conc#0" [stack: 0x0000001f8e700000,0x0000001f8e800000] [id=9284]
  0x000001ef95a9b000 ConcurrentGCThread "G1 Conc#1" [stack: 0x0000001f90900000,0x0000001f90a00000] [id=2204]
  0x000001ef93674800 ConcurrentGCThread "G1 Refine#0" [stack: 0x0000001f8e800000,0x0000001f8e900000] [id=11484]
  0x000001ef93678000 ConcurrentGCThread "G1 Young RemSet Sampling" [stack: 0x0000001f8e900000,0x0000001f8ea00000] [id=7360]

Threads with active compile tasks:
C2 CompilerThread0   5546 2502  s!   4       jdk.internal.loader.URLClassPath::getLoader (194 bytes)
C1 CompilerThread0   5546 3022       2       jdk.internal.jrtfs.JrtFileAttributeView::get (41 bytes)

VM state:not at safepoint (normal execution)

VM Mutex/Monitor currently owned by a thread: None

Heap address: 0x0000000080000000, size: 2048 MB, Compressed Oops mode: 32-bit
Narrow klass base: 0x0000000000000000, Narrow klass shift: 3
Compressed class space size: 1073741824 Address: 0x0000000100000000

Heap:
 garbage-first heap   total 131072K, used 38584K [0x0000000080000000, 0x0000000100000000)
  region size 1024K, 25 young (25600K), 7 survivors (7168K)
 Metaspace       used 36353K, capacity 37190K, committed 37324K, reserved 1081344K
  class space    used 4698K, capacity 5011K, committed 5068K, reserved 1048576K
Heap Regions: E=young(eden), S=young(survivor), O=old, HS=humongous(starts), HC=humongous(continues), CS=collection set, F=free, A=archive, TAMS=top-at-mark-start (previous, next)
|   0|0x0000000080000000, 0x0000000080100000, 0x0000000080100000|100%| O|  |TAMS 0x0000000080100000, 0x0000000080000000| Untracked 
|   1|0x0000000080100000, 0x0000000080200000, 0x0000000080200000|100%| O|  |TAMS 0x0000000080200000, 0x0000000080100000| Untracked 
|   2|0x0000000080200000, 0x0000000080300000, 0x0000000080300000|100%| O|  |TAMS 0x0000000080300000, 0x0000000080200000| Untracked 
|   3|0x0000000080300000, 0x0000000080400000, 0x0000000080400000|100%|HS|  |TAMS 0x0000000080400000, 0x0000000080300000| Complete 
|   4|0x0000000080400000, 0x0000000080500000, 0x0000000080500000|100%|HC|  |TAMS 0x0000000080500000, 0x0000000080400000| Complete 
|   5|0x0000000080500000, 0x0000000080600000, 0x0000000080600000|100%|HC|  |TAMS 0x0000000080600000, 0x0000000080500000| Complete 
|   6|0x0000000080600000, 0x0000000080700000, 0x0000000080700000|100%| O|  |TAMS 0x0000000080700000, 0x0000000080600000| Untracked 
|   7|0x0000000080700000, 0x0000000080800000, 0x0000000080800000|100%| O|  |TAMS 0x0000000080800000, 0x0000000080700000| Untracked 
|   8|0x0000000080800000, 0x0000000080900000, 0x0000000080900000|100%| O|  |TAMS 0x0000000080900000, 0x0000000080800000| Untracked 
|   9|0x0000000080900000, 0x0000000080a00000, 0x0000000080a00000|100%| O|  |TAMS 0x0000000080a00000, 0x0000000080900000| Untracked 
|  10|0x0000000080a00000, 0x0000000080b00000, 0x0000000080b00000|100%| O|  |TAMS 0x0000000080b00000, 0x0000000080a00000| Untracked 
|  11|0x0000000080b00000, 0x0000000080c00000, 0x0000000080c00000|100%| O|  |TAMS 0x0000000080c00000, 0x0000000080b00000| Untracked 
|  12|0x0000000080c00000, 0x0000000080d00000, 0x0000000080d00000|100%| O|  |TAMS 0x0000000080d00000, 0x0000000080c00000| Untracked 
|  13|0x0000000080d00000, 0x0000000080e00000, 0x0000000080e00000|100%| O|  |TAMS 0x0000000080e00000, 0x0000000080d00000| Untracked 
|  14|0x0000000080e00000, 0x0000000080f00000, 0x0000000080f00000|100%| O|  |TAMS 0x0000000080f00000, 0x0000000080e00000| Untracked 
|  15|0x0000000080f00000, 0x0000000080f46600, 0x0000000081000000| 27%| O|  |TAMS 0x0000000080f46600, 0x0000000080f00000| Untracked 
|  16|0x0000000081000000, 0x0000000081000000, 0x0000000081100000|  0%| F|  |TAMS 0x0000000081000000, 0x0000000081000000| Untracked 
|  17|0x0000000081100000, 0x0000000081100000, 0x0000000081200000|  0%| F|  |TAMS 0x0000000081100000, 0x0000000081100000| Untracked 
|  18|0x0000000081200000, 0x0000000081200000, 0x0000000081300000|  0%| F|  |TAMS 0x0000000081200000, 0x0000000081200000| Untracked 
|  19|0x0000000081300000, 0x0000000081300000, 0x0000000081400000|  0%| F|  |TAMS 0x0000000081300000, 0x0000000081300000| Untracked 
|  20|0x0000000081400000, 0x0000000081400000, 0x0000000081500000|  0%| F|  |TAMS 0x0000000081400000, 0x0000000081400000| Untracked 
|  21|0x0000000081500000, 0x0000000081500000, 0x0000000081600000|  0%| F|  |TAMS 0x0000000081500000, 0x0000000081500000| Untracked 
|  22|0x0000000081600000, 0x0000000081600000, 0x0000000081700000|  0%| F|  |TAMS 0x0000000081600000, 0x0000000081600000| Untracked 
|  23|0x0000000081700000, 0x0000000081700000, 0x0000000081800000|  0%| F|  |TAMS 0x0000000081700000, 0x0000000081700000| Untracked 
|  24|0x0000000081800000, 0x0000000081800000, 0x0000000081900000|  0%| F|  |TAMS 0x0000000081800000, 0x0000000081800000| Untracked 
|  25|0x0000000081900000, 0x0000000081900000, 0x0000000081a00000|  0%| F|  |TAMS 0x0000000081900000, 0x0000000081900000| Untracked 
|  26|0x0000000081a00000, 0x0000000081a00000, 0x0000000081b00000|  0%| F|  |TAMS 0x0000000081a00000, 0x0000000081a00000| Untracked 
|  27|0x0000000081b00000, 0x0000000081b00000, 0x0000000081c00000|  0%| F|  |TAMS 0x0000000081b00000, 0x0000000081b00000| Untracked 
|  28|0x0000000081c00000, 0x0000000081c00000, 0x0000000081d00000|  0%| F|  |TAMS 0x0000000081c00000, 0x0000000081c00000| Untracked 
|  29|0x0000000081d00000, 0x0000000081d00000, 0x0000000081e00000|  0%| F|  |TAMS 0x0000000081d00000, 0x0000000081d00000| Untracked 
|  30|0x0000000081e00000, 0x0000000081e00000, 0x0000000081f00000|  0%| F|  |TAMS 0x0000000081e00000, 0x0000000081e00000| Untracked 
|  31|0x0000000081f00000, 0x0000000081f00000, 0x0000000082000000|  0%| F|  |TAMS 0x0000000081f00000, 0x0000000081f00000| Untracked 
|  32|0x0000000082000000, 0x0000000082000000, 0x0000000082100000|  0%| F|  |TAMS 0x0000000082000000, 0x0000000082000000| Untracked 
|  33|0x0000000082100000, 0x0000000082100000, 0x0000000082200000|  0%| F|  |TAMS 0x0000000082100000, 0x0000000082100000| Untracked 
|  34|0x0000000082200000, 0x0000000082200000, 0x0000000082300000|  0%| F|  |TAMS 0x0000000082200000, 0x0000000082200000| Untracked 
|  35|0x0000000082300000, 0x0000000082300000, 0x0000000082400000|  0%| F|  |TAMS 0x0000000082300000, 0x0000000082300000| Untracked 
|  36|0x0000000082400000, 0x0000000082400000, 0x0000000082500000|  0%| F|  |TAMS 0x0000000082400000, 0x0000000082400000| Untracked 
|  37|0x0000000082500000, 0x0000000082500000, 0x0000000082600000|  0%| F|  |TAMS 0x0000000082500000, 0x0000000082500000| Untracked 
|  38|0x0000000082600000, 0x0000000082600000, 0x0000000082700000|  0%| F|  |TAMS 0x0000000082600000, 0x0000000082600000| Untracked 
|  39|0x0000000082700000, 0x0000000082700000, 0x0000000082800000|  0%| F|  |TAMS 0x0000000082700000, 0x0000000082700000| Untracked 
|  40|0x0000000082800000, 0x0000000082800000, 0x0000000082900000|  0%| F|  |TAMS 0x0000000082800000, 0x0000000082800000| Untracked 
|  41|0x0000000082900000, 0x0000000082900000, 0x0000000082a00000|  0%| F|  |TAMS 0x0000000082900000, 0x0000000082900000| Untracked 
|  42|0x0000000082a00000, 0x0000000082a00000, 0x0000000082b00000|  0%| F|  |TAMS 0x0000000082a00000, 0x0000000082a00000| Untracked 
|  43|0x0000000082b00000, 0x0000000082b00000, 0x0000000082c00000|  0%| F|  |TAMS 0x0000000082b00000, 0x0000000082b00000| Untracked 
|  44|0x0000000082c00000, 0x0000000082c00000, 0x0000000082d00000|  0%| F|  |TAMS 0x0000000082c00000, 0x0000000082c00000| Untracked 
|  45|0x0000000082d00000, 0x0000000082d00000, 0x0000000082e00000|  0%| F|  |TAMS 0x0000000082d00000, 0x0000000082d00000| Untracked 
|  46|0x0000000082e00000, 0x0000000082e00000, 0x0000000082f00000|  0%| F|  |TAMS 0x0000000082e00000, 0x0000000082e00000| Untracked 
|  47|0x0000000082f00000, 0x0000000082f00000, 0x0000000083000000|  0%| F|  |TAMS 0x0000000082f00000, 0x0000000082f00000| Untracked 
|  48|0x0000000083000000, 0x0000000083000000, 0x0000000083100000|  0%| F|  |TAMS 0x0000000083000000, 0x0000000083000000| Untracked 
|  49|0x0000000083100000, 0x0000000083100000, 0x0000000083200000|  0%| F|  |TAMS 0x0000000083100000, 0x0000000083100000| Untracked 
|  50|0x0000000083200000, 0x0000000083200000, 0x0000000083300000|  0%| F|  |TAMS 0x0000000083200000, 0x0000000083200000| Untracked 
|  51|0x0000000083300000, 0x0000000083300000, 0x0000000083400000|  0%| F|  |TAMS 0x0000000083300000, 0x0000000083300000| Untracked 
|  52|0x0000000083400000, 0x0000000083400000, 0x0000000083500000|  0%| F|  |TAMS 0x0000000083400000, 0x0000000083400000| Untracked 
|  53|0x0000000083500000, 0x0000000083500000, 0x0000000083600000|  0%| F|  |TAMS 0x0000000083500000, 0x0000000083500000| Untracked 
|  54|0x0000000083600000, 0x0000000083600000, 0x0000000083700000|  0%| F|  |TAMS 0x0000000083600000, 0x0000000083600000| Untracked 
|  55|0x0000000083700000, 0x0000000083700000, 0x0000000083800000|  0%| F|  |TAMS 0x0000000083700000, 0x0000000083700000| Untracked 
|  56|0x0000000083800000, 0x0000000083800000, 0x0000000083900000|  0%| F|  |TAMS 0x0000000083800000, 0x0000000083800000| Untracked 
|  57|0x0000000083900000, 0x0000000083900000, 0x0000000083a00000|  0%| F|  |TAMS 0x0000000083900000, 0x0000000083900000| Untracked 
|  58|0x0000000083a00000, 0x0000000083a00000, 0x0000000083b00000|  0%| F|  |TAMS 0x0000000083a00000, 0x0000000083a00000| Untracked 
|  59|0x0000000083b00000, 0x0000000083b00000, 0x0000000083c00000|  0%| F|  |TAMS 0x0000000083b00000, 0x0000000083b00000| Untracked 
|  60|0x0000000083c00000, 0x0000000083c67c50, 0x0000000083d00000| 40%| S|CS|TAMS 0x0000000083c00000, 0x0000000083c00000| Complete 
|  61|0x0000000083d00000, 0x0000000083e00000, 0x0000000083e00000|100%| S|CS|TAMS 0x0000000083d00000, 0x0000000083d00000| Complete 
|  62|0x0000000083e00000, 0x0000000083f00000, 0x0000000083f00000|100%| S|CS|TAMS 0x0000000083e00000, 0x0000000083e00000| Complete 
|  63|0x0000000083f00000, 0x0000000084000000, 0x0000000084000000|100%| S|CS|TAMS 0x0000000083f00000, 0x0000000083f00000| Complete 
|  64|0x0000000084000000, 0x0000000084100000, 0x0000000084100000|100%| S|CS|TAMS 0x0000000084000000, 0x0000000084000000| Complete 
|  65|0x0000000084100000, 0x0000000084200000, 0x0000000084200000|100%| S|CS|TAMS 0x0000000084100000, 0x0000000084100000| Complete 
|  66|0x0000000084200000, 0x0000000084300000, 0x0000000084300000|100%| S|CS|TAMS 0x0000000084200000, 0x0000000084200000| Complete 
|  67|0x0000000084300000, 0x0000000084300000, 0x0000000084400000|  0%| F|  |TAMS 0x0000000084300000, 0x0000000084300000| Untracked 
|  68|0x0000000084400000, 0x0000000084400000, 0x0000000084500000|  0%| F|  |TAMS 0x0000000084400000, 0x0000000084400000| Untracked 
|  69|0x0000000084500000, 0x0000000084500000, 0x0000000084600000|  0%| F|  |TAMS 0x0000000084500000, 0x0000000084500000| Untracked 
|  70|0x0000000084600000, 0x0000000084600000, 0x0000000084700000|  0%| F|  |TAMS 0x0000000084600000, 0x0000000084600000| Untracked 
|  71|0x0000000084700000, 0x0000000084700000, 0x0000000084800000|  0%| F|  |TAMS 0x0000000084700000, 0x0000000084700000| Untracked 
|  72|0x0000000084800000, 0x0000000084800000, 0x0000000084900000|  0%| F|  |TAMS 0x0000000084800000, 0x0000000084800000| Untracked 
|  73|0x0000000084900000, 0x0000000084900000, 0x0000000084a00000|  0%| F|  |TAMS 0x0000000084900000, 0x0000000084900000| Untracked 
|  74|0x0000000084a00000, 0x0000000084a00000, 0x0000000084b00000|  0%| F|  |TAMS 0x0000000084a00000, 0x0000000084a00000| Untracked 
|  75|0x0000000084b00000, 0x0000000084b00000, 0x0000000084c00000|  0%| F|  |TAMS 0x0000000084b00000, 0x0000000084b00000| Untracked 
|  76|0x0000000084c00000, 0x0000000084c00000, 0x0000000084d00000|  0%| F|  |TAMS 0x0000000084c00000, 0x0000000084c00000| Untracked 
|  77|0x0000000084d00000, 0x0000000084d00000, 0x0000000084e00000|  0%| F|  |TAMS 0x0000000084d00000, 0x0000000084d00000| Untracked 
|  78|0x0000000084e00000, 0x0000000084e00000, 0x0000000084f00000|  0%| F|  |TAMS 0x0000000084e00000, 0x0000000084e00000| Untracked 
|  79|0x0000000084f00000, 0x0000000084f00000, 0x0000000085000000|  0%| F|  |TAMS 0x0000000084f00000, 0x0000000084f00000| Untracked 
|  80|0x0000000085000000, 0x0000000085000000, 0x0000000085100000|  0%| F|  |TAMS 0x0000000085000000, 0x0000000085000000| Untracked 
|  81|0x0000000085100000, 0x0000000085100000, 0x0000000085200000|  0%| F|  |TAMS 0x0000000085100000, 0x0000000085100000| Untracked 
|  82|0x0000000085200000, 0x0000000085200000, 0x0000000085300000|  0%| F|  |TAMS 0x0000000085200000, 0x0000000085200000| Untracked 
|  83|0x0000000085300000, 0x0000000085300000, 0x0000000085400000|  0%| F|  |TAMS 0x0000000085300000, 0x0000000085300000| Untracked 
|  84|0x0000000085400000, 0x0000000085400000, 0x0000000085500000|  0%| F|  |TAMS 0x0000000085400000, 0x0000000085400000| Untracked 
|  85|0x0000000085500000, 0x0000000085500000, 0x0000000085600000|  0%| F|  |TAMS 0x0000000085500000, 0x0000000085500000| Untracked 
|  86|0x0000000085600000, 0x0000000085600000, 0x0000000085700000|  0%| F|  |TAMS 0x0000000085600000, 0x0000000085600000| Untracked 
|  87|0x0000000085700000, 0x0000000085700000, 0x0000000085800000|  0%| F|  |TAMS 0x0000000085700000, 0x0000000085700000| Untracked 
|  88|0x0000000085800000, 0x0000000085800000, 0x0000000085900000|  0%| F|  |TAMS 0x0000000085800000, 0x0000000085800000| Untracked 
|  89|0x0000000085900000, 0x0000000085900000, 0x0000000085a00000|  0%| F|  |TAMS 0x0000000085900000, 0x0000000085900000| Untracked 
|  90|0x0000000085a00000, 0x0000000085a00000, 0x0000000085b00000|  0%| F|  |TAMS 0x0000000085a00000, 0x0000000085a00000| Untracked 
|  91|0x0000000085b00000, 0x0000000085b00000, 0x0000000085c00000|  0%| F|  |TAMS 0x0000000085b00000, 0x0000000085b00000| Untracked 
|  92|0x0000000085c00000, 0x0000000085c00000, 0x0000000085d00000|  0%| F|  |TAMS 0x0000000085c00000, 0x0000000085c00000| Untracked 
|  93|0x0000000085d00000, 0x0000000085d00000, 0x0000000085e00000|  0%| F|  |TAMS 0x0000000085d00000, 0x0000000085d00000| Untracked 
|  94|0x0000000085e00000, 0x0000000085e00000, 0x0000000085f00000|  0%| F|  |TAMS 0x0000000085e00000, 0x0000000085e00000| Untracked 
|  95|0x0000000085f00000, 0x0000000085f00000, 0x0000000086000000|  0%| F|  |TAMS 0x0000000085f00000, 0x0000000085f00000| Untracked 
|  96|0x0000000086000000, 0x0000000086000000, 0x0000000086100000|  0%| F|  |TAMS 0x0000000086000000, 0x0000000086000000| Untracked 
|  97|0x0000000086100000, 0x0000000086100000, 0x0000000086200000|  0%| F|  |TAMS 0x0000000086100000, 0x0000000086100000| Untracked 
|  98|0x0000000086200000, 0x0000000086200000, 0x0000000086300000|  0%| F|  |TAMS 0x0000000086200000, 0x0000000086200000| Untracked 
|  99|0x0000000086300000, 0x0000000086300000, 0x0000000086400000|  0%| F|  |TAMS 0x0000000086300000, 0x0000000086300000| Untracked 
| 100|0x0000000086400000, 0x0000000086400000, 0x0000000086500000|  0%| F|  |TAMS 0x0000000086400000, 0x0000000086400000| Untracked 
| 101|0x0000000086500000, 0x0000000086500000, 0x0000000086600000|  0%| F|  |TAMS 0x0000000086500000, 0x0000000086500000| Untracked 
| 102|0x0000000086600000, 0x0000000086600000, 0x0000000086700000|  0%| F|  |TAMS 0x0000000086600000, 0x0000000086600000| Untracked 
| 103|0x0000000086700000, 0x0000000086700000, 0x0000000086800000|  0%| F|  |TAMS 0x0000000086700000, 0x0000000086700000| Untracked 
| 104|0x0000000086800000, 0x0000000086800000, 0x0000000086900000|  0%| F|  |TAMS 0x0000000086800000, 0x0000000086800000| Untracked 
| 105|0x0000000086900000, 0x0000000086900000, 0x0000000086a00000|  0%| F|  |TAMS 0x0000000086900000, 0x0000000086900000| Untracked 
| 106|0x0000000086a00000, 0x0000000086a00000, 0x0000000086b00000|  0%| F|  |TAMS 0x0000000086a00000, 0x0000000086a00000| Untracked 
| 107|0x0000000086b00000, 0x0000000086b00000, 0x0000000086c00000|  0%| F|  |TAMS 0x0000000086b00000, 0x0000000086b00000| Untracked 
| 108|0x0000000086c00000, 0x0000000086c00000, 0x0000000086d00000|  0%| F|  |TAMS 0x0000000086c00000, 0x0000000086c00000| Untracked 
| 109|0x0000000086d00000, 0x0000000086d80800, 0x0000000086e00000| 50%| E|  |TAMS 0x0000000086d00000, 0x0000000086d00000| Complete 
| 110|0x0000000086e00000, 0x0000000086f00000, 0x0000000086f00000|100%| E|CS|TAMS 0x0000000086e00000, 0x0000000086e00000| Complete 
| 111|0x0000000086f00000, 0x0000000087000000, 0x0000000087000000|100%| E|CS|TAMS 0x0000000086f00000, 0x0000000086f00000| Complete 
| 112|0x0000000087000000, 0x0000000087100000, 0x0000000087100000|100%| E|CS|TAMS 0x0000000087000000, 0x0000000087000000| Complete 
| 113|0x0000000087100000, 0x0000000087200000, 0x0000000087200000|100%| E|CS|TAMS 0x0000000087100000, 0x0000000087100000| Complete 
| 114|0x0000000087200000, 0x0000000087300000, 0x0000000087300000|100%| E|CS|TAMS 0x0000000087200000, 0x0000000087200000| Complete 
| 115|0x0000000087300000, 0x0000000087400000, 0x0000000087400000|100%| E|CS|TAMS 0x0000000087300000, 0x0000000087300000| Complete 
| 116|0x0000000087400000, 0x0000000087500000, 0x0000000087500000|100%| E|CS|TAMS 0x0000000087400000, 0x0000000087400000| Complete 
| 117|0x0000000087500000, 0x0000000087600000, 0x0000000087600000|100%| E|CS|TAMS 0x0000000087500000, 0x0000000087500000| Complete 
| 118|0x0000000087600000, 0x0000000087700000, 0x0000000087700000|100%| E|CS|TAMS 0x0000000087600000, 0x0000000087600000| Complete 
| 119|0x0000000087700000, 0x0000000087800000, 0x0000000087800000|100%| E|CS|TAMS 0x0000000087700000, 0x0000000087700000| Complete 
| 120|0x0000000087800000, 0x0000000087900000, 0x0000000087900000|100%| E|CS|TAMS 0x0000000087800000, 0x0000000087800000| Complete 
| 121|0x0000000087900000, 0x0000000087a00000, 0x0000000087a00000|100%| E|CS|TAMS 0x0000000087900000, 0x0000000087900000| Complete 
| 122|0x0000000087a00000, 0x0000000087b00000, 0x0000000087b00000|100%| E|CS|TAMS 0x0000000087a00000, 0x0000000087a00000| Complete 
| 123|0x0000000087b00000, 0x0000000087c00000, 0x0000000087c00000|100%| E|CS|TAMS 0x0000000087b00000, 0x0000000087b00000| Complete 
| 124|0x0000000087c00000, 0x0000000087d00000, 0x0000000087d00000|100%| E|CS|TAMS 0x0000000087c00000, 0x0000000087c00000| Complete 
| 125|0x0000000087d00000, 0x0000000087e00000, 0x0000000087e00000|100%| E|CS|TAMS 0x0000000087d00000, 0x0000000087d00000| Complete 
| 126|0x0000000087e00000, 0x0000000087f00000, 0x0000000087f00000|100%| E|  |TAMS 0x0000000087e00000, 0x0000000087e00000| Complete 
| 127|0x0000000087f00000, 0x0000000088000000, 0x0000000088000000|100%| E|CS|TAMS 0x0000000087f00000, 0x0000000087f00000| Complete 

Card table byte_map: [0x000001effd570000,0x000001effd970000] _byte_map_base: 0x000001effd170000

Marking Bits (Prev, Next): (CMBitMap*) 0x000001eff9383cd8, (CMBitMap*) 0x000001eff9383d10
 Prev Bits: [0x000001effdd70000, 0x000001efffd70000)
 Next Bits: [0x000001ef8f000000, 0x000001ef91000000)

Polling page: 0x000001eff8b20000

Metaspace:

Usage:
  Non-class:     31.42 MB capacity,    30.91 MB ( 98%) used,   446.96 KB (  1%) free+waste,    77.50 KB ( <1%) overhead. 
      Class:      4.89 MB capacity,     4.59 MB ( 94%) used,   274.42 KB (  5%) free+waste,    37.81 KB ( <1%) overhead. 
       Both:     36.32 MB capacity,    35.50 MB ( 98%) used,   721.38 KB (  2%) free+waste,   115.31 KB ( <1%) overhead. 

Virtual space:
  Non-class space:       32.00 MB reserved,      31.50 MB ( 98%) committed 
      Class space:        1.00 GB reserved,       4.95 MB ( <1%) committed 
             Both:        1.03 GB reserved,      36.45 MB (  3%) committed 

Chunk freelists:
   Non-Class:  13.00 KB
       Class:  13.00 KB
        Both:  26.00 KB

MaxMetaspaceSize: 17179869184.00 GB
CompressedClassSpaceSize: 1.00 GB

CodeHeap 'non-profiled nmethods': size=120000Kb used=1235Kb max_used=1235Kb free=118764Kb
 bounds [0x000001ef87ad0000, 0x000001ef87d40000, 0x000001ef8f000000]
CodeHeap 'profiled nmethods': size=120000Kb used=6118Kb max_used=6118Kb free=113882Kb
 bounds [0x000001ef805a0000, 0x000001ef80ba0000, 0x000001ef87ad0000]
CodeHeap 'non-nmethods': size=5760Kb used=1511Kb max_used=1563Kb free=4249Kb
 bounds [0x000001ef80000000, 0x000001ef80270000, 0x000001ef805a0000]
 total_blobs=3606 nmethods=2988 adapters=529
 compilation: enabled
              stopped_count=0, restarted_count=0
 full_count=0

Compilation events (20 events):
Event: 5.489 Thread 0x000001ef941af800 nmethod 3011 0x000001ef80b96190 code [0x000001ef80b96360, 0x000001ef80b966d8]
Event: 5.489 Thread 0x000001ef941af800 3017       2       jdk.internal.jrtfs.JrtPath::normalize (97 bytes)
Event: 5.490 Thread 0x000001ef941af800 nmethod 3017 0x000001ef80b96810 code [0x000001ef80b96a20, 0x000001ef80b96e48]
Event: 5.490 Thread 0x000001ef941af800 3014       2       jdk.internal.jrtfs.JrtPath::<init> (31 bytes)
Event: 5.490 Thread 0x000001ef941af800 nmethod 3014 0x000001ef80b97110 code [0x000001ef80b972e0, 0x000001ef80b97528]
Event: 5.490 Thread 0x000001ef941af800 3015       2       jdk.internal.jrtfs.JrtPath::getResolvedPath (39 bytes)
Event: 5.491 Thread 0x000001ef941af800 nmethod 3015 0x000001ef80b97610 code [0x000001ef80b97800, 0x000001ef80b97ae8]
Event: 5.491 Thread 0x000001ef941af800 3018       2       java.util.stream.Sink$ChainedReference::cancellationRequested (10 bytes)
Event: 5.491 Thread 0x000001ef941af800 nmethod 3018 0x000001ef80b97c90 code [0x000001ef80b97e40, 0x000001ef80b97f68]
Event: 5.491 Thread 0x000001ef941af800 3016       2       jdk.internal.jrtfs.JrtFileSystemProvider::getFileAttributeView (10 bytes)
Event: 5.492 Thread 0x000001ef941af800 nmethod 3016 0x000001ef80b98010 code [0x000001ef80b98200, 0x000001ef80b98528]
Event: 5.492 Thread 0x000001ef941af800 3013       2       java.nio.ByteBufferAsIntBufferL::get (27 bytes)
Event: 5.492 Thread 0x000001ef941af800 nmethod 3013 0x000001ef80b98710 code [0x000001ef80b988c0, 0x000001ef80b989f8]
Event: 5.492 Thread 0x000001ef941af800 3012       2       jdk.internal.jimage.ImageReader$Directory::addChild (12 bytes)
Event: 5.492 Thread 0x000001ef941af800 nmethod 3012 0x000001ef80b98b10 code [0x000001ef80b98cc0, 0x000001ef80b98de8]
Event: 5.492 Thread 0x000001ef941af800 3020       2       jdk.internal.jrtfs.JrtPath::getFileSystem (5 bytes)
Event: 5.492 Thread 0x000001ef941af800 nmethod 3020 0x000001ef80b98e90 code [0x000001ef80b99040, 0x000001ef80b99138]
Event: 5.492 Thread 0x000001ef941af800 3021       2       jdk.internal.jrtfs.JrtFileSystemProvider::toJrtPath (27 bytes)
Event: 5.492 Thread 0x000001ef941af800 nmethod 3021 0x000001ef80b99210 code [0x000001ef80b993e0, 0x000001ef80b99698]
Event: 5.492 Thread 0x000001ef941af800 3022       2       jdk.internal.jrtfs.JrtFileAttributeView::get (41 bytes)

GC Heap History (10 events):
Event: 0.698 GC heap before
{Heap before GC invocations=0 (full 0):
 garbage-first heap   total 131072K, used 29696K [0x0000000080000000, 0x0000000100000000)
  region size 1024K, 24 young (24576K), 0 survivors (0K)
 Metaspace       used 9871K, capacity 10114K, committed 10368K, reserved 1058816K
  class space    used 1028K, capacity 1102K, committed 1152K, reserved 1048576K
}
Event: 0.705 GC heap after
{Heap after GC invocations=1 (full 0):
 garbage-first heap   total 131072K, used 9232K [0x0000000080000000, 0x0000000100000000)
  region size 1024K, 3 young (3072K), 3 survivors (3072K)
 Metaspace       used 9871K, capacity 10114K, committed 10368K, reserved 1058816K
  class space    used 1028K, capacity 1102K, committed 1152K, reserved 1048576K
}
Event: 3.269 GC heap before
{Heap before GC invocations=1 (full 0):
 garbage-first heap   total 131072K, used 83984K [0x0000000080000000, 0x0000000100000000)
  region size 1024K, 76 young (77824K), 3 survivors (3072K)
 Metaspace       used 17600K, capacity 17986K, committed 18176K, reserved 1064960K
  class space    used 2084K, capacity 2217K, committed 2304K, reserved 1048576K
}
Event: 3.277 GC heap after
{Heap after GC invocations=2 (full 0):
 garbage-first heap   total 131072K, used 16115K [0x0000000080000000, 0x0000000100000000)
  region size 1024K, 10 young (10240K), 10 survivors (10240K)
 Metaspace       used 17600K, capacity 17986K, committed 18176K, reserved 1064960K
  class space    used 2084K, capacity 2217K, committed 2304K, reserved 1048576K
}
Event: 3.682 GC heap before
{Heap before GC invocations=2 (full 0):
 garbage-first heap   total 131072K, used 41715K [0x0000000080000000, 0x0000000100000000)
  region size 1024K, 36 young (36864K), 10 survivors (10240K)
 Metaspace       used 20668K, capacity 21075K, committed 21248K, reserved 1067008K
  class space    used 2540K, capacity 2693K, committed 2816K, reserved 1048576K
}
Event: 3.690 GC heap after
{Heap after GC invocations=3 (full 0):
 garbage-first heap   total 131072K, used 16751K [0x0000000080000000, 0x0000000100000000)
  region size 1024K, 2 young (2048K), 2 survivors (2048K)
 Metaspace       used 20668K, capacity 21075K, committed 21248K, reserved 1067008K
  class space    used 2540K, capacity 2693K, committed 2816K, reserved 1048576K
}
Event: 4.376 GC heap before
{Heap before GC invocations=4 (full 0):
 garbage-first heap   total 131072K, used 71023K [0x0000000080000000, 0x0000000100000000)
  region size 1024K, 56 young (57344K), 2 survivors (2048K)
 Metaspace       used 26165K, capacity 26761K, committed 27008K, reserved 1073152K
  class space    used 3424K, capacity 3616K, committed 3712K, reserved 1048576K
}
Event: 4.380 GC heap after
{Heap after GC invocations=5 (full 0):
 garbage-first heap   total 131072K, used 18651K [0x0000000080000000, 0x0000000100000000)
  region size 1024K, 3 young (3072K), 3 survivors (3072K)
 Metaspace       used 26165K, capacity 26761K, committed 27008K, reserved 1073152K
  class space    used 3424K, capacity 3616K, committed 3712K, reserved 1048576K
}
Event: 5.315 GC heap before
{Heap before GC invocations=5 (full 0):
 garbage-first heap   total 131072K, used 77019K [0x0000000080000000, 0x0000000100000000)
  region size 1024K, 61 young (62464K), 3 survivors (3072K)
 Metaspace       used 35021K, capacity 35786K, committed 35840K, reserved 1081344K
  class space    used 4560K, capacity 4863K, committed 4864K, reserved 1048576K
}
Event: 5.326 GC heap after
{Heap after GC invocations=6 (full 0):
 garbage-first heap   total 131072K, used 22200K [0x0000000080000000, 0x0000000100000000)
  region size 1024K, 7 young (7168K), 7 survivors (7168K)
 Metaspace       used 35021K, capacity 35786K, committed 35840K, reserved 1081344K
  class space    used 4560K, capacity 4863K, committed 4864K, reserved 1048576K
}

Deoptimization events (20 events):
Event: 5.381 Thread 0x000001ef951bd000 DEOPT PACKING pc=0x000001ef87b62980 sp=0x0000001f8fdf9890
Event: 5.381 Thread 0x000001ef951bd000 DEOPT UNPACKING pc=0x000001ef8002662f sp=0x0000001f8fdf9820 mode 2
Event: 5.381 Thread 0x000001ef951bd000 Uncommon trap: trap_request=0xffffff4d fr.pc=0x000001ef87ae92dc relative=0x000000000000003c
Event: 5.381 Thread 0x000001ef951bd000 Uncommon trap: reason=unstable_if action=reinterpret pc=0x000001ef87ae92dc method=sun.nio.fs.WindowsPathParser.isSlash(C)Z @ 9 c2
Event: 5.381 Thread 0x000001ef951bd000 DEOPT PACKING pc=0x000001ef87ae92dc sp=0x0000001f8fdf9890
Event: 5.381 Thread 0x000001ef951bd000 DEOPT UNPACKING pc=0x000001ef8002662f sp=0x0000001f8fdf9818 mode 2
Event: 5.412 Thread 0x000001ef951bd000 DEOPT PACKING pc=0x000001ef80b5eabe sp=0x0000001f8fdf9810
Event: 5.412 Thread 0x000001ef951bd000 DEOPT UNPACKING pc=0x000001ef80026dde sp=0x0000001f8fdf8c88 mode 0
Event: 5.412 Thread 0x000001ef951bd000 DEOPT PACKING pc=0x000001ef80b5efd0 sp=0x0000001f8fdf98c0
Event: 5.412 Thread 0x000001ef951bd000 DEOPT UNPACKING pc=0x000001ef80026dde sp=0x0000001f8fdf8d68 mode 0
Event: 5.413 Thread 0x000001ef951bd000 DEOPT PACKING pc=0x000001ef80b5eabe sp=0x0000001f8fdf9810
Event: 5.413 Thread 0x000001ef951bd000 DEOPT UNPACKING pc=0x000001ef80026dde sp=0x0000001f8fdf8c88 mode 0
Event: 5.413 Thread 0x000001ef951bd000 DEOPT PACKING pc=0x000001ef80b5eabe sp=0x0000001f8fdf9810
Event: 5.413 Thread 0x000001ef951bd000 DEOPT UNPACKING pc=0x000001ef80026dde sp=0x0000001f8fdf8c88 mode 0
Event: 5.413 Thread 0x000001ef951bd000 DEOPT PACKING pc=0x000001ef80b5e5e7 sp=0x0000001f8fdf97e0
Event: 5.413 Thread 0x000001ef951bd000 DEOPT UNPACKING pc=0x000001ef80026dde sp=0x0000001f8fdf8cc8 mode 0
Event: 5.421 Thread 0x000001ef951bd000 DEOPT PACKING pc=0x000001ef80b663db sp=0x0000001f8fdf9830
Event: 5.421 Thread 0x000001ef951bd000 DEOPT UNPACKING pc=0x000001ef80026dde sp=0x0000001f8fdf8cd0 mode 0
Event: 5.421 Thread 0x000001ef951bd000 DEOPT PACKING pc=0x000001ef80b6753b sp=0x0000001f8fdf97b0
Event: 5.421 Thread 0x000001ef951bd000 DEOPT UNPACKING pc=0x000001ef80026dde sp=0x0000001f8fdf8c48 mode 0

Classes redefined (0 events):
No events

Internal exceptions (20 events):
Event: 4.556 Thread 0x000001ef951bd000 Implicit null exception at 0x000001ef87b97af5 to 0x000001ef87b97cbc
Event: 4.696 Thread 0x000001ef951bd000 Exception <a 'java/lang/NoSuchMethodError'{0x0000000086502e58}: 'java.lang.Object java.lang.invoke.Invokers$Holder.linkToTargetMethod(java.lang.Object, java.lang.Object, java.lang.Object, java.lang.Object, java.lang.Object, java.lang.Object, java.lang.Object, java.lang.Object)'> (0x0000000086502e58) thrown at [./src/hotspot/share/interpreter/linkResolver.cpp, line 773]
Event: 4.700 Thread 0x000001ef951bd000 Exception <a 'java/lang/NoSuchMethodError'{0x0000000086537b88}: 'java.lang.Object java.lang.invoke.DirectMethodHandle$Holder.invokeVirtual(java.lang.Object, java.lang.Object, java.lang.Object)'> (0x0000000086537b88) thrown at [./src/hotspot/share/interpreter/linkResolver.cpp, line 773]
Event: 4.716 Thread 0x000001ef951bd000 Exception <a 'java/lang/NoSuchMethodError'{0x0000000086412ef0}: 'java.lang.Object java.lang.invoke.Invokers$Holder.linkToTargetMethod(java.lang.Object, java.lang.Object, java.lang.Object, java.lang.Object, java.lang.Object, java.lang.Object, java.lang.Object)'> (0x0000000086412ef0) thrown at [./src/hotspot/share/interpreter/linkResolver.cpp, line 773]
Event: 4.719 Thread 0x000001ef951bd000 Exception <a 'java/lang/IncompatibleClassChangeError'{0x0000000086452dc8}: Found class java.lang.Object, but interface was expected> (0x0000000086452dc8) thrown at [./src/hotspot/share/interpreter/linkResolver.cpp, line 839]
Event: 4.768 Thread 0x000001ef951bd000 Exception <a 'java/lang/NoSuchMethodError'{0x00000000861f8ff8}: 'int java.lang.invoke.DirectMethodHandle$Holder.invokeVirtual(java.lang.Object, java.lang.Object)'> (0x00000000861f8ff8) thrown at [./src/hotspot/share/interpreter/linkResolver.cpp, line 773]
Event: 5.019 Thread 0x000001ef951bd000 Exception <a 'java/lang/NoSuchMethodError'{0x00000000850229a0}: 'void java.lang.invoke.DirectMethodHandle$Holder.invokeStaticInit(java.lang.Object, java.lang.Object, java.lang.Object)'> (0x00000000850229a0) thrown at [./src/hotspot/share/interpreter/linkResolver.cpp, line 773]
Event: 5.019 Thread 0x000001ef951bd000 Exception <a 'java/lang/NoSuchMethodError'{0x0000000085029778}: 'void java.lang.invoke.DirectMethodHandle$Holder.invokeStaticInit(java.lang.Object, java.lang.Object, java.lang.Object, java.lang.Object)'> (0x0000000085029778) thrown at [./src/hotspot/share/interpreter/linkResolver.cpp, line 773]
Event: 5.023 Thread 0x000001ef951bd000 Exception <a 'java/lang/NoSuchMethodError'{0x000000008504bdd0}: 'void java.lang.invoke.DirectMethodHandle$Holder.invokeStaticInit(java.lang.Object, java.lang.Object, java.lang.Object, java.lang.Object, java.lang.Object)'> (0x000000008504bdd0) thrown at [./src/hotspot/share/interpreter/linkResolver.cpp, line 773]
Event: 5.059 Thread 0x000001ef951bd000 Exception <a 'java/lang/NoSuchMethodError'{0x00000000850ae6d8}: 'int java.lang.invoke.DirectMethodHandle$Holder.invokeStaticInit(java.lang.Object, java.lang.Object, java.lang.Object, java.lang.Object)'> (0x00000000850ae6d8) thrown at [./src/hotspot/share/interpreter/linkResolver.cpp, line 773]
Event: 5.277 Thread 0x000001ef951bd000 Exception <a 'java/lang/NoSuchMethodError'{0x0000000084820120}: 'java.lang.Object java.lang.invoke.DirectMethodHandle$Holder.invokeStatic(java.lang.Object, java.lang.Object, java.lang.Object, java.lang.Object, java.lang.Object, java.lang.Object, java.lang.Object, java.lang.Object, java.lang.Object, java.lang.Object, java.lang.Object, int)'> (0x0000000084820120) thrown at [./src/hotspot/share/interpreter/linkResolver.cpp, line 773]
Event: 5.278 Thread 0x000001ef951bd000 Exception <a 'java/lang/NoSuchMethodError'{0x000000008483eac0}: 'java.lang.Object java.lang.invoke.DirectMethodHandle$Holder.invokeStatic(java.lang.Object, java.lang.Object, java.lang.Object, java.lang.Object, java.lang.Object, java.lang.Object, java.lang.Object, java.lang.Object, java.lang.Object, java.lang.Object, java.lang.Object, int, int)'> (0x000000008483eac0) thrown at [./src/hotspot/share/interpreter/linkResolver.cpp, line 773]
Event: 5.280 Thread 0x000001ef951bd000 Exception <a 'java/lang/NoSuchMethodError'{0x000000008485e2f0}: 'java.lang.Object java.lang.invoke.DirectMethodHandle$Holder.invokeStatic(java.lang.Object, java.lang.Object, java.lang.Object, java.lang.Object, java.lang.Object, java.lang.Object, java.lang.Object, java.lang.Object, java.lang.Object, java.lang.Object, java.lang.Object, int, int, java.lang.Object)'> (0x000000008485e2f0) thrown at [./src/hotspot/share/interpreter/linkResolver.cpp, line 773]
Event: 5.282 Thread 0x000001ef951bd000 Exception <a 'java/lang/NoSuchMethodError'{0x000000008487f3e8}: 'java.lang.Object java.lang.invoke.DirectMethodHandle$Holder.invokeStatic(java.lang.Object, java.lang.Object, java.lang.Object, java.lang.Object, java.lang.Object, java.lang.Object, java.lang.Object, java.lang.Object, java.lang.Object, java.lang.Object, java.lang.Object, int, int, java.lang.Object, java.lang.Object)'> (0x000000008487f3e8) thrown at [./src/hotspot/share/interpreter/linkResolver.cpp, line 773]
Event: 5.284 Thread 0x000001ef951bd000 Exception <a 'java/lang/ClassNotFoundException'{0x00000000848ae3b0}: groovy/lang/ExpandoMetaClassBeanInfo> (0x00000000848ae3b0) thrown at [./src/hotspot/share/classfile/systemDictionary.cpp, line 231]
Event: 5.285 Thread 0x000001ef951bd000 Exception <a 'java/lang/ClassNotFoundException'{0x00000000848cd380}: groovy/lang/MetaClassImplBeanInfo> (0x00000000848cd380) thrown at [./src/hotspot/share/classfile/systemDictionary.cpp, line 231]
Event: 5.285 Thread 0x000001ef951bd000 Exception <a 'java/lang/ClassNotFoundException'{0x00000000848d6390}: java/lang/ObjectBeanInfo> (0x00000000848d6390) thrown at [./src/hotspot/share/classfile/systemDictionary.cpp, line 231]
Event: 5.286 Thread 0x000001ef951bd000 Exception <a 'java/lang/ClassNotFoundException'{0x00000000848e1538}: java/lang/ObjectCustomizer> (0x00000000848e1538) thrown at [./src/hotspot/share/classfile/systemDictionary.cpp, line 231]
Event: 5.293 Thread 0x000001ef951bd000 Exception <a 'java/lang/ClassNotFoundException'{0x0000000084407770}: groovy/lang/MetaClassImplCustomizer> (0x0000000084407770) thrown at [./src/hotspot/share/classfile/systemDictionary.cpp, line 231]
Event: 5.296 Thread 0x000001ef951bd000 Exception <a 'java/lang/ClassNotFoundException'{0x0000000084446198}: groovy/lang/ExpandoMetaClassCustomizer> (0x0000000084446198) thrown at [./src/hotspot/share/classfile/systemDictionary.cpp, line 231]

Events (20 events):
Event: 5.472 loading class jdk/internal/jimage/ImageReader$Node done
Event: 5.472 loading class jdk/internal/jimage/ImageReader$Directory done
Event: 5.472 loading class jdk/internal/jrtfs/SystemImage$1
Event: 5.472 loading class jdk/internal/jrtfs/SystemImage$1 done
Event: 5.472 loading class jdk/internal/jrtfs/JrtFileAttributeView
Event: 5.473 loading class jdk/internal/jrtfs/JrtFileAttributeView done
Event: 5.474 loading class jdk/internal/jimage/ImageReader$SharedImageReader$LocationVisitor
Event: 5.474 loading class jdk/internal/jimage/ImageReader$SharedImageReader$LocationVisitor done
Event: 5.474 loading class java/nio/ByteBufferAsIntBufferL
Event: 5.474 loading class java/nio/ByteBufferAsIntBufferL done
Event: 5.475 loading class jdk/internal/jrtfs/JrtFileAttributes
Event: 5.475 loading class jdk/internal/jrtfs/JrtFileAttributes done
Event: 5.475 loading class jdk/internal/jrtfs/JrtDirectoryStream
Event: 5.475 loading class jdk/internal/jrtfs/JrtDirectoryStream done
Event: 5.476 loading class jdk/internal/jrtfs/JrtDirectoryStream$1
Event: 5.476 loading class jdk/internal/jrtfs/JrtDirectoryStream$1 done
Event: 5.476 loading class java/util/function/BooleanSupplier
Event: 5.476 loading class java/util/function/BooleanSupplier done
Event: 5.476 loading class jdk/internal/jimage/ImageReader$Resource
Event: 5.476 loading class jdk/internal/jimage/ImageReader$Resource done


Dynamic libraries:
0x00007ff604fd0000 - 0x00007ff604fda000 	C:\Program Files\Android\Android Studio\jre\bin\java.exe
0x00007ffc98120000 - 0x00007ffc98329000 	C:\WINDOWS\SYSTEM32\ntdll.dll
0x00007ffc97830000 - 0x00007ffc978ed000 	C:\WINDOWS\System32\KERNEL32.DLL
0x00007ffc95a20000 - 0x00007ffc95d9c000 	C:\WINDOWS\System32\KERNELBASE.dll
0x00007ffc95720000 - 0x00007ffc95831000 	C:\WINDOWS\System32\ucrtbase.dll
0x00007ffc85640000 - 0x00007ffc85657000 	C:\Program Files\Android\Android Studio\jre\bin\VCRUNTIME140.dll
0x00007ffc901c0000 - 0x00007ffc901d9000 	C:\Program Files\Android\Android Studio\jre\bin\jli.dll
0x00007ffc97190000 - 0x00007ffc9733d000 	C:\WINDOWS\System32\USER32.dll
0x00007ffc7f5f0000 - 0x00007ffc7f895000 	C:\WINDOWS\WinSxS\amd64_microsoft.windows.common-controls_6595b64144ccf1df_6.0.22000.120_none_9d947278b86cc467\COMCTL32.dll
0x00007ffc956f0000 - 0x00007ffc95716000 	C:\WINDOWS\System32\win32u.dll
0x00007ffc97d40000 - 0x00007ffc97de3000 	C:\WINDOWS\System32\msvcrt.dll
0x00007ffc96c20000 - 0x00007ffc96c49000 	C:\WINDOWS\System32\GDI32.dll
0x00007ffc95900000 - 0x00007ffc95a19000 	C:\WINDOWS\System32\gdi32full.dll
0x00007ffc95650000 - 0x00007ffc956ed000 	C:\WINDOWS\System32\msvcp_win.dll
0x00007ffc97630000 - 0x00007ffc97661000 	C:\WINDOWS\System32\IMM32.DLL
0x00007ffc77300000 - 0x00007ffc7739d000 	C:\Program Files\Android\Android Studio\jre\bin\msvcp140.dll
0x00007ffc54210000 - 0x00007ffc54ce5000 	C:\Program Files\Android\Android Studio\jre\bin\server\jvm.dll
0x00007ffc979f0000 - 0x00007ffc97a9e000 	C:\WINDOWS\System32\ADVAPI32.dll
0x00007ffc97df0000 - 0x00007ffc97e8e000 	C:\WINDOWS\System32\sechost.dll
0x00007ffc97e90000 - 0x00007ffc97fb0000 	C:\WINDOWS\System32\RPCRT4.dll
0x00007ffc980a0000 - 0x00007ffc980a8000 	C:\WINDOWS\System32\PSAPI.DLL
0x00007ffc901e0000 - 0x00007ffc90213000 	C:\WINDOWS\SYSTEM32\WINMM.dll
0x00007ffc8deb0000 - 0x00007ffc8deba000 	C:\WINDOWS\SYSTEM32\VERSION.dll
0x00007ffc82e50000 - 0x00007ffc82e59000 	C:\WINDOWS\SYSTEM32\WSOCK32.dll
0x00007ffc978f0000 - 0x00007ffc9795f000 	C:\WINDOWS\System32\WS2_32.dll
0x00007ffc946c0000 - 0x00007ffc946d8000 	C:\WINDOWS\SYSTEM32\kernel.appcore.dll
0x00007ffc90bd0000 - 0x00007ffc90be1000 	C:\Program Files\Android\Android Studio\jre\bin\verify.dll
0x00007ffc92e80000 - 0x00007ffc930a1000 	C:\WINDOWS\SYSTEM32\DBGHELP.DLL
0x00007ffc7fde0000 - 0x00007ffc7fe11000 	C:\WINDOWS\SYSTEM32\dbgcore.DLL
0x00007ffc955d0000 - 0x00007ffc9564f000 	C:\WINDOWS\System32\bcryptPrimitives.dll
0x00007ffc905d0000 - 0x00007ffc905f9000 	C:\Program Files\Android\Android Studio\jre\bin\java.dll
0x00007ffc90c80000 - 0x00007ffc90c8b000 	C:\Program Files\Android\Android Studio\jre\bin\jimage.dll
0x00007ffc90ae0000 - 0x00007ffc90af8000 	C:\Program Files\Android\Android Studio\jre\bin\zip.dll
0x00007ffc95ff0000 - 0x00007ffc967a8000 	C:\WINDOWS\System32\SHELL32.dll
0x00007ffc93730000 - 0x00007ffc93f98000 	C:\WINDOWS\SYSTEM32\windows.storage.dll
0x00007ffc96d20000 - 0x00007ffc97099000 	C:\WINDOWS\System32\combase.dll
0x00007ffc935c0000 - 0x00007ffc93726000 	C:\WINDOWS\SYSTEM32\wintypes.dll
0x00007ffc97fb0000 - 0x00007ffc9809a000 	C:\WINDOWS\System32\SHCORE.dll
0x00007ffc95f90000 - 0x00007ffc95fed000 	C:\WINDOWS\System32\shlwapi.dll
0x00007ffc95500000 - 0x00007ffc95521000 	C:\WINDOWS\SYSTEM32\profapi.dll
0x00007ffc906a0000 - 0x00007ffc906ba000 	C:\Program Files\Android\Android Studio\jre\bin\net.dll
0x00007ffc8f260000 - 0x00007ffc8f36c000 	C:\WINDOWS\SYSTEM32\WINHTTP.dll
0x00007ffc94b60000 - 0x00007ffc94bc7000 	C:\WINDOWS\system32\mswsock.dll
0x00007ffc90470000 - 0x00007ffc90484000 	C:\Program Files\Android\Android Studio\jre\bin\nio.dll
0x00007ffc904a0000 - 0x00007ffc904c7000 	C:\Users\ASUS\.gradle\native\e1d6ef7f7dcc3fd88c89a11ec53ec762bb8ba0a96d01ffa2cd45eb1d1d8dd5c5\windows-amd64\native-platform.dll
0x00007ffc6e2b0000 - 0x00007ffc6e3f4000 	C:\Users\ASUS\.gradle\native\5664cfc778a61ccfe75a443a1ab52a65af34e5dc3c78e0209fed803814484fcb\windows-amd64\native-platform-file-events.dll
0x00007ffc90b90000 - 0x00007ffc90b9a000 	C:\Program Files\Android\Android Studio\jre\bin\management.dll
0x00007ffc90460000 - 0x00007ffc9046d000 	C:\Program Files\Android\Android Studio\jre\bin\management_ext.dll
0x00007ffc94da0000 - 0x00007ffc94db8000 	C:\WINDOWS\SYSTEM32\CRYPTSP.dll
0x00007ffc94620000 - 0x00007ffc94655000 	C:\WINDOWS\system32\rsaenh.dll
0x00007ffc94c50000 - 0x00007ffc94c79000 	C:\WINDOWS\SYSTEM32\USERENV.dll
0x00007ffc94fb0000 - 0x00007ffc94fd7000 	C:\WINDOWS\SYSTEM32\bcrypt.dll
0x00007ffc94dc0000 - 0x00007ffc94dcc000 	C:\WINDOWS\SYSTEM32\CRYPTBASE.dll
0x00007ffc941f0000 - 0x00007ffc9421d000 	C:\WINDOWS\SYSTEM32\IPHLPAPI.DLL
0x00007ffc97180000 - 0x00007ffc97189000 	C:\WINDOWS\System32\NSI.dll
0x00007ffc8ef30000 - 0x00007ffc8ef49000 	C:\WINDOWS\SYSTEM32\dhcpcsvc6.DLL
0x00007ffc8f1f0000 - 0x00007ffc8f20e000 	C:\WINDOWS\SYSTEM32\dhcpcsvc.DLL
0x00007ffc94260000 - 0x00007ffc94348000 	C:\WINDOWS\SYSTEM32\DNSAPI.dll

dbghelp: loaded successfully - version: 4.0.5 - missing functions: none
symbol engine: initialized successfully - sym options: 0x614 - pdb path: .;C:\Program Files\Android\Android Studio\jre\bin;C:\WINDOWS\SYSTEM32;C:\WINDOWS\WinSxS\amd64_microsoft.windows.common-controls_6595b64144ccf1df_6.0.22000.120_none_9d947278b86cc467;C:\Program Files\Android\Android Studio\jre\bin\server;C:\Users\ASUS\.gradle\native\e1d6ef7f7dcc3fd88c89a11ec53ec762bb8ba0a96d01ffa2cd45eb1d1d8dd5c5\windows-amd64;C:\Users\ASUS\.gradle\native\5664cfc778a61ccfe75a443a1ab52a65af34e5dc3c78e0209fed803814484fcb\windows-amd64

VM Arguments:
jvm_args: --add-opens=java.base/java.util=ALL-UNNAMED --add-opens=java.base/java.lang=ALL-UNNAMED --add-opens=java.base/java.lang.invoke=ALL-UNNAMED --add-opens=java.base/java.util=ALL-UNNAMED --add-opens=java.prefs/java.util.prefs=ALL-UNNAMED --add-opens=java.prefs/java.util.prefs=ALL-UNNAMED --add-opens=java.base/java.nio.charset=ALL-UNNAMED --add-opens=java.base/java.net=ALL-UNNAMED --add-opens=java.base/java.util.concurrent.atomic=ALL-UNNAMED -Xmx2048m -Dfile.encoding=UTF-8 -Duser.country=US -Duser.language=en -Duser.variant 
java_command: org.gradle.launcher.daemon.bootstrap.GradleDaemon 7.2
java_class_path (initial): C:\Users\ASUS\.gradle\wrapper\dists\gradle-7.2-bin\2dnblmf4td7x66yl1d74lt32g\gradle-7.2\lib\gradle-launcher-7.2.jar
Launcher Type: SUN_STANDARD

[Global flags]
     intx CICompilerCount                          = 4                                         {product} {ergonomic}
     uint ConcGCThreads                            = 2                                         {product} {ergonomic}
     uint G1ConcRefinementThreads                  = 8                                         {product} {ergonomic}
   size_t G1HeapRegionSize                         = 1048576                                   {product} {ergonomic}
    uintx GCDrainStackTargetSize                   = 64                                        {product} {ergonomic}
   size_t InitialHeapSize                          = 134217728                                 {product} {ergonomic}
   size_t MarkStackSize                            = 4194304                                   {product} {ergonomic}
   size_t MaxHeapSize                              = 2147483648                                {product} {command line}
   size_t MaxNewSize                               = 1287651328                                {product} {ergonomic}
   size_t MinHeapDeltaBytes                        = 1048576                                   {product} {ergonomic}
    uintx NonNMethodCodeHeapSize                   = 5836300                                {pd product} {ergonomic}
    uintx NonProfiledCodeHeapSize                  = 122910970                              {pd product} {ergonomic}
    uintx ProfiledCodeHeapSize                     = 122910970                              {pd product} {ergonomic}
    uintx ReservedCodeCacheSize                    = 251658240                              {pd product} {ergonomic}
     bool SegmentedCodeCache                       = true                                      {product} {ergonomic}
     bool UseCompressedClassPointers               = true                                 {lp64_product} {ergonomic}
     bool UseCompressedOops                        = true                                 {lp64_product} {ergonomic}
     bool UseG1GC                                  = true                                      {product} {ergonomic}
     bool UseLargePagesIndividualAllocation        = false                                  {pd product} {ergonomic}

Logging:
Log output configuration:
 #0: stdout all=warning uptime,level,tags
 #1: stderr all=off uptime,level,tags

Environment Variables:
PATH=C:\Program Files\Common Files\Oracle\Java\javapath;C:\ProgramData\Oracle\Java\javapath;C:\Program Files (x86)\Intel\iCLS Client\;C:\Program Files\Intel\iCLS Client\;C:\Windows\system32;C:\Windows;C:\Windows\System32\Wbem;C:\Windows\System32\WindowsPowerShell\v1.0\;C:\Windows\System32\OpenSSH\;C:\Program Files (x86)\Intel\Intel(R) Management Engine Components\DAL;C:\Program Files\Intel\Intel(R) Management Engine Components\DAL;C:\Program Files (x86)\Intel\Intel(R) Management Engine Components\IPT;C:\Program Files\Intel\Intel(R) Management Engine Components\IPT;C:\Program Files (x86)\NVIDIA Corporation\PhysX\Common;C:\Program Files\Intel\WiFi\bin\;C:\Program Files\Common Files\Intel\WirelessCommon\;C:\Program Files\Java\jdk-12.0.1\bin;C:\Program Files\dotnet\;C:\WINDOWS\system32;C:\WINDOWS;C:\WINDOWS\System32\Wbem;C:\WINDOWS\System32\WindowsPowerShell\v1.0\;C:\WINDOWS\System32\OpenSSH\;C:\Program Files (x86)\GtkSharp\2.12\bin;C:\Program Files\nodejs\;C:\Program Files\Dart\dart-sdk\bin;C:\Program Files\Java\jdk-17\bin;C:\MinGW\bin;C:\Program Files\Git\cmd;C:\xampp\php;C:\ProgramData\ComposerSetup\bin;C:\Program Files (x86)\dotnet\;C:\Program Files\PowerShell\7\;C:\Program Files\Common Files\Oracle\Java\javapath;C:\ProgramData\Oracle\Java\javapath;C:\Program Files (x86)\Intel\iCLS Client\;C:\Program Files\Intel\iCLS Client\;C:\Windows\system32;C:\Windows;C:\Windows\System32\Wbem;C:\Windows\System32\WindowsPowerShell\v1.0\;C:\Windows\System32\OpenSSH\;C:\Program Files (x86)\Intel\Intel(R) Management Engine Components\DAL;C:\Program Files\Intel\Intel(R) Management Engine Components\DAL;C:\Program Files (x86)\Intel\Intel(R) Management Engine Components\IPT;C:\Program Files\Intel\Intel(R) Management Engine Components\IPT;C:\Program Files (x86)\NVIDIA Corporation\PhysX\Common;C:\Program Files\Intel\WiFi\bin\;C:\Program Files\Common Files\Intel\WirelessCommon\;C:\Program Files\Java\jdk-12.0.1\bin;C:\Program Files\dotnet\;C:\WINDOWS\system32;C:\WINDOWS;C:\WINDOWS\System32\Wb
USERNAME=ASUS
OS=Windows_NT
PROCESSOR_IDENTIFIER=Intel64 Family 6 Model 142 Stepping 10, GenuineIntel



---------------  S Y S T E M  ---------------

OS: Windows 10 , 64 bit Build 22000 (10.0.22000.708)
OS uptime: 0 days 7:27 hours

CPU:total 8 (initial active 8) (4 cores per cpu, 2 threads per core) family 6 model 142 stepping 10 microcode 0xe0, cmov, cx8, fxsr, mmx, sse, sse2, sse3, ssse3, sse4.1, sse4.2, popcnt, avx, avx2, aes, clmul, erms, 3dnowpref, lzcnt, ht, tsc, tscinvbit, bmi1, bmi2, adx, fma

Memory: 4k page, system-wide physical 8074M (355M free)
TotalPageFile size 12170M (AvailPageFile size 9M)
current process WorkingSet (physical memory assigned to process): 237M, peak: 242M
current process commit charge ("private bytes"): 301M, peak: 307M

vm_info: OpenJDK 64-Bit Server VM (11.0.11+9-b60-7590822) for windows-amd64 JRE (11.0.11+9-b60-7590822), built on Jul 29 2021 21:43:44 by "builder" with MS VC++ 14.0 (VS2015)

END.
