#
# There is insufficient memory for the Java Runtime Environment to continue.
# Native memory allocation (mmap) failed to map 124780544 bytes for Failed to commit area from 0x0000000091200000 to 0x0000000098900000 of length 124780544.
# Possible reasons:
#   The system is out of physical RAM or swap space
#   The process is running with CompressedOops enabled, and the Java Heap may be blocking the growth of the native heap
# Possible solutions:
#   Reduce memory load on the system
#   Increase physical memory or swap space
#   Check if swap backing store is full
#   Decrease Java heap size (-Xmx/-Xms)
#   Decrease number of Java threads
#   Decrease Java thread stack sizes (-Xss)
#   Set larger code cache with -XX:ReservedCodeCacheSize=
#   JVM is running with Unscaled Compressed Oops mode in which the Java heap is
#     placed in the first 4GB address space. The Java Heap base address is the
#     maximum limit for the native heap growth. Please use -XX:HeapBaseMinAddress
#     to set the Java Heap base and to place the Java Heap above 4GB virtual address.
# This output file may be truncated or incomplete.
#
#  Out of Memory Error (./src/hotspot/os/windows/os_windows.cpp:3301), pid=12516, tid=10380
#
# JRE version: OpenJDK Runtime Environment (11.0.11+9) (build 11.0.11+9-b60-7590822)
# Java VM: OpenJDK 64-Bit Server VM (11.0.11+9-b60-7590822, mixed mode, tiered, compressed oops, g1 gc, windows-amd64)
# No core dump will be written. Minidumps are not enabled by default on client versions of Windows
#

---------------  S U M M A R Y ------------

Command Line: --add-opens=java.base/java.util=ALL-UNNAMED --add-opens=java.base/java.lang=ALL-UNNAMED --add-opens=java.base/java.lang.invoke=ALL-UNNAMED --add-opens=java.base/java.util=ALL-UNNAMED --add-opens=java.prefs/java.util.prefs=ALL-UNNAMED --add-opens=java.prefs/java.util.prefs=ALL-UNNAMED --add-opens=java.base/java.nio.charset=ALL-UNNAMED --add-opens=java.base/java.net=ALL-UNNAMED --add-opens=java.base/java.util.concurrent.atomic=ALL-UNNAMED -Xmx2048m -Dfile.encoding=UTF-8 -Duser.country=US -Duser.language=en -Duser.variant org.gradle.launcher.daemon.bootstrap.GradleDaemon 7.2

Host: Intel(R) Core(TM) i5-8250U CPU @ 1.60GHz, 8 cores, 7G,  Windows 10 , 64 bit Build 22000 (10.0.22000.708)
Time: Tue Sep 27 18:15:21 2022 Bangladesh Standard Time elapsed time: 20.230422 seconds (0d 0h 0m 20s)

---------------  T H R E A D  ---------------

Current thread (0x0000029cfd79b800):  VMThread "VM Thread" [stack: 0x000000adb6000000,0x000000adb6100000] [id=10380]

Stack: [0x000000adb6000000,0x000000adb6100000]
[error occurred during error reporting (printing stack bounds), id 0xc0000005, EXCEPTION_ACCESS_VIOLATION (0xc0000005) at pc=0x0000029c80000f2d]

Native frames: (J=compiled Java code, j=interpreted, Vv=VM code, C=native code)
V  [jvm.dll+0x5f214a]
V  [jvm.dll+0x726fb5]
V  [jvm.dll+0x7285cd]
V  [jvm.dll+0x728be5]
V  [jvm.dll+0x728b9b]
V  [jvm.dll+0x5f14e8]
V  [jvm.dll+0x5f1c78]
C  [ntdll.dll+0xa8b1f]
C  [ntdll.dll+0x35b9a]
C  [ntdll.dll+0xa7b2e]
C  0x0000029c80000f2d

VM_Operation (0x000000adbcbf8a00): G1CollectForAllocation, mode: safepoint, requested by thread 0x0000029c930ad000


---------------  P R O C E S S  ---------------

Threads class SMR info:
_java_thread_list=0x0000029c9dab2930, length=133, elements={
0x0000029cf0360000, 0x0000029cfd79f000, 0x0000029cfd7a8800, 0x0000029cfd7b9800,
0x0000029cfd7ba800, 0x0000029cfd7bc000, 0x0000029cfd7bf000, 0x0000029cfd7c0000,
0x0000029cfd7c4000, 0x0000029cfe27f000, 0x0000029cff8f5000, 0x0000029cfe3a9000,
0x0000029c8f6f0800, 0x0000029cfe765800, 0x0000029c8f22e800, 0x0000029c8f5d1000,
0x0000029c8fa9b000, 0x0000029c90499000, 0x0000029c8f785800, 0x0000029c8f9b3000,
0x0000029c8f9b4800, 0x0000029c8f9b5800, 0x0000029c8f9b4000, 0x0000029c8f9b7000,
0x0000029c8f9b6800, 0x0000029c8f9b8000, 0x0000029c8f9b2000, 0x0000029c8f9b9000,
0x0000029c8f722800, 0x0000029c8f726800, 0x0000029c8f728800, 0x0000029c8f729000,
0x0000029c8f72a000, 0x0000029c8f724800, 0x0000029c8f72b000, 0x0000029c8f725000,
0x0000029c8f726000, 0x0000029c8f731800, 0x0000029c8f72f000, 0x0000029c8f72e000,
0x0000029c8f72b800, 0x0000029c8f72f800, 0x0000029c8f730800, 0x0000029c8f72c800,
0x0000029c8f72d800, 0x0000029cfede2000, 0x0000029cfede4000, 0x0000029cfede7000,
0x0000029cfede3000, 0x0000029cfede4800, 0x0000029cfede5800, 0x0000029cfede6000,
0x0000029cfede1800, 0x0000029cfeded800, 0x0000029cfede8800, 0x0000029cfede9800,
0x0000029cfedea800, 0x0000029cfede8000, 0x0000029cfedeb000, 0x0000029cfedec000,
0x0000029cfedee800, 0x0000029cfedef000, 0x0000029cfedf0000, 0x0000029cfedec800,
0x0000029c90c4b800, 0x0000029c90c4e800, 0x0000029c90c4c000, 0x0000029c90c49800,
0x0000029c90c4d000, 0x0000029c90c4e000, 0x0000029c90c4f800, 0x0000029c90c50800,
0x0000029c90c4a800, 0x0000029c90c53800, 0x0000029c90c56000, 0x0000029c90c57000,
0x0000029c90c51000, 0x0000029c90c57800, 0x0000029c90c52000, 0x0000029c90c55000,
0x0000029c90c58800, 0x0000029c90c52800, 0x0000029c90c54800, 0x0000029c930a2000,
0x0000029c930a8800, 0x0000029c930a6800, 0x0000029c930a7000, 0x0000029c930a8000,
0x0000029c930a3000, 0x0000029c930a5800, 0x0000029c930a9800, 0x0000029c930a4000,
0x0000029c930aa800, 0x0000029c930a4800, 0x0000029c930ac000, 0x0000029c930ad000,
0x0000029c930ae800, 0x0000029c930b0000, 0x0000029c930b1000, 0x0000029c930ab000,
0x0000029c930ad800, 0x0000029c930af800, 0x0000029c9423e800, 0x0000029c94241000,
0x0000029c9423f800, 0x0000029c9423e000, 0x0000029c9423c000, 0x0000029c94240000,
0x0000029c9423b800, 0x0000029c94242800, 0x0000029c94242000, 0x0000029c9423d000,
0x0000029c94246000, 0x0000029c94246800, 0x0000029c94248800, 0x0000029c94247800,
0x0000029c94244800, 0x0000029c94249000, 0x0000029c94243800, 0x0000029c9424a000,
0x0000029c94245000, 0x0000029c953c2800, 0x0000029c953c6000, 0x0000029c953c3800,
0x0000029c953c0800, 0x0000029c953c1000, 0x0000029c953c5000, 0x0000029c953c7000,
0x0000029c953c2000, 0x0000029cff55b800, 0x0000029cff55f000, 0x0000029cff55c800,
0x0000029c977e7800
}

Java Threads: ( => current thread )
  0x0000029cf0360000 JavaThread "main" [_thread_blocked, id=2012, stack(0x000000adb5a00000,0x000000adb5b00000)]
  0x0000029cfd79f000 JavaThread "Reference Handler" daemon [_thread_blocked, id=10708, stack(0x000000adb6100000,0x000000adb6200000)]
  0x0000029cfd7a8800 JavaThread "Finalizer" daemon [_thread_blocked, id=9856, stack(0x000000adb6200000,0x000000adb6300000)]
  0x0000029cfd7b9800 JavaThread "Signal Dispatcher" daemon [_thread_blocked, id=15516, stack(0x000000adb6300000,0x000000adb6400000)]
  0x0000029cfd7ba800 JavaThread "Attach Listener" daemon [_thread_blocked, id=440, stack(0x000000adb6400000,0x000000adb6500000)]
  0x0000029cfd7bc000 JavaThread "Service Thread" daemon [_thread_blocked, id=8348, stack(0x000000adb6500000,0x000000adb6600000)]
  0x0000029cfd7bf000 JavaThread "C2 CompilerThread0" daemon [_thread_in_native, id=9832, stack(0x000000adb6600000,0x000000adb6700000)]
  0x0000029cfd7c0000 JavaThread "C1 CompilerThread0" daemon [_thread_blocked, id=8208, stack(0x000000adb6700000,0x000000adb6800000)]
  0x0000029cfd7c4000 JavaThread "Sweeper thread" daemon [_thread_blocked, id=3264, stack(0x000000adb6800000,0x000000adb6900000)]
  0x0000029cfe27f000 JavaThread "Common-Cleaner" daemon [_thread_blocked, id=17508, stack(0x000000adb6900000,0x000000adb6a00000)]
  0x0000029cff8f5000 JavaThread "Daemon health stats" [_thread_blocked, id=4952, stack(0x000000adb6f00000,0x000000adb7000000)]
  0x0000029cfe3a9000 JavaThread "Incoming local TCP Connector on port 60089" [_thread_in_native, id=15420, stack(0x000000adb6b00000,0x000000adb6c00000)]
  0x0000029c8f6f0800 JavaThread "Daemon periodic checks" [_thread_blocked, id=14012, stack(0x000000adb6c00000,0x000000adb6d00000)]
  0x0000029cfe765800 JavaThread "Daemon" [_thread_blocked, id=11528, stack(0x000000adb7000000,0x000000adb7100000)]
  0x0000029c8f22e800 JavaThread "Handler for socket connection from /127.0.0.1:60089 to /127.0.0.1:60090" [_thread_in_native, id=6324, stack(0x000000adb7100000,0x000000adb7200000)]
  0x0000029c8f5d1000 JavaThread "Cancel handler" [_thread_blocked, id=1652, stack(0x000000adb7200000,0x000000adb7300000)]
  0x0000029c8fa9b000 JavaThread "Daemon worker" [_thread_blocked, id=18420, stack(0x000000adb7300000,0x000000adb7400000)]
  0x0000029c90499000 JavaThread "Asynchronous log dispatcher for DefaultDaemonConnection: socket connection from /127.0.0.1:60089 to /127.0.0.1:60090" [_thread_blocked, id=6580, stack(0x000000adb7400000,0x000000adb7500000)]
  0x0000029c8f785800 JavaThread "Stdin handler" [_thread_blocked, id=12896, stack(0x000000adb7500000,0x000000adb7600000)]
  0x0000029c8f9b3000 JavaThread "Daemon client event forwarder" [_thread_blocked, id=9464, stack(0x000000adb7600000,0x000000adb7700000)]
  0x0000029c8f9b4800 JavaThread "Cache worker for journal cache (C:\Users\ASUS\.gradle\caches\journal-1)" [_thread_blocked, id=15736, stack(0x000000adb7d00000,0x000000adb7e00000)]
  0x0000029c8f9b5800 JavaThread "File lock request listener" [_thread_in_native, id=13208, stack(0x000000adb7e00000,0x000000adb7f00000)]
  0x0000029c8f9b4000 JavaThread "Cache worker for file hash cache (C:\Users\ASUS\.gradle\caches\7.2\fileHashes)" [_thread_blocked, id=6360, stack(0x000000adb7f00000,0x000000adb8000000)]
  0x0000029c8f9b7000 JavaThread "Cache worker for file hash cache (C:\Users\ASUS\Applications\KotlinPracticeOne\.gradle\7.2\fileHashes)" [_thread_blocked, id=13904, stack(0x000000adb8200000,0x000000adb8300000)]
  0x0000029c8f9b6800 JavaThread "File watcher server" daemon [_thread_blocked, id=2304, stack(0x000000adb8300000,0x000000adb8400000)]
  0x0000029c8f9b8000 JavaThread "File watcher consumer" daemon [_thread_blocked, id=3904, stack(0x000000adb8400000,0x000000adb8500000)]
  0x0000029c8f9b2000 JavaThread "Cache worker for checksums cache (C:\Users\ASUS\Applications\KotlinPracticeOne\.gradle\checksums)" [_thread_blocked, id=7616, stack(0x000000adb8500000,0x000000adb8600000)]
  0x0000029c8f9b9000 JavaThread "Cache worker for cache directory md-supplier (C:\Users\ASUS\.gradle\caches\7.2\md-supplier)" [_thread_blocked, id=2368, stack(0x000000adb8600000,0x000000adb8700000)]
  0x0000029c8f722800 JavaThread "Cache worker for cache directory md-rule (C:\Users\ASUS\.gradle\caches\7.2\md-rule)" [_thread_blocked, id=15256, stack(0x000000adb8700000,0x000000adb8800000)]
  0x0000029c8f726800 JavaThread "Cache worker for execution history cache (C:\Users\ASUS\.gradle\caches\7.2\executionHistory)" [_thread_blocked, id=16876, stack(0x000000adb8900000,0x000000adb8a00000)]
  0x0000029c8f728800 JavaThread "jar transforms" [_thread_blocked, id=11492, stack(0x000000adb8a00000,0x000000adb8b00000)]
  0x0000029c8f729000 JavaThread "Cache worker for file content cache (C:\Users\ASUS\.gradle\caches\7.2\fileContent)" [_thread_blocked, id=4028, stack(0x000000adb8b00000,0x000000adb8c00000)]
  0x0000029c8f72a000 JavaThread "jar transforms Thread 2" [_thread_blocked, id=4884, stack(0x000000adb8c00000,0x000000adb8d00000)]
  0x0000029c8f724800 JavaThread "Cache worker for dependencies-accessors (C:\Users\ASUS\Applications\KotlinPracticeOne\.gradle\7.2\dependencies-accessors)" [_thread_blocked, id=12480, stack(0x000000adb8d00000,0x000000adb8e00000)]
  0x0000029c8f72b000 JavaThread "jar transforms Thread 3" [_thread_blocked, id=10632, stack(0x000000adb8e00000,0x000000adb8f00000)]
  0x0000029c8f725000 JavaThread "Cache worker for Build Output Cleanup Cache (C:\Users\ASUS\Applications\KotlinPracticeOne\.gradle\buildOutputCleanup)" [_thread_blocked, id=3772, stack(0x000000adb8f00000,0x000000adb9000000)]
  0x0000029c8f726000 JavaThread "Unconstrained build operations" [_thread_blocked, id=4140, stack(0x000000adb9000000,0x000000adb9100000)]
  0x0000029c8f731800 JavaThread "Unconstrained build operations Thread 2" [_thread_blocked, id=17748, stack(0x000000adb9100000,0x000000adb9200000)]
  0x0000029c8f72f000 JavaThread "Unconstrained build operations Thread 3" [_thread_blocked, id=15544, stack(0x000000adb9200000,0x000000adb9300000)]
  0x0000029c8f72e000 JavaThread "Unconstrained build operations Thread 4" [_thread_blocked, id=10124, stack(0x000000adb9300000,0x000000adb9400000)]
  0x0000029c8f72b800 JavaThread "Unconstrained build operations Thread 5" [_thread_blocked, id=12936, stack(0x000000adb9400000,0x000000adb9500000)]
  0x0000029c8f72f800 JavaThread "Unconstrained build operations Thread 6" [_thread_blocked, id=10932, stack(0x000000adb9500000,0x000000adb9600000)]
  0x0000029c8f730800 JavaThread "Unconstrained build operations Thread 7" [_thread_blocked, id=7260, stack(0x000000adb9600000,0x000000adb9700000)]
  0x0000029c8f72c800 JavaThread "Unconstrained build operations Thread 8" [_thread_blocked, id=14772, stack(0x000000adb9700000,0x000000adb9800000)]
  0x0000029c8f72d800 JavaThread "Unconstrained build operations Thread 9" [_thread_blocked, id=13184, stack(0x000000adb9800000,0x000000adb9900000)]
  0x0000029cfede2000 JavaThread "Unconstrained build operations Thread 10" [_thread_blocked, id=6152, stack(0x000000adb9900000,0x000000adb9a00000)]
  0x0000029cfede4000 JavaThread "Unconstrained build operations Thread 11" [_thread_blocked, id=16644, stack(0x000000adb9a00000,0x000000adb9b00000)]
  0x0000029cfede7000 JavaThread "Unconstrained build operations Thread 12" [_thread_blocked, id=10684, stack(0x000000adb9b00000,0x000000adb9c00000)]
  0x0000029cfede3000 JavaThread "Unconstrained build operations Thread 13" [_thread_blocked, id=16980, stack(0x000000adb9c00000,0x000000adb9d00000)]
  0x0000029cfede4800 JavaThread "Unconstrained build operations Thread 14" [_thread_blocked, id=5984, stack(0x000000adb9d00000,0x000000adb9e00000)]
  0x0000029cfede5800 JavaThread "Unconstrained build operations Thread 15" [_thread_blocked, id=17488, stack(0x000000adb9e00000,0x000000adb9f00000)]
  0x0000029cfede6000 JavaThread "Unconstrained build operations Thread 16" [_thread_blocked, id=14696, stack(0x000000adb9f00000,0x000000adba000000)]
  0x0000029cfede1800 JavaThread "Unconstrained build operations Thread 17" [_thread_blocked, id=4288, stack(0x000000adba000000,0x000000adba100000)]
  0x0000029cfeded800 JavaThread "Unconstrained build operations Thread 18" [_thread_blocked, id=16592, stack(0x000000adba100000,0x000000adba200000)]
  0x0000029cfede8800 JavaThread "Unconstrained build operations Thread 19" [_thread_blocked, id=16036, stack(0x000000adba200000,0x000000adba300000)]
  0x0000029cfede9800 JavaThread "Unconstrained build operations Thread 20" [_thread_blocked, id=7280, stack(0x000000adba300000,0x000000adba400000)]
  0x0000029cfedea800 JavaThread "Unconstrained build operations Thread 21" [_thread_blocked, id=18228, stack(0x000000adba400000,0x000000adba500000)]
  0x0000029cfede8000 JavaThread "Unconstrained build operations Thread 22" [_thread_blocked, id=18108, stack(0x000000adba500000,0x000000adba600000)]
  0x0000029cfedeb000 JavaThread "Unconstrained build operations Thread 23" [_thread_blocked, id=9556, stack(0x000000adba600000,0x000000adba700000)]
  0x0000029cfedec000 JavaThread "Unconstrained build operations Thread 24" [_thread_blocked, id=17232, stack(0x000000adba700000,0x000000adba800000)]
  0x0000029cfedee800 JavaThread "Unconstrained build operations Thread 25" [_thread_blocked, id=10068, stack(0x000000adba800000,0x000000adba900000)]
  0x0000029cfedef000 JavaThread "Unconstrained build operations Thread 26" [_thread_blocked, id=13260, stack(0x000000adba900000,0x000000adbaa00000)]
  0x0000029cfedf0000 JavaThread "Unconstrained build operations Thread 27" [_thread_blocked, id=7336, stack(0x000000adbaa00000,0x000000adbab00000)]
  0x0000029cfedec800 JavaThread "Unconstrained build operations Thread 28" [_thread_blocked, id=7444, stack(0x000000adbab00000,0x000000adbac00000)]
  0x0000029c90c4b800 JavaThread "Unconstrained build operations Thread 29" [_thread_blocked, id=8876, stack(0x000000adbac00000,0x000000adbad00000)]
  0x0000029c90c4e800 JavaThread "Unconstrained build operations Thread 30" [_thread_blocked, id=15332, stack(0x000000adbad00000,0x000000adbae00000)]
  0x0000029c90c4c000 JavaThread "Unconstrained build operations Thread 31" [_thread_blocked, id=1716, stack(0x000000adbae00000,0x000000adbaf00000)]
  0x0000029c90c49800 JavaThread "Unconstrained build operations Thread 32" [_thread_blocked, id=9232, stack(0x000000adbaf00000,0x000000adbb000000)]
  0x0000029c90c4d000 JavaThread "Unconstrained build operations Thread 33" [_thread_blocked, id=8672, stack(0x000000adbb000000,0x000000adbb100000)]
  0x0000029c90c4e000 JavaThread "Unconstrained build operations Thread 34" [_thread_blocked, id=10660, stack(0x000000adbb100000,0x000000adbb200000)]
  0x0000029c90c4f800 JavaThread "Unconstrained build operations Thread 35" [_thread_blocked, id=9172, stack(0x000000adbb200000,0x000000adbb300000)]
  0x0000029c90c50800 JavaThread "Unconstrained build operations Thread 36" [_thread_blocked, id=6116, stack(0x000000adbb300000,0x000000adbb400000)]
  0x0000029c90c4a800 JavaThread "Unconstrained build operations Thread 37" [_thread_blocked, id=11592, stack(0x000000adbb400000,0x000000adbb500000)]
  0x0000029c90c53800 JavaThread "Unconstrained build operations Thread 38" [_thread_blocked, id=11464, stack(0x000000adbb500000,0x000000adbb600000)]
  0x0000029c90c56000 JavaThread "Unconstrained build operations Thread 39" [_thread_blocked, id=18016, stack(0x000000adbb600000,0x000000adbb700000)]
  0x0000029c90c57000 JavaThread "Unconstrained build operations Thread 40" [_thread_blocked, id=18244, stack(0x000000adbb700000,0x000000adbb800000)]
  0x0000029c90c51000 JavaThread "Unconstrained build operations Thread 41" [_thread_blocked, id=5780, stack(0x000000adbb800000,0x000000adbb900000)]
  0x0000029c90c57800 JavaThread "Unconstrained build operations Thread 42" [_thread_blocked, id=10876, stack(0x000000adbb900000,0x000000adbba00000)]
  0x0000029c90c52000 JavaThread "Unconstrained build operations Thread 43" [_thread_blocked, id=3300, stack(0x000000adbba00000,0x000000adbbb00000)]
  0x0000029c90c55000 JavaThread "Unconstrained build operations Thread 44" [_thread_blocked, id=13960, stack(0x000000adbbb00000,0x000000adbbc00000)]
  0x0000029c90c58800 JavaThread "Unconstrained build operations Thread 45" [_thread_blocked, id=12788, stack(0x000000adbbc00000,0x000000adbbd00000)]
  0x0000029c90c52800 JavaThread "Unconstrained build operations Thread 46" [_thread_blocked, id=10952, stack(0x000000adbbd00000,0x000000adbbe00000)]
  0x0000029c90c54800 JavaThread "Unconstrained build operations Thread 47" [_thread_blocked, id=15552, stack(0x000000adbbe00000,0x000000adbbf00000)]
  0x0000029c930a2000 JavaThread "Unconstrained build operations Thread 48" [_thread_blocked, id=11564, stack(0x000000adbbf00000,0x000000adbc000000)]
  0x0000029c930a8800 JavaThread "Unconstrained build operations Thread 49" [_thread_blocked, id=6520, stack(0x000000adbc000000,0x000000adbc100000)]
  0x0000029c930a6800 JavaThread "Unconstrained build operations Thread 50" [_thread_blocked, id=14896, stack(0x000000adbc100000,0x000000adbc200000)]
  0x0000029c930a7000 JavaThread "Unconstrained build operations Thread 51" [_thread_blocked, id=16140, stack(0x000000adbc200000,0x000000adbc300000)]
  0x0000029c930a8000 JavaThread "Unconstrained build operations Thread 52" [_thread_blocked, id=10712, stack(0x000000adbc300000,0x000000adbc400000)]
  0x0000029c930a3000 JavaThread "Unconstrained build operations Thread 53" [_thread_blocked, id=15452, stack(0x000000adbc400000,0x000000adbc500000)]
  0x0000029c930a5800 JavaThread "Unconstrained build operations Thread 54" [_thread_blocked, id=18352, stack(0x000000adbc500000,0x000000adbc600000)]
  0x0000029c930a9800 JavaThread "Unconstrained build operations Thread 55" [_thread_blocked, id=17632, stack(0x000000adbc600000,0x000000adbc700000)]
  0x0000029c930a4000 JavaThread "Unconstrained build operations Thread 56" [_thread_blocked, id=13028, stack(0x000000adbc700000,0x000000adbc800000)]
  0x0000029c930aa800 JavaThread "Unconstrained build operations Thread 57" [_thread_blocked, id=9536, stack(0x000000adbc800000,0x000000adbc900000)]
  0x0000029c930a4800 JavaThread "Unconstrained build operations Thread 58" [_thread_blocked, id=7408, stack(0x000000adbc900000,0x000000adbca00000)]
  0x0000029c930ac000 JavaThread "Unconstrained build operations Thread 59" [_thread_blocked, id=3164, stack(0x000000adbca00000,0x000000adbcb00000)]
  0x0000029c930ad000 JavaThread "Unconstrained build operations Thread 60" [_thread_blocked, id=13676, stack(0x000000adbcb00000,0x000000adbcc00000)]
  0x0000029c930ae800 JavaThread "Unconstrained build operations Thread 61" [_thread_blocked, id=5812, stack(0x000000adbcc00000,0x000000adbcd00000)]
  0x0000029c930b0000 JavaThread "Unconstrained build operations Thread 62" [_thread_blocked, id=11452, stack(0x000000adbcd00000,0x000000adbce00000)]
  0x0000029c930b1000 JavaThread "Unconstrained build operations Thread 63" [_thread_blocked, id=15784, stack(0x000000adbce00000,0x000000adbcf00000)]
  0x0000029c930ab000 JavaThread "Unconstrained build operations Thread 64" [_thread_blocked, id=14536, stack(0x000000adbcf00000,0x000000adbd000000)]
  0x0000029c930ad800 JavaThread "Unconstrained build operations Thread 65" [_thread_blocked, id=4448, stack(0x000000adbd000000,0x000000adbd100000)]
  0x0000029c930af800 JavaThread "Unconstrained build operations Thread 66" [_thread_blocked, id=14316, stack(0x000000adbd100000,0x000000adbd200000)]
  0x0000029c9423e800 JavaThread "Unconstrained build operations Thread 67" [_thread_blocked, id=15896, stack(0x000000adbd200000,0x000000adbd300000)]
  0x0000029c94241000 JavaThread "Unconstrained build operations Thread 68" [_thread_blocked, id=13816, stack(0x000000adbd300000,0x000000adbd400000)]
  0x0000029c9423f800 JavaThread "Unconstrained build operations Thread 69" [_thread_blocked, id=6732, stack(0x000000adbd400000,0x000000adbd500000)]
  0x0000029c9423e000 JavaThread "Unconstrained build operations Thread 70" [_thread_blocked, id=6944, stack(0x000000adbd500000,0x000000adbd600000)]
  0x0000029c9423c000 JavaThread "Unconstrained build operations Thread 71" [_thread_blocked, id=8424, stack(0x000000adbd600000,0x000000adbd700000)]
  0x0000029c94240000 JavaThread "Unconstrained build operations Thread 72" [_thread_blocked, id=3732, stack(0x000000adbd700000,0x000000adbd800000)]
  0x0000029c9423b800 JavaThread "Unconstrained build operations Thread 73" [_thread_blocked, id=3172, stack(0x000000adbd800000,0x000000adbd900000)]
  0x0000029c94242800 JavaThread "Unconstrained build operations Thread 74" [_thread_blocked, id=14228, stack(0x000000adbd900000,0x000000adbda00000)]
  0x0000029c94242000 JavaThread "Unconstrained build operations Thread 75" [_thread_blocked, id=18260, stack(0x000000adbda00000,0x000000adbdb00000)]
  0x0000029c9423d000 JavaThread "Unconstrained build operations Thread 76" [_thread_blocked, id=11476, stack(0x000000adbdb00000,0x000000adbdc00000)]
  0x0000029c94246000 JavaThread "Unconstrained build operations Thread 77" [_thread_blocked, id=17524, stack(0x000000adbdc00000,0x000000adbdd00000)]
  0x0000029c94246800 JavaThread "Unconstrained build operations Thread 78" [_thread_blocked, id=17756, stack(0x000000adbdd00000,0x000000adbde00000)]
  0x0000029c94248800 JavaThread "Unconstrained build operations Thread 79" [_thread_blocked, id=7284, stack(0x000000adbde00000,0x000000adbdf00000)]
  0x0000029c94247800 JavaThread "Unconstrained build operations Thread 80" [_thread_blocked, id=11380, stack(0x000000adbdf00000,0x000000adbe000000)]
  0x0000029c94244800 JavaThread "jar transforms Thread 4" [_thread_blocked, id=2904, stack(0x000000adbe000000,0x000000adbe100000)]
  0x0000029c94249000 JavaThread "jar transforms Thread 5" [_thread_blocked, id=11176, stack(0x000000adbe100000,0x000000adbe200000)]
  0x0000029c94243800 JavaThread "jar transforms Thread 6" [_thread_blocked, id=4816, stack(0x000000adbe200000,0x000000adbe300000)]
  0x0000029c9424a000 JavaThread "jar transforms Thread 7" [_thread_blocked, id=13080, stack(0x000000adbe300000,0x000000adbe400000)]
  0x0000029c94245000 JavaThread "jar transforms Thread 8" [_thread_blocked, id=12844, stack(0x000000adbe400000,0x000000adbe500000)]
  0x0000029c953c2800 JavaThread "Memory manager" [_thread_blocked, id=11804, stack(0x000000adbe500000,0x000000adbe600000)]
  0x0000029c953c6000 JavaThread "build event listener" [_thread_blocked, id=16928, stack(0x000000adbe600000,0x000000adbe700000)]
  0x0000029c953c3800 JavaThread "Execution worker for ':'" [_thread_blocked, id=13720, stack(0x000000adbe700000,0x000000adbe800000)]
  0x0000029c953c0800 JavaThread "Execution worker for ':' Thread 2" [_thread_blocked, id=11256, stack(0x000000adbe800000,0x000000adbe900000)]
  0x0000029c953c1000 JavaThread "Execution worker for ':' Thread 3" [_thread_blocked, id=12544, stack(0x000000adbe900000,0x000000adbea00000)]
  0x0000029c953c5000 JavaThread "Execution worker for ':' Thread 4" [_thread_blocked, id=4748, stack(0x000000adbea00000,0x000000adbeb00000)]
  0x0000029c953c7000 JavaThread "Execution worker for ':' Thread 5" [_thread_blocked, id=8532, stack(0x000000adbeb00000,0x000000adbec00000)]
  0x0000029c953c2000 JavaThread "Execution worker for ':' Thread 6" [_thread_blocked, id=14156, stack(0x000000adbec00000,0x000000adbed00000)]
  0x0000029cff55b800 JavaThread "Execution worker for ':' Thread 7" [_thread_blocked, id=624, stack(0x000000adbed00000,0x000000adbee00000)]
  0x0000029cff55f000 JavaThread "Cache worker for execution history cache (C:\Users\ASUS\Applications\KotlinPracticeOne\.gradle\7.2\executionHistory)" [_thread_blocked, id=9604, stack(0x000000adbee00000,0x000000adbef00000)]
  0x0000029cff55c800 JavaThread "WorkerExecutor Queue" [_thread_blocked, id=11668, stack(0x000000adb8800000,0x000000adb8900000)]
  0x0000029c977e7800 JavaThread "C2 CompilerThread1" daemon [_thread_blocked, id=15496, stack(0x000000adb8100000,0x000000adb8200000)]

Other Threads:
=>0x0000029cfd79b800 VMThread "VM Thread" [stack: 0x000000adb6000000,0x000000adb6100000] [id=10380]
  0x0000029cfe2b0000 WatcherThread [stack: 0x000000adb6a00000,0x000000adb6b00000] [id=16780]
  0x0000029cf0379800 GCTaskThread "GC Thread#0" [stack: 0x000000adb5b00000,0x000000adb5c00000] [id=6492]
  0x0000029cff5af000 GCTaskThread "GC Thread#1" [stack: 0x000000adb6d00000,0x000000adb6e00000] [id=588]
  0x0000029cfe516800 GCTaskThread "GC Thread#2" [stack: 0x000000adb6e00000,0x000000adb6f00000] [id=14244]
  0x0000029c8f1fd800 GCTaskThread "GC Thread#3" [stack: 0x000000adb7700000,0x000000adb7800000] [id=4236]
  0x0000029cfe673000 GCTaskThread "GC Thread#4" [stack: 0x000000adb7800000,0x000000adb7900000] [id=536]
  0x0000029c8f0f0800 GCTaskThread "GC Thread#5" [stack: 0x000000adb7900000,0x000000adb7a00000] [id=11920]
  0x0000029cff26a800 GCTaskThread "GC Thread#6" [stack: 0x000000adb7a00000,0x000000adb7b00000] [id=12664]
  0x0000029cff8b9800 GCTaskThread "GC Thread#7" [stack: 0x000000adb7b00000,0x000000adb7c00000] [id=5932]
  0x0000029cf03b1000 ConcurrentGCThread "G1 Main Marker" [stack: 0x000000adb5c00000,0x000000adb5d00000] [id=17324]
  0x0000029cf03b3000 ConcurrentGCThread "G1 Conc#0" [stack: 0x000000adb5d00000,0x000000adb5e00000] [id=8656]
  0x0000029c8fa36000 ConcurrentGCThread "G1 Conc#1" [stack: 0x000000adb8000000,0x000000adb8100000] [id=16436]
  0x0000029cf0437800 ConcurrentGCThread "G1 Refine#0" [stack: 0x000000adb5e00000,0x000000adb5f00000] [id=2656]
  0x0000029cff276000 ConcurrentGCThread "G1 Refine#1" [stack: 0x000000adb7c00000,0x000000adb7d00000] [id=2216]
  0x0000029cfd5f2800 ConcurrentGCThread "G1 Young RemSet Sampling" [stack: 0x000000adb5f00000,0x000000adb6000000] [id=11960]

Threads with active compile tasks:
C2 CompilerThread0  20275 10983       4       com.android.tools.r8.internal.mH0::a (4225 bytes)
C1 CompilerThread0  20275 12190       2       com.android.tools.r8.internal.hI0::q (464 bytes)
C2 CompilerThread1  20275 12016 %     4       com.android.tools.r8.internal.mH0::a @ 2258 (6068 bytes)

VM state:at safepoint (normal execution)

VM Mutex/Monitor currently owned by a thread:  ([mutex/lock_event])
[0x0000029cf0353dc0] Threads_lock - owner thread: 0x0000029cfd79b800
[0x0000029cf035d600] Heap_lock - owner thread: 0x0000029c930ad000

Heap address: 0x0000000080000000, size: 2048 MB, Compressed Oops mode: 32-bit
Narrow klass base: 0x0000000000000000, Narrow klass shift: 3
Compressed class space size: 1073741824 Address: 0x0000000100000000

Heap:
 garbage-first heap   total 402432K, used 172560K [0x0000000080000000, 0x0000000100000000)
  region size 1024K, 5 young (5120K), 5 survivors (5120K)
 Metaspace       used 100492K, capacity 102992K, committed 103116K, reserved 1138688K
  class space    used 13240K, capacity 14208K, committed 14284K, reserved 1048576K
Heap Regions: E=young(eden), S=young(survivor), O=old, HS=humongous(starts), HC=humongous(continues), CS=collection set, F=free, A=archive, TAMS=top-at-mark-start (previous, next)
|   0|0x0000000080000000, 0x0000000080100000, 0x0000000080100000|100%| O|  |TAMS 0x0000000080100000, 0x0000000080100000| Untracked 
|   1|0x0000000080100000, 0x0000000080200000, 0x0000000080200000|100%| O|  |TAMS 0x0000000080200000, 0x0000000080200000| Untracked 
|   2|0x0000000080200000, 0x0000000080300000, 0x0000000080300000|100%| O|  |TAMS 0x0000000080300000, 0x0000000080300000| Untracked 
|   3|0x0000000080300000, 0x0000000080400000, 0x0000000080400000|100%|HS|  |TAMS 0x0000000080400000, 0x0000000080400000| Complete 
|   4|0x0000000080400000, 0x0000000080500000, 0x0000000080500000|100%|HC|  |TAMS 0x0000000080500000, 0x0000000080500000| Complete 
|   5|0x0000000080500000, 0x0000000080600000, 0x0000000080600000|100%|HC|  |TAMS 0x0000000080600000, 0x0000000080600000| Complete 
|   6|0x0000000080600000, 0x0000000080700000, 0x0000000080700000|100%| O|  |TAMS 0x0000000080700000, 0x0000000080700000| Untracked 
|   7|0x0000000080700000, 0x0000000080800000, 0x0000000080800000|100%| O|  |TAMS 0x0000000080800000, 0x0000000080800000| Untracked 
|   8|0x0000000080800000, 0x0000000080900000, 0x0000000080900000|100%| O|  |TAMS 0x0000000080900000, 0x0000000080900000| Untracked 
|   9|0x0000000080900000, 0x0000000080a00000, 0x0000000080a00000|100%| O|  |TAMS 0x0000000080a00000, 0x0000000080a00000| Untracked 
|  10|0x0000000080a00000, 0x0000000080b00000, 0x0000000080b00000|100%| O|  |TAMS 0x0000000080b00000, 0x0000000080b00000| Untracked 
|  11|0x0000000080b00000, 0x0000000080c00000, 0x0000000080c00000|100%| O|  |TAMS 0x0000000080c00000, 0x0000000080c00000| Untracked 
|  12|0x0000000080c00000, 0x0000000080d00000, 0x0000000080d00000|100%| O|  |TAMS 0x0000000080d00000, 0x0000000080d00000| Untracked 
|  13|0x0000000080d00000, 0x0000000080e00000, 0x0000000080e00000|100%| O|  |TAMS 0x0000000080e00000, 0x0000000080e00000| Untracked 
|  14|0x0000000080e00000, 0x0000000080f00000, 0x0000000080f00000|100%| O|  |TAMS 0x0000000080f00000, 0x0000000080f00000| Untracked 
|  15|0x0000000080f00000, 0x0000000081000000, 0x0000000081000000|100%| O|  |TAMS 0x0000000081000000, 0x0000000081000000| Untracked 
|  16|0x0000000081000000, 0x0000000081100000, 0x0000000081100000|100%| O|  |TAMS 0x0000000081100000, 0x0000000081100000| Untracked 
|  17|0x0000000081100000, 0x0000000081200000, 0x0000000081200000|100%| O|  |TAMS 0x0000000081200000, 0x0000000081200000| Untracked 
|  18|0x0000000081200000, 0x0000000081300000, 0x0000000081300000|100%| O|  |TAMS 0x0000000081300000, 0x0000000081300000| Untracked 
|  19|0x0000000081300000, 0x0000000081400000, 0x0000000081400000|100%| O|  |TAMS 0x0000000081400000, 0x0000000081400000| Untracked 
|  20|0x0000000081400000, 0x0000000081500000, 0x0000000081500000|100%| O|  |TAMS 0x0000000081500000, 0x0000000081500000| Untracked 
|  21|0x0000000081500000, 0x0000000081600000, 0x0000000081600000|100%| O|  |TAMS 0x0000000081600000, 0x0000000081600000| Untracked 
|  22|0x0000000081600000, 0x0000000081700000, 0x0000000081700000|100%| O|  |TAMS 0x0000000081700000, 0x0000000081700000| Untracked 
|  23|0x0000000081700000, 0x0000000081800000, 0x0000000081800000|100%| O|  |TAMS 0x0000000081800000, 0x0000000081800000| Untracked 
|  24|0x0000000081800000, 0x0000000081900000, 0x0000000081900000|100%| O|  |TAMS 0x0000000081900000, 0x0000000081900000| Untracked 
|  25|0x0000000081900000, 0x0000000081a00000, 0x0000000081a00000|100%| O|  |TAMS 0x0000000081a00000, 0x0000000081a00000| Untracked 
|  26|0x0000000081a00000, 0x0000000081b00000, 0x0000000081b00000|100%| O|  |TAMS 0x0000000081b00000, 0x0000000081b00000| Untracked 
|  27|0x0000000081b00000, 0x0000000081c00000, 0x0000000081c00000|100%|HS|  |TAMS 0x0000000081c00000, 0x0000000081c00000| Complete 
|  28|0x0000000081c00000, 0x0000000081d00000, 0x0000000081d00000|100%|HS|  |TAMS 0x0000000081d00000, 0x0000000081d00000| Complete 
|  29|0x0000000081d00000, 0x0000000081e00000, 0x0000000081e00000|100%|HS|  |TAMS 0x0000000081e00000, 0x0000000081e00000| Complete 
|  30|0x0000000081e00000, 0x0000000081f00000, 0x0000000081f00000|100%|HS|  |TAMS 0x0000000081f00000, 0x0000000081f00000| Complete 
|  31|0x0000000081f00000, 0x0000000082000000, 0x0000000082000000|100%|HS|  |TAMS 0x0000000082000000, 0x0000000082000000| Complete 
|  32|0x0000000082000000, 0x0000000082100000, 0x0000000082100000|100%|HC|  |TAMS 0x0000000082100000, 0x0000000082100000| Complete 
|  33|0x0000000082100000, 0x0000000082200000, 0x0000000082200000|100%|HC|  |TAMS 0x0000000082200000, 0x0000000082200000| Complete 
|  34|0x0000000082200000, 0x0000000082300000, 0x0000000082300000|100%|HS|  |TAMS 0x0000000082300000, 0x0000000082300000| Complete 
|  35|0x0000000082300000, 0x0000000082400000, 0x0000000082400000|100%|HC|  |TAMS 0x0000000082400000, 0x0000000082400000| Complete 
|  36|0x0000000082400000, 0x0000000082500000, 0x0000000082500000|100%| O|  |TAMS 0x0000000082500000, 0x0000000082500000| Untracked 
|  37|0x0000000082500000, 0x0000000082600000, 0x0000000082600000|100%| O|  |TAMS 0x0000000082600000, 0x0000000082600000| Untracked 
|  38|0x0000000082600000, 0x0000000082700000, 0x0000000082700000|100%| O|  |TAMS 0x0000000082700000, 0x0000000082700000| Untracked 
|  39|0x0000000082700000, 0x0000000082800000, 0x0000000082800000|100%| O|  |TAMS 0x0000000082800000, 0x0000000082800000| Untracked 
|  40|0x0000000082800000, 0x0000000082900000, 0x0000000082900000|100%| O|  |TAMS 0x0000000082900000, 0x0000000082900000| Untracked 
|  41|0x0000000082900000, 0x0000000082a00000, 0x0000000082a00000|100%| O|  |TAMS 0x0000000082a00000, 0x0000000082a00000| Untracked 
|  42|0x0000000082a00000, 0x0000000082b00000, 0x0000000082b00000|100%| O|  |TAMS 0x0000000082b00000, 0x0000000082b00000| Untracked 
|  43|0x0000000082b00000, 0x0000000082c00000, 0x0000000082c00000|100%| O|  |TAMS 0x0000000082c00000, 0x0000000082c00000| Untracked 
|  44|0x0000000082c00000, 0x0000000082d00000, 0x0000000082d00000|100%| O|  |TAMS 0x0000000082d00000, 0x0000000082d00000| Untracked 
|  45|0x0000000082d00000, 0x0000000082e00000, 0x0000000082e00000|100%| O|  |TAMS 0x0000000082e00000, 0x0000000082e00000| Untracked 
|  46|0x0000000082e00000, 0x0000000082f00000, 0x0000000082f00000|100%| O|  |TAMS 0x0000000082f00000, 0x0000000082f00000| Untracked 
|  47|0x0000000082f00000, 0x0000000083000000, 0x0000000083000000|100%| O|  |TAMS 0x0000000083000000, 0x0000000083000000| Untracked 
|  48|0x0000000083000000, 0x0000000083100000, 0x0000000083100000|100%| O|  |TAMS 0x0000000083100000, 0x0000000083100000| Untracked 
|  49|0x0000000083100000, 0x0000000083200000, 0x0000000083200000|100%| O|  |TAMS 0x0000000083200000, 0x0000000083200000| Untracked 
|  50|0x0000000083200000, 0x0000000083300000, 0x0000000083300000|100%| O|  |TAMS 0x0000000083300000, 0x0000000083300000| Untracked 
|  51|0x0000000083300000, 0x0000000083400000, 0x0000000083400000|100%| O|  |TAMS 0x0000000083400000, 0x0000000083400000| Untracked 
|  52|0x0000000083400000, 0x0000000083500000, 0x0000000083500000|100%| O|  |TAMS 0x0000000083500000, 0x0000000083500000| Untracked 
|  53|0x0000000083500000, 0x0000000083600000, 0x0000000083600000|100%| O|  |TAMS 0x0000000083600000, 0x0000000083600000| Untracked 
|  54|0x0000000083600000, 0x0000000083700000, 0x0000000083700000|100%| O|  |TAMS 0x0000000083700000, 0x0000000083700000| Untracked 
|  55|0x0000000083700000, 0x0000000083800000, 0x0000000083800000|100%| O|  |TAMS 0x0000000083800000, 0x0000000083800000| Untracked 
|  56|0x0000000083800000, 0x0000000083900000, 0x0000000083900000|100%| O|  |TAMS 0x0000000083900000, 0x0000000083900000| Untracked 
|  57|0x0000000083900000, 0x0000000083a00000, 0x0000000083a00000|100%| O|  |TAMS 0x0000000083a00000, 0x0000000083a00000| Untracked 
|  58|0x0000000083a00000, 0x0000000083b00000, 0x0000000083b00000|100%| O|  |TAMS 0x0000000083b00000, 0x0000000083b00000| Untracked 
|  59|0x0000000083b00000, 0x0000000083c00000, 0x0000000083c00000|100%| O|  |TAMS 0x0000000083c00000, 0x0000000083c00000| Untracked 
|  60|0x0000000083c00000, 0x0000000083d00000, 0x0000000083d00000|100%| O|  |TAMS 0x0000000083d00000, 0x0000000083d00000| Untracked 
|  61|0x0000000083d00000, 0x0000000083e00000, 0x0000000083e00000|100%| O|  |TAMS 0x0000000083e00000, 0x0000000083e00000| Untracked 
|  62|0x0000000083e00000, 0x0000000083f00000, 0x0000000083f00000|100%| O|  |TAMS 0x0000000083f00000, 0x0000000083f00000| Untracked 
|  63|0x0000000083f00000, 0x0000000084000000, 0x0000000084000000|100%| O|  |TAMS 0x0000000084000000, 0x0000000084000000| Untracked 
|  64|0x0000000084000000, 0x0000000084100000, 0x0000000084100000|100%| O|  |TAMS 0x0000000084100000, 0x0000000084100000| Untracked 
|  65|0x0000000084100000, 0x0000000084200000, 0x0000000084200000|100%| O|  |TAMS 0x0000000084200000, 0x0000000084200000| Untracked 
|  66|0x0000000084200000, 0x0000000084300000, 0x0000000084300000|100%| O|  |TAMS 0x0000000084300000, 0x0000000084300000| Untracked 
|  67|0x0000000084300000, 0x0000000084400000, 0x0000000084400000|100%| O|  |TAMS 0x0000000084400000, 0x0000000084400000| Untracked 
|  68|0x0000000084400000, 0x0000000084500000, 0x0000000084500000|100%| O|  |TAMS 0x0000000084500000, 0x0000000084500000| Untracked 
|  69|0x0000000084500000, 0x0000000084600000, 0x0000000084600000|100%| O|  |TAMS 0x0000000084600000, 0x0000000084600000| Untracked 
|  70|0x0000000084600000, 0x0000000084700000, 0x0000000084700000|100%| O|  |TAMS 0x0000000084700000, 0x0000000084700000| Untracked 
|  71|0x0000000084700000, 0x0000000084800000, 0x0000000084800000|100%| O|  |TAMS 0x0000000084800000, 0x0000000084800000| Untracked 
|  72|0x0000000084800000, 0x0000000084900000, 0x0000000084900000|100%|HS|  |TAMS 0x0000000084900000, 0x0000000084900000| Complete 
|  73|0x0000000084900000, 0x0000000084a00000, 0x0000000084a00000|100%| O|  |TAMS 0x0000000084a00000, 0x0000000084a00000| Untracked 
|  74|0x0000000084a00000, 0x0000000084b00000, 0x0000000084b00000|100%| O|  |TAMS 0x0000000084b00000, 0x0000000084b00000| Untracked 
|  75|0x0000000084b00000, 0x0000000084c00000, 0x0000000084c00000|100%| O|  |TAMS 0x0000000084c00000, 0x0000000084c00000| Untracked 
|  76|0x0000000084c00000, 0x0000000084d00000, 0x0000000084d00000|100%| O|  |TAMS 0x0000000084d00000, 0x0000000084d00000| Untracked 
|  77|0x0000000084d00000, 0x0000000084e00000, 0x0000000084e00000|100%| O|  |TAMS 0x0000000084e00000, 0x0000000084e00000| Untracked 
|  78|0x0000000084e00000, 0x0000000084f00000, 0x0000000084f00000|100%| O|  |TAMS 0x0000000084f00000, 0x0000000084f00000| Untracked 
|  79|0x0000000084f00000, 0x0000000085000000, 0x0000000085000000|100%| O|  |TAMS 0x0000000085000000, 0x0000000085000000| Untracked 
|  80|0x0000000085000000, 0x0000000085100000, 0x0000000085100000|100%| O|  |TAMS 0x0000000085100000, 0x0000000085100000| Untracked 
|  81|0x0000000085100000, 0x0000000085200000, 0x0000000085200000|100%| O|  |TAMS 0x0000000085200000, 0x0000000085200000| Untracked 
|  82|0x0000000085200000, 0x0000000085300000, 0x0000000085300000|100%| O|  |TAMS 0x0000000085300000, 0x0000000085300000| Untracked 
|  83|0x0000000085300000, 0x0000000085400000, 0x0000000085400000|100%| O|  |TAMS 0x0000000085400000, 0x0000000085400000| Untracked 
|  84|0x0000000085400000, 0x0000000085500000, 0x0000000085500000|100%| O|  |TAMS 0x0000000085500000, 0x0000000085500000| Untracked 
|  85|0x0000000085500000, 0x0000000085600000, 0x0000000085600000|100%| O|  |TAMS 0x0000000085600000, 0x0000000085600000| Untracked 
|  86|0x0000000085600000, 0x0000000085700000, 0x0000000085700000|100%| O|  |TAMS 0x0000000085700000, 0x0000000085700000| Untracked 
|  87|0x0000000085700000, 0x0000000085800000, 0x0000000085800000|100%| O|  |TAMS 0x0000000085800000, 0x0000000085800000| Untracked 
|  88|0x0000000085800000, 0x0000000085900000, 0x0000000085900000|100%| O|  |TAMS 0x0000000085900000, 0x0000000085900000| Untracked 
|  89|0x0000000085900000, 0x0000000085a00000, 0x0000000085a00000|100%| O|  |TAMS 0x0000000085a00000, 0x0000000085a00000| Untracked 
|  90|0x0000000085a00000, 0x0000000085b00000, 0x0000000085b00000|100%| O|  |TAMS 0x0000000085b00000, 0x0000000085b00000| Untracked 
|  91|0x0000000085b00000, 0x0000000085c00000, 0x0000000085c00000|100%| O|  |TAMS 0x0000000085c00000, 0x0000000085c00000| Untracked 
|  92|0x0000000085c00000, 0x0000000085d00000, 0x0000000085d00000|100%| O|  |TAMS 0x0000000085d00000, 0x0000000085d00000| Untracked 
|  93|0x0000000085d00000, 0x0000000085e00000, 0x0000000085e00000|100%| O|  |TAMS 0x0000000085e00000, 0x0000000085e00000| Untracked 
|  94|0x0000000085e00000, 0x0000000085f00000, 0x0000000085f00000|100%| O|  |TAMS 0x0000000085f00000, 0x0000000085f00000| Untracked 
|  95|0x0000000085f00000, 0x0000000086000000, 0x0000000086000000|100%| O|  |TAMS 0x0000000086000000, 0x0000000086000000| Untracked 
|  96|0x0000000086000000, 0x0000000086100000, 0x0000000086100000|100%| O|  |TAMS 0x0000000086100000, 0x0000000086100000| Untracked 
|  97|0x0000000086100000, 0x0000000086200000, 0x0000000086200000|100%| O|  |TAMS 0x0000000086200000, 0x0000000086200000| Untracked 
|  98|0x0000000086200000, 0x0000000086300000, 0x0000000086300000|100%| O|  |TAMS 0x0000000086300000, 0x0000000086300000| Untracked 
|  99|0x0000000086300000, 0x0000000086400000, 0x0000000086400000|100%| O|  |TAMS 0x0000000086400000, 0x0000000086400000| Untracked 
| 100|0x0000000086400000, 0x0000000086500000, 0x0000000086500000|100%| O|  |TAMS 0x0000000086500000, 0x0000000086500000| Untracked 
| 101|0x0000000086500000, 0x0000000086600000, 0x0000000086600000|100%| O|  |TAMS 0x0000000086600000, 0x0000000086600000| Untracked 
| 102|0x0000000086600000, 0x0000000086700000, 0x0000000086700000|100%| O|  |TAMS 0x0000000086700000, 0x0000000086700000| Untracked 
| 103|0x0000000086700000, 0x0000000086800000, 0x0000000086800000|100%| O|  |TAMS 0x0000000086800000, 0x0000000086800000| Untracked 
| 104|0x0000000086800000, 0x0000000086900000, 0x0000000086900000|100%| O|  |TAMS 0x0000000086900000, 0x0000000086900000| Untracked 
| 105|0x0000000086900000, 0x0000000086a00000, 0x0000000086a00000|100%| O|  |TAMS 0x0000000086a00000, 0x0000000086a00000| Untracked 
| 106|0x0000000086a00000, 0x0000000086b00000, 0x0000000086b00000|100%| O|  |TAMS 0x0000000086b00000, 0x0000000086b00000| Untracked 
| 107|0x0000000086b00000, 0x0000000086c00000, 0x0000000086c00000|100%| O|  |TAMS 0x0000000086c00000, 0x0000000086c00000| Untracked 
| 108|0x0000000086c00000, 0x0000000086d00000, 0x0000000086d00000|100%| O|  |TAMS 0x0000000086d00000, 0x0000000086d00000| Untracked 
| 109|0x0000000086d00000, 0x0000000086e00000, 0x0000000086e00000|100%| O|  |TAMS 0x0000000086e00000, 0x0000000086e00000| Untracked 
| 110|0x0000000086e00000, 0x0000000086f00000, 0x0000000086f00000|100%| O|  |TAMS 0x0000000086f00000, 0x0000000086f00000| Untracked 
| 111|0x0000000086f00000, 0x0000000087000000, 0x0000000087000000|100%| O|  |TAMS 0x0000000087000000, 0x0000000087000000| Untracked 
| 112|0x0000000087000000, 0x0000000087100000, 0x0000000087100000|100%| O|  |TAMS 0x0000000087100000, 0x0000000087100000| Untracked 
| 113|0x0000000087100000, 0x0000000087200000, 0x0000000087200000|100%| O|  |TAMS 0x0000000087200000, 0x0000000087200000| Untracked 
| 114|0x0000000087200000, 0x0000000087300000, 0x0000000087300000|100%| O|  |TAMS 0x0000000087300000, 0x0000000087300000| Untracked 
| 115|0x0000000087300000, 0x0000000087400000, 0x0000000087400000|100%| O|  |TAMS 0x0000000087400000, 0x0000000087400000| Untracked 
| 116|0x0000000087400000, 0x0000000087500000, 0x0000000087500000|100%| O|  |TAMS 0x0000000087500000, 0x0000000087500000| Untracked 
| 117|0x0000000087500000, 0x0000000087600000, 0x0000000087600000|100%| O|  |TAMS 0x0000000087600000, 0x0000000087600000| Untracked 
| 118|0x0000000087600000, 0x0000000087700000, 0x0000000087700000|100%| O|  |TAMS 0x0000000087700000, 0x0000000087700000| Untracked 
| 119|0x0000000087700000, 0x0000000087800000, 0x0000000087800000|100%| O|  |TAMS 0x0000000087800000, 0x0000000087800000| Untracked 
| 120|0x0000000087800000, 0x0000000087900000, 0x0000000087900000|100%| O|  |TAMS 0x0000000087900000, 0x0000000087900000| Untracked 
| 121|0x0000000087900000, 0x0000000087a00000, 0x0000000087a00000|100%| O|  |TAMS 0x0000000087a00000, 0x0000000087a00000| Untracked 
| 122|0x0000000087a00000, 0x0000000087b00000, 0x0000000087b00000|100%| O|  |TAMS 0x0000000087b00000, 0x0000000087b00000| Untracked 
| 123|0x0000000087b00000, 0x0000000087c00000, 0x0000000087c00000|100%| O|  |TAMS 0x0000000087c00000, 0x0000000087c00000| Untracked 
| 124|0x0000000087c00000, 0x0000000087d00000, 0x0000000087d00000|100%| O|  |TAMS 0x0000000087d00000, 0x0000000087d00000| Untracked 
| 125|0x0000000087d00000, 0x0000000087e00000, 0x0000000087e00000|100%| O|  |TAMS 0x0000000087e00000, 0x0000000087e00000| Untracked 
| 126|0x0000000087e00000, 0x0000000087f00000, 0x0000000087f00000|100%| O|  |TAMS 0x0000000087f00000, 0x0000000087f00000| Untracked 
| 127|0x0000000087f00000, 0x0000000088000000, 0x0000000088000000|100%| O|  |TAMS 0x0000000088000000, 0x0000000088000000| Untracked 
| 128|0x0000000088000000, 0x0000000088100000, 0x0000000088100000|100%| O|  |TAMS 0x0000000088100000, 0x0000000088100000| Untracked 
| 129|0x0000000088100000, 0x0000000088200000, 0x0000000088200000|100%| O|  |TAMS 0x0000000088200000, 0x0000000088200000| Untracked 
| 130|0x0000000088200000, 0x0000000088300000, 0x0000000088300000|100%| O|  |TAMS 0x0000000088300000, 0x0000000088300000| Untracked 
| 131|0x0000000088300000, 0x0000000088400000, 0x0000000088400000|100%| O|  |TAMS 0x0000000088400000, 0x0000000088400000| Untracked 
| 132|0x0000000088400000, 0x0000000088500000, 0x0000000088500000|100%| O|  |TAMS 0x0000000088500000, 0x0000000088500000| Untracked 
| 133|0x0000000088500000, 0x0000000088600000, 0x0000000088600000|100%| O|  |TAMS 0x0000000088600000, 0x0000000088600000| Untracked 
| 134|0x0000000088600000, 0x0000000088700000, 0x0000000088700000|100%| O|  |TAMS 0x0000000088700000, 0x0000000088700000| Untracked 
| 135|0x0000000088700000, 0x0000000088800000, 0x0000000088800000|100%| O|  |TAMS 0x0000000088743e00, 0x0000000088800000| Untracked 
| 136|0x0000000088800000, 0x0000000088900000, 0x0000000088900000|100%| O|  |TAMS 0x0000000088800000, 0x0000000088900000| Untracked 
| 137|0x0000000088900000, 0x0000000088a00000, 0x0000000088a00000|100%| O|  |TAMS 0x0000000088900000, 0x0000000088a00000| Untracked 
| 138|0x0000000088a00000, 0x0000000088b00000, 0x0000000088b00000|100%| O|  |TAMS 0x0000000088a00000, 0x0000000088b00000| Untracked 
| 139|0x0000000088b00000, 0x0000000088c00000, 0x0000000088c00000|100%| O|  |TAMS 0x0000000088b00000, 0x0000000088c00000| Untracked 
| 140|0x0000000088c00000, 0x0000000088d00000, 0x0000000088d00000|100%| O|  |TAMS 0x0000000088c00000, 0x0000000088d00000| Untracked 
| 141|0x0000000088d00000, 0x0000000088e00000, 0x0000000088e00000|100%| O|  |TAMS 0x0000000088d00000, 0x0000000088e00000| Untracked 
| 142|0x0000000088e00000, 0x0000000088f00000, 0x0000000088f00000|100%| O|  |TAMS 0x0000000088e00000, 0x0000000088f00000| Untracked 
| 143|0x0000000088f00000, 0x0000000089000000, 0x0000000089000000|100%| O|  |TAMS 0x0000000088f00000, 0x0000000089000000| Untracked 
| 144|0x0000000089000000, 0x0000000089100000, 0x0000000089100000|100%| O|  |TAMS 0x0000000089000000, 0x0000000089100000| Untracked 
| 145|0x0000000089100000, 0x0000000089200000, 0x0000000089200000|100%| O|  |TAMS 0x0000000089100000, 0x0000000089200000| Untracked 
| 146|0x0000000089200000, 0x0000000089300000, 0x0000000089300000|100%| O|  |TAMS 0x0000000089200000, 0x0000000089300000| Untracked 
| 147|0x0000000089300000, 0x0000000089400000, 0x0000000089400000|100%| O|  |TAMS 0x0000000089300000, 0x0000000089400000| Untracked 
| 148|0x0000000089400000, 0x0000000089500000, 0x0000000089500000|100%| O|  |TAMS 0x0000000089400000, 0x0000000089500000| Untracked 
| 149|0x0000000089500000, 0x0000000089600000, 0x0000000089600000|100%| O|  |TAMS 0x0000000089500000, 0x0000000089600000| Untracked 
| 150|0x0000000089600000, 0x0000000089700000, 0x0000000089700000|100%| O|  |TAMS 0x0000000089600000, 0x0000000089700000| Untracked 
| 151|0x0000000089700000, 0x0000000089800000, 0x0000000089800000|100%| O|  |TAMS 0x0000000089700000, 0x0000000089800000| Untracked 
| 152|0x0000000089800000, 0x0000000089900000, 0x0000000089900000|100%| O|  |TAMS 0x0000000089800000, 0x0000000089900000| Untracked 
| 153|0x0000000089900000, 0x0000000089a00000, 0x0000000089a00000|100%| O|  |TAMS 0x0000000089900000, 0x0000000089a00000| Untracked 
| 154|0x0000000089a00000, 0x0000000089b00000, 0x0000000089b00000|100%| O|  |TAMS 0x0000000089a00000, 0x0000000089b00000| Untracked 
| 155|0x0000000089b00000, 0x0000000089c00000, 0x0000000089c00000|100%| O|  |TAMS 0x0000000089b00000, 0x0000000089c00000| Untracked 
| 156|0x0000000089c00000, 0x0000000089d00000, 0x0000000089d00000|100%| O|  |TAMS 0x0000000089c00000, 0x0000000089d00000| Untracked 
| 157|0x0000000089d00000, 0x0000000089e00000, 0x0000000089e00000|100%| O|  |TAMS 0x0000000089d00000, 0x0000000089e00000| Untracked 
| 158|0x0000000089e00000, 0x0000000089f00000, 0x0000000089f00000|100%| O|  |TAMS 0x0000000089e00000, 0x0000000089f00000| Untracked 
| 159|0x0000000089f00000, 0x000000008a000000, 0x000000008a000000|100%| O|  |TAMS 0x0000000089f00000, 0x000000008a000000| Untracked 
| 160|0x000000008a000000, 0x000000008a100000, 0x000000008a100000|100%| O|  |TAMS 0x000000008a000000, 0x000000008a100000| Untracked 
| 161|0x000000008a100000, 0x000000008a200000, 0x000000008a200000|100%| O|  |TAMS 0x000000008a100000, 0x000000008a200000| Untracked 
| 162|0x000000008a200000, 0x000000008a300000, 0x000000008a300000|100%| O|  |TAMS 0x000000008a200000, 0x000000008a300000| Untracked 
| 163|0x000000008a300000, 0x000000008a3fcc00, 0x000000008a400000| 98%| O|  |TAMS 0x000000008a300000, 0x000000008a3fcc00| Untracked 
| 164|0x000000008a400000, 0x000000008a400000, 0x000000008a500000|  0%| F|  |TAMS 0x000000008a400000, 0x000000008a400000| Untracked 
| 165|0x000000008a500000, 0x000000008a500000, 0x000000008a600000|  0%| F|  |TAMS 0x000000008a500000, 0x000000008a500000| Untracked 
| 166|0x000000008a600000, 0x000000008a600000, 0x000000008a700000|  0%| F|  |TAMS 0x000000008a600000, 0x000000008a600000| Untracked 
| 167|0x000000008a700000, 0x000000008a700000, 0x000000008a800000|  0%| F|  |TAMS 0x000000008a700000, 0x000000008a700000| Untracked 
| 168|0x000000008a800000, 0x000000008a800000, 0x000000008a900000|  0%| F|  |TAMS 0x000000008a800000, 0x000000008a800000| Untracked 
| 169|0x000000008a900000, 0x000000008a900000, 0x000000008aa00000|  0%| F|  |TAMS 0x000000008a900000, 0x000000008a900000| Untracked 
| 170|0x000000008aa00000, 0x000000008aa00000, 0x000000008ab00000|  0%| F|  |TAMS 0x000000008aa00000, 0x000000008aa00000| Untracked 
| 171|0x000000008ab00000, 0x000000008ab00000, 0x000000008ac00000|  0%| F|  |TAMS 0x000000008ab00000, 0x000000008ab00000| Untracked 
| 172|0x000000008ac00000, 0x000000008ac00000, 0x000000008ad00000|  0%| F|  |TAMS 0x000000008ac00000, 0x000000008ac00000| Untracked 
| 173|0x000000008ad00000, 0x000000008ad00000, 0x000000008ae00000|  0%| F|  |TAMS 0x000000008ad00000, 0x000000008ad00000| Untracked 
| 174|0x000000008ae00000, 0x000000008ae00000, 0x000000008af00000|  0%| F|  |TAMS 0x000000008ae00000, 0x000000008ae00000| Untracked 
| 175|0x000000008af00000, 0x000000008af00000, 0x000000008b000000|  0%| F|  |TAMS 0x000000008af00000, 0x000000008af00000| Untracked 
| 176|0x000000008b000000, 0x000000008b000000, 0x000000008b100000|  0%| F|  |TAMS 0x000000008b000000, 0x000000008b000000| Untracked 
| 177|0x000000008b100000, 0x000000008b100000, 0x000000008b200000|  0%| F|  |TAMS 0x000000008b100000, 0x000000008b100000| Untracked 
| 178|0x000000008b200000, 0x000000008b200000, 0x000000008b300000|  0%| F|  |TAMS 0x000000008b200000, 0x000000008b200000| Untracked 
| 179|0x000000008b300000, 0x000000008b300000, 0x000000008b400000|  0%| F|  |TAMS 0x000000008b300000, 0x000000008b300000| Untracked 
| 180|0x000000008b400000, 0x000000008b400000, 0x000000008b500000|  0%| F|  |TAMS 0x000000008b400000, 0x000000008b400000| Untracked 
| 181|0x000000008b500000, 0x000000008b500000, 0x000000008b600000|  0%| F|  |TAMS 0x000000008b500000, 0x000000008b500000| Untracked 
| 182|0x000000008b600000, 0x000000008b600000, 0x000000008b700000|  0%| F|  |TAMS 0x000000008b600000, 0x000000008b600000| Untracked 
| 183|0x000000008b700000, 0x000000008b700000, 0x000000008b800000|  0%| F|  |TAMS 0x000000008b700000, 0x000000008b700000| Untracked 
| 184|0x000000008b800000, 0x000000008b800000, 0x000000008b900000|  0%| F|  |TAMS 0x000000008b800000, 0x000000008b800000| Untracked 
| 185|0x000000008b900000, 0x000000008b900000, 0x000000008ba00000|  0%| F|  |TAMS 0x000000008b900000, 0x000000008b900000| Untracked 
| 186|0x000000008ba00000, 0x000000008ba00000, 0x000000008bb00000|  0%| F|  |TAMS 0x000000008ba00000, 0x000000008ba00000| Untracked 
| 187|0x000000008bb00000, 0x000000008bb00000, 0x000000008bc00000|  0%| F|  |TAMS 0x000000008bb00000, 0x000000008bb00000| Untracked 
| 188|0x000000008bc00000, 0x000000008bc00000, 0x000000008bd00000|  0%| F|  |TAMS 0x000000008bc00000, 0x000000008bc00000| Untracked 
| 189|0x000000008bd00000, 0x000000008bd00000, 0x000000008be00000|  0%| F|  |TAMS 0x000000008bd00000, 0x000000008bd00000| Untracked 
| 190|0x000000008be00000, 0x000000008be00000, 0x000000008bf00000|  0%| F|  |TAMS 0x000000008be00000, 0x000000008be00000| Untracked 
| 191|0x000000008bf00000, 0x000000008bf00000, 0x000000008c000000|  0%| F|  |TAMS 0x000000008bf00000, 0x000000008bf00000| Untracked 
| 192|0x000000008c000000, 0x000000008c000000, 0x000000008c100000|  0%| F|  |TAMS 0x000000008c000000, 0x000000008c000000| Untracked 
| 193|0x000000008c100000, 0x000000008c100000, 0x000000008c200000|  0%| F|  |TAMS 0x000000008c100000, 0x000000008c100000| Untracked 
| 194|0x000000008c200000, 0x000000008c200000, 0x000000008c300000|  0%| F|  |TAMS 0x000000008c200000, 0x000000008c200000| Untracked 
| 195|0x000000008c300000, 0x000000008c300000, 0x000000008c400000|  0%| F|  |TAMS 0x000000008c300000, 0x000000008c300000| Untracked 
| 196|0x000000008c400000, 0x000000008c400000, 0x000000008c500000|  0%| F|  |TAMS 0x000000008c400000, 0x000000008c400000| Untracked 
| 197|0x000000008c500000, 0x000000008c500000, 0x000000008c600000|  0%| F|  |TAMS 0x000000008c500000, 0x000000008c500000| Untracked 
| 198|0x000000008c600000, 0x000000008c600000, 0x000000008c700000|  0%| F|  |TAMS 0x000000008c600000, 0x000000008c600000| Untracked 
| 199|0x000000008c700000, 0x000000008c700000, 0x000000008c800000|  0%| F|  |TAMS 0x000000008c700000, 0x000000008c700000| Untracked 
| 200|0x000000008c800000, 0x000000008c800000, 0x000000008c900000|  0%| F|  |TAMS 0x000000008c800000, 0x000000008c800000| Untracked 
| 201|0x000000008c900000, 0x000000008c900000, 0x000000008ca00000|  0%| F|  |TAMS 0x000000008c900000, 0x000000008c900000| Untracked 
| 202|0x000000008ca00000, 0x000000008ca00000, 0x000000008cb00000|  0%| F|  |TAMS 0x000000008ca00000, 0x000000008ca00000| Untracked 
| 203|0x000000008cb00000, 0x000000008cb00000, 0x000000008cc00000|  0%| F|  |TAMS 0x000000008cb00000, 0x000000008cb00000| Untracked 
| 204|0x000000008cc00000, 0x000000008cc00000, 0x000000008cd00000|  0%| F|  |TAMS 0x000000008cc00000, 0x000000008cc00000| Untracked 
| 205|0x000000008cd00000, 0x000000008cd00000, 0x000000008ce00000|  0%| F|  |TAMS 0x000000008cd00000, 0x000000008cd00000| Untracked 
| 206|0x000000008ce00000, 0x000000008ce00000, 0x000000008cf00000|  0%| F|  |TAMS 0x000000008ce00000, 0x000000008ce00000| Untracked 
| 207|0x000000008cf00000, 0x000000008cf00000, 0x000000008d000000|  0%| F|  |TAMS 0x000000008cf00000, 0x000000008cf00000| Untracked 
| 208|0x000000008d000000, 0x000000008d0877c8, 0x000000008d100000| 52%| S|CS|TAMS 0x000000008d000000, 0x000000008d000000| Complete 
| 209|0x000000008d100000, 0x000000008d200000, 0x000000008d200000|100%| S|CS|TAMS 0x000000008d100000, 0x000000008d100000| Complete 
| 210|0x000000008d200000, 0x000000008d200000, 0x000000008d300000|  0%| F|  |TAMS 0x000000008d200000, 0x000000008d200000| Untracked 
| 211|0x000000008d300000, 0x000000008d300000, 0x000000008d400000|  0%| F|  |TAMS 0x000000008d300000, 0x000000008d300000| Untracked 
| 212|0x000000008d400000, 0x000000008d400000, 0x000000008d500000|  0%| F|  |TAMS 0x000000008d400000, 0x000000008d400000| Untracked 
| 213|0x000000008d500000, 0x000000008d500000, 0x000000008d600000|  0%| F|  |TAMS 0x000000008d500000, 0x000000008d500000| Untracked 
| 214|0x000000008d600000, 0x000000008d700000, 0x000000008d700000|100%| S|CS|TAMS 0x000000008d600000, 0x000000008d600000| Complete 
| 215|0x000000008d700000, 0x000000008d800000, 0x000000008d800000|100%| S|CS|TAMS 0x000000008d700000, 0x000000008d700000| Complete 
| 216|0x000000008d800000, 0x000000008d900000, 0x000000008d900000|100%| S|CS|TAMS 0x000000008d800000, 0x000000008d800000| Complete 
| 217|0x000000008d900000, 0x000000008d900000, 0x000000008da00000|  0%| F|  |TAMS 0x000000008d900000, 0x000000008d900000| Untracked 
| 218|0x000000008da00000, 0x000000008da00000, 0x000000008db00000|  0%| F|  |TAMS 0x000000008da00000, 0x000000008da00000| Untracked 
| 219|0x000000008db00000, 0x000000008db00000, 0x000000008dc00000|  0%| F|  |TAMS 0x000000008db00000, 0x000000008db00000| Untracked 
| 220|0x000000008dc00000, 0x000000008dc00000, 0x000000008dd00000|  0%| F|  |TAMS 0x000000008dc00000, 0x000000008dc00000| Untracked 
| 221|0x000000008dd00000, 0x000000008dd00000, 0x000000008de00000|  0%| F|  |TAMS 0x000000008dd00000, 0x000000008dd00000| Untracked 
| 222|0x000000008de00000, 0x000000008de00000, 0x000000008df00000|  0%| F|  |TAMS 0x000000008de00000, 0x000000008de00000| Untracked 
| 223|0x000000008df00000, 0x000000008df00000, 0x000000008e000000|  0%| F|  |TAMS 0x000000008df00000, 0x000000008df00000| Untracked 
| 224|0x000000008e000000, 0x000000008e000000, 0x000000008e100000|  0%| F|  |TAMS 0x000000008e000000, 0x000000008e000000| Untracked 
| 225|0x000000008e100000, 0x000000008e100000, 0x000000008e200000|  0%| F|  |TAMS 0x000000008e100000, 0x000000008e100000| Untracked 
| 226|0x000000008e200000, 0x000000008e200000, 0x000000008e300000|  0%| F|  |TAMS 0x000000008e200000, 0x000000008e200000| Untracked 
| 227|0x000000008e300000, 0x000000008e300000, 0x000000008e400000|  0%| F|  |TAMS 0x000000008e300000, 0x000000008e300000| Untracked 
| 228|0x000000008e400000, 0x000000008e400000, 0x000000008e500000|  0%| F|  |TAMS 0x000000008e400000, 0x000000008e400000| Untracked 
| 229|0x000000008e500000, 0x000000008e500000, 0x000000008e600000|  0%| F|  |TAMS 0x000000008e500000, 0x000000008e500000| Untracked 
| 230|0x000000008e600000, 0x000000008e600000, 0x000000008e700000|  0%| F|  |TAMS 0x000000008e600000, 0x000000008e600000| Untracked 
| 231|0x000000008e700000, 0x000000008e700000, 0x000000008e800000|  0%| F|  |TAMS 0x000000008e700000, 0x000000008e700000| Untracked 
| 232|0x000000008e800000, 0x000000008e800000, 0x000000008e900000|  0%| F|  |TAMS 0x000000008e800000, 0x000000008e800000| Untracked 
| 233|0x000000008e900000, 0x000000008e900000, 0x000000008ea00000|  0%| F|  |TAMS 0x000000008e900000, 0x000000008e900000| Untracked 
| 234|0x000000008ea00000, 0x000000008ea00000, 0x000000008eb00000|  0%| F|  |TAMS 0x000000008ea00000, 0x000000008ea00000| Untracked 
| 235|0x000000008eb00000, 0x000000008eb00000, 0x000000008ec00000|  0%| F|  |TAMS 0x000000008eb00000, 0x000000008eb00000| Untracked 
| 236|0x000000008ec00000, 0x000000008ec00000, 0x000000008ed00000|  0%| F|  |TAMS 0x000000008ec00000, 0x000000008ec00000| Untracked 
| 237|0x000000008ed00000, 0x000000008ed00000, 0x000000008ee00000|  0%| F|  |TAMS 0x000000008ed00000, 0x000000008ed00000| Untracked 
| 238|0x000000008ee00000, 0x000000008ee00000, 0x000000008ef00000|  0%| F|  |TAMS 0x000000008ee00000, 0x000000008ee00000| Untracked 
| 239|0x000000008ef00000, 0x000000008ef00000, 0x000000008f000000|  0%| F|  |TAMS 0x000000008ef00000, 0x000000008ef00000| Untracked 
| 240|0x000000008f000000, 0x000000008f000000, 0x000000008f100000|  0%| F|  |TAMS 0x000000008f000000, 0x000000008f000000| Untracked 
| 241|0x000000008f100000, 0x000000008f100000, 0x000000008f200000|  0%| F|  |TAMS 0x000000008f100000, 0x000000008f100000| Untracked 
| 242|0x000000008f200000, 0x000000008f200000, 0x000000008f300000|  0%| F|  |TAMS 0x000000008f200000, 0x000000008f200000| Untracked 
| 243|0x000000008f300000, 0x000000008f300000, 0x000000008f400000|  0%| F|  |TAMS 0x000000008f300000, 0x000000008f300000| Untracked 
| 244|0x000000008f400000, 0x000000008f400000, 0x000000008f500000|  0%| F|  |TAMS 0x000000008f400000, 0x000000008f400000| Untracked 
| 245|0x000000008f500000, 0x000000008f500000, 0x000000008f600000|  0%| F|  |TAMS 0x000000008f500000, 0x000000008f500000| Untracked 
| 246|0x000000008f600000, 0x000000008f600000, 0x000000008f700000|  0%| F|  |TAMS 0x000000008f600000, 0x000000008f600000| Untracked 
| 247|0x000000008f700000, 0x000000008f700000, 0x000000008f800000|  0%| F|  |TAMS 0x000000008f700000, 0x000000008f700000| Untracked 
| 248|0x000000008f800000, 0x000000008f800000, 0x000000008f900000|  0%| F|  |TAMS 0x000000008f800000, 0x000000008f800000| Untracked 
| 249|0x000000008f900000, 0x000000008f900000, 0x000000008fa00000|  0%| F|  |TAMS 0x000000008f900000, 0x000000008f900000| Untracked 
| 250|0x000000008fa00000, 0x000000008fa00000, 0x000000008fb00000|  0%| F|  |TAMS 0x000000008fa00000, 0x000000008fa00000| Untracked 
| 251|0x000000008fb00000, 0x000000008fb00000, 0x000000008fc00000|  0%| F|  |TAMS 0x000000008fb00000, 0x000000008fb00000| Untracked 
| 252|0x000000008fc00000, 0x000000008fc00000, 0x000000008fd00000|  0%| F|  |TAMS 0x000000008fc00000, 0x000000008fc00000| Untracked 
| 253|0x000000008fd00000, 0x000000008fd00000, 0x000000008fe00000|  0%| F|  |TAMS 0x000000008fd00000, 0x000000008fd00000| Untracked 
| 254|0x000000008fe00000, 0x000000008fe00000, 0x000000008ff00000|  0%| F|  |TAMS 0x000000008fe00000, 0x000000008fe00000| Untracked 
| 255|0x000000008ff00000, 0x000000008ff00000, 0x0000000090000000|  0%| F|  |TAMS 0x000000008ff00000, 0x000000008ff00000| Untracked 
| 256|0x0000000090000000, 0x0000000090000000, 0x0000000090100000|  0%| F|  |TAMS 0x0000000090000000, 0x0000000090000000| Untracked 
| 257|0x0000000090100000, 0x0000000090100000, 0x0000000090200000|  0%| F|  |TAMS 0x0000000090100000, 0x0000000090100000| Untracked 
| 258|0x0000000090200000, 0x0000000090200000, 0x0000000090300000|  0%| F|  |TAMS 0x0000000090200000, 0x0000000090200000| Untracked 
| 259|0x0000000090300000, 0x0000000090300000, 0x0000000090400000|  0%| F|  |TAMS 0x0000000090300000, 0x0000000090300000| Untracked 
| 260|0x0000000090400000, 0x0000000090400000, 0x0000000090500000|  0%| F|  |TAMS 0x0000000090400000, 0x0000000090400000| Untracked 
| 261|0x0000000090500000, 0x0000000090500000, 0x0000000090600000|  0%| F|  |TAMS 0x0000000090500000, 0x0000000090500000| Untracked 
| 262|0x0000000090600000, 0x0000000090600000, 0x0000000090700000|  0%| F|  |TAMS 0x0000000090600000, 0x0000000090600000| Untracked 
| 263|0x0000000090700000, 0x0000000090700000, 0x0000000090800000|  0%| F|  |TAMS 0x0000000090700000, 0x0000000090700000| Untracked 
| 264|0x0000000090800000, 0x0000000090800000, 0x0000000090900000|  0%| F|  |TAMS 0x0000000090800000, 0x0000000090800000| Untracked 
| 265|0x0000000090900000, 0x0000000090900000, 0x0000000090a00000|  0%| F|  |TAMS 0x0000000090900000, 0x0000000090900000| Untracked 
| 266|0x0000000090a00000, 0x0000000090a00000, 0x0000000090b00000|  0%| F|  |TAMS 0x0000000090a00000, 0x0000000090a00000| Untracked 
| 267|0x0000000090b00000, 0x0000000090b00000, 0x0000000090c00000|  0%| F|  |TAMS 0x0000000090b00000, 0x0000000090b00000| Untracked 
| 268|0x0000000090c00000, 0x0000000090c00000, 0x0000000090d00000|  0%| F|  |TAMS 0x0000000090c00000, 0x0000000090c00000| Untracked 
| 269|0x0000000090d00000, 0x0000000090d00000, 0x0000000090e00000|  0%| F|  |TAMS 0x0000000090d00000, 0x0000000090d00000| Untracked 
| 270|0x0000000090e00000, 0x0000000090e00000, 0x0000000090f00000|  0%| F|  |TAMS 0x0000000090e00000, 0x0000000090e00000| Untracked 
| 271|0x0000000090f00000, 0x0000000090f00000, 0x0000000091000000|  0%| F|  |TAMS 0x0000000090f00000, 0x0000000090f00000| Untracked 
| 272|0x0000000091000000, 0x0000000091000000, 0x0000000091100000|  0%| F|  |TAMS 0x0000000091000000, 0x0000000091000000| Untracked 
| 273|0x0000000091100000, 0x0000000091100000, 0x0000000091200000|  0%| F|  |TAMS 0x0000000091100000, 0x0000000091100000| Untracked 

Card table byte_map: [0x0000029cf64b0000,0x0000029cf68b0000] _byte_map_base: 0x0000029cf60b0000

Marking Bits (Prev, Next): (CMBitMap*) 0x0000029cf03a84f8, (CMBitMap*) 0x0000029cf03a8530
 Prev Bits: [0x0000029cf6cb0000, 0x0000029cf8cb0000)
 Next Bits: [0x0000029cf8cb0000, 0x0000029cfacb0000)

Polling page: 0x0000029cf0440000

Metaspace:

Usage:
  Non-class:     86.70 MB capacity,    85.21 MB ( 98%) used,     1.19 MB (  1%) free+waste,   310.06 KB ( <1%) overhead. 
      Class:     13.88 MB capacity,    12.93 MB ( 93%) used,   825.27 KB (  6%) free+waste,   142.19 KB (  1%) overhead. 
       Both:    100.58 MB capacity,    98.14 MB ( 98%) used,     2.00 MB (  2%) free+waste,   452.25 KB ( <1%) overhead. 

Virtual space:
  Non-class space:       88.00 MB reserved,      86.75 MB ( 99%) committed 
      Class space:        1.00 GB reserved,      13.95 MB (  1%) committed 
             Both:        1.09 GB reserved,     100.70 MB (  9%) committed 

Chunk freelists:
   Non-Class:  48.00 KB
       Class:  0 bytes
        Both:  48.00 KB

MaxMetaspaceSize: 17179869184.00 GB
CompressedClassSpaceSize: 1.00 GB

CodeHeap 'non-profiled nmethods': size=120000Kb used=6718Kb max_used=6718Kb free=113281Kb
 bounds [0x0000029c87ad0000, 0x0000029c88160000, 0x0000029c8f000000]
CodeHeap 'profiled nmethods': size=120000Kb used=25651Kb max_used=25651Kb free=94349Kb
 bounds [0x0000029c805a0000, 0x0000029c81eb0000, 0x0000029c87ad0000]
CodeHeap 'non-nmethods': size=5760Kb used=2307Kb max_used=2364Kb free=3452Kb
 bounds [0x0000029c80000000, 0x0000029c80270000, 0x0000029c805a0000]
 total_blobs=12856 nmethods=11944 adapters=822
 compilation: enabled
              stopped_count=0, restarted_count=0
 full_count=0

Compilation events (20 events):
Event: 20.191 Thread 0x0000029cfd7c0000 nmethod 12159 0x0000029c8815e390 code [0x0000029c8815e540, 0x0000029c8815e5f8]
Event: 20.191 Thread 0x0000029cfd7c0000 12183       1       com.android.tools.r8.internal.CL0::c (5 bytes)
Event: 20.191 Thread 0x0000029cfd7c0000 nmethod 12183 0x0000029c8815e690 code [0x0000029c8815e840, 0x0000029c8815e8f8]
Event: 20.191 Thread 0x0000029cfd7c0000 12163       1       com.android.tools.r8.internal.Lz0::c1 (2 bytes)
Event: 20.191 Thread 0x0000029cfd7c0000 nmethod 12163 0x0000029c8815e990 code [0x0000029c8815eb40, 0x0000029c8815ebf8]
Event: 20.191 Thread 0x0000029cfd7c0000 11851       1       com.android.tools.r8.internal.rU0::c2 (3 bytes)
Event: 20.191 Thread 0x0000029cfd7c0000 nmethod 11851 0x0000029c8815ec90 code [0x0000029c8815ee40, 0x0000029c8815eef8]
Event: 20.191 Thread 0x0000029cfd7c0000 12145       1       com.android.tools.r8.internal.zo1::e2 (3 bytes)
Event: 20.191 Thread 0x0000029cfd7c0000 nmethod 12145 0x0000029c8815ef90 code [0x0000029c8815f140, 0x0000029c8815f1f8]
Event: 20.191 Thread 0x0000029cfd7c0000 12175       1       com.android.tools.r8.internal.KE0::z (2 bytes)
Event: 20.192 Thread 0x0000029cfd7c0000 nmethod 12175 0x0000029c8815f290 code [0x0000029c8815f440, 0x0000029c8815f4f8]
Event: 20.192 Thread 0x0000029cfd7c0000 12186       2       com.android.tools.r8.internal.Cr1::v (37 bytes)
Event: 20.192 Thread 0x0000029cfd7c0000 nmethod 12186 0x0000029c81eabf10 code [0x0000029c81eac0c0, 0x0000029c81eac2d8]
Event: 20.192 Thread 0x0000029cfd7c0000 11864       1       com.android.tools.r8.internal.C91::e2 (3 bytes)
Event: 20.192 Thread 0x0000029cfd7c0000 nmethod 11864 0x0000029c8815f590 code [0x0000029c8815f740, 0x0000029c8815f7f8]
Event: 20.192 Thread 0x0000029cfd7c0000 12187       2       com.android.tools.r8.internal.Fs1::G (10 bytes)
Event: 20.192 Thread 0x0000029cfd7c0000 nmethod 12187 0x0000029c81eac390 code [0x0000029c81eac540, 0x0000029c81eac658]
Event: 20.193 Thread 0x0000029cfd7c0000 12188       2       com.android.tools.r8.internal.Fs1::B (30 bytes)
Event: 20.193 Thread 0x0000029cfd7c0000 nmethod 12188 0x0000029c81eac710 code [0x0000029c81eac8c0, 0x0000029c81eaca88]
Event: 20.193 Thread 0x0000029cfd7c0000 12190       2       com.android.tools.r8.internal.hI0::q (464 bytes)

GC Heap History (20 events):
Event: 14.106 GC heap after
{Heap after GC invocations=20 (full 0):
 garbage-first heap   total 189440K, used 72668K [0x0000000080000000, 0x0000000100000000)
  region size 1024K, 10 young (10240K), 10 survivors (10240K)
 Metaspace       used 83103K, capacity 85066K, committed 85196K, reserved 1122304K
  class space    used 10892K, capacity 11653K, committed 11724K, reserved 1048576K
}
Event: 15.269 GC heap before
{Heap before GC invocations=20 (full 0):
 garbage-first heap   total 189440K, used 142300K [0x0000000080000000, 0x0000000100000000)
  region size 1024K, 79 young (80896K), 10 survivors (10240K)
 Metaspace       used 85177K, capacity 87226K, committed 87500K, reserved 1124352K
  class space    used 11086K, capacity 11907K, committed 11980K, reserved 1048576K
}
Event: 15.288 GC heap after
{Heap after GC invocations=21 (full 0):
 garbage-first heap   total 189440K, used 77295K [0x0000000080000000, 0x0000000100000000)
  region size 1024K, 10 young (10240K), 10 survivors (10240K)
 Metaspace       used 85177K, capacity 87226K, committed 87500K, reserved 1124352K
  class space    used 11086K, capacity 11907K, committed 11980K, reserved 1048576K
}
Event: 16.131 GC heap before
{Heap before GC invocations=21 (full 0):
 garbage-first heap   total 189440K, used 145903K [0x0000000080000000, 0x0000000100000000)
  region size 1024K, 78 young (79872K), 10 survivors (10240K)
 Metaspace       used 88913K, capacity 91005K, committed 91212K, reserved 1128448K
  class space    used 11545K, capacity 12328K, committed 12364K, reserved 1048576K
}
Event: 16.150 GC heap after
{Heap after GC invocations=22 (full 0):
 garbage-first heap   total 227328K, used 81485K [0x0000000080000000, 0x0000000100000000)
  region size 1024K, 9 young (9216K), 9 survivors (9216K)
 Metaspace       used 88913K, capacity 91005K, committed 91212K, reserved 1128448K
  class space    used 11545K, capacity 12328K, committed 12364K, reserved 1048576K
}
Event: 16.702 GC heap before
{Heap before GC invocations=22 (full 0):
 garbage-first heap   total 227328K, used 169549K [0x0000000080000000, 0x0000000100000000)
  region size 1024K, 94 young (96256K), 9 survivors (9216K)
 Metaspace       used 90621K, capacity 92714K, committed 93004K, reserved 1130496K
  class space    used 11774K, capacity 12573K, committed 12620K, reserved 1048576K
}
Event: 16.722 GC heap after
{Heap after GC invocations=23 (full 0):
 garbage-first heap   total 227328K, used 100887K [0x0000000080000000, 0x0000000100000000)
  region size 1024K, 12 young (12288K), 12 survivors (12288K)
 Metaspace       used 90621K, capacity 92714K, committed 93004K, reserved 1130496K
  class space    used 11774K, capacity 12573K, committed 12620K, reserved 1048576K
}
Event: 17.643 GC heap before
{Heap before GC invocations=23 (full 0):
 garbage-first heap   total 227328K, used 171543K [0x0000000080000000, 0x0000000100000000)
  region size 1024K, 82 young (83968K), 12 survivors (12288K)
 Metaspace       used 94156K, capacity 96508K, committed 96716K, reserved 1132544K
  class space    used 12318K, capacity 13218K, committed 13260K, reserved 1048576K
}
Event: 17.683 GC heap after
{Heap after GC invocations=24 (full 0):
 garbage-first heap   total 227328K, used 112927K [0x0000000080000000, 0x0000000100000000)
  region size 1024K, 11 young (11264K), 11 survivors (11264K)
 Metaspace       used 94156K, capacity 96508K, committed 96716K, reserved 1132544K
  class space    used 12318K, capacity 13218K, committed 13260K, reserved 1048576K
}
Event: 17.968 GC heap before
{Heap before GC invocations=24 (full 0):
 garbage-first heap   total 227328K, used 174367K [0x0000000080000000, 0x0000000100000000)
  region size 1024K, 72 young (73728K), 11 survivors (11264K)
 Metaspace       used 95680K, capacity 98081K, committed 98252K, reserved 1134592K
  class space    used 12528K, capacity 13491K, committed 13516K, reserved 1048576K
}
Event: 18.023 GC heap after
{Heap after GC invocations=25 (full 0):
 garbage-first heap   total 227328K, used 124928K [0x0000000080000000, 0x0000000100000000)
  region size 1024K, 9 young (9216K), 9 survivors (9216K)
 Metaspace       used 95680K, capacity 98081K, committed 98252K, reserved 1134592K
  class space    used 12528K, capacity 13491K, committed 13516K, reserved 1048576K
}
Event: 18.526 GC heap before
{Heap before GC invocations=26 (full 0):
 garbage-first heap   total 227328K, used 178176K [0x0000000080000000, 0x0000000100000000)
  region size 1024K, 62 young (63488K), 9 survivors (9216K)
 Metaspace       used 96428K, capacity 98744K, committed 99276K, reserved 1134592K
  class space    used 12650K, capacity 13579K, committed 13772K, reserved 1048576K
}
Event: 18.577 GC heap after
{Heap after GC invocations=27 (full 0):
 garbage-first heap   total 280576K, used 135168K [0x0000000080000000, 0x0000000100000000)
  region size 1024K, 8 young (8192K), 8 survivors (8192K)
 Metaspace       used 96428K, capacity 98744K, committed 99276K, reserved 1134592K
  class space    used 12650K, capacity 13579K, committed 13772K, reserved 1048576K
}
Event: 18.859 GC heap before
{Heap before GC invocations=27 (full 0):
 garbage-first heap   total 280576K, used 204800K [0x0000000080000000, 0x0000000100000000)
  region size 1024K, 77 young (78848K), 8 survivors (8192K)
 Metaspace       used 97318K, capacity 99687K, committed 99916K, reserved 1134592K
  class space    used 12818K, capacity 13764K, committed 13900K, reserved 1048576K
}
Event: 18.912 GC heap after
{Heap after GC invocations=28 (full 0):
 garbage-first heap   total 280576K, used 148751K [0x0000000080000000, 0x0000000100000000)
  region size 1024K, 10 young (10240K), 10 survivors (10240K)
 Metaspace       used 97318K, capacity 99687K, committed 99916K, reserved 1134592K
  class space    used 12818K, capacity 13764K, committed 13900K, reserved 1048576K
}
Event: 19.297 GC heap before
{Heap before GC invocations=28 (full 0):
 garbage-first heap   total 280576K, used 213263K [0x0000000080000000, 0x0000000100000000)
  region size 1024K, 74 young (75776K), 10 survivors (10240K)
 Metaspace       used 98498K, capacity 100985K, committed 101068K, reserved 1136640K
  class space    used 13006K, capacity 13983K, committed 14028K, reserved 1048576K
}
Event: 19.344 GC heap after
{Heap after GC invocations=29 (full 0):
 garbage-first heap   total 280576K, used 160768K [0x0000000080000000, 0x0000000100000000)
  region size 1024K, 10 young (10240K), 10 survivors (10240K)
 Metaspace       used 98498K, capacity 100985K, committed 101068K, reserved 1136640K
  class space    used 13006K, capacity 13983K, committed 14028K, reserved 1048576K
}
Event: 19.823 GC heap before
{Heap before GC invocations=30 (full 0):
 garbage-first heap   total 280576K, used 221184K [0x0000000080000000, 0x0000000100000000)
  region size 1024K, 70 young (71680K), 10 survivors (10240K)
 Metaspace       used 99171K, capacity 101439K, committed 101964K, reserved 1136640K
  class space    used 13050K, capacity 13949K, committed 14156K, reserved 1048576K
}
Event: 19.856 GC heap after
{Heap after GC invocations=31 (full 0):
 garbage-first heap   total 280576K, used 168483K [0x0000000080000000, 0x0000000100000000)
  region size 1024K, 7 young (7168K), 7 survivors (7168K)
 Metaspace       used 99171K, capacity 101439K, committed 101964K, reserved 1136640K
  class space    used 13050K, capacity 13949K, committed 14156K, reserved 1048576K
}
Event: 20.200 GC heap before
{Heap before GC invocations=31 (full 0):
 garbage-first heap   total 280576K, used 226851K [0x0000000080000000, 0x0000000100000000)
  region size 1024K, 64 young (65536K), 7 survivors (7168K)
 Metaspace       used 100492K, capacity 102992K, committed 103116K, reserved 1138688K
  class space    used 13240K, capacity 14208K, committed 14284K, reserved 1048576K
}

Deoptimization events (20 events):
Event: 20.090 Thread 0x0000029c94247800 Uncommon trap: trap_request=0xffffff4d fr.pc=0x0000029c8815a038 relative=0x0000000000000218
Event: 20.090 Thread 0x0000029c94247800 Uncommon trap: reason=unstable_if action=reinterpret pc=0x0000029c8815a038 method=com.android.tools.r8.graph.W0.a([C)I @ 44 c2
Event: 20.090 Thread 0x0000029c94247800 DEOPT PACKING pc=0x0000029c8815a038 sp=0x000000adbdff9b20
Event: 20.090 Thread 0x0000029c94247800 DEOPT UNPACKING pc=0x0000029c8002662f sp=0x000000adbdff9aa8 mode 2
Event: 20.109 Thread 0x0000029c94247800 DEOPT PACKING pc=0x0000029c81e10e9b sp=0x000000adbdff9ed0
Event: 20.109 Thread 0x0000029c94247800 DEOPT UNPACKING pc=0x0000029c80026dde sp=0x000000adbdff9340 mode 0
Event: 20.140 Thread 0x0000029c90c49800 DEOPT PACKING pc=0x0000029c81e10e9b sp=0x000000adbaff9f40
Event: 20.140 Thread 0x0000029c90c49800 DEOPT UNPACKING pc=0x0000029c80026dde sp=0x000000adbaff93b0 mode 0
Event: 20.140 Thread 0x0000029c930b0000 Uncommon trap: trap_request=0xffffff4d fr.pc=0x0000029c8815aca8 relative=0x0000000000000268
Event: 20.140 Thread 0x0000029c930b0000 Uncommon trap: reason=unstable_if action=reinterpret pc=0x0000029c8815aca8 method=com.android.tools.r8.graph.W0.a(Lcom/android/tools/r8/graph/W0;)I @ 39 c2
Event: 20.140 Thread 0x0000029c930b0000 DEOPT PACKING pc=0x0000029c8815aca8 sp=0x000000adbcdf9ee0
Event: 20.140 Thread 0x0000029c930b0000 DEOPT UNPACKING pc=0x0000029c8002662f sp=0x000000adbcdf9e60 mode 2
Event: 20.143 Thread 0x0000029c90c49800 DEOPT PACKING pc=0x0000029c81e768c6 sp=0x000000adbaff9690
Event: 20.143 Thread 0x0000029c90c49800 DEOPT UNPACKING pc=0x0000029c80026dde sp=0x000000adbaff8b08 mode 0
Event: 20.162 Thread 0x0000029c94242800 DEOPT PACKING pc=0x0000029c81e93d0e sp=0x000000adbd9f9170
Event: 20.162 Thread 0x0000029c94242800 DEOPT UNPACKING pc=0x0000029c80026dde sp=0x000000adbd9f85e8 mode 0
Event: 20.176 Thread 0x0000029cfedec000 DEOPT PACKING pc=0x0000029c81e10e9b sp=0x000000adba7f9e10
Event: 20.176 Thread 0x0000029cfedec000 DEOPT UNPACKING pc=0x0000029c80026dde sp=0x000000adba7f9280 mode 0
Event: 20.183 Thread 0x0000029c930b0000 DEOPT PACKING pc=0x0000029c81ce4cf7 sp=0x000000adbcdf9e10
Event: 20.183 Thread 0x0000029c930b0000 DEOPT UNPACKING pc=0x0000029c80026dde sp=0x000000adbcdf9310 mode 0

Classes redefined (0 events):
No events

Internal exceptions (20 events):
Event: 17.326 Thread 0x0000029c930b0000 Exception <a 'java/lang/NoSuchMethodError'{0x000000008c26a260}: 'int java.lang.invoke.DirectMethodHandle$Holder.invokeVirtual(java.lang.Object, java.lang.Object, java.lang.Object, java.lang.Object)'> (0x000000008c26a260) thrown at [./src/hotspot/share/interpreter/linkResolver.cpp, line 773]
Event: 17.444 Thread 0x0000029c90c49800 Exception <a 'java/lang/IncompatibleClassChangeError'{0x000000008b06cf48}: Found class java.lang.Object, but interface was expected> (0x000000008b06cf48) thrown at [./src/hotspot/share/interpreter/linkResolver.cpp, line 839]
Event: 17.459 Thread 0x0000029cfedf0000 Exception <a 'java/lang/NoSuchMethodError'{0x000000008ae2df40}: 'int java.lang.invoke.DirectMethodHandle$Holder.invokeVirtual(java.lang.Object, java.lang.Object, java.lang.Object)'> (0x000000008ae2df40) thrown at [./src/hotspot/share/interpreter/linkResolver.cpp, line 773]
Event: 17.868 Thread 0x0000029c90c49800 Exception <a 'java/lang/NoSuchMethodError'{0x000000008b5e7a38}: 'java.lang.Object java.lang.invoke.DirectMethodHandle$Holder.invokeStatic(java.lang.Object, int, java.lang.Object, java.lang.Object)'> (0x000000008b5e7a38) thrown at [./src/hotspot/share/interpreter/linkResolver.cpp, line 773]
Event: 17.868 Thread 0x0000029c930b0000 Exception <a 'java/lang/NoSuchMethodError'{0x000000008b3a3388}: 'java.lang.Object java.lang.invoke.DirectMethodHandle$Holder.invokeStatic(java.lang.Object, int, java.lang.Object, java.lang.Object)'> (0x000000008b3a3388) thrown at [./src/hotspot/share/interpreter/linkResolver.cpp, line 773]
Event: 17.868 Thread 0x0000029cfede9800 Exception <a 'java/lang/NoSuchMethodError'{0x000000008bf70ae8}: 'java.lang.Object java.lang.invoke.DirectMethodHandle$Holder.invokeStatic(java.lang.Object, int, java.lang.Object, java.lang.Object)'> (0x000000008bf70ae8) thrown at [./src/hotspot/share/interpreter/linkResolver.cpp, line 773]
Event: 17.871 Thread 0x0000029c94247800 Exception <a 'java/lang/NoSuchMethodError'{0x000000008b3991d8}: 'java.lang.Object java.lang.invoke.DirectMethodHandle$Holder.invokeStatic(java.lang.Object, int, java.lang.Object, java.lang.Object)'> (0x000000008b3991d8) thrown at [./src/hotspot/share/interpreter/linkResolver.cpp, line 773]
Event: 18.177 Thread 0x0000029c930b0000 Exception <a 'java/lang/NoSuchMethodError'{0x000000008ca0b008}: 'int java.lang.invoke.DirectMethodHandle$Holder.invokeSpecial(java.lang.Object, java.lang.Object, java.lang.Object, java.lang.Object, java.lang.Object)'> (0x000000008ca0b008) thrown at [./src/hotspot/share/interpreter/linkResolver.cpp, line 773]
Event: 18.440 Thread 0x0000029c94247800 Exception <a 'java/lang/NoSuchMethodError'{0x000000008abd8920}: 'java.lang.Object java.lang.invoke.DirectMethodHandle$Holder.invokeVirtual(java.lang.Object, java.lang.Object, int, java.lang.Object)'> (0x000000008abd8920) thrown at [./src/hotspot/share/interpreter/linkResolver.cpp, line 773]
Event: 18.441 Thread 0x0000029c90c49800 Exception <a 'java/lang/NoSuchMethodError'{0x000000008bf55b58}: 'java.lang.Object java.lang.invoke.DirectMethodHandle$Holder.invokeVirtual(java.lang.Object, java.lang.Object, int, java.lang.Object)'> (0x000000008bf55b58) thrown at [./src/hotspot/share/interpreter/linkResolver.cpp, line 773]
Event: 18.595 Thread 0x0000029c90c49800 Exception <a 'java/lang/IncompatibleClassChangeError'{0x000000009104d9d8}: Found class java.lang.Object, but interface was expected> (0x000000009104d9d8) thrown at [./src/hotspot/share/interpreter/linkResolver.cpp, line 839]
Event: 18.596 Thread 0x0000029c90c49800 Exception <a 'java/lang/IncompatibleClassChangeError'{0x00000000910588f0}: Found class java.lang.Object, but interface was expected> (0x00000000910588f0) thrown at [./src/hotspot/share/interpreter/linkResolver.cpp, line 839]
Event: 18.701 Thread 0x0000029c90c49800 Exception <a 'java/lang/NoSuchMethodError'{0x00000000902eaa38}: 'void java.lang.invoke.DirectMethodHandle$Holder.invokeVirtual(java.lang.Object, java.lang.Object, int, java.lang.Object)'> (0x00000000902eaa38) thrown at [./src/hotspot/share/interpreter/linkResolver.cpp, line 773]
Event: 19.012 Thread 0x0000029c930b0000 Exception <a 'java/lang/NoSuchMethodError'{0x000000008f798370}: 'java.lang.Object java.lang.invoke.DirectMethodHandle$Holder.newInvokeSpecial(java.lang.Object, int)'> (0x000000008f798370) thrown at [./src/hotspot/share/interpreter/linkResolver.cpp, line 773]
Event: 19.816 Thread 0x0000029c930b0000 Exception <a 'java/lang/NoSuchMethodError'{0x000000008d74adc0}: 'java.lang.Object java.lang.invoke.DirectMethodHandle$Holder.invokeSpecial(java.lang.Object, java.lang.Object, java.lang.Object, java.lang.Object, java.lang.Object, java.lang.Object, java.lang.Object, java.lang.Object, java.lang.Object, java.lang.Object, java.lang.Object)'> (0x000000008d74adc0) thrown at [./src/hotspot/share/interpreter/linkResolver.cpp, line 773]
Event: 19.857 Thread 0x0000029c930b0000 Exception <a 'java/lang/NoSuchMethodError'{0x00000000911d1c20}: 'java.lang.Object java.lang.invoke.Invokers$Holder.linkToTargetMethod(java.lang.Object, java.lang.Object, java.lang.Object, java.lang.Object, java.lang.Object, java.lang.Object, java.lang.Object, java.lang.Object, java.lang.Object, java.lang.Object)'> (0x00000000911d1c20) thrown at [./src/hotspot/share/interpreter/linkResolver.cpp, line 773]
Event: 19.867 Thread 0x0000029c930b0000 Exception <a 'java/lang/IncompatibleClassChangeError'{0x0000000090e41800}: Found class java.lang.Object, but interface was expected> (0x0000000090e41800) thrown at [./src/hotspot/share/interpreter/linkResolver.cpp, line 839]
Event: 20.114 Thread 0x0000029c930b0000 Exception <a 'java/lang/NoSuchMethodError'{0x000000008e7a97d0}: 'java.lang.Object java.lang.invoke.Invokers$Holder.linkToTargetMethod(java.lang.Object, int, java.lang.Object, java.lang.Object, java.lang.Object, java.lang.Object)'> (0x000000008e7a97d0) thrown at [./src/hotspot/share/interpreter/linkResolver.cpp, line 773]
Event: 20.116 Thread 0x0000029c930b0000 Exception <a 'java/lang/NoSuchMethodError'{0x000000008e619488}: 'java.lang.Object java.lang.invoke.Invokers$Holder.linkToTargetMethod(java.lang.Object, java.lang.Object, java.lang.Object, int, java.lang.Object, java.lang.Object, java.lang.Object)'> (0x000000008e619488) thrown at [./src/hotspot/share/interpreter/linkResolver.cpp, line 773]
Event: 20.156 Thread 0x0000029c930b0000 Exception <a 'java/lang/NoSuchMethodError'{0x000000008e060290}: 'void java.lang.invoke.DirectMethodHandle$Holder.invokeStatic(java.lang.Object, java.lang.Object, java.lang.Object, java.lang.Object, java.lang.Object, java.lang.Object, java.lang.Object, java.lang.Object)'> (0x000000008e060290) thrown at [./src/hotspot/share/interpreter/linkResolver.cpp, line 773]

Events (20 events):
Event: 20.187 loading class com/android/tools/r8/shaking/V0 done
Event: 20.187 loading class com/android/tools/r8/graph/b2
Event: 20.187 loading class com/android/tools/r8/graph/b2 done
Event: 20.188 loading class com/android/tools/r8/graph/b2
Event: 20.188 loading class com/android/tools/r8/graph/b2 done
Event: 20.188 loading class com/android/tools/r8/shaking/W0
Event: 20.188 loading class com/android/tools/r8/shaking/W0 done
Event: 20.189 loading class com/android/tools/r8/shaking/W0
Event: 20.189 loading class com/android/tools/r8/shaking/W0 done
Event: 20.189 loading class com/android/tools/r8/shaking/W0
Event: 20.189 loading class com/android/tools/r8/shaking/W0 done
Event: 20.190 loading class com/android/tools/r8/shaking/W0
Event: 20.190 loading class com/android/tools/r8/shaking/W0 done
Event: 20.190 loading class com/android/tools/r8/dex/e
Event: 20.190 loading class com/android/tools/r8/dex/e done
Event: 20.193 loading class com/android/tools/r8/internal/Wf1
Event: 20.193 loading class com/android/tools/r8/internal/Wf1 done
Event: 20.194 loading class com/android/tools/r8/dex/J
Event: 20.194 loading class com/android/tools/r8/dex/J done
Event: 20.198 Executing VM operation: G1CollectForAllocation


Dynamic libraries:
0x00007ff6581b0000 - 0x00007ff6581ba000 	C:\Program Files\Android\Android Studio\jre\bin\java.exe
0x00007ffc98120000 - 0x00007ffc98329000 	C:\WINDOWS\SYSTEM32\ntdll.dll
0x00007ffc97830000 - 0x00007ffc978ed000 	C:\WINDOWS\System32\KERNEL32.DLL
0x00007ffc95a20000 - 0x00007ffc95d9c000 	C:\WINDOWS\System32\KERNELBASE.dll
0x00007ffc95720000 - 0x00007ffc95831000 	C:\WINDOWS\System32\ucrtbase.dll
0x00007ffc904b0000 - 0x00007ffc904c9000 	C:\Program Files\Android\Android Studio\jre\bin\jli.dll
0x00007ffc90490000 - 0x00007ffc904a7000 	C:\Program Files\Android\Android Studio\jre\bin\VCRUNTIME140.dll
0x00007ffc97190000 - 0x00007ffc9733d000 	C:\WINDOWS\System32\USER32.dll
0x00007ffc7f5f0000 - 0x00007ffc7f895000 	C:\WINDOWS\WinSxS\amd64_microsoft.windows.common-controls_6595b64144ccf1df_6.0.22000.120_none_9d947278b86cc467\COMCTL32.dll
0x00007ffc956f0000 - 0x00007ffc95716000 	C:\WINDOWS\System32\win32u.dll
0x00007ffc97d40000 - 0x00007ffc97de3000 	C:\WINDOWS\System32\msvcrt.dll
0x00007ffc96c20000 - 0x00007ffc96c49000 	C:\WINDOWS\System32\GDI32.dll
0x00007ffc95900000 - 0x00007ffc95a19000 	C:\WINDOWS\System32\gdi32full.dll
0x00007ffc95650000 - 0x00007ffc956ed000 	C:\WINDOWS\System32\msvcp_win.dll
0x00007ffc97630000 - 0x00007ffc97661000 	C:\WINDOWS\System32\IMM32.DLL
0x00007ffc79a80000 - 0x00007ffc79b1d000 	C:\Program Files\Android\Android Studio\jre\bin\msvcp140.dll
0x00007ffc54210000 - 0x00007ffc54ce5000 	C:\Program Files\Android\Android Studio\jre\bin\server\jvm.dll
0x00007ffc979f0000 - 0x00007ffc97a9e000 	C:\WINDOWS\System32\ADVAPI32.dll
0x00007ffc97df0000 - 0x00007ffc97e8e000 	C:\WINDOWS\System32\sechost.dll
0x00007ffc97e90000 - 0x00007ffc97fb0000 	C:\WINDOWS\System32\RPCRT4.dll
0x00007ffc980a0000 - 0x00007ffc980a8000 	C:\WINDOWS\System32\PSAPI.DLL
0x00007ffc82e50000 - 0x00007ffc82e59000 	C:\WINDOWS\SYSTEM32\WSOCK32.dll
0x00007ffc901e0000 - 0x00007ffc90213000 	C:\WINDOWS\SYSTEM32\WINMM.dll
0x00007ffc8deb0000 - 0x00007ffc8deba000 	C:\WINDOWS\SYSTEM32\VERSION.dll
0x00007ffc978f0000 - 0x00007ffc9795f000 	C:\WINDOWS\System32\WS2_32.dll
0x00007ffc946c0000 - 0x00007ffc946d8000 	C:\WINDOWS\SYSTEM32\kernel.appcore.dll
0x00007ffc90bd0000 - 0x00007ffc90be1000 	C:\Program Files\Android\Android Studio\jre\bin\verify.dll
0x00007ffc92e80000 - 0x00007ffc930a1000 	C:\WINDOWS\SYSTEM32\DBGHELP.DLL
0x00007ffc7fde0000 - 0x00007ffc7fe11000 	C:\WINDOWS\SYSTEM32\dbgcore.DLL
0x00007ffc955d0000 - 0x00007ffc9564f000 	C:\WINDOWS\System32\bcryptPrimitives.dll
0x00007ffc905d0000 - 0x00007ffc905f9000 	C:\Program Files\Android\Android Studio\jre\bin\java.dll
0x00007ffc90c80000 - 0x00007ffc90c8b000 	C:\Program Files\Android\Android Studio\jre\bin\jimage.dll
0x00007ffc90ae0000 - 0x00007ffc90af8000 	C:\Program Files\Android\Android Studio\jre\bin\zip.dll
0x00007ffc95ff0000 - 0x00007ffc967a8000 	C:\WINDOWS\System32\SHELL32.dll
0x00007ffc93730000 - 0x00007ffc93f98000 	C:\WINDOWS\SYSTEM32\windows.storage.dll
0x00007ffc96d20000 - 0x00007ffc97099000 	C:\WINDOWS\System32\combase.dll
0x00007ffc935c0000 - 0x00007ffc93726000 	C:\WINDOWS\SYSTEM32\wintypes.dll
0x00007ffc97fb0000 - 0x00007ffc9809a000 	C:\WINDOWS\System32\SHCORE.dll
0x00007ffc95f90000 - 0x00007ffc95fed000 	C:\WINDOWS\System32\shlwapi.dll
0x00007ffc95500000 - 0x00007ffc95521000 	C:\WINDOWS\SYSTEM32\profapi.dll
0x00007ffc906a0000 - 0x00007ffc906ba000 	C:\Program Files\Android\Android Studio\jre\bin\net.dll
0x00007ffc8f260000 - 0x00007ffc8f36c000 	C:\WINDOWS\SYSTEM32\WINHTTP.dll
0x00007ffc94b60000 - 0x00007ffc94bc7000 	C:\WINDOWS\system32\mswsock.dll
0x00007ffc90470000 - 0x00007ffc90484000 	C:\Program Files\Android\Android Studio\jre\bin\nio.dll
0x00007ffc856f0000 - 0x00007ffc85717000 	C:\Users\ASUS\.gradle\native\e1d6ef7f7dcc3fd88c89a11ec53ec762bb8ba0a96d01ffa2cd45eb1d1d8dd5c5\windows-amd64\native-platform.dll
0x00007ffc6e830000 - 0x00007ffc6e974000 	C:\Users\ASUS\.gradle\native\5664cfc778a61ccfe75a443a1ab52a65af34e5dc3c78e0209fed803814484fcb\windows-amd64\native-platform-file-events.dll
0x00007ffc90b90000 - 0x00007ffc90b9a000 	C:\Program Files\Android\Android Studio\jre\bin\management.dll
0x00007ffc90460000 - 0x00007ffc9046d000 	C:\Program Files\Android\Android Studio\jre\bin\management_ext.dll
0x00007ffc94da0000 - 0x00007ffc94db8000 	C:\WINDOWS\SYSTEM32\CRYPTSP.dll
0x00007ffc94620000 - 0x00007ffc94655000 	C:\WINDOWS\system32\rsaenh.dll
0x00007ffc94c50000 - 0x00007ffc94c79000 	C:\WINDOWS\SYSTEM32\USERENV.dll
0x00007ffc94fb0000 - 0x00007ffc94fd7000 	C:\WINDOWS\SYSTEM32\bcrypt.dll
0x00007ffc94dc0000 - 0x00007ffc94dcc000 	C:\WINDOWS\SYSTEM32\CRYPTBASE.dll
0x00007ffc941f0000 - 0x00007ffc9421d000 	C:\WINDOWS\SYSTEM32\IPHLPAPI.DLL
0x00007ffc97180000 - 0x00007ffc97189000 	C:\WINDOWS\System32\NSI.dll
0x00007ffc8ef30000 - 0x00007ffc8ef49000 	C:\WINDOWS\SYSTEM32\dhcpcsvc6.DLL
0x00007ffc8f1f0000 - 0x00007ffc8f20e000 	C:\WINDOWS\SYSTEM32\dhcpcsvc.DLL
0x00007ffc94260000 - 0x00007ffc94348000 	C:\WINDOWS\SYSTEM32\DNSAPI.dll

dbghelp: loaded successfully - version: 4.0.5 - missing functions: none
symbol engine: initialized successfully - sym options: 0x614 - pdb path: .;C:\Program Files\Android\Android Studio\jre\bin;C:\WINDOWS\SYSTEM32;C:\WINDOWS\WinSxS\amd64_microsoft.windows.common-controls_6595b64144ccf1df_6.0.22000.120_none_9d947278b86cc467;C:\Program Files\Android\Android Studio\jre\bin\server;C:\Users\ASUS\.gradle\native\e1d6ef7f7dcc3fd88c89a11ec53ec762bb8ba0a96d01ffa2cd45eb1d1d8dd5c5\windows-amd64;C:\Users\ASUS\.gradle\native\5664cfc778a61ccfe75a443a1ab52a65af34e5dc3c78e0209fed803814484fcb\windows-amd64

VM Arguments:
jvm_args: --add-opens=java.base/java.util=ALL-UNNAMED --add-opens=java.base/java.lang=ALL-UNNAMED --add-opens=java.base/java.lang.invoke=ALL-UNNAMED --add-opens=java.base/java.util=ALL-UNNAMED --add-opens=java.prefs/java.util.prefs=ALL-UNNAMED --add-opens=java.prefs/java.util.prefs=ALL-UNNAMED --add-opens=java.base/java.nio.charset=ALL-UNNAMED --add-opens=java.base/java.net=ALL-UNNAMED --add-opens=java.base/java.util.concurrent.atomic=ALL-UNNAMED -Xmx2048m -Dfile.encoding=UTF-8 -Duser.country=US -Duser.language=en -Duser.variant 
java_command: org.gradle.launcher.daemon.bootstrap.GradleDaemon 7.2
java_class_path (initial): C:\Users\ASUS\.gradle\wrapper\dists\gradle-7.2-bin\2dnblmf4td7x66yl1d74lt32g\gradle-7.2\lib\gradle-launcher-7.2.jar
Launcher Type: SUN_STANDARD

[Global flags]
     intx CICompilerCount                          = 4                                         {product} {ergonomic}
     uint ConcGCThreads                            = 2                                         {product} {ergonomic}
     uint G1ConcRefinementThreads                  = 8                                         {product} {ergonomic}
   size_t G1HeapRegionSize                         = 1048576                                   {product} {ergonomic}
    uintx GCDrainStackTargetSize                   = 64                                        {product} {ergonomic}
   size_t InitialHeapSize                          = 134217728                                 {product} {ergonomic}
   size_t MarkStackSize                            = 4194304                                   {product} {ergonomic}
   size_t MaxHeapSize                              = 2147483648                                {product} {command line}
   size_t MaxNewSize                               = 1287651328                                {product} {ergonomic}
   size_t MinHeapDeltaBytes                        = 1048576                                   {product} {ergonomic}
    uintx NonNMethodCodeHeapSize                   = 5836300                                {pd product} {ergonomic}
    uintx NonProfiledCodeHeapSize                  = 122910970                              {pd product} {ergonomic}
    uintx ProfiledCodeHeapSize                     = 122910970                              {pd product} {ergonomic}
    uintx ReservedCodeCacheSize                    = 251658240                              {pd product} {ergonomic}
     bool SegmentedCodeCache                       = true                                      {product} {ergonomic}
     bool UseCompressedClassPointers               = true                                 {lp64_product} {ergonomic}
     bool UseCompressedOops                        = true                                 {lp64_product} {ergonomic}
     bool UseG1GC                                  = true                                      {product} {ergonomic}
     bool UseLargePagesIndividualAllocation        = false                                  {pd product} {ergonomic}

Logging:
Log output configuration:
 #0: stdout all=warning uptime,level,tags
 #1: stderr all=off uptime,level,tags

Environment Variables:
PATH=C:\Program Files\Common Files\Oracle\Java\javapath;C:\ProgramData\Oracle\Java\javapath;C:\Program Files (x86)\Intel\iCLS Client\;C:\Program Files\Intel\iCLS Client\;C:\Windows\system32;C:\Windows;C:\Windows\System32\Wbem;C:\Windows\System32\WindowsPowerShell\v1.0\;C:\Windows\System32\OpenSSH\;C:\Program Files (x86)\Intel\Intel(R) Management Engine Components\DAL;C:\Program Files\Intel\Intel(R) Management Engine Components\DAL;C:\Program Files (x86)\Intel\Intel(R) Management Engine Components\IPT;C:\Program Files\Intel\Intel(R) Management Engine Components\IPT;C:\Program Files (x86)\NVIDIA Corporation\PhysX\Common;C:\Program Files\Intel\WiFi\bin\;C:\Program Files\Common Files\Intel\WirelessCommon\;C:\Program Files\Java\jdk-12.0.1\bin;C:\Program Files\dotnet\;C:\WINDOWS\system32;C:\WINDOWS;C:\WINDOWS\System32\Wbem;C:\WINDOWS\System32\WindowsPowerShell\v1.0\;C:\WINDOWS\System32\OpenSSH\;C:\Program Files (x86)\GtkSharp\2.12\bin;C:\Program Files\nodejs\;C:\Program Files\Dart\dart-sdk\bin;C:\Program Files\Java\jdk-17\bin;C:\MinGW\bin;C:\Program Files\Git\cmd;C:\xampp\php;C:\ProgramData\ComposerSetup\bin;C:\Program Files (x86)\dotnet\;C:\Program Files\PowerShell\7\;C:\Program Files\Common Files\Oracle\Java\javapath;C:\ProgramData\Oracle\Java\javapath;C:\Program Files (x86)\Intel\iCLS Client\;C:\Program Files\Intel\iCLS Client\;C:\Windows\system32;C:\Windows;C:\Windows\System32\Wbem;C:\Windows\System32\WindowsPowerShell\v1.0\;C:\Windows\System32\OpenSSH\;C:\Program Files (x86)\Intel\Intel(R) Management Engine Components\DAL;C:\Program Files\Intel\Intel(R) Management Engine Components\DAL;C:\Program Files (x86)\Intel\Intel(R) Management Engine Components\IPT;C:\Program Files\Intel\Intel(R) Management Engine Components\IPT;C:\Program Files (x86)\NVIDIA Corporation\PhysX\Common;C:\Program Files\Intel\WiFi\bin\;C:\Program Files\Common Files\Intel\WirelessCommon\;C:\Program Files\Java\jdk-12.0.1\bin;C:\Program Files\dotnet\;C:\WINDOWS\system32;C:\WINDOWS;C:\WINDOWS\System32\Wb
USERNAME=ASUS
OS=Windows_NT
PROCESSOR_IDENTIFIER=Intel64 Family 6 Model 142 Stepping 10, GenuineIntel



---------------  S Y S T E M  ---------------

OS: Windows 10 , 64 bit Build 22000 (10.0.22000.708)
OS uptime: 0 days 7:36 hours

CPU:total 8 (initial active 8) (4 cores per cpu, 2 threads per core) family 6 model 142 stepping 10 microcode 0xe0, cmov, cx8, fxsr, mmx, sse, sse2, sse3, ssse3, sse4.1, sse4.2, popcnt, avx, avx2, aes, clmul, erms, 3dnowpref, lzcnt, ht, tsc, tscinvbit, bmi1, bmi2, adx, fma

Memory: 4k page, system-wide physical 8074M (438M free)
TotalPageFile size 12170M (AvailPageFile size 94M)
current process WorkingSet (physical memory assigned to process): 619M, peak: 620M
current process commit charge ("private bytes"): 711M, peak: 829M

vm_info: OpenJDK 64-Bit Server VM (11.0.11+9-b60-7590822) for windows-amd64 JRE (11.0.11+9-b60-7590822), built on Jul 29 2021 21:43:44 by "builder" with MS VC++ 14.0 (VS2015)

END.
